number,value,datetime_start,datetime_complete,duration,params_colsample_bylevel,params_colsample_bytree,params_gamma,params_learning_rate,params_max_depth,params_min_child_weight,params_n_estimators,params_reg_alpha,params_reg_lambda,params_subsample,user_attrs_cv_scores,user_attrs_cv_std,user_attrs_params,state
0,0.9189599486518254,2025-12-26 01:31:45.341273,2025-12-26 01:31:45.417799,0 days 00:00:00.076526,0.662397808134481,0.6624074561769746,0.02358594058414266,0.1205712628744377,10,7,90,3.3323645788192616e-08,0.6245760287469887,0.8394633936788146,"[0.9306389222355609, 0.8526658526658527, 1.0, 0.8114949683577135, 1.0]",0.07643952828374906,"{'n_estimators': 90, 'max_depth': 10, 'learning_rate': 0.1205712628744377, 'subsample': 0.8394633936788146, 'colsample_bytree': 0.6624074561769746, 'colsample_bylevel': 0.662397808134481, 'reg_alpha': 3.3323645788192616e-08, 'reg_lambda': 0.6245760287469887, 'min_child_weight': 7, 'gamma': 0.02358594058414266, 'random_state': 42}",COMPLETE
1,0.902715312145751,2025-12-26 01:31:45.418471,2025-12-26 01:31:45.476408,0 days 00:00:00.057937,0.6733618039413735,0.6727299868828402,4.17890272377219e-06,0.1696753360719655,10,5,50,5.472429642032189e-06,0.00052821153945323,0.6849356442713105,"[0.9306389222355609, 0.8491927825261159, 1.0, 0.7707818930041151, 0.9629629629629629]",0.08263765023719682,"{'n_estimators': 50, 'max_depth': 10, 'learning_rate': 0.1696753360719655, 'subsample': 0.6849356442713105, 'colsample_bytree': 0.6727299868828402, 'colsample_bylevel': 0.6733618039413735, 'reg_alpha': 5.472429642032189e-06, 'reg_lambda': 0.00052821153945323, 'min_child_weight': 5, 'gamma': 4.17890272377219e-06, 'random_state': 42}",COMPLETE
2,0.8893847258501542,2025-12-26 01:31:45.477162,2025-12-26 01:31:45.579347,0 days 00:00:00.102185,0.9140703845572055,0.7824279936868144,2.6185068507773707e-08,0.027010527749605478,2,6,110,6.267062696005991e-07,0.00042472707398058225,0.7465447373174766,"[0.8966939407341884, 0.8491927825261159, 0.9261334163294948, 0.8492374727668845, 0.925666016894087]",0.03448888862308189,"{'n_estimators': 110, 'max_depth': 2, 'learning_rate': 0.027010527749605478, 'subsample': 0.7465447373174766, 'colsample_bytree': 0.7824279936868144, 'colsample_bylevel': 0.9140703845572055, 'reg_alpha': 6.267062696005991e-07, 'reg_lambda': 0.00042472707398058225, 'min_child_weight': 6, 'gamma': 2.6185068507773707e-08, 'random_state': 42}",COMPLETE
3,0.8980807915758897,2025-12-26 01:31:45.580181,2025-12-26 01:31:45.720605,0 days 00:00:00.140424,0.9233589392465844,0.9862528132298237,9.148975058772307e-05,0.012476394272569451,2,7,110,5.514725787121931e-06,7.569183361880229e-08,0.9795542149013333,"[0.8633928571428572, 0.8890299823633157, 0.9261334163294948, 0.8492374727668845, 0.9626102292768961]",0.04152550498304755,"{'n_estimators': 110, 'max_depth': 2, 'learning_rate': 0.012476394272569451, 'subsample': 0.9795542149013333, 'colsample_bytree': 0.9862528132298237, 'colsample_bylevel': 0.9233589392465844, 'reg_alpha': 5.514725787121931e-06, 'reg_lambda': 7.569183361880229e-08, 'min_child_weight': 7, 'gamma': 9.148975058772307e-05, 'random_state': 42}",COMPLETE
4,0.8893123758275239,2025-12-26 01:31:45.721330,2025-12-26 01:31:45.833267,0 days 00:00:00.111937,0.8650089137415928,0.7035119926400067,4.609885087947832e-07,0.011240768803005551,5,6,60,6.388511557344611e-06,0.0004793052550782129,0.9637281608315128,"[0.896001163623344, 0.8890299823633157, 0.9628177196804648, 0.8114949683577135, 0.8872180451127818]",0.04797455644328655,"{'n_estimators': 60, 'max_depth': 5, 'learning_rate': 0.011240768803005551, 'subsample': 0.9637281608315128, 'colsample_bytree': 0.7035119926400067, 'colsample_bylevel': 0.8650089137415928, 'reg_alpha': 6.388511557344611e-06, 'reg_lambda': 0.0004793052550782129, 'min_child_weight': 6, 'gamma': 4.609885087947832e-07, 'random_state': 42}",COMPLETE
5,0.8825632067525199,2025-12-26 01:31:45.835362,2025-12-26 01:31:46.009458,0 days 00:00:00.174096,0.9687496940092467,0.8391599915244341,8.471746987003668e-06,0.2442046084491143,8,1,150,6.257956190096665e-08,5.805581976088804e-07,0.9579309401710595,"[0.8966939407341884, 0.8138500731093323, 0.9631704533665318, 0.84880174291939, 0.890299823633157]",0.05023622650146579,"{'n_estimators': 150, 'max_depth': 8, 'learning_rate': 0.2442046084491143, 'subsample': 0.9579309401710595, 'colsample_bytree': 0.8391599915244341, 'colsample_bylevel': 0.9687496940092467, 'reg_alpha': 6.257956190096665e-08, 'reg_lambda': 5.805581976088804e-07, 'min_child_weight': 1, 'gamma': 8.471746987003668e-06, 'random_state': 42}",COMPLETE
6,0.8751219554576334,2025-12-26 01:31:46.010131,2025-12-26 01:31:46.091596,0 days 00:00:00.081465,0.8170784332632994,0.7123738038749523,7.6204817861585425,0.16755052359850306,3,1,90,1.8548894229694903e-07,0.16587190283399628,0.7427013306774357,"[0.8633928571428572, 0.8527336860670195, 0.9261334163294948, 0.8093478937468708, 0.9240019240019239]",0.04462388152702065,"{'n_estimators': 90, 'max_depth': 3, 'learning_rate': 0.16755052359850306, 'subsample': 0.7427013306774357, 'colsample_bytree': 0.7123738038749523, 'colsample_bylevel': 0.8170784332632994, 'reg_alpha': 1.8548894229694903e-07, 'reg_lambda': 0.16587190283399628, 'min_child_weight': 1, 'gamma': 7.6204817861585425, 'random_state': 42}",COMPLETE
7,0.9042038638067312,2025-12-26 01:31:46.092254,2025-12-26 01:31:46.236366,0 days 00:00:00.144112,0.8916028672163949,0.8827429375390469,1.1036250149900698e-07,0.010189592979395137,2,4,130,0.08738424135626989,4.638759594322625e-08,0.9261845713819337,"[0.896001163623344, 0.923721340388007, 0.9261334163294948, 0.8492374727668845, 0.9259259259259259]",0.02973978339834816,"{'n_estimators': 130, 'max_depth': 2, 'learning_rate': 0.010189592979395137, 'subsample': 0.9261845713819337, 'colsample_bytree': 0.8827429375390469, 'colsample_bylevel': 0.8916028672163949, 'reg_alpha': 0.08738424135626989, 'reg_lambda': 4.638759594322625e-08, 'min_child_weight': 4, 'gamma': 1.1036250149900698e-07, 'random_state': 42}",COMPLETE
8,0.867408872114181,2025-12-26 01:31:46.237214,2025-12-26 01:31:46.349423,0 days 00:00:00.112209,0.7300733288106988,0.7243929286862648,0.0001778010520878397,0.030816017044468066,7,9,140,0.03685153691188181,0.005470376807480385,0.6254233401144095,"[0.8615079365079364, 0.8138500731093323, 0.9628177196804648, 0.7732026143790849, 0.925666016894087]",0.06967772685751952,"{'n_estimators': 140, 'max_depth': 7, 'learning_rate': 0.030816017044468066, 'subsample': 0.6254233401144095, 'colsample_bytree': 0.7243929286862648, 'colsample_bylevel': 0.7300733288106988, 'reg_alpha': 0.03685153691188181, 'reg_lambda': 0.005470376807480385, 'min_child_weight': 9, 'gamma': 0.0001778010520878397, 'random_state': 42}",COMPLETE
9,0.9172362657313637,2025-12-26 01:31:46.350991,2025-12-26 01:31:46.458858,0 days 00:00:00.107867,0.7975182385457563,0.9083868719818244,9.354548757337708e-08,0.13297554090738672,8,1,60,0.0005065186776865479,7.04480806377519e-05,0.8245108790277985,"[0.9280753968253969, 0.8827350427350427, 0.9261334163294948, 0.8492374727668845, 1.0]",0.05071617492397642,"{'n_estimators': 60, 'max_depth': 8, 'learning_rate': 0.13297554090738672, 'subsample': 0.8245108790277985, 'colsample_bytree': 0.9083868719818244, 'colsample_bylevel': 0.7975182385457563, 'reg_alpha': 0.0005065186776865479, 'reg_lambda': 7.04480806377519e-05, 'min_child_weight': 1, 'gamma': 9.354548757337708e-08, 'random_state': 42}",COMPLETE
10,0.911641652912477,2025-12-26 01:31:46.459631,2025-12-26 01:31:46.540712,0 days 00:00:00.081081,0.6154900799844732,0.6061470949312417,0.044223173270844955,0.0749883856323417,10,10,80,4.3444691085504035,6.099006535330836,0.8616677223762091,"[0.9306389222355609, 0.8526658526658527, 1.0, 0.8492374727668845, 0.925666016894087]",0.0561020556508136,"{'n_estimators': 80, 'max_depth': 10, 'learning_rate': 0.0749883856323417, 'subsample': 0.8616677223762091, 'colsample_bytree': 0.6061470949312417, 'colsample_bylevel': 0.6154900799844732, 'reg_alpha': 4.3444691085504035, 'reg_lambda': 6.099006535330836, 'min_child_weight': 10, 'gamma': 0.044223173270844955, 'random_state': 42}",COMPLETE
11,0.9034820203685013,2025-12-26 01:31:46.541512,2025-12-26 01:31:46.644361,0 days 00:00:00.102849,0.7508800702851708,0.9385155782522576,0.024088209720011168,0.08081484421160125,8,3,70,0.0005999583214511965,1.3798385686578302e-06,0.8379535093071044,"[0.8966939407341884, 0.8827350427350427, 0.9261334163294948, 0.8492374727668845, 0.9626102292768961]",0.038544044619747836,"{'n_estimators': 70, 'max_depth': 8, 'learning_rate': 0.08081484421160125, 'subsample': 0.8379535093071044, 'colsample_bytree': 0.9385155782522576, 'colsample_bylevel': 0.7508800702851708, 'reg_alpha': 0.0005999583214511965, 'reg_lambda': 1.3798385686578302e-06, 'min_child_weight': 3, 'gamma': 0.024088209720011168, 'random_state': 42}",COMPLETE
12,0.9250443334028768,2025-12-26 01:31:46.645229,2025-12-26 01:31:46.750889,0 days 00:00:00.105660,0.6134343539737888,0.8900789980930954,0.011789862047242498,0.1062272193666865,9,3,90,0.0004686094248233639,1.2167282577786425e-05,0.8763648583333697,"[0.9306389222355609, 0.8827350427350427, 1.0, 0.8492374727668845, 0.9626102292768961]",0.05403259036608105,"{'n_estimators': 90, 'max_depth': 9, 'learning_rate': 0.1062272193666865, 'subsample': 0.8763648583333697, 'colsample_bytree': 0.8900789980930954, 'colsample_bylevel': 0.6134343539737888, 'reg_alpha': 0.0004686094248233639, 'reg_lambda': 1.2167282577786425e-05, 'min_child_weight': 3, 'gamma': 0.011789862047242498, 'random_state': 42}",COMPLETE
13,0.8972565421430231,2025-12-26 01:31:46.751686,2025-12-26 01:31:46.845499,0 days 00:00:00.093813,0.6080525378683076,0.798834157444341,0.02505998747858686,0.08982858618703925,10,8,100,1.31299430222377e-08,4.875750956053472,0.8969185264404376,"[0.8966939407341884, 0.8526658526658527, 0.9628177196804648, 0.8114949683577135, 0.9626102292768961]",0.05985493474829936,"{'n_estimators': 100, 'max_depth': 10, 'learning_rate': 0.08982858618703925, 'subsample': 0.8969185264404376, 'colsample_bytree': 0.798834157444341, 'colsample_bylevel': 0.6080525378683076, 'reg_alpha': 1.31299430222377e-08, 'reg_lambda': 4.875750956053472, 'min_child_weight': 8, 'gamma': 0.02505998747858686, 'random_state': 42}",COMPLETE
14,0.9184064280983048,2025-12-26 01:31:46.846258,2025-12-26 01:31:46.958100,0 days 00:00:00.111842,0.6665792212769558,0.6196893520524782,0.8256063254193624,0.04104975015072629,6,3,90,0.009035078527798932,1.663816192373303e-05,0.7857563654187818,"[0.9306389222355609, 0.8491927825261159, 1.0, 0.8492374727668845, 0.9629629629629629]",0.06060907985223534,"{'n_estimators': 90, 'max_depth': 6, 'learning_rate': 0.04104975015072629, 'subsample': 0.7857563654187818, 'colsample_bytree': 0.6196893520524782, 'colsample_bylevel': 0.6665792212769558, 'reg_alpha': 0.009035078527798932, 'reg_lambda': 1.663816192373303e-05, 'min_child_weight': 3, 'gamma': 0.8256063254193624, 'random_state': 42}",COMPLETE
15,0.8823114871979681,2025-12-26 01:31:46.958757,2025-12-26 01:31:47.061199,0 days 00:00:00.102442,0.6753315789234343,0.8477744208315678,0.0024544760059285044,0.29789685171334296,9,3,120,6.454437928244234e-05,0.030031340388623828,0.8855718811365587,"[0.8966939407341884, 0.8491927825261159, 0.9261334163294948, 0.8492374727668845, 0.890299823633157]",0.029603273438120782,"{'n_estimators': 120, 'max_depth': 9, 'learning_rate': 0.29789685171334296, 'subsample': 0.8855718811365587, 'colsample_bytree': 0.8477744208315678, 'colsample_bylevel': 0.6753315789234343, 'reg_alpha': 6.454437928244234e-05, 'reg_lambda': 0.030031340388623828, 'min_child_weight': 3, 'gamma': 0.0024544760059285044, 'random_state': 42}",COMPLETE
16,0.8818825290233384,2025-12-26 01:31:47.062095,2025-12-26 01:31:47.142591,0 days 00:00:00.080496,0.7194442310295325,0.774482468414814,0.002621896585880115,0.11352487808895843,5,8,80,0.0035025151608398157,0.2294690118472014,0.8050231180704497,"[0.8966939407341884, 0.8138500731093323, 1.0, 0.7732026143790849, 0.925666016894087]",0.08065711076116253,"{'n_estimators': 80, 'max_depth': 5, 'learning_rate': 0.11352487808895843, 'subsample': 0.8050231180704497, 'colsample_bytree': 0.774482468414814, 'colsample_bylevel': 0.7194442310295325, 'reg_alpha': 0.0035025151608398157, 'reg_lambda': 0.2294690118472014, 'min_child_weight': 8, 'gamma': 0.002621896585880115, 'random_state': 42}",COMPLETE
17,0.8959546224697705,2025-12-26 01:31:47.143158,2025-12-26 01:31:47.266570,0 days 00:00:00.123412,0.6001667553562654,0.9824927375015182,0.4042115234004266,0.04263494650162087,9,4,100,0.23529158002820805,4.528282402119179e-06,0.7573073129650213,"[0.896001163623344, 0.8827350427350427, 0.9261334163294948, 0.8492374727668845, 0.925666016894087]",0.02881242123900279,"{'n_estimators': 100, 'max_depth': 9, 'learning_rate': 0.04263494650162087, 'subsample': 0.7573073129650213, 'colsample_bytree': 0.9824927375015182, 'colsample_bylevel': 0.6001667553562654, 'reg_alpha': 0.23529158002820805, 'reg_lambda': 4.528282402119179e-06, 'min_child_weight': 4, 'gamma': 0.4042115234004266, 'random_state': 42}",COMPLETE
18,0.9115381864246673,2025-12-26 01:31:47.267335,2025-12-26 01:31:47.371453,0 days 00:00:00.104118,0.6480120487026687,0.65418994909394,0.0020655569087608054,0.05810913231002695,6,5,80,9.812337457901384e-05,0.004939392464663168,0.9176091804981661,"[0.8966939407341884, 0.923721340388007, 0.9628177196804648, 0.8114949683577135, 0.9629629629629629]",0.05594912783011348,"{'n_estimators': 80, 'max_depth': 6, 'learning_rate': 0.05810913231002695, 'subsample': 0.9176091804981661, 'colsample_bytree': 0.65418994909394, 'colsample_bylevel': 0.6480120487026687, 'reg_alpha': 9.812337457901384e-05, 'reg_lambda': 0.004939392464663168, 'min_child_weight': 5, 'gamma': 0.0020655569087608054, 'random_state': 42}",COMPLETE
19,0.8970193472391614,2025-12-26 01:31:47.372223,2025-12-26 01:31:47.465539,0 days 00:00:00.093316,0.7657429936920943,0.7479119523205427,0.6624826635963764,0.1953363097474156,4,7,110,2.994609981054048,0.721575629134351,0.8567236971217277,"[0.8966939407341884, 0.8890299823633157, 0.9261334163294948, 0.8492374727668845, 0.9240019240019239]",0.028009754859164245,"{'n_estimators': 110, 'max_depth': 4, 'learning_rate': 0.1953363097474156, 'subsample': 0.8567236971217277, 'colsample_bytree': 0.7479119523205427, 'colsample_bylevel': 0.7657429936920943, 'reg_alpha': 2.994609981054048, 'reg_lambda': 0.721575629134351, 'min_child_weight': 7, 'gamma': 0.6624826635963764, 'random_state': 42}",COMPLETE
20,0.866441993444338,2025-12-26 01:31:47.466285,2025-12-26 01:31:47.553034,0 days 00:00:00.086749,0.7125202177076815,0.8316700812451047,5.3265226047685275,0.1177724163827048,9,2,90,2.7217278948375043e-05,0.004193425024930876,0.6855721815900874,"[0.8633928571428572, 0.8491927825261159, 0.8862745098039215, 0.8093478937468708, 0.9240019240019239]",0.03813933151144082,"{'n_estimators': 90, 'max_depth': 9, 'learning_rate': 0.1177724163827048, 'subsample': 0.6855721815900874, 'colsample_bytree': 0.8316700812451047, 'colsample_bylevel': 0.7125202177076815, 'reg_alpha': 2.7217278948375043e-05, 'reg_lambda': 0.004193425024930876, 'min_child_weight': 2, 'gamma': 5.3265226047685275, 'random_state': 42}",COMPLETE
21,0.9098996569688005,2025-12-26 01:31:47.553795,2025-12-26 01:31:47.669336,0 days 00:00:00.115541,0.6592752997322334,0.6062616424531079,0.3434952032330868,0.043515108203892185,7,3,90,0.002800764334995674,9.382397163348154e-05,0.7815234861974983,"[0.9642857142857143, 0.8491927825261159, 1.0, 0.84880174291939, 0.8872180451127818]",0.06165817101892428,"{'n_estimators': 90, 'max_depth': 7, 'learning_rate': 0.043515108203892185, 'subsample': 0.7815234861974983, 'colsample_bytree': 0.6062616424531079, 'colsample_bylevel': 0.6592752997322334, 'reg_alpha': 0.002800764334995674, 'reg_lambda': 9.382397163348154e-05, 'min_child_weight': 3, 'gamma': 0.3434952032330868, 'random_state': 42}",COMPLETE
22,0.9039323411925873,2025-12-26 01:31:47.670109,2025-12-26 01:31:47.778533,0 days 00:00:00.108424,0.6429263253109712,0.6627364708298777,0.06609373232039421,0.02356572550403138,6,4,70,0.008139698206410376,1.433853811220433e-05,0.7918769234230735,"[0.896001163623344, 0.8491927825261159, 1.0, 0.84880174291939, 0.925666016894087]",0.056213972382017294,"{'n_estimators': 70, 'max_depth': 6, 'learning_rate': 0.02356572550403138, 'subsample': 0.7918769234230735, 'colsample_bytree': 0.6627364708298777, 'colsample_bylevel': 0.6429263253109712, 'reg_alpha': 0.008139698206410376, 'reg_lambda': 1.433853811220433e-05, 'min_child_weight': 4, 'gamma': 0.06609373232039421, 'random_state': 42}",COMPLETE
23,0.8972136103954252,2025-12-26 01:31:47.779442,2025-12-26 01:31:47.876206,0 days 00:00:00.096764,0.686804307484832,0.6323502440828704,1.4077883560101765,0.06357042600714118,7,2,90,0.39043071443325195,2.0416028848562586e-05,0.7079207538165653,"[0.896001163623344, 0.8890299823633157, 0.9261334163294948, 0.8492374727668845, 0.925666016894087]",0.02834094630574311,"{'n_estimators': 90, 'max_depth': 7, 'learning_rate': 0.06357042600714118, 'subsample': 0.7079207538165653, 'colsample_bytree': 0.6323502440828704, 'colsample_bylevel': 0.686804307484832, 'reg_alpha': 0.39043071443325195, 'reg_lambda': 2.0416028848562586e-05, 'min_child_weight': 2, 'gamma': 1.4077883560101765, 'random_state': 42}",COMPLETE
24,0.9189251987344644,2025-12-26 01:31:47.876931,2025-12-26 01:31:48.060439,0 days 00:00:00.183508,0.6347685823015354,0.6850591594070101,0.007886983897343469,0.0181139716982351,9,2,100,0.011601999523008331,7.835476537506782e-07,0.872141700543371,"[0.896001163623344, 0.923721340388007, 1.0, 0.8492374727668845, 0.925666016894087]",0.049037649904489555,"{'n_estimators': 100, 'max_depth': 9, 'learning_rate': 0.0181139716982351, 'subsample': 0.872141700543371, 'colsample_bytree': 0.6850591594070101, 'colsample_bylevel': 0.6347685823015354, 'reg_alpha': 0.011601999523008331, 'reg_lambda': 7.835476537506782e-07, 'min_child_weight': 2, 'gamma': 0.007886983897343469, 'random_state': 42}",COMPLETE
25,0.9189251987344644,2025-12-26 01:31:48.061240,2025-12-26 01:31:48.289827,0 days 00:00:00.228587,0.7039233962628809,0.6884535912547545,0.0008545968864089045,0.016173104596439933,9,2,120,0.0005222463619118165,1.019961726269034e-08,0.8754046787260662,"[0.896001163623344, 0.923721340388007, 1.0, 0.8492374727668845, 0.925666016894087]",0.049037649904489555,"{'n_estimators': 120, 'max_depth': 9, 'learning_rate': 0.016173104596439933, 'subsample': 0.8754046787260662, 'colsample_bytree': 0.6884535912547545, 'colsample_bylevel': 0.7039233962628809, 'reg_alpha': 0.0005222463619118165, 'reg_lambda': 1.019961726269034e-08, 'min_child_weight': 2, 'gamma': 0.0008545968864089045, 'random_state': 42}",COMPLETE
26,0.881308630814749,2025-12-26 01:31:48.290566,2025-12-26 01:31:48.413543,0 days 00:00:00.122977,0.6319159858571244,0.7439532041940414,0.013243892996944494,0.01893188954335863,10,7,100,9.46103460881285e-07,3.959375143012425e-07,0.9253152363189003,"[0.9306389222355609, 0.8526658526658527, 0.9628177196804648, 0.7732026143790849, 0.8872180451127818]",0.06575629236263575,"{'n_estimators': 100, 'max_depth': 10, 'learning_rate': 0.01893188954335863, 'subsample': 0.9253152363189003, 'colsample_bytree': 0.7439532041940414, 'colsample_bylevel': 0.6319159858571244, 'reg_alpha': 9.46103460881285e-07, 'reg_lambda': 3.959375143012425e-07, 'min_child_weight': 7, 'gamma': 0.013243892996944494, 'random_state': 42}",COMPLETE
27,0.8892436323757271,2025-12-26 01:31:48.414394,2025-12-26 01:31:48.520832,0 days 00:00:00.106438,0.6318440142273266,0.8805753505219772,5.188531211438824e-05,0.11347237433106729,8,5,120,0.026304812133574385,8.568497723821506e-07,0.8310493413989045,"[0.8966939407341884, 0.8491927825261159, 0.9631704533665318, 0.8114949683577135, 0.925666016894087]",0.0538445863215755,"{'n_estimators': 120, 'max_depth': 8, 'learning_rate': 0.11347237433106729, 'subsample': 0.8310493413989045, 'colsample_bytree': 0.8805753505219772, 'colsample_bylevel': 0.6318440142273266, 'reg_alpha': 0.026304812133574385, 'reg_lambda': 8.568497723821506e-07, 'min_child_weight': 5, 'gamma': 5.188531211438824e-05, 'random_state': 42}",COMPLETE
28,0.8827245091318879,2025-12-26 01:31:48.521643,2025-12-26 01:31:48.632450,0 days 00:00:00.110807,0.7934321918890359,0.9415025604559947,0.11388871190716558,0.09697282294561632,9,2,70,0.001972647944102192,3.625829845048656e-06,0.9953326935610245,"[0.8633928571428572, 0.8491927825261159, 0.9261334163294948, 0.8492374727668845, 0.925666016894087]",0.03563082198120538,"{'n_estimators': 70, 'max_depth': 9, 'learning_rate': 0.09697282294561632, 'subsample': 0.9953326935610245, 'colsample_bytree': 0.9415025604559947, 'colsample_bylevel': 0.7934321918890359, 'reg_alpha': 0.001972647944102192, 'reg_lambda': 3.625829845048656e-06, 'min_child_weight': 2, 'gamma': 0.11388871190716558, 'random_state': 42}",COMPLETE
29,0.8892587231657128,2025-12-26 01:31:48.633258,2025-12-26 01:31:48.725333,0 days 00:00:00.092075,0.6972947731222421,0.6475678242484666,0.007024801468463454,0.15853716599045903,10,5,100,0.00016389862817694028,1.6756481462988413e-07,0.84486378225076,"[0.8951580632252901, 0.8138500731093323, 0.9628177196804648, 0.84880174291939, 0.925666016894087]",0.05309322173686006,"{'n_estimators': 100, 'max_depth': 10, 'learning_rate': 0.15853716599045903, 'subsample': 0.84486378225076, 'colsample_bytree': 0.6475678242484666, 'colsample_bylevel': 0.6972947731222421, 'reg_alpha': 0.00016389862817694028, 'reg_lambda': 1.6756481462988413e-07, 'min_child_weight': 5, 'gamma': 0.007024801468463454, 'random_state': 42}",COMPLETE
