number,value,datetime_start,datetime_complete,duration,params_colsample_bylevel,params_colsample_bytree,params_gamma,params_learning_rate,params_max_depth,params_min_child_weight,params_n_estimators,params_reg_alpha,params_reg_lambda,params_subsample,user_attrs_cv_scores,user_attrs_cv_std,user_attrs_params,state
0,-0.4035031138905013,2025-12-01 15:07:13.751665,2025-12-01 15:07:13.824720,0 days 00:00:00.073055,0.662397808134481,0.6624074561769746,0.02358594058414266,0.1205712628744377,10,7,90,3.3323645788192616e-08,0.6245760287469887,0.8394633936788146,"[-0.42550792555038575, -0.41192839266285813, -0.38133094022615266, -0.4106572122941228, -0.38809109871898734]",0.016343278001653305,"{'n_estimators': 90, 'max_depth': 10, 'learning_rate': 0.1205712628744377, 'subsample': 0.8394633936788146, 'colsample_bytree': 0.6624074561769746, 'colsample_bylevel': 0.662397808134481, 'reg_alpha': 3.3323645788192616e-08, 'reg_lambda': 0.6245760287469887, 'min_child_weight': 7, 'gamma': 0.02358594058414266, 'random_state': 42}",COMPLETE
1,-0.4119789428107876,2025-12-01 15:07:13.825111,2025-12-01 15:07:13.880558,0 days 00:00:00.055447,0.6733618039413735,0.6727299868828402,4.17890272377219e-06,0.1696753360719655,10,5,50,5.472429642032189e-06,0.00052821153945323,0.6849356442713105,"[-0.441581967619737, -0.422078639459533, -0.3895481055727868, -0.41046799040721155, -0.3962180109946698]",0.018612766362428895,"{'n_estimators': 50, 'max_depth': 10, 'learning_rate': 0.1696753360719655, 'subsample': 0.6849356442713105, 'colsample_bytree': 0.6727299868828402, 'colsample_bylevel': 0.6733618039413735, 'reg_alpha': 5.472429642032189e-06, 'reg_lambda': 0.00052821153945323, 'min_child_weight': 5, 'gamma': 4.17890272377219e-06, 'random_state': 42}",COMPLETE
2,-0.5358632215282197,2025-12-01 15:07:13.880982,2025-12-01 15:07:13.916144,0 days 00:00:00.035162,0.9140703845572055,0.7824279936868144,2.6185068507773707e-08,0.027010527749605478,2,6,110,6.267062696005991e-07,0.00042472707398058225,0.7465447373174766,"[-0.5518823347200668, -0.5309941997182827, -0.5424044574998154, -0.5440974957301551, -0.5099376199727793]",0.01458113312825214,"{'n_estimators': 110, 'max_depth': 2, 'learning_rate': 0.027010527749605478, 'subsample': 0.7465447373174766, 'colsample_bytree': 0.7824279936868144, 'colsample_bylevel': 0.9140703845572055, 'reg_alpha': 6.267062696005991e-07, 'reg_lambda': 0.00042472707398058225, 'min_child_weight': 6, 'gamma': 2.6185068507773707e-08, 'random_state': 42}",COMPLETE
3,-0.5972285323281527,2025-12-01 15:07:13.916555,2025-12-01 15:07:13.948833,0 days 00:00:00.032278,0.9233589392465844,0.9862528132298237,9.148975058772307e-05,0.012476394272569451,2,7,110,5.514725787121931e-06,7.569183361880229e-08,0.9795542149013333,"[-0.6267968449205625, -0.5813366028994467, -0.5971985347463699, -0.6080241393615754, -0.5727865397128084]",0.01918747281229595,"{'n_estimators': 110, 'max_depth': 2, 'learning_rate': 0.012476394272569451, 'subsample': 0.9795542149013333, 'colsample_bytree': 0.9862528132298237, 'colsample_bylevel': 0.9233589392465844, 'reg_alpha': 5.514725787121931e-06, 'reg_lambda': 7.569183361880229e-08, 'min_child_weight': 7, 'gamma': 9.148975058772307e-05, 'random_state': 42}",COMPLETE
4,-0.6418139258473259,2025-12-01 15:07:13.949242,2025-12-01 15:07:13.984349,0 days 00:00:00.035107,0.8650089137415928,0.7035119926400067,4.609885087947832e-07,0.011240768803005551,5,6,60,6.388511557344611e-06,0.0004793052550782129,0.9637281608315128,"[-0.6787847361743489, -0.6164817399575789, -0.6352676172395808, -0.6588595777368367, -0.6196759581282842]",0.023799405360827627,"{'n_estimators': 60, 'max_depth': 5, 'learning_rate': 0.011240768803005551, 'subsample': 0.9637281608315128, 'colsample_bytree': 0.7035119926400067, 'colsample_bylevel': 0.8650089137415928, 'reg_alpha': 6.388511557344611e-06, 'reg_lambda': 0.0004793052550782129, 'min_child_weight': 6, 'gamma': 4.609885087947832e-07, 'random_state': 42}",COMPLETE
5,-0.29861664341336625,2025-12-01 15:07:13.984818,2025-12-01 15:07:14.173321,0 days 00:00:00.188503,0.9687496940092467,0.8391599915244341,8.471746987003668e-06,0.2442046084491143,8,1,150,6.257956190096665e-08,5.805581976088804e-07,0.9579309401710595,"[-0.3128667966387401, -0.29905830180145754, -0.28644206891247725, -0.3121553643778005, -0.28256068533635603]",0.0125902577295274,"{'n_estimators': 150, 'max_depth': 8, 'learning_rate': 0.2442046084491143, 'subsample': 0.9579309401710595, 'colsample_bytree': 0.8391599915244341, 'colsample_bylevel': 0.9687496940092467, 'reg_alpha': 6.257956190096665e-08, 'reg_lambda': 5.805581976088804e-07, 'min_child_weight': 1, 'gamma': 8.471746987003668e-06, 'random_state': 42}",COMPLETE
6,-0.4980786454261009,2025-12-01 15:07:14.173797,2025-12-01 15:07:14.205012,0 days 00:00:00.031215,0.8170784332632994,0.7123738038749523,7.6204817861585425,0.16755052359850306,3,1,90,1.8548894229694903e-07,0.16587190283399628,0.7427013306774357,"[-0.5322438275912406, -0.5055770582205928, -0.4955218012711071, -0.4968228609396584, -0.46022767910790574]",0.02308374304459412,"{'n_estimators': 90, 'max_depth': 3, 'learning_rate': 0.16755052359850306, 'subsample': 0.7427013306774357, 'colsample_bytree': 0.7123738038749523, 'colsample_bylevel': 0.8170784332632994, 'reg_alpha': 1.8548894229694903e-07, 'reg_lambda': 0.16587190283399628, 'min_child_weight': 1, 'gamma': 7.6204817861585425, 'random_state': 42}",COMPLETE
7,-0.6007266603925953,2025-12-01 15:07:14.205385,2025-12-01 15:07:14.243442,0 days 00:00:00.038057,0.8916028672163949,0.8827429375390469,1.1036250149900698e-07,0.010189592979395137,2,4,130,0.08738424135626989,4.638759594322625e-08,0.9261845713819337,"[-0.6309759413906467, -0.583684731006487, -0.599858687354001, -0.6120827430485639, -0.5770311991632774]",0.019476320142445817,"{'n_estimators': 130, 'max_depth': 2, 'learning_rate': 0.010189592979395137, 'subsample': 0.9261845713819337, 'colsample_bytree': 0.8827429375390469, 'colsample_bylevel': 0.8916028672163949, 'reg_alpha': 0.08738424135626989, 'reg_lambda': 4.638759594322625e-08, 'min_child_weight': 4, 'gamma': 1.1036250149900698e-07, 'random_state': 42}",COMPLETE
8,-0.43341163502700103,2025-12-01 15:07:14.243869,2025-12-01 15:07:14.339487,0 days 00:00:00.095618,0.7300733288106988,0.7243929286862648,0.0001778010520878397,0.030816017044468066,7,9,140,0.03685153691188181,0.005470376807480385,0.6254233401144095,"[-0.45223030736527553, -0.4408046856396264, -0.4216427159158109, -0.4449061400315384, -0.40747432618275387]",0.016444906313890097,"{'n_estimators': 140, 'max_depth': 7, 'learning_rate': 0.030816017044468066, 'subsample': 0.6254233401144095, 'colsample_bytree': 0.7243929286862648, 'colsample_bylevel': 0.7300733288106988, 'reg_alpha': 0.03685153691188181, 'reg_lambda': 0.005470376807480385, 'min_child_weight': 9, 'gamma': 0.0001778010520878397, 'random_state': 42}",COMPLETE
9,-0.2936352494989999,2025-12-01 15:07:14.339952,2025-12-01 15:07:14.428251,0 days 00:00:00.088299,0.7975182385457563,0.9083868719818244,9.354548757337708e-08,0.13297554090738672,8,1,60,0.0005065186776865479,7.04480806377519e-05,0.8245108790277985,"[-0.3198531453914491, -0.2951582495373281, -0.28545775219296754, -0.29264340760959656, -0.2750636927636583]",0.014848942900030339,"{'n_estimators': 60, 'max_depth': 8, 'learning_rate': 0.13297554090738672, 'subsample': 0.8245108790277985, 'colsample_bytree': 0.9083868719818244, 'colsample_bylevel': 0.7975182385457563, 'reg_alpha': 0.0005065186776865479, 'reg_lambda': 7.04480806377519e-05, 'min_child_weight': 1, 'gamma': 9.354548757337708e-08, 'random_state': 42}",COMPLETE
10,-0.32473624138770724,2025-12-01 15:07:14.428688,2025-12-01 15:07:14.475912,0 days 00:00:00.047224,0.7570274592606949,0.9568478358759311,0.010367714070333529,0.07955798569352589,5,3,70,0.0009327366933736893,3.995152267446128e-06,0.855919277250694,"[-0.33585190919459335, -0.3312405600492892, -0.32269709904614174, -0.33008269985085403, -0.30380893879765786]",0.011283252592468667,"{'n_estimators': 70, 'max_depth': 5, 'learning_rate': 0.07955798569352589, 'subsample': 0.855919277250694, 'colsample_bytree': 0.9568478358759311, 'colsample_bylevel': 0.7570274592606949, 'reg_alpha': 0.0009327366933736893, 'reg_lambda': 3.995152267446128e-06, 'min_child_weight': 3, 'gamma': 0.010367714070333529, 'random_state': 42}",COMPLETE
11,-0.30328267937306175,2025-12-01 15:07:14.476327,2025-12-01 15:07:14.748114,0 days 00:00:00.271787,0.9760778024672048,0.8560191441870574,4.805653261658784e-06,0.2550205669623977,8,1,150,0.0005999583214511965,1.7912366914369137e-06,0.904093180089808,"[-0.3210215706651826, -0.30967336180229615, -0.2861140561233221, -0.3119487959116403, -0.28765561236286746]",0.013925354643080628,"{'n_estimators': 150, 'max_depth': 8, 'learning_rate': 0.2550205669623977, 'subsample': 0.904093180089808, 'colsample_bytree': 0.8560191441870574, 'colsample_bylevel': 0.9760778024672048, 'reg_alpha': 0.0005999583214511965, 'reg_lambda': 1.7912366914369137e-06, 'min_child_weight': 1, 'gamma': 4.805653261658784e-06, 'random_state': 42}",COMPLETE
12,-0.27113582555474774,2025-12-01 15:07:14.748501,2025-12-01 15:07:14.820072,0 days 00:00:00.071571,0.8062141176772979,0.9028503248702485,1.1415897581582742e-08,0.29283225933783363,8,2,80,2.1252063486601935,3.841105485827389e-06,0.7984165248678857,"[-0.2789161754847662, -0.27515234302878216, -0.2751436954996223, -0.27356556085098405, -0.252901352909584]",0.009285783600803897,"{'n_estimators': 80, 'max_depth': 8, 'learning_rate': 0.29283225933783363, 'subsample': 0.7984165248678857, 'colsample_bytree': 0.9028503248702485, 'colsample_bylevel': 0.8062141176772979, 'reg_alpha': 2.1252063486601935, 'reg_lambda': 3.841105485827389e-06, 'min_child_weight': 2, 'gamma': 1.1415897581582742e-08, 'random_state': 42}",COMPLETE
13,-0.33479253151009114,2025-12-01 15:07:14.820474,2025-12-01 15:07:14.879868,0 days 00:00:00.059394,0.8001086602508453,0.9191979476316068,1.0352630368012753e-08,0.08163321221267114,7,3,70,6.177198275729329,2.0189036707279082e-05,0.7867305142865646,"[-0.3526140887505243, -0.3355256706546857, -0.33262445421458087, -0.34360639858340614, -0.3095920453472584]",0.014391627498430253,"{'n_estimators': 70, 'max_depth': 7, 'learning_rate': 0.08163321221267114, 'subsample': 0.7867305142865646, 'colsample_bytree': 0.9191979476316068, 'colsample_bylevel': 0.8001086602508453, 'reg_alpha': 6.177198275729329, 'reg_lambda': 2.0189036707279082e-05, 'min_child_weight': 3, 'gamma': 1.0352630368012753e-08, 'random_state': 42}",COMPLETE
14,-0.31656416814712574,2025-12-01 15:07:14.880307,2025-12-01 15:07:14.933138,0 days 00:00:00.052831,0.7425884906674536,0.7889287846668807,5.024387530678765e-07,0.2827580032070467,9,3,80,8.60995139431829,3.174672559290829e-05,0.8266383754497381,"[-0.33126339401838306, -0.3147613123784241, -0.3132626255480463, -0.3245270906769284, -0.2990064181138467]",0.010971785954139524,"{'n_estimators': 80, 'max_depth': 9, 'learning_rate': 0.2827580032070467, 'subsample': 0.8266383754497381, 'colsample_bytree': 0.7889287846668807, 'colsample_bylevel': 0.7425884906674536, 'reg_alpha': 8.60995139431829, 'reg_lambda': 3.174672559290829e-05, 'min_child_weight': 3, 'gamma': 5.024387530678765e-07, 'random_state': 42}",COMPLETE
15,-0.4059882850851352,2025-12-01 15:07:14.933542,2025-12-01 15:07:14.980362,0 days 00:00:00.046820,0.6083654265933616,0.6018960478612356,1.2695361137933269e-08,0.1331003690300412,6,2,60,0.053665019891395174,0.01146690242205453,0.7545570407398018,"[-0.42202582253066956, -0.40602552739532294, -0.39651889290661324, -0.4175217277516487, -0.3878494548414215]",0.012719361972121507,"{'n_estimators': 60, 'max_depth': 6, 'learning_rate': 0.1331003690300412, 'subsample': 0.7545570407398018, 'colsample_bytree': 0.6018960478612356, 'colsample_bylevel': 0.6083654265933616, 'reg_alpha': 0.053665019891395174, 'reg_lambda': 0.01146690242205453, 'min_child_weight': 2, 'gamma': 1.2695361137933269e-08, 'random_state': 42}",COMPLETE
16,-0.32015419915525,2025-12-01 15:07:14.980800,2025-12-01 15:07:15.069223,0 days 00:00:00.088423,0.8462239536240762,0.9266199801530757,0.00443382389454351,0.07020614274333374,8,10,50,0.4609528194477771,3.084780175572217e-05,0.8679083694332411,"[-0.33502133604324325, -0.3239827735952151, -0.31546084032693206, -0.3298368257192704, -0.29646922009158927]",0.013508877444142831,"{'n_estimators': 50, 'max_depth': 8, 'learning_rate': 0.07020614274333374, 'subsample': 0.8679083694332411, 'colsample_bytree': 0.9266199801530757, 'colsample_bylevel': 0.8462239536240762, 'reg_alpha': 0.4609528194477771, 'reg_lambda': 3.084780175572217e-05, 'min_child_weight': 10, 'gamma': 0.00443382389454351, 'random_state': 42}",COMPLETE
17,-0.3870664013153647,2025-12-01 15:07:15.069626,2025-12-01 15:07:15.123914,0 days 00:00:00.054288,0.7730982444721965,0.8835984208835822,2.877840156819803e-07,0.04263494650162087,4,2,100,0.0027379590319980512,3.4209876534185466e-07,0.6909346424327554,"[-0.39706086710984706, -0.39708505437946323, -0.3926382754075043, -0.39190216474493816, -0.3566456449350705]",0.01536304373052759,"{'n_estimators': 100, 'max_depth': 4, 'learning_rate': 0.04263494650162087, 'subsample': 0.6909346424327554, 'colsample_bytree': 0.8835984208835822, 'colsample_bylevel': 0.7730982444721965, 'reg_alpha': 0.0027379590319980512, 'reg_lambda': 3.4209876534185466e-07, 'min_child_weight': 2, 'gamma': 2.877840156819803e-07, 'random_state': 42}",COMPLETE
18,-0.32488275979553627,2025-12-01 15:07:15.124375,2025-12-01 15:07:15.167919,0 days 00:00:00.043544,0.6984319676440948,0.9965108784574399,0.6516929730856211,0.18451489673241836,9,4,80,6.420732065687589e-05,0.004939392464663168,0.7870843198048441,"[-0.3324083434928959, -0.3200432829698476, -0.32744247875648325, -0.33089428703294527, -0.3136254067255095]",0.007063618972746563,"{'n_estimators': 80, 'max_depth': 9, 'learning_rate': 0.18451489673241836, 'subsample': 0.7870843198048441, 'colsample_bytree': 0.9965108784574399, 'colsample_bylevel': 0.6984319676440948, 'reg_alpha': 6.420732065687589e-05, 'reg_lambda': 0.004939392464663168, 'min_child_weight': 4, 'gamma': 0.6516929730856211, 'random_state': 42}",COMPLETE
19,-0.2980131101642036,2025-12-01 15:07:15.168321,2025-12-01 15:07:15.223578,0 days 00:00:00.055257,0.8401948018881014,0.8154394378371652,2.7152322073635106e-05,0.10547977564778724,6,2,70,0.006065637221530422,6.789187154227723,0.8910149050713664,"[-0.30824686550916586, -0.3041758986932324, -0.295110104052654, -0.3002559083465655, -0.2822767742194004]",0.008986651968917885,"{'n_estimators': 70, 'max_depth': 6, 'learning_rate': 0.10547977564778724, 'subsample': 0.8910149050713664, 'colsample_bytree': 0.8154394378371652, 'colsample_bylevel': 0.8401948018881014, 'reg_alpha': 0.006065637221530422, 'reg_lambda': 6.789187154227723, 'min_child_weight': 2, 'gamma': 2.7152322073635106e-05, 'random_state': 42}",COMPLETE
20,-0.2953635546638066,2025-12-01 15:07:15.223994,2025-12-01 15:07:15.318637,0 days 00:00:00.094643,0.7883325514065297,0.9277570386868452,7.876336058327987e-08,0.052848540004792076,7,4,120,1.1530505081168096,1.5510227876297255e-08,0.6910329857738382,"[-0.31039251572058474, -0.3023361492729005, -0.28755061973224877, -0.2996572661910223, -0.2768812224022764]",0.011794585730564848,"{'n_estimators': 120, 'max_depth': 7, 'learning_rate': 0.052848540004792076, 'subsample': 0.6910329857738382, 'colsample_bytree': 0.9277570386868452, 'colsample_bylevel': 0.7883325514065297, 'reg_alpha': 1.1530505081168096, 'reg_lambda': 1.5510227876297255e-08, 'min_child_weight': 4, 'gamma': 7.876336058327987e-08, 'random_state': 42}",COMPLETE
21,-0.2886968642912381,2025-12-01 15:07:15.319060,2025-12-01 15:07:15.419985,0 days 00:00:00.100925,0.7745537390106113,0.9385513591917104,8.265807551739055e-08,0.052137457799021965,7,4,130,0.9526390289431133,1.8139903292772747e-08,0.6887518700295491,"[-0.30278445756871913, -0.2944275599830368, -0.279455524193919, -0.29318704444254473, -0.2736297352679707]",0.010619638591336546,"{'n_estimators': 130, 'max_depth': 7, 'learning_rate': 0.052137457799021965, 'subsample': 0.6887518700295491, 'colsample_bytree': 0.9385513591917104, 'colsample_bylevel': 0.7745537390106113, 'reg_alpha': 0.9526390289431133, 'reg_lambda': 1.8139903292772747e-08, 'min_child_weight': 4, 'gamma': 8.265807551739055e-08, 'random_state': 42}",COMPLETE
22,-0.32957814732349766,2025-12-01 15:07:15.420391,2025-12-01 15:07:15.550513,0 days 00:00:00.130122,0.8163301442035139,0.8950598473926256,9.150837662801771e-07,0.03193144174213447,9,2,100,0.43673911918882213,5.782407074939158e-06,0.6021164359932893,"[-0.3485544670883568, -0.33251573156570996, -0.3248141642991882, -0.33440011819802873, -0.30760625546620474]",0.013397321240886833,"{'n_estimators': 100, 'max_depth': 9, 'learning_rate': 0.03193144174213447, 'subsample': 0.6021164359932893, 'colsample_bytree': 0.8950598473926256, 'colsample_bylevel': 0.8163301442035139, 'reg_alpha': 0.43673911918882213, 'reg_lambda': 5.782407074939158e-06, 'min_child_weight': 2, 'gamma': 9.150837662801771e-07, 'random_state': 42}",COMPLETE
23,-0.3699134649484529,2025-12-01 15:07:15.550957,2025-12-01 15:07:15.677251,0 days 00:00:00.126294,0.7181348318996804,0.9581630304366049,5.772555185425358e-08,0.0179475874196528,7,3,130,0.00011967634412272737,2.528935868478769e-07,0.6510222608758295,"[-0.3940855819293013, -0.369309087406392, -0.3681877235439911, -0.3762303509667054, -0.3417545808958749]",0.0168550318599424,"{'n_estimators': 130, 'max_depth': 7, 'learning_rate': 0.0179475874196528, 'subsample': 0.6510222608758295, 'colsample_bytree': 0.9581630304366049, 'colsample_bylevel': 0.7181348318996804, 'reg_alpha': 0.00011967634412272737, 'reg_lambda': 2.528935868478769e-07, 'min_child_weight': 3, 'gamma': 5.772555185425358e-08, 'random_state': 42}",COMPLETE
24,-0.30851260764666916,2025-12-01 15:07:15.677649,2025-12-01 15:07:15.777431,0 days 00:00:00.099782,0.772891476183738,0.9504920522671173,0.0010414990164539367,0.04634598796674968,8,5,80,0.008305370642207606,1.0696438407743052e-08,0.8066474300775319,"[-0.3322966868100847, -0.31594897959572976, -0.30027404904178195, -0.3065504979019406, -0.2874928248838088]",0.015063446082160308,"{'n_estimators': 80, 'max_depth': 8, 'learning_rate': 0.04634598796674968, 'subsample': 0.8066474300775319, 'colsample_bytree': 0.9504920522671173, 'colsample_bylevel': 0.772891476183738, 'reg_alpha': 0.008305370642207606, 'reg_lambda': 1.0696438407743052e-08, 'min_child_weight': 5, 'gamma': 0.0010414990164539367, 'random_state': 42}",COMPLETE
25,-0.3533421680535199,2025-12-01 15:07:15.777877,2025-12-01 15:07:15.827147,0 days 00:00:00.049270,0.8747955925969948,0.8526986139712729,1.144423136583001e-06,0.06366750038510952,6,1,60,2.8979742114643807,7.606481542450305e-05,0.7120477856060409,"[-0.37144863359119096, -0.35561629378760673, -0.3544341191803626, -0.357620469806063, -0.32759132390237644]",0.014252143275781443,"{'n_estimators': 60, 'max_depth': 6, 'learning_rate': 0.06366750038510952, 'subsample': 0.7120477856060409, 'colsample_bytree': 0.8526986139712729, 'colsample_bylevel': 0.8747955925969948, 'reg_alpha': 2.8979742114643807, 'reg_lambda': 7.606481542450305e-05, 'min_child_weight': 1, 'gamma': 1.144423136583001e-06, 'random_state': 42}",COMPLETE
26,-0.28247714725612927,2025-12-01 15:07:15.827550,2025-12-01 15:07:15.954147,0 days 00:00:00.126597,0.825590740603139,0.8887706775661787,9.645416888584492e-08,0.09200203787365889,9,2,90,0.21281903525460402,1.815993316832585e-06,0.7784019029777202,"[-0.3040672152007169, -0.2840102630910185, -0.269280532605675, -0.2862446864102535, -0.2687830389729825]",0.012995038046855343,"{'n_estimators': 90, 'max_depth': 9, 'learning_rate': 0.09200203787365889, 'subsample': 0.7784019029777202, 'colsample_bytree': 0.8887706775661787, 'colsample_bylevel': 0.825590740603139, 'reg_alpha': 0.21281903525460402, 'reg_lambda': 1.815993316832585e-06, 'min_child_weight': 2, 'gamma': 9.645416888584492e-08, 'random_state': 42}",COMPLETE
27,-0.39715516911832155,2025-12-01 15:07:15.954581,2025-12-01 15:07:16.092809,0 days 00:00:00.138228,0.8343689629235116,0.8151436891512045,2.3747238411019735e-05,0.020540858985413142,10,4,90,0.20532269718619514,1.7890779181667517e-06,0.7706409917657627,"[-0.42598615400356743, -0.3925987711705035, -0.3967512511016098, -0.3992728200748306, -0.3711668492410965]",0.017504438391967653,"{'n_estimators': 90, 'max_depth': 10, 'learning_rate': 0.020540858985413142, 'subsample': 0.7706409917657627, 'colsample_bytree': 0.8151436891512045, 'colsample_bylevel': 0.8343689629235116, 'reg_alpha': 0.20532269718619514, 'reg_lambda': 1.7890779181667517e-06, 'min_child_weight': 4, 'gamma': 2.3747238411019735e-05, 'random_state': 42}",COMPLETE
28,-0.27417977578157604,2025-12-01 15:07:16.093212,2025-12-01 15:07:16.201330,0 days 00:00:00.108118,0.928105658304223,0.8754006721464518,3.0749307929209035e-08,0.09277104185997818,9,3,110,1.4877702367815187,6.369997077759762e-08,0.7220977716729333,"[-0.2893962691394781, -0.2761370122966787, -0.2672380677074381, -0.276784823007308, -0.26134270675697746]",0.009540821432814707,"{'n_estimators': 110, 'max_depth': 9, 'learning_rate': 0.09277104185997818, 'subsample': 0.7220977716729333, 'colsample_bytree': 0.8754006721464518, 'colsample_bylevel': 0.928105658304223, 'reg_alpha': 1.4877702367815187, 'reg_lambda': 6.369997077759762e-08, 'min_child_weight': 3, 'gamma': 3.0749307929209035e-08, 'random_state': 42}",COMPLETE
