number,value,datetime_start,datetime_complete,duration,params_colsample_bylevel,params_colsample_bytree,params_gamma,params_learning_rate,params_max_depth,params_min_child_weight,params_n_estimators,params_reg_alpha,params_reg_lambda,params_subsample,user_attrs_cv_scores,user_attrs_cv_std,user_attrs_params,state
58,-0.22406355292080074,2025-07-20 21:15:49.476080,2025-07-20 21:15:54.973192,0 days 00:00:05.497112,0.8198508567506733,0.8155898645508,0.0018022494099091705,0.1462392194650994,3,2,90,1.592600061432793e-06,8.874264286154407e-06,0.7266308202491412,"[-0.1787414564669687, -0.28535906824535906, -0.2480418944845316, -0.2652187145563417, -0.14295663085080262]",0.05414475713665509,"{'n_estimators': 90, 'max_depth': 3, 'learning_rate': 0.1462392194650994, 'subsample': 0.7266308202491412, 'colsample_bytree': 0.8155898645508, 'colsample_bylevel': 0.8198508567506733, 'reg_alpha': 1.592600061432793e-06, 'reg_lambda': 8.874264286154407e-06, 'min_child_weight': 2, 'gamma': 0.0018022494099091705, 'random_state': 42}",COMPLETE
59,-0.5384680546580574,2025-07-20 21:15:54.977192,2025-07-20 21:15:58.226310,0 days 00:00:03.249118,0.8059976399400833,0.8421721924246097,0.0002642931059522744,0.11829645035319569,5,8,90,0.03231781549415545,2.1784835393866346e-06,0.7251403124043895,"[-0.3873647520150282, -0.5181399393570111, -0.7096003117052273, -0.5205641221556306, -0.5566711480573898]",0.1031344686821418,"{'n_estimators': 90, 'max_depth': 5, 'learning_rate': 0.11829645035319569, 'subsample': 0.7251403124043895, 'colsample_bytree': 0.8421721924246097, 'colsample_bylevel': 0.8059976399400833, 'reg_alpha': 0.03231781549415545, 'reg_lambda': 2.1784835393866346e-06, 'min_child_weight': 8, 'gamma': 0.0002642931059522744, 'random_state': 42}",COMPLETE
60,-0.23802416877198246,2025-07-20 21:15:58.228313,2025-07-20 21:16:00.765117,0 days 00:00:02.536804,0.9073260786246337,0.7849279138963143,7.436235969335139e-05,0.2761010485378862,1,1,80,0.00011782533886888294,2.1552047828500893e-07,0.6469512040544868,"[-0.21877094252827867, -0.2729884321415265, -0.2440757676027946, -0.22989220016921164, -0.22439350141810088]",0.019399650966158102,"{'n_estimators': 80, 'max_depth': 1, 'learning_rate': 0.2761010485378862, 'subsample': 0.6469512040544868, 'colsample_bytree': 0.7849279138963143, 'colsample_bylevel': 0.9073260786246337, 'reg_alpha': 0.00011782533886888294, 'reg_lambda': 2.1552047828500893e-07, 'min_child_weight': 1, 'gamma': 7.436235969335139e-05, 'random_state': 42}",COMPLETE
61,-0.22610506331358024,2025-07-20 21:16:00.766117,2025-07-20 21:16:03.887567,0 days 00:00:03.121450,0.7780340520603589,0.8873665434086216,0.007566317804430905,0.23431454486263417,1,1,100,0.006372757390755539,4.4198351304904694e-05,0.9314000482368437,"[-0.20006629956324365, -0.2999881287227276, -0.2066246901321516, -0.27470668475192495, -0.14913951339785347]",0.054409600240127316,"{'n_estimators': 100, 'max_depth': 1, 'learning_rate': 0.23431454486263417, 'subsample': 0.9314000482368437, 'colsample_bytree': 0.8873665434086216, 'colsample_bylevel': 0.7780340520603589, 'reg_alpha': 0.006372757390755539, 'reg_lambda': 4.4198351304904694e-05, 'min_child_weight': 1, 'gamma': 0.007566317804430905, 'random_state': 42}",COMPLETE
62,-0.27667385533212235,2025-07-20 21:16:03.889569,2025-07-20 21:16:07.279170,0 days 00:00:03.389601,0.6404051273442564,0.8376371363894489,0.004445227765409265,0.18810274140452388,1,1,110,0.012657907604955927,1.6796968864393668e-05,0.6910443383852309,"[-0.2349943516105265, -0.3416295955163678, -0.23924618570329345, -0.29526158341491826, -0.27223756041550573]",0.03929998477117679,"{'n_estimators': 110, 'max_depth': 1, 'learning_rate': 0.18810274140452388, 'subsample': 0.6910443383852309, 'colsample_bytree': 0.8376371363894489, 'colsample_bylevel': 0.6404051273442564, 'reg_alpha': 0.012657907604955927, 'reg_lambda': 1.6796968864393668e-05, 'min_child_weight': 1, 'gamma': 0.004445227765409265, 'random_state': 42}",COMPLETE
63,-0.22935888695284157,2025-07-20 21:16:07.281173,2025-07-20 21:16:11.367058,0 days 00:00:04.085885,0.7557047848338538,0.8626901712479176,0.05276062455832061,0.16365237529335347,2,2,110,0.0031644824585870504,2.8587841951985303e-05,0.839183318178618,"[-0.20464565973675083, -0.3001510347361568, -0.25620329569132844, -0.23222804511946152, -0.15356639948051026]",0.049184605911924105,"{'n_estimators': 110, 'max_depth': 2, 'learning_rate': 0.16365237529335347, 'subsample': 0.839183318178618, 'colsample_bytree': 0.8626901712479176, 'colsample_bylevel': 0.7557047848338538, 'reg_alpha': 0.0031644824585870504, 'reg_lambda': 2.8587841951985303e-05, 'min_child_weight': 2, 'gamma': 0.05276062455832061, 'random_state': 42}",COMPLETE
64,-0.21916493350449873,2025-07-20 21:16:11.368058,2025-07-20 21:16:14.496810,0 days 00:00:03.128752,0.8405213723276086,0.8150813704714458,0.0008121295964573109,0.21372955631564006,1,1,100,0.0012733607174830383,8.28511388566636e-05,0.9812423916664617,"[-0.20032675594376267, -0.2901611731678901, -0.18215993320444462, -0.27482406566899725, -0.14835273953739891]",0.054547261773800905,"{'n_estimators': 100, 'max_depth': 1, 'learning_rate': 0.21372955631564006, 'subsample': 0.9812423916664617, 'colsample_bytree': 0.8150813704714458, 'colsample_bylevel': 0.8405213723276086, 'reg_alpha': 0.0012733607174830383, 'reg_lambda': 8.28511388566636e-05, 'min_child_weight': 1, 'gamma': 0.0008121295964573109, 'random_state': 42}",COMPLETE
65,-0.2339226339460838,2025-07-20 21:16:14.497810,2025-07-20 21:16:21.276282,0 days 00:00:06.778472,0.9801724113395497,0.7542928728343525,0.0024378997013010644,0.2651586572298672,10,2,120,0.0005491345656251106,4.061664100150456e-06,0.7707721985638897,"[-0.18507512685275437, -0.27578652504152834, -0.2912803092185637, -0.21520531915748645, -0.20226588946008617]",0.04190717023110615,"{'n_estimators': 120, 'max_depth': 10, 'learning_rate': 0.2651586572298672, 'subsample': 0.7707721985638897, 'colsample_bytree': 0.7542928728343525, 'colsample_bylevel': 0.9801724113395497, 'reg_alpha': 0.0005491345656251106, 'reg_lambda': 4.061664100150456e-06, 'min_child_weight': 2, 'gamma': 0.0024378997013010644, 'random_state': 42}",COMPLETE
66,-0.39601753790010663,2025-07-20 21:16:21.276785,2025-07-20 21:16:27.271750,0 days 00:00:05.994965,0.8018688101357648,0.912730964114175,0.11985034630001933,0.02894193711900418,2,1,110,0.005059632278721736,4.501005956925663,0.7095570420503948,"[-0.3190580637957194, -0.4631387429121076, -0.3861057389624698, -0.3333162597851129, -0.4784688840451234]",0.0652011278019732,"{'n_estimators': 110, 'max_depth': 2, 'learning_rate': 0.02894193711900418, 'subsample': 0.7095570420503948, 'colsample_bytree': 0.912730964114175, 'colsample_bylevel': 0.8018688101357648, 'reg_alpha': 0.005059632278721736, 'reg_lambda': 4.501005956925663, 'min_child_weight': 1, 'gamma': 0.11985034630001933, 'random_state': 42}",COMPLETE
67,-0.22204926964502766,2025-07-20 21:16:27.273770,2025-07-20 21:16:31.209476,0 days 00:00:03.935706,0.8822393654106515,0.9991678956850075,0.01786323980289495,0.1395582824608285,1,2,120,0.05504591192231117,7.471654429642755e-07,0.8520456988659076,"[-0.21280540014140004, -0.30162436994672936, -0.1703662342590535, -0.2698999247984261, -0.15555041907952932]",0.05621488091826892,"{'n_estimators': 120, 'max_depth': 1, 'learning_rate': 0.1395582824608285, 'subsample': 0.8520456988659076, 'colsample_bytree': 0.9991678956850075, 'colsample_bylevel': 0.8822393654106515, 'reg_alpha': 0.05504591192231117, 'reg_lambda': 7.471654429642755e-07, 'min_child_weight': 2, 'gamma': 0.01786323980289495, 'random_state': 42}",COMPLETE
68,-0.21509183918004787,2025-07-20 21:16:31.211787,2025-07-20 21:16:37.975098,0 days 00:00:06.763311,0.9329435630154317,0.8726456503855587,0.006899422885697917,0.09033554842413942,2,1,130,0.0023174341518908924,0.0009864970178817684,0.8072870601663592,"[-0.21290873325968704, -0.23785544937340813, -0.20967606486028484, -0.2631254389421315, -0.1518935094647279]",0.03702305794201151,"{'n_estimators': 130, 'max_depth': 2, 'learning_rate': 0.09033554842413942, 'subsample': 0.8072870601663592, 'colsample_bytree': 0.8726456503855587, 'colsample_bylevel': 0.9329435630154317, 'reg_alpha': 0.0023174341518908924, 'reg_lambda': 0.0009864970178817684, 'min_child_weight': 1, 'gamma': 0.006899422885697917, 'random_state': 42}",COMPLETE
69,-0.250910838675544,2025-07-20 21:16:37.977098,2025-07-20 21:16:48.576390,0 days 00:00:10.599292,0.9450836118083128,0.8261188918674169,0.000991312828131872,0.09166824696791075,4,3,140,0.0002873581748698351,0.0009498232668388204,0.7987076894548932,"[-0.2074958441231776, -0.29698593666944956, -0.21935711278810432, -0.2654621339873643, -0.26525316580962427]",0.0329267568016726,"{'n_estimators': 140, 'max_depth': 4, 'learning_rate': 0.09166824696791075, 'subsample': 0.7987076894548932, 'colsample_bytree': 0.8261188918674169, 'colsample_bylevel': 0.9450836118083128, 'reg_alpha': 0.0002873581748698351, 'reg_lambda': 0.0009498232668388204, 'min_child_weight': 3, 'gamma': 0.000991312828131872, 'random_state': 42}",COMPLETE
70,-0.2650445155632658,2025-07-20 21:16:48.578392,2025-07-20 21:17:06.351577,0 days 00:00:17.773185,0.8596660826956171,0.7844389461211295,2.1642549180076235e-05,0.06712181468388403,7,1,130,0.012336840162712002,0.009030930806346392,0.7454668270066764,"[-0.2375441108802666, -0.36290526449848426, -0.3337422045739031, -0.20521226265326362, -0.18581873521041165]",0.07058185840015546,"{'n_estimators': 130, 'max_depth': 7, 'learning_rate': 0.06712181468388403, 'subsample': 0.7454668270066764, 'colsample_bytree': 0.7844389461211295, 'colsample_bylevel': 0.8596660826956171, 'reg_alpha': 0.012336840162712002, 'reg_lambda': 0.009030930806346392, 'min_child_weight': 1, 'gamma': 2.1642549180076235e-05, 'random_state': 42}",COMPLETE
71,-0.2129762459401033,2025-07-20 21:17:06.353577,2025-07-20 21:17:12.760941,0 days 00:00:06.407364,0.8999269753467214,0.8685893144714821,0.00528419576435625,0.07364946340465386,2,1,130,0.0022282013577738994,0.00016188418356103125,0.8229346147374267,"[-0.20292601662888143, -0.2435379731688848, -0.2337865116865968, -0.26483406829696604, -0.11979665991918746]",0.050674969031030415,"{'n_estimators': 130, 'max_depth': 2, 'learning_rate': 0.07364946340465386, 'subsample': 0.8229346147374267, 'colsample_bytree': 0.8685893144714821, 'colsample_bylevel': 0.8999269753467214, 'reg_alpha': 0.0022282013577738994, 'reg_lambda': 0.00016188418356103125, 'min_child_weight': 1, 'gamma': 0.00528419576435625, 'random_state': 42}",COMPLETE
72,-0.21593557501290653,2025-07-20 21:17:12.762942,2025-07-20 21:17:20.101411,0 days 00:00:07.338469,0.9265688295642619,0.8667280436674788,2.7727912114942587e-07,0.07877456051072124,2,1,130,0.001995433813551547,0.00019868841746916412,0.8054596162851023,"[-0.20816857298898703, -0.251392923867824, -0.22092390836423687, -0.27603954370182465, -0.12315292614166029]",0.05208366415990009,"{'n_estimators': 130, 'max_depth': 2, 'learning_rate': 0.07877456051072124, 'subsample': 0.8054596162851023, 'colsample_bytree': 0.8667280436674788, 'colsample_bylevel': 0.9265688295642619, 'reg_alpha': 0.001995433813551547, 'reg_lambda': 0.00019868841746916412, 'min_child_weight': 1, 'gamma': 2.7727912114942587e-07, 'random_state': 42}",COMPLETE
73,-0.2381521292008426,2025-07-20 21:17:20.102403,2025-07-20 21:17:30.340890,0 days 00:00:10.238487,0.9295664326451837,0.8731198800899974,3.4481378686440215e-07,0.07529674184237267,3,1,130,0.0017220799852783694,0.0026314142059141866,0.8155719906172917,"[-0.235345430250295, -0.2817494802142947, -0.2627382876465437, -0.23120685960215043, -0.17972058829092916]",0.0345704136637434,"{'n_estimators': 130, 'max_depth': 3, 'learning_rate': 0.07529674184237267, 'subsample': 0.8155719906172917, 'colsample_bytree': 0.8731198800899974, 'colsample_bylevel': 0.9295664326451837, 'reg_alpha': 0.0017220799852783694, 'reg_lambda': 0.0026314142059141866, 'min_child_weight': 1, 'gamma': 3.4481378686440215e-07, 'random_state': 42}",COMPLETE
74,-0.5882459551636657,2025-07-20 21:17:30.343943,2025-07-20 21:17:32.813203,0 days 00:00:02.469260,0.9723359249640291,0.8742978924367024,2.113198145781732e-06,0.05169522036948239,2,10,130,0.000811488510106026,0.0002399575309649126,0.8011248656889878,"[-0.43859244969722494, -0.5331058670933367, -0.7489525403201298, -0.4805088762495161, -0.7400700424581207]",0.13108854959850422,"{'n_estimators': 130, 'max_depth': 2, 'learning_rate': 0.05169522036948239, 'subsample': 0.8011248656889878, 'colsample_bytree': 0.8742978924367024, 'colsample_bylevel': 0.9723359249640291, 'reg_alpha': 0.000811488510106026, 'reg_lambda': 0.0002399575309649126, 'min_child_weight': 10, 'gamma': 2.113198145781732e-06, 'random_state': 42}",COMPLETE
75,-0.20882064970202702,2025-07-20 21:17:32.814204,2025-07-20 21:17:34.241700,0 days 00:00:01.427496,0.9520013302807967,0.8409833637504437,3.8251117632269845e-08,0.07698953304001337,2,2,140,0.0030303078832759765,0.0002050054255254187,0.8256637256037035,"[-0.20205918526392466, -0.22517799524758314, -0.2215528442708269, -0.27416894654792257, -0.12114427717987783]",0.04986568987286586,"{'n_estimators': 140, 'max_depth': 2, 'learning_rate': 0.07698953304001337, 'subsample': 0.8256637256037035, 'colsample_bytree': 0.8409833637504437, 'colsample_bylevel': 0.9520013302807967, 'reg_alpha': 0.0030303078832759765, 'reg_lambda': 0.0002050054255254187, 'min_child_weight': 2, 'gamma': 3.8251117632269845e-08, 'random_state': 42}",COMPLETE
76,-0.2284134441162521,2025-07-20 21:17:34.243702,2025-07-20 21:17:35.491446,0 days 00:00:01.247744,0.9458774826828225,0.8561479709936443,4.065323402593469e-08,0.07668030545744448,2,3,150,0.0004636482199635214,0.030012327767454265,0.8323005989134631,"[-0.20036202529899472, -0.22442421402272972, -0.20587189052376473, -0.25922166924041223, -0.25218742149535905]",0.023770849494649735,"{'n_estimators': 150, 'max_depth': 2, 'learning_rate': 0.07668030545744448, 'subsample': 0.8323005989134631, 'colsample_bytree': 0.8561479709936443, 'colsample_bylevel': 0.9458774826828225, 'reg_alpha': 0.0004636482199635214, 'reg_lambda': 0.030012327767454265, 'min_child_weight': 3, 'gamma': 4.065323402593469e-08, 'random_state': 42}",COMPLETE
77,-0.23115581422170228,2025-07-20 21:17:35.492446,2025-07-20 21:17:36.928821,0 days 00:00:01.436375,0.9535804542082156,0.8365732969397205,2.4943996396275692e-08,0.060469138330969605,3,2,140,0.0025858418682107977,0.004700280381901837,0.7698568579781314,"[-0.22536690490973782, -0.29859295239840006, -0.25574430267365494, -0.2288014739291043, -0.1472734371976142]",0.04945233853775086,"{'n_estimators': 140, 'max_depth': 3, 'learning_rate': 0.060469138330969605, 'subsample': 0.7698568579781314, 'colsample_bytree': 0.8365732969397205, 'colsample_bylevel': 0.9535804542082156, 'reg_alpha': 0.0025858418682107977, 'reg_lambda': 0.004700280381901837, 'min_child_weight': 2, 'gamma': 2.4943996396275692e-08, 'random_state': 42}",COMPLETE
78,-0.23295154840626325,2025-07-20 21:17:36.929818,2025-07-20 21:17:47.897424,0 days 00:00:10.967606,0.935591538047173,0.8885190812961421,6.246744380512629e-08,0.048892322532947334,4,2,140,0.0033711056038176744,0.00019184645279713664,0.8068150855495543,"[-0.21271007811713225, -0.2759525610862007, -0.24055904045632193, -0.24990228037398765, -0.18563378199767358]",0.031122263665733285,"{'n_estimators': 140, 'max_depth': 4, 'learning_rate': 0.048892322532947334, 'subsample': 0.8068150855495543, 'colsample_bytree': 0.8885190812961421, 'colsample_bylevel': 0.935591538047173, 'reg_alpha': 0.0033711056038176744, 'reg_lambda': 0.00019184645279713664, 'min_child_weight': 2, 'gamma': 6.246744380512629e-08, 'random_state': 42}",COMPLETE
79,-0.22168802165031737,2025-07-20 21:17:47.898422,2025-07-20 21:17:59.369405,0 days 00:00:11.470983,0.9178826372362943,0.9004892510332643,1.253124551591518e-07,0.09448954627654897,2,1,150,0.020868092591072696,0.0004938476020010138,0.7882887271242062,"[-0.21641222417639436, -0.24891173675689948, -0.22076633942182006, -0.2862112290696473, -0.1361385788268257]",0.04950104173531759,"{'n_estimators': 150, 'max_depth': 2, 'learning_rate': 0.09448954627654897, 'subsample': 0.7882887271242062, 'colsample_bytree': 0.9004892510332643, 'colsample_bylevel': 0.9178826372362943, 'reg_alpha': 0.020868092591072696, 'reg_lambda': 0.0004938476020010138, 'min_child_weight': 1, 'gamma': 1.253124551591518e-07, 'random_state': 42}",COMPLETE
80,-0.23413561592332344,2025-07-20 21:17:59.370999,2025-07-20 21:18:10.296047,0 days 00:00:10.925048,0.9072844442900467,0.8489184633251989,2.983978754380211e-07,0.03503260095874703,2,2,140,9.34705246683066e-05,0.0013974003640115217,0.8594553108584013,"[-0.2246076751684246, -0.25990783276239343, -0.24004509285893308, -0.26281331921976514, -0.183304159607101]",0.02896949551189382,"{'n_estimators': 140, 'max_depth': 2, 'learning_rate': 0.03503260095874703, 'subsample': 0.8594553108584013, 'colsample_bytree': 0.8489184633251989, 'colsample_bylevel': 0.9072844442900467, 'reg_alpha': 9.34705246683066e-05, 'reg_lambda': 0.0013974003640115217, 'min_child_weight': 2, 'gamma': 2.983978754380211e-07, 'random_state': 42}",COMPLETE
81,-0.21237553161622805,2025-07-20 21:18:10.298385,2025-07-20 21:18:20.587603,0 days 00:00:10.289218,0.9235012016220627,0.8222716713109925,1.1582137298172184e-08,0.07862651153047896,2,1,130,0.0015972874020193353,0.00010451176131873492,0.8165901176774083,"[-0.19096442511420733, -0.2490793396092135, -0.23332687046841138, -0.26378257866066407, -0.12472444422864386]",0.050139727180312024,"{'n_estimators': 130, 'max_depth': 2, 'learning_rate': 0.07862651153047896, 'subsample': 0.8165901176774083, 'colsample_bytree': 0.8222716713109925, 'colsample_bylevel': 0.9235012016220627, 'reg_alpha': 0.0015972874020193353, 'reg_lambda': 0.00010451176131873492, 'min_child_weight': 1, 'gamma': 1.1582137298172184e-08, 'random_state': 42}",COMPLETE
82,-0.23035116409383494,2025-07-20 21:18:20.588630,2025-07-20 21:18:34.925382,0 days 00:00:14.336752,0.9609884198854357,0.8263152913804188,1.9101470904538233e-08,0.0789345160222574,3,1,130,0.0017028830899133644,0.00011694667340914883,0.8219368663644826,"[-0.22424994705559695, -0.27209148655559495, -0.2563502469922898, -0.22971680196982333, -0.1693473378958696]",0.03514911352001944,"{'n_estimators': 130, 'max_depth': 3, 'learning_rate': 0.0789345160222574, 'subsample': 0.8219368663644826, 'colsample_bytree': 0.8263152913804188, 'colsample_bylevel': 0.9609884198854357, 'reg_alpha': 0.0017028830899133644, 'reg_lambda': 0.00011694667340914883, 'min_child_weight': 1, 'gamma': 1.9101470904538233e-08, 'random_state': 42}",COMPLETE
83,-0.21930327376303924,2025-07-20 21:18:34.926365,2025-07-20 21:18:37.413863,0 days 00:00:02.487498,0.9335053352831768,0.8731082508063045,1.2539747020389847e-08,0.10899379843068512,2,1,130,0.0006796013499012734,0.00033250013190377507,0.8403921211564769,"[-0.19519180498571834, -0.24059239814260905, -0.24796701344023048, -0.2520626022950978, -0.1607025499515405]",0.03567469173751387,"{'n_estimators': 130, 'max_depth': 2, 'learning_rate': 0.10899379843068512, 'subsample': 0.8403921211564769, 'colsample_bytree': 0.8731082508063045, 'colsample_bylevel': 0.9335053352831768, 'reg_alpha': 0.0006796013499012734, 'reg_lambda': 0.00033250013190377507, 'min_child_weight': 1, 'gamma': 1.2539747020389847e-08, 'random_state': 42}",COMPLETE
84,-0.24034773370436557,2025-07-20 21:18:37.414863,2025-07-20 21:18:38.549468,0 days 00:00:01.134605,0.9710754884604657,0.8633373064287408,8.493172912279404e-08,0.0873086185865139,3,1,140,0.0003483695684041778,0.0007361808784888169,0.7960662742219932,"[-0.23634456774282456, -0.2928347114100913, -0.2474512327992557, -0.23590742046993682, -0.18920073609971938]",0.03303664514256138,"{'n_estimators': 140, 'max_depth': 3, 'learning_rate': 0.0873086185865139, 'subsample': 0.7960662742219932, 'colsample_bytree': 0.8633373064287408, 'colsample_bylevel': 0.9710754884604657, 'reg_alpha': 0.0003483695684041778, 'reg_lambda': 0.0007361808784888169, 'min_child_weight': 1, 'gamma': 8.493172912279404e-08, 'random_state': 42}",COMPLETE
85,-0.21552192753926253,2025-07-20 21:18:38.550424,2025-07-20 21:18:39.405579,0 days 00:00:00.855155,0.924486694003557,0.8428038285866045,1.8257192382128054e-07,0.06142535307682513,2,2,130,0.002586617514790547,5.796880460554766e-05,0.7782299454407325,"[-0.22004747454700518, -0.24124253090469638, -0.20821246603457003, -0.269029778941092, -0.13907738726894905]",0.04345645208589785,"{'n_estimators': 130, 'max_depth': 2, 'learning_rate': 0.06142535307682513, 'subsample': 0.7782299454407325, 'colsample_bytree': 0.8428038285866045, 'colsample_bylevel': 0.924486694003557, 'reg_alpha': 0.002586617514790547, 'reg_lambda': 5.796880460554766e-05, 'min_child_weight': 2, 'gamma': 1.8257192382128054e-07, 'random_state': 42}",COMPLETE
86,-0.2660126993254393,2025-07-20 21:18:39.406582,2025-07-20 21:18:40.251976,0 days 00:00:00.845394,0.8837104393830794,0.8416201529495073,0.04897256026356236,0.06321625091095277,2,4,140,0.008779949475014115,9.17408883910104e-05,0.8743673957140903,"[-0.26050144945388615, -0.32735237952863544, -0.20580247233660734, -0.27456151689451647, -0.26184567841355094]",0.03875215612513248,"{'n_estimators': 140, 'max_depth': 2, 'learning_rate': 0.06321625091095277, 'subsample': 0.8743673957140903, 'colsample_bytree': 0.8416201529495073, 'colsample_bylevel': 0.8837104393830794, 'reg_alpha': 0.008779949475014115, 'reg_lambda': 9.17408883910104e-05, 'min_child_weight': 4, 'gamma': 0.04897256026356236, 'random_state': 42}",COMPLETE
