number,value,datetime_start,datetime_complete,duration,params_colsample_bylevel,params_colsample_bytree,params_gamma,params_learning_rate,params_max_depth,params_min_child_weight,params_n_estimators,params_reg_alpha,params_reg_lambda,params_subsample,user_attrs_cv_scores,user_attrs_cv_std,user_attrs_params,state
87,-0.2335033297790022,2025-07-20 21:18:40.251976,2025-07-20 21:18:41.192089,0 days 00:00:00.940113,0.9133183802450403,0.8319208397224003,0.006271013609193963,0.054956682964808067,3,2,100,0.003789041061078193,5.8127863648948385e-05,0.7564865610714331,"[-0.22089641769985427, -0.30417992655186454, -0.23966089215591901, -0.23420176724952171, -0.16857764523785165]",0.0433770987181669,"{'n_estimators': 100, 'max_depth': 3, 'learning_rate': 0.054956682964808067, 'subsample': 0.7564865610714331, 'colsample_bytree': 0.8319208397224003, 'colsample_bylevel': 0.9133183802450403, 'reg_alpha': 0.003789041061078193, 'reg_lambda': 5.8127863648948385e-05, 'min_child_weight': 2, 'gamma': 0.006271013609193963, 'random_state': 42}",COMPLETE
88,-0.23867725304162962,2025-07-20 21:18:41.192089,2025-07-20 21:18:42.243498,0 days 00:00:01.051409,0.8951330798392776,0.849557694334162,1.870215305417063e-07,0.06909258729037028,1,2,100,0.0013117376804484202,1.094161223779504e-05,0.7372196448604402,"[-0.21043982894868032, -0.2982574717875091, -0.20281088030985697, -0.28430003221195654, -0.19757805195014527]",0.04336849913872753,"{'n_estimators': 100, 'max_depth': 1, 'learning_rate': 0.06909258729037028, 'subsample': 0.7372196448604402, 'colsample_bytree': 0.849557694334162, 'colsample_bylevel': 0.8951330798392776, 'reg_alpha': 0.0013117376804484202, 'reg_lambda': 1.094161223779504e-05, 'min_child_weight': 2, 'gamma': 1.870215305417063e-07, 'random_state': 42}",COMPLETE
89,-0.22896303149121425,2025-07-20 21:18:42.244245,2025-07-20 21:18:47.573196,0 days 00:00:05.328951,0.9864890474002259,0.8822545418204036,0.014296773408126863,0.10135913299179698,2,3,130,0.009540959502109717,0.09334399217418765,0.7797630239095474,"[-0.20708013491481916, -0.2318537666005028, -0.207145222686664, -0.24618272194124985, -0.2525533113128353]",0.01905913604723266,"{'n_estimators': 130, 'max_depth': 2, 'learning_rate': 0.10135913299179698, 'subsample': 0.7797630239095474, 'colsample_bytree': 0.8822545418204036, 'colsample_bylevel': 0.9864890474002259, 'reg_alpha': 0.009540959502109717, 'reg_lambda': 0.09334399217418765, 'min_child_weight': 3, 'gamma': 0.014296773408126863, 'random_state': 42}",COMPLETE
90,-0.44440076018279273,2025-07-20 21:18:47.575195,2025-07-20 21:18:54.770751,0 days 00:00:07.195556,0.7904335674805527,0.820343657444852,6.637557196816455e-07,0.03791928308723343,6,6,140,0.017589180533767595,0.003009712297574561,0.824932868409985,"[-0.3233855341649068, -0.35563603114460746, -0.6502871586230387, -0.25153421829503486, -0.6411608586863762]",0.16782437871475064,"{'n_estimators': 140, 'max_depth': 6, 'learning_rate': 0.03791928308723343, 'subsample': 0.824932868409985, 'colsample_bytree': 0.820343657444852, 'colsample_bylevel': 0.7904335674805527, 'reg_alpha': 0.017589180533767595, 'reg_lambda': 0.003009712297574561, 'min_child_weight': 6, 'gamma': 6.637557196816455e-07, 'random_state': 42}",COMPLETE
91,-0.21148464182385637,2025-07-20 21:18:54.772752,2025-07-20 21:19:01.141324,0 days 00:00:06.368572,0.9532941181002708,0.8066669761749278,3.886958254393346e-08,0.0852107072365591,2,1,130,0.0023175474596220415,0.00018905301969598826,0.8073948887636222,"[-0.19586498248112993, -0.2290943680466437, -0.22020935569081032, -0.27084170500796745, -0.1414127978927303]",0.042575864311685335,"{'n_estimators': 130, 'max_depth': 2, 'learning_rate': 0.0852107072365591, 'subsample': 0.8073948887636222, 'colsample_bytree': 0.8066669761749278, 'colsample_bylevel': 0.9532941181002708, 'reg_alpha': 0.0023175474596220415, 'reg_lambda': 0.00018905301969598826, 'min_child_weight': 1, 'gamma': 3.886958254393346e-08, 'random_state': 42}",COMPLETE
92,-0.21600961393971901,2025-07-20 21:19:01.142205,2025-07-20 21:19:07.511343,0 days 00:00:06.369138,0.9571826022007979,0.80023397139138,3.270171057842305e-08,0.07076823047422257,2,1,130,0.0039778828356931695,0.0002876675629794663,0.779196909690514,"[-0.20696450359726867, -0.2552782724394693, -0.20808991888491182, -0.27156650195878457, -0.13814887281816055]",0.04655196224779271,"{'n_estimators': 130, 'max_depth': 2, 'learning_rate': 0.07076823047422257, 'subsample': 0.779196909690514, 'colsample_bytree': 0.80023397139138, 'colsample_bylevel': 0.9571826022007979, 'reg_alpha': 0.0039778828356931695, 'reg_lambda': 0.0002876675629794663, 'min_child_weight': 1, 'gamma': 3.270171057842305e-08, 'random_state': 42}",COMPLETE
93,-0.6567218990628566,2025-07-20 21:19:07.512719,2025-07-20 21:19:12.562728,0 days 00:00:05.050009,0.9432671555186466,0.9821159000035401,5.2243049255667464e-08,0.08411562580650828,1,2,130,9.72217153912713,0.000934169168533104,0.7141308109618898,"[-0.563904436686942, -0.5916994031497235, -0.7630795838193177, -0.4584266869428636, -0.9064993847154363]",0.15865985433755458,"{'n_estimators': 130, 'max_depth': 1, 'learning_rate': 0.08411562580650828, 'subsample': 0.7141308109618898, 'colsample_bytree': 0.9821159000035401, 'colsample_bylevel': 0.9432671555186466, 'reg_alpha': 9.72217153912713, 'reg_lambda': 0.000934169168533104, 'min_child_weight': 2, 'gamma': 5.2243049255667464e-08, 'random_state': 42}",COMPLETE
94,-0.2446395437066906,2025-07-20 21:19:12.564728,2025-07-20 21:19:16.938382,0 days 00:00:04.373654,0.9212274100526471,0.804384268174023,1.8231530012559e-08,0.04774398554430163,2,1,90,0.0008611921291014759,3.2874273159194466e-05,0.8181864260440891,"[-0.2411033158840267, -0.288516197179528, -0.2634822636787358, -0.25779545898598144, -0.17230048280518104]",0.03923960132845983,"{'n_estimators': 90, 'max_depth': 2, 'learning_rate': 0.04774398554430163, 'subsample': 0.8181864260440891, 'colsample_bytree': 0.804384268174023, 'colsample_bylevel': 0.9212274100526471, 'reg_alpha': 0.0008611921291014759, 'reg_lambda': 3.2874273159194466e-05, 'min_child_weight': 1, 'gamma': 1.8231530012559e-08, 'random_state': 42}",COMPLETE
95,-0.2397063566857407,2025-07-20 21:19:16.938876,2025-07-20 21:19:23.556610,0 days 00:00:06.617734,0.8221669312790653,0.8104949232992575,0.0033039382259605708,0.060981914196300176,3,1,100,0.03588273443143664,6.61111518094468e-05,0.7573161264412581,"[-0.23548482925861236, -0.2712286345626681, -0.23682099295734355, -0.23107404331725548, -0.22392328333282405]",0.016391600646481416,"{'n_estimators': 100, 'max_depth': 3, 'learning_rate': 0.060981914196300176, 'subsample': 0.7573161264412581, 'colsample_bytree': 0.8104949232992575, 'colsample_bylevel': 0.8221669312790653, 'reg_alpha': 0.03588273443143664, 'reg_lambda': 6.61111518094468e-05, 'min_child_weight': 1, 'gamma': 0.0033039382259605708, 'random_state': 42}",COMPLETE
96,-0.2198021116766446,2025-07-20 21:19:23.557608,2025-07-20 21:19:27.290147,0 days 00:00:03.732539,0.9526608014311583,0.8542523501492726,0.02790329165694866,0.08975056847014241,1,2,120,0.10817914242815584,0.0001448053155542165,0.8331020595132652,"[-0.20671690788942823, -0.31097961721486617, -0.182530984818817, -0.2650198854045243, -0.1337631630555873]",0.06216276170232521,"{'n_estimators': 120, 'max_depth': 1, 'learning_rate': 0.08975056847014241, 'subsample': 0.8331020595132652, 'colsample_bytree': 0.8542523501492726, 'colsample_bylevel': 0.9526608014311583, 'reg_alpha': 0.10817914242815584, 'reg_lambda': 0.0001448053155542165, 'min_child_weight': 2, 'gamma': 0.02790329165694866, 'random_state': 42}",COMPLETE
97,-0.21544767142510554,2025-07-20 21:19:27.291476,2025-07-20 21:19:33.611949,0 days 00:00:06.320473,0.9676132144952414,0.7907690487321813,1.1351436431560478e-08,0.11870857568218574,2,1,130,0.00035960442195290753,0.0004092841612438785,0.7919017999066913,"[-0.20949674393927883, -0.24798549276894907, -0.24121563303130847, -0.23008086155217597, -0.14845962583381522]",0.03594339913397167,"{'n_estimators': 130, 'max_depth': 2, 'learning_rate': 0.11870857568218574, 'subsample': 0.7919017999066913, 'colsample_bytree': 0.7907690487321813, 'colsample_bylevel': 0.9676132144952414, 'reg_alpha': 0.00035960442195290753, 'reg_lambda': 0.0004092841612438785, 'min_child_weight': 1, 'gamma': 1.1351436431560478e-08, 'random_state': 42}",COMPLETE
98,-0.21009054477553352,2025-07-20 21:19:33.613951,2025-07-20 21:19:37.770635,0 days 00:00:04.156684,0.9892266239405766,0.7668097048126974,1.3380444979390626e-08,0.11532088211985185,1,1,140,0.0001530269373927322,0.008641137322038932,0.8466300210482616,"[-0.20909540114362504, -0.2888282468579686, -0.16840519064653, -0.26143559883397527, -0.12268828639556861]",0.060355205467487745,"{'n_estimators': 140, 'max_depth': 1, 'learning_rate': 0.11532088211985185, 'subsample': 0.8466300210482616, 'colsample_bytree': 0.7668097048126974, 'colsample_bylevel': 0.9892266239405766, 'reg_alpha': 0.0001530269373927322, 'reg_lambda': 0.008641137322038932, 'min_child_weight': 1, 'gamma': 1.3380444979390626e-08, 'random_state': 42}",COMPLETE
99,-0.20997790108422168,2025-07-20 21:19:37.772029,2025-07-20 21:19:42.162257,0 days 00:00:04.390228,0.9922691475357195,0.7560910919679813,0.010655406811617276,0.12909881841593854,1,1,150,0.00019723020777342464,0.020032483455110536,0.8438963882972631,"[-0.19526376262113973, -0.29533362876980296, -0.1598409121631392, -0.2702637217478127, -0.12918748011921372]",0.06352526437615898,"{'n_estimators': 150, 'max_depth': 1, 'learning_rate': 0.12909881841593854, 'subsample': 0.8438963882972631, 'colsample_bytree': 0.7560910919679813, 'colsample_bylevel': 0.9922691475357195, 'reg_alpha': 0.00019723020777342464, 'reg_lambda': 0.020032483455110536, 'min_child_weight': 1, 'gamma': 0.010655406811617276, 'random_state': 42}",COMPLETE
