number,value,datetime_start,datetime_complete,duration,params_colsample_bylevel,params_colsample_bytree,params_gamma,params_learning_rate,params_max_depth,params_min_child_weight,params_n_estimators,params_reg_alpha,params_reg_lambda,params_subsample,user_attrs_cv_scores,user_attrs_cv_std,user_attrs_params,state
0,-0.5034206970118165,2025-07-20 21:11:00.137874,2025-07-20 21:11:00.848704,0 days 00:00:00.710830,0.662397808134481,0.6624074561769746,0.023585940584142682,0.1205712628744377,10,7,90,3.3323645788192616e-08,0.6245760287469893,0.8394633936788146,"[-0.4147821372883872, -0.45317699957443486, -0.6549852775760954, -0.3662514328495832, -0.6279076377705818]",0.1163318107259865,"{'n_estimators': 90, 'max_depth': 10, 'learning_rate': 0.1205712628744377, 'subsample': 0.8394633936788146, 'colsample_bytree': 0.6624074561769746, 'colsample_bylevel': 0.662397808134481, 'reg_alpha': 3.3323645788192616e-08, 'reg_lambda': 0.6245760287469893, 'min_child_weight': 7, 'gamma': 0.023585940584142682, 'random_state': 42}",COMPLETE
1,-0.42439936489219443,2025-07-20 21:11:00.849707,2025-07-20 21:11:01.446268,0 days 00:00:00.596561,0.6733618039413735,0.6727299868828402,4.17890272377219e-06,0.16967533607196555,10,5,50,5.472429642032198e-06,0.00052821153945323,0.6849356442713105,"[-0.35321520814196755, -0.3753722187552356, -0.40717339171924166, -0.31119618148232037, -0.675039824362207]",0.12915353656776069,"{'n_estimators': 50, 'max_depth': 10, 'learning_rate': 0.16967533607196555, 'subsample': 0.6849356442713105, 'colsample_bytree': 0.6727299868828402, 'colsample_bylevel': 0.6733618039413735, 'reg_alpha': 5.472429642032198e-06, 'reg_lambda': 0.00052821153945323, 'min_child_weight': 5, 'gamma': 4.17890272377219e-06, 'random_state': 42}",COMPLETE
2,-0.50381054418176,2025-07-20 21:11:01.447268,2025-07-20 21:11:02.314886,0 days 00:00:00.867618,0.9140703845572055,0.7824279936868144,2.6185068507773707e-08,0.027010527749605478,2,6,110,6.267062696005991e-07,0.00042472707398058225,0.7465447373174767,"[-0.43227099705158684, -0.4349704181923318, -0.6677471462011055, -0.3330472175333143, -0.6510169419304614]",0.132334361749073,"{'n_estimators': 110, 'max_depth': 2, 'learning_rate': 0.027010527749605478, 'subsample': 0.7465447373174767, 'colsample_bytree': 0.7824279936868144, 'colsample_bylevel': 0.9140703845572055, 'reg_alpha': 6.267062696005991e-07, 'reg_lambda': 0.00042472707398058225, 'min_child_weight': 6, 'gamma': 2.6185068507773707e-08, 'random_state': 42}",COMPLETE
3,-0.6185000108867673,2025-07-20 21:11:02.315886,2025-07-20 21:11:03.151631,0 days 00:00:00.835745,0.9233589392465844,0.9862528132298237,9.148975058772307e-05,0.012476394272569451,2,7,110,5.514725787121931e-06,7.569183361880229e-08,0.9795542149013333,"[-0.5603565222500031, -0.5012725351526188, -0.8779725893836411, -0.4067296918782831, -0.7461687157692903]",0.17064286187766903,"{'n_estimators': 110, 'max_depth': 2, 'learning_rate': 0.012476394272569451, 'subsample': 0.9795542149013333, 'colsample_bytree': 0.9862528132298237, 'colsample_bylevel': 0.9233589392465844, 'reg_alpha': 5.514725787121931e-06, 'reg_lambda': 7.569183361880229e-08, 'min_child_weight': 7, 'gamma': 9.148975058772307e-05, 'random_state': 42}",COMPLETE
4,-0.6988346019460676,2025-07-20 21:11:03.152631,2025-07-20 21:11:03.798723,0 days 00:00:00.646092,0.8650089137415928,0.7035119926400067,4.609885087947832e-07,0.011240768803005551,5,6,60,6.388511557344611e-06,0.0004793052550782129,0.9637281608315128,"[-0.6419991233224579, -0.5645604924613329, -0.9253435124740286, -0.4392189097714939, -0.9230509717010245]",0.19505864899882377,"{'n_estimators': 60, 'max_depth': 5, 'learning_rate': 0.011240768803005551, 'subsample': 0.9637281608315128, 'colsample_bytree': 0.7035119926400067, 'colsample_bylevel': 0.8650089137415928, 'reg_alpha': 6.388511557344611e-06, 'reg_lambda': 0.0004793052550782129, 'min_child_weight': 6, 'gamma': 4.609885087947832e-07, 'random_state': 42}",COMPLETE
5,-0.2457100507940832,2025-07-20 21:11:03.799723,2025-07-20 21:11:04.970288,0 days 00:00:01.170565,0.9687496940092467,0.8391599915244341,8.471746987003668e-06,0.24420460844911424,8,1,150,6.257956190096665e-08,5.805581976088804e-07,0.9579309401710595,"[-0.2409923843072189, -0.2427006567018945, -0.33409779843257925, -0.2320242350700341, -0.17873517945868939]",0.05003327233934441,"{'n_estimators': 150, 'max_depth': 8, 'learning_rate': 0.24420460844911424, 'subsample': 0.9579309401710595, 'colsample_bytree': 0.8391599915244341, 'colsample_bylevel': 0.9687496940092467, 'reg_alpha': 6.257956190096665e-08, 'reg_lambda': 5.805581976088804e-07, 'min_child_weight': 1, 'gamma': 8.471746987003668e-06, 'random_state': 42}",COMPLETE
6,-0.553667354038209,2025-07-20 21:11:04.971291,2025-07-20 21:11:05.643899,0 days 00:00:00.672608,0.8170784332632994,0.7123738038749523,7.620481786158549,0.16755052359850303,3,1,90,1.8548894229694903e-07,0.16587190283399655,0.7427013306774357,"[-0.39712588097372065, -0.581048089026613, -0.6192254990521083, -0.4199755702468992, -0.750961730891704]",0.1314164160268266,"{'n_estimators': 90, 'max_depth': 3, 'learning_rate': 0.16755052359850303, 'subsample': 0.7427013306774357, 'colsample_bytree': 0.7123738038749523, 'colsample_bylevel': 0.8170784332632994, 'reg_alpha': 1.8548894229694903e-07, 'reg_lambda': 0.16587190283399655, 'min_child_weight': 1, 'gamma': 7.620481786158549, 'random_state': 42}",COMPLETE
7,-0.47365300973847396,2025-07-20 21:11:05.644899,2025-07-20 21:11:06.698892,0 days 00:00:01.053993,0.8916028672163949,0.8827429375390468,1.1036250149900698e-07,0.010189592979395137,2,4,130,0.08738424135626986,4.638759594322625e-08,0.9261845713819337,"[-0.4535784884949608, -0.4395595084854358, -0.5616366817120405, -0.3041619246902944, -0.6093284453096384]",0.10624644134561285,"{'n_estimators': 130, 'max_depth': 2, 'learning_rate': 0.010189592979395137, 'subsample': 0.9261845713819337, 'colsample_bytree': 0.8827429375390468, 'colsample_bylevel': 0.8916028672163949, 'reg_alpha': 0.08738424135626986, 'reg_lambda': 4.638759594322625e-08, 'min_child_weight': 4, 'gamma': 1.1036250149900698e-07, 'random_state': 42}",COMPLETE
8,-0.6160527866654182,2025-07-20 21:11:06.699892,2025-07-20 21:11:07.580460,0 days 00:00:00.880568,0.7300733288106989,0.7243929286862649,0.0001778010520878397,0.030816017044468066,7,9,140,0.036851536911881845,0.005470376807480391,0.6254233401144095,"[-0.5273850358007615, -0.545127154613646, -0.7876394311525323, -0.48787756900521523, -0.7322347427549356]",0.12021774015070691,"{'n_estimators': 140, 'max_depth': 7, 'learning_rate': 0.030816017044468066, 'subsample': 0.6254233401144095, 'colsample_bytree': 0.7243929286862649, 'colsample_bylevel': 0.7300733288106989, 'reg_alpha': 0.036851536911881845, 'reg_lambda': 0.005470376807480391, 'min_child_weight': 9, 'gamma': 0.0001778010520878397, 'random_state': 42}",COMPLETE
9,-0.2689959454799246,2025-07-20 21:11:07.581496,2025-07-20 21:11:16.410337,0 days 00:00:08.828841,0.7975182385457563,0.9083868719818244,9.354548757337708e-08,0.13297554090738672,8,1,60,0.0005065186776865479,7.04480806377519e-05,0.8245108790277985,"[-0.189541392961109, -0.3571553419341511, -0.34009037333239805, -0.24189667308358773, -0.21629594608837738]",0.06730703272480404,"{'n_estimators': 60, 'max_depth': 8, 'learning_rate': 0.13297554090738672, 'subsample': 0.8245108790277985, 'colsample_bytree': 0.9083868719818244, 'colsample_bylevel': 0.7975182385457563, 'reg_alpha': 0.0005065186776865479, 'reg_lambda': 7.04480806377519e-05, 'min_child_weight': 1, 'gamma': 9.354548757337708e-08, 'random_state': 42}",COMPLETE
10,-0.45314357848679554,2025-07-20 21:11:16.412418,2025-07-20 21:11:21.435934,0 days 00:00:05.023516,0.9630659181130071,0.848068981182222,0.021346533494448247,0.2704729722717779,5,3,150,4.3444691085504505,3.678908815130513e-06,0.8866896138540137,"[-0.3259735303468362, -0.5390655142995655, -0.40691239404242036, -0.4588230181786657, -0.5349434355664904]",0.08051781823464328,"{'n_estimators': 150, 'max_depth': 5, 'learning_rate': 0.2704729722717779, 'subsample': 0.8866896138540137, 'colsample_bytree': 0.848068981182222, 'colsample_bylevel': 0.9630659181130071, 'reg_alpha': 4.3444691085504505, 'reg_lambda': 3.678908815130513e-06, 'min_child_weight': 3, 'gamma': 0.021346533494448247, 'random_state': 42}",COMPLETE
11,-0.27951753155394177,2025-07-20 21:11:21.436932,2025-07-20 21:11:34.266718,0 days 00:00:12.829786,0.744858923335037,0.939930449168694,4.805653261658784e-06,0.08240472437384992,8,1,80,0.000599958321451196,1.7912366914369137e-06,0.8368507714294098,"[-0.20447756401752334, -0.3513606910755106, -0.36802238956894745, -0.2565095430019341, -0.2172174701057931]",0.06787666960571512,"{'n_estimators': 80, 'max_depth': 8, 'learning_rate': 0.08240472437384992, 'subsample': 0.8368507714294098, 'colsample_bytree': 0.939930449168694, 'colsample_bylevel': 0.744858923335037, 'reg_alpha': 0.000599958321451196, 'reg_lambda': 1.7912366914369137e-06, 'min_child_weight': 1, 'gamma': 4.805653261658784e-06, 'random_state': 42}",COMPLETE
12,-0.2681874617202362,2025-07-20 21:11:34.268718,2025-07-20 21:11:42.674830,0 days 00:00:08.406112,0.9862778301767895,0.8804650381575039,1.1415897581582742e-08,0.29283225933783363,8,2,70,0.0004686094248233635,3.841105485827389e-06,0.8824879580256776,"[-0.2803891344349138, -0.33913743278982356, -0.2914687980704577, -0.23934880341452072, -0.19059313989146504]",0.05015445509025945,"{'n_estimators': 70, 'max_depth': 8, 'learning_rate': 0.29283225933783363, 'subsample': 0.8824879580256776, 'colsample_bytree': 0.8804650381575039, 'colsample_bylevel': 0.9862778301767895, 'reg_alpha': 0.0004686094248233635, 'reg_lambda': 3.841105485827389e-06, 'min_child_weight': 2, 'gamma': 1.1415897581582742e-08, 'random_state': 42}",COMPLETE
13,-0.27335346382601633,2025-07-20 21:11:42.676831,2025-07-20 21:11:53.386265,0 days 00:00:10.709434,0.9995366765695372,0.8047306271412387,1.044919617239491e-08,0.2582165735434375,7,3,120,0.021377540635575048,5.38290491006254e-06,0.9010465186147784,"[-0.21881232210890944, -0.2896864961206112, -0.2947255504801759, -0.27211496242739486, -0.2914279879929903]",0.028377781735969554,"{'n_estimators': 120, 'max_depth': 7, 'learning_rate': 0.2582165735434375, 'subsample': 0.9010465186147784, 'colsample_bytree': 0.8047306271412387, 'colsample_bylevel': 0.9995366765695372, 'reg_alpha': 0.021377540635575048, 'reg_lambda': 5.38290491006254e-06, 'min_child_weight': 3, 'gamma': 1.044919617239491e-08, 'random_state': 42}",COMPLETE
14,-0.26247719164419936,2025-07-20 21:11:53.387265,2025-07-20 21:12:01.527740,0 days 00:00:08.140475,0.9944352943282316,0.8274507788007739,4.4750172779400975e-06,0.06689802001564377,9,3,70,7.590806034573108e-05,1.0786094641337822e-08,0.9936333960689314,"[-0.23438195476709714, -0.29452825304288877, -0.2993117511894386, -0.2024753847108059, -0.2816886145107664]",0.03779601368579786,"{'n_estimators': 70, 'max_depth': 9, 'learning_rate': 0.06689802001564377, 'subsample': 0.9936333960689314, 'colsample_bytree': 0.8274507788007739, 'colsample_bylevel': 0.9944352943282316, 'reg_alpha': 7.590806034573108e-05, 'reg_lambda': 1.0786094641337822e-08, 'min_child_weight': 3, 'gamma': 4.4750172779400975e-06, 'random_state': 42}",COMPLETE
15,-0.32082125914284904,2025-07-20 21:12:01.528740,2025-07-20 21:12:13.629231,0 days 00:00:12.100491,0.6083654265933616,0.6018960478612356,1.1761890803298743e-05,0.04206948594727285,9,3,150,1.0459028573813155e-08,1.052859176530047e-08,0.9909065862380313,"[-0.21934626691316844, -0.35487070417049565, -0.3649335288578532, -0.23435574243825386, -0.430600053334474]",0.08115429788652419,"{'n_estimators': 150, 'max_depth': 9, 'learning_rate': 0.04206948594727285, 'subsample': 0.9909065862380313, 'colsample_bytree': 0.6018960478612356, 'colsample_bylevel': 0.6083654265933616, 'reg_alpha': 1.0459028573813155e-08, 'reg_lambda': 1.052859176530047e-08, 'min_child_weight': 3, 'gamma': 1.1761890803298743e-05, 'random_state': 42}",COMPLETE
16,-0.274406440440503,2025-07-20 21:12:13.631155,2025-07-20 21:12:22.999302,0 days 00:00:09.368147,0.9553715685616806,0.7747981352314053,0.0034464395838708466,0.06945812169613683,6,4,100,4.980724017239072e-05,1.7919481184010444e-07,0.9470041270814694,"[-0.23590432347931775, -0.33607011558860456, -0.23543122803069325, -0.2731912150518269, -0.29143532005207246]",0.037670541645226666,"{'n_estimators': 100, 'max_depth': 6, 'learning_rate': 0.06945812169613683, 'subsample': 0.9470041270814694, 'colsample_bytree': 0.7747981352314053, 'colsample_bylevel': 0.9553715685616806, 'reg_alpha': 4.980724017239072e-05, 'reg_lambda': 1.7919481184010444e-07, 'min_child_weight': 4, 'gamma': 0.0034464395838708466, 'random_state': 42}",COMPLETE
17,-0.6390638414514742,2025-07-20 21:12:23.001304,2025-07-20 21:12:26.378309,0 days 00:00:03.377005,0.8679329266895621,0.829490648595842,0.0013968817216229142,0.019068472886176895,9,10,80,4.1056068068824436e-07,3.4209876534185466e-07,0.7848897916937244,"[-0.5263780120514017, -0.5766157772370571, -0.8435187311855511, -0.4491481354537489, -0.7996585513296122]",0.15508597295264423,"{'n_estimators': 80, 'max_depth': 9, 'learning_rate': 0.019068472886176895, 'subsample': 0.7848897916937244, 'colsample_bytree': 0.829490648595842, 'colsample_bylevel': 0.8679329266895621, 'reg_alpha': 4.1056068068824436e-07, 'reg_lambda': 3.4209876534185466e-07, 'min_child_weight': 10, 'gamma': 0.0013968817216229142, 'random_state': 42}",COMPLETE
18,-0.2340488059396663,2025-07-20 21:12:26.379309,2025-07-20 21:12:37.921327,0 days 00:00:11.542018,0.9304886278708748,0.7602878352432427,2.968352522061146e-05,0.05735313409422278,4,2,130,4.635503483242214e-05,1.3141087835717707e-08,0.9266141072042147,"[-0.2440613535205234, -0.28893720985643007, -0.2566641452582216, -0.19847734564269187, -0.18210397542046447]",0.03895647769347214,"{'n_estimators': 130, 'max_depth': 4, 'learning_rate': 0.05735313409422278, 'subsample': 0.9266141072042147, 'colsample_bytree': 0.7602878352432427, 'colsample_bylevel': 0.9304886278708748, 'reg_alpha': 4.635503483242214e-05, 'reg_lambda': 1.3141087835717707e-08, 'min_child_weight': 2, 'gamma': 2.968352522061146e-05, 'random_state': 42}",COMPLETE
19,-0.3112691611621411,2025-07-20 21:12:37.924327,2025-07-20 21:12:49.502198,0 days 00:00:11.577871,0.8292393368259516,0.7581908023770867,3.8802629298551215e-05,0.04277390097699462,4,2,130,0.0023271185908805355,6.7891871542277356,0.929429851559424,"[-0.26610200817166685, -0.3859216120385303, -0.294336631165795, -0.24548637936871956, -0.3644991750659936]",0.054882746767775784,"{'n_estimators': 130, 'max_depth': 4, 'learning_rate': 0.04277390097699462, 'subsample': 0.929429851559424, 'colsample_bytree': 0.7581908023770867, 'colsample_bylevel': 0.8292393368259516, 'reg_alpha': 0.0023271185908805355, 'reg_lambda': 6.7891871542277356, 'min_child_weight': 2, 'gamma': 3.8802629298551215e-05, 'random_state': 42}",COMPLETE
20,-0.5220824716880786,2025-07-20 21:12:49.504195,2025-07-20 21:12:54.539915,0 days 00:00:05.035720,0.9377094712255353,0.7414628320854297,0.45169539191759267,0.09879834381758044,4,2,140,4.445228114011475,1.0329952684663038e-06,0.8758211191683124,"[-0.3829989221402213, -0.5770501921439923, -0.5629617811447122, -0.4452354301068426, -0.6421660329046244]",0.09419376992438308,"{'n_estimators': 140, 'max_depth': 4, 'learning_rate': 0.09879834381758044, 'subsample': 0.8758211191683124, 'colsample_bytree': 0.7414628320854297, 'colsample_bylevel': 0.9377094712255353, 'reg_alpha': 4.445228114011475, 'reg_lambda': 1.0329952684663038e-06, 'min_child_weight': 2, 'gamma': 0.45169539191759267, 'random_state': 42}",COMPLETE
21,-0.27935578569289693,2025-07-20 21:12:54.541933,2025-07-20 21:13:04.310737,0 days 00:00:09.768804,0.9989879313923894,0.8269338647037523,7.829143969996056e-07,0.05980889946455637,6,4,130,4.831880724352416e-05,1.813990329277268e-08,0.9937764025049065,"[-0.25826660610290014, -0.3273433981923886, -0.2521455415215175, -0.26175124268096395, -0.29727213996671464]",0.028701489585631398,"{'n_estimators': 130, 'max_depth': 6, 'learning_rate': 0.05980889946455637, 'subsample': 0.9937764025049065, 'colsample_bytree': 0.8269338647037523, 'colsample_bylevel': 0.9989879313923894, 'reg_alpha': 4.831880724352416e-05, 'reg_lambda': 1.813990329277268e-08, 'min_child_weight': 4, 'gamma': 7.829143969996056e-07, 'random_state': 42}",COMPLETE
22,-0.277557285800916,2025-07-20 21:13:04.312740,2025-07-20 21:13:25.318255,0 days 00:00:21.005515,0.9626099927400168,0.8596559520911071,1.987565459792269e-06,0.0441113168709295,9,2,150,4.746566015708412e-05,1.0575212966544997e-08,0.9439154008579591,"[-0.2640477513612834, -0.34044392356647807, -0.3290920978642213, -0.21605064204951668, -0.23815201416308057]",0.04925224105164348,"{'n_estimators': 150, 'max_depth': 9, 'learning_rate': 0.0441113168709295, 'subsample': 0.9439154008579591, 'colsample_bytree': 0.8596559520911071, 'colsample_bylevel': 0.9626099927400168, 'reg_alpha': 4.746566015708412e-05, 'reg_lambda': 1.0575212966544997e-08, 'min_child_weight': 2, 'gamma': 1.987565459792269e-06, 'random_state': 42}",COMPLETE
23,-0.2178215025871273,2025-07-20 21:13:25.320064,2025-07-20 21:13:28.948854,0 days 00:00:03.628790,0.900071344710023,0.8108198786132832,2.2505822008346525e-05,0.18753868711455662,1,1,120,0.005045495033225241,2.621216715343827e-05,0.9987567985364394,"[-0.18665201619552316, -0.2862620425363132, -0.20877189259681883, -0.26930938432973334, -0.13811217727724798]",0.05429938920305817,"{'n_estimators': 120, 'max_depth': 1, 'learning_rate': 0.18753868711455662, 'subsample': 0.9987567985364394, 'colsample_bytree': 0.8108198786132832, 'colsample_bylevel': 0.900071344710023, 'reg_alpha': 0.005045495033225241, 'reg_lambda': 2.621216715343827e-05, 'min_child_weight': 1, 'gamma': 2.2505822008346525e-05, 'random_state': 42}",COMPLETE
24,-0.2184729872627627,2025-07-20 21:13:28.949854,2025-07-20 21:13:32.607125,0 days 00:00:03.657271,0.8970930597433189,0.7981526912772567,0.0007258545615258917,0.19510592418525383,1,1,120,0.006213577746129522,2.0017785985172968e-05,0.914001732767826,"[-0.19763313670334864, -0.31164697564120963, -0.1901558366964185, -0.2566444865898461, -0.13628450068299064]",0.060215551454808725,"{'n_estimators': 120, 'max_depth': 1, 'learning_rate': 0.19510592418525383, 'subsample': 0.914001732767826, 'colsample_bytree': 0.7981526912772567, 'colsample_bylevel': 0.8970930597433189, 'reg_alpha': 0.006213577746129522, 'reg_lambda': 2.0017785985172968e-05, 'min_child_weight': 1, 'gamma': 0.0007258545615258917, 'random_state': 42}",COMPLETE
25,-0.2273929431087936,2025-07-20 21:13:32.607708,2025-07-20 21:13:36.264484,0 days 00:00:03.656776,0.8887741082718593,0.7960148810145182,0.000760061954014822,0.20106474647285721,1,1,120,0.3128660200488964,4.647305878036711e-05,0.9140734892250261,"[-0.20978847176121415, -0.3272969652362043, -0.17820048334968056, -0.26142690400641866, -0.16025189119045027]",0.06062484720458536,"{'n_estimators': 120, 'max_depth': 1, 'learning_rate': 0.20106474647285721, 'subsample': 0.9140734892250261, 'colsample_bytree': 0.7960148810145182, 'colsample_bylevel': 0.8887741082718593, 'reg_alpha': 0.3128660200488964, 'reg_lambda': 4.647305878036711e-05, 'min_child_weight': 1, 'gamma': 0.000760061954014822, 'random_state': 42}",COMPLETE
26,-0.2420668776988725,2025-07-20 21:13:36.266350,2025-07-20 21:13:39.716813,0 days 00:00:03.450463,0.8525619673238866,0.7970114522440143,0.0010423596280314286,0.20741726709357367,1,1,110,0.47727187316987096,5.121392499239864e-05,0.8615025948902417,"[-0.2596693367065391, -0.3423813472134698, -0.1849138010576538, -0.2670425764755578, -0.15632732704114205]",0.06574856592054601,"{'n_estimators': 110, 'max_depth': 1, 'learning_rate': 0.20741726709357367, 'subsample': 0.8615025948902417, 'colsample_bytree': 0.7970114522440143, 'colsample_bylevel': 0.8525619673238866, 'reg_alpha': 0.47727187316987096, 'reg_lambda': 5.121392499239864e-05, 'min_child_weight': 1, 'gamma': 0.0010423596280314286, 'random_state': 42}",COMPLETE
27,-0.2191419581154618,2025-07-20 21:13:39.717815,2025-07-20 21:13:43.419690,0 days 00:00:03.701875,0.7775372615564672,0.9309634819390418,0.0050705437150992995,0.1894536207378913,1,1,120,0.006795703657227733,2.3763194654693496e-05,0.9085681478460769,"[-0.20122153545252675, -0.3156757958199351, -0.180490692256852, -0.2621662280992837, -0.13615553894871144]",0.06304233069391574,"{'n_estimators': 120, 'max_depth': 1, 'learning_rate': 0.1894536207378913, 'subsample': 0.9085681478460769, 'colsample_bytree': 0.9309634819390418, 'colsample_bylevel': 0.7775372615564672, 'reg_alpha': 0.006795703657227733, 'reg_lambda': 2.3763194654693496e-05, 'min_child_weight': 1, 'gamma': 0.0050705437150992995, 'random_state': 42}",COMPLETE
28,-0.2275343145546982,2025-07-20 21:13:43.421599,2025-07-20 21:13:47.124654,0 days 00:00:03.703055,0.7902874444261943,0.9678381778758314,0.11388871190716579,0.13237249532460563,1,2,120,0.0031212764904015246,0.00422918163231331,0.783090060111189,"[-0.22644142294756764, -0.32944835498643144, -0.14854908765500835, -0.2517516672150464, -0.18148103996943718]",0.0621831430332731,"{'n_estimators': 120, 'max_depth': 1, 'learning_rate': 0.13237249532460563, 'subsample': 0.783090060111189, 'colsample_bytree': 0.9678381778758314, 'colsample_bylevel': 0.7902874444261943, 'reg_alpha': 0.0031212764904015246, 'reg_lambda': 0.00422918163231331, 'min_child_weight': 2, 'gamma': 0.11388871190716579, 'random_state': 42}",COMPLETE
