number,value,datetime_start,datetime_complete,duration,params_colsample_bylevel,params_colsample_bytree,params_gamma,params_learning_rate,params_max_depth,params_min_child_weight,params_n_estimators,params_reg_alpha,params_reg_lambda,params_subsample,user_attrs_cv_scores,user_attrs_cv_std,user_attrs_params,state
0,0.5847846528479483,2025-12-25 12:07:05.456324,2025-12-25 12:07:05.568215,0 days 00:00:00.111891,0.662397808134481,0.6624074561769746,0.02358594058414266,0.1205712628744377,10,7,90,3.3323645788192616e-08,0.6245760287469887,0.8394633936788146,"[0.7462406015037594, 0.49626662053562637, 0.5514855514855515, 0.5047619047619047, 0.6251685859528997]",0.09278663461577204,"{'n_estimators': 90, 'max_depth': 10, 'learning_rate': 0.1205712628744377, 'subsample': 0.8394633936788146, 'colsample_bytree': 0.6624074561769746, 'colsample_bylevel': 0.662397808134481, 'reg_alpha': 3.3323645788192616e-08, 'reg_lambda': 0.6245760287469887, 'min_child_weight': 7, 'gamma': 0.02358594058414266, 'random_state': 42}",COMPLETE
1,0.5323945184611556,2025-12-25 12:07:05.568909,2025-12-25 12:07:05.630507,0 days 00:00:00.061598,0.6733618039413735,0.6727299868828402,4.17890272377219e-06,0.1696753360719655,10,5,50,5.472429642032189e-06,0.00052821153945323,0.6849356442713105,"[0.7411385606874329, 0.35637860082304523, 0.4821924021270427, 0.5214579659024103, 0.5608050627658471]",0.12490212017490714,"{'n_estimators': 50, 'max_depth': 10, 'learning_rate': 0.1696753360719655, 'subsample': 0.6849356442713105, 'colsample_bytree': 0.6727299868828402, 'colsample_bylevel': 0.6733618039413735, 'reg_alpha': 5.472429642032189e-06, 'reg_lambda': 0.00052821153945323, 'min_child_weight': 5, 'gamma': 4.17890272377219e-06, 'random_state': 42}",COMPLETE
2,0.535412387177093,2025-12-25 12:07:05.631076,2025-12-25 12:07:05.777464,0 days 00:00:00.146388,0.9140703845572055,0.7824279936868144,2.6185068507773707e-08,0.027010527749605478,2,6,110,6.267062696005991e-07,0.00042472707398058225,0.7465447373174766,"[0.7142857142857143, 0.4609053497942387, 0.47442680776014107, 0.5037037037037038, 0.5237403603416676]",0.09209547598591554,"{'n_estimators': 110, 'max_depth': 2, 'learning_rate': 0.027010527749605478, 'subsample': 0.7465447373174766, 'colsample_bytree': 0.7824279936868144, 'colsample_bylevel': 0.9140703845572055, 'reg_alpha': 6.267062696005991e-07, 'reg_lambda': 0.00042472707398058225, 'min_child_weight': 6, 'gamma': 2.6185068507773707e-08, 'random_state': 42}",COMPLETE
3,0.5525455184322942,2025-12-25 12:07:05.778074,2025-12-25 12:07:06.015248,0 days 00:00:00.237174,0.9233589392465844,0.9862528132298237,9.148975058772307e-05,0.012476394272569451,2,7,110,5.514725787121931e-06,7.569183361880229e-08,0.9795542149013333,"[0.7914965986394558, 0.40302084746529193, 0.5456852006559608, 0.5257583375230434, 0.496766607877719]",0.12909775353868258,"{'n_estimators': 110, 'max_depth': 2, 'learning_rate': 0.012476394272569451, 'subsample': 0.9795542149013333, 'colsample_bytree': 0.9862528132298237, 'colsample_bylevel': 0.9233589392465844, 'reg_alpha': 5.514725787121931e-06, 'reg_lambda': 7.569183361880229e-08, 'min_child_weight': 7, 'gamma': 9.148975058772307e-05, 'random_state': 42}",COMPLETE
4,0.5764649062594908,2025-12-25 12:07:06.016566,2025-12-25 12:07:06.123759,0 days 00:00:00.107193,0.8650089137415928,0.7035119926400067,4.609885087947832e-07,0.011240768803005551,5,6,60,6.388511557344611e-06,0.0004793052550782129,0.9637281608315128,"[0.7914965986394558, 0.5073246772593177, 0.4916680027791139, 0.5037037037037038, 0.5881315489158626]",0.1128182768722199,"{'n_estimators': 60, 'max_depth': 5, 'learning_rate': 0.011240768803005551, 'subsample': 0.9637281608315128, 'colsample_bytree': 0.7035119926400067, 'colsample_bylevel': 0.8650089137415928, 'reg_alpha': 6.388511557344611e-06, 'reg_lambda': 0.0004793052550782129, 'min_child_weight': 6, 'gamma': 4.609885087947832e-07, 'random_state': 42}",COMPLETE
5,0.5619499085684156,2025-12-25 12:07:06.124332,2025-12-25 12:07:06.278526,0 days 00:00:00.154194,0.9687496940092467,0.8391599915244341,8.471746987003668e-06,0.2442046084491143,8,1,150,6.257956190096665e-08,5.805581976088804e-07,0.9579309401710595,"[0.7142857142857143, 0.4749455337690632, 0.5080912156935549, 0.5542260208926876, 0.5582010582010581]",0.08215890707142767,"{'n_estimators': 150, 'max_depth': 8, 'learning_rate': 0.2442046084491143, 'subsample': 0.9579309401710595, 'colsample_bytree': 0.8391599915244341, 'colsample_bylevel': 0.9687496940092467, 'reg_alpha': 6.257956190096665e-08, 'reg_lambda': 5.805581976088804e-07, 'min_child_weight': 1, 'gamma': 8.471746987003668e-06, 'random_state': 42}",COMPLETE
6,0.5099254028596993,2025-12-25 12:07:06.279166,2025-12-25 12:07:06.354359,0 days 00:00:00.075193,0.8170784332632994,0.7123738038749523,7.6204817861585425,0.16755052359850306,3,1,90,1.8548894229694903e-07,0.16587190283399628,0.7427013306774357,"[0.5740822644847413, 0.6003898635477583, 0.37319223985890654, 0.40937005381449826, 0.5925925925925926]",0.09791947904813823,"{'n_estimators': 90, 'max_depth': 3, 'learning_rate': 0.16755052359850306, 'subsample': 0.7427013306774357, 'colsample_bytree': 0.7123738038749523, 'colsample_bylevel': 0.8170784332632994, 'reg_alpha': 1.8548894229694903e-07, 'reg_lambda': 0.16587190283399628, 'min_child_weight': 1, 'gamma': 7.6204817861585425, 'random_state': 42}",COMPLETE
7,0.5272096021349055,2025-12-25 12:07:06.354866,2025-12-25 12:07:06.496199,0 days 00:00:00.141333,0.8916028672163949,0.8827429375390469,1.1036250149900698e-07,0.010189592979395137,2,4,130,0.08738424135626989,4.638759594322625e-08,0.9261845713819337,"[0.6854741896758705, 0.4419753086419753, 0.46245524023301804, 0.4201576927067123, 0.6259855794169519]",0.1074453319994096,"{'n_estimators': 130, 'max_depth': 2, 'learning_rate': 0.010189592979395137, 'subsample': 0.9261845713819337, 'colsample_bytree': 0.8827429375390469, 'colsample_bylevel': 0.8916028672163949, 'reg_alpha': 0.08738424135626989, 'reg_lambda': 4.638759594322625e-08, 'min_child_weight': 4, 'gamma': 1.1036250149900698e-07, 'random_state': 42}",COMPLETE
8,0.5034970082399932,2025-12-25 12:07:06.497605,2025-12-25 12:07:06.602375,0 days 00:00:00.104770,0.7300733288106988,0.7243929286862648,0.0001778010520878397,0.030816017044468066,7,9,140,0.03685153691188181,0.005470376807480385,0.6254233401144095,"[0.567876273316344, 0.4553791887125221, 0.41713019490797265, 0.5151737368111637, 0.5619256474519633]",0.05910920849286475,"{'n_estimators': 140, 'max_depth': 7, 'learning_rate': 0.030816017044468066, 'subsample': 0.6254233401144095, 'colsample_bytree': 0.7243929286862648, 'colsample_bylevel': 0.7300733288106988, 'reg_alpha': 0.03685153691188181, 'reg_lambda': 0.005470376807480385, 'min_child_weight': 9, 'gamma': 0.0001778010520878397, 'random_state': 42}",COMPLETE
9,0.546226121977756,2025-12-25 12:07:06.602943,2025-12-25 12:07:06.719318,0 days 00:00:00.116375,0.7975182385457563,0.9083868719818244,9.354548757337708e-08,0.13297554090738672,8,1,60,0.0005065186776865479,7.04480806377519e-05,0.8245108790277985,"[0.7514005602240896, 0.4406457739791073, 0.5355673133450911, 0.4941798941798941, 0.5093370681605977]",0.10716994197459868,"{'n_estimators': 60, 'max_depth': 8, 'learning_rate': 0.13297554090738672, 'subsample': 0.8245108790277985, 'colsample_bytree': 0.9083868719818244, 'colsample_bylevel': 0.7975182385457563, 'reg_alpha': 0.0005065186776865479, 'reg_lambda': 7.04480806377519e-05, 'min_child_weight': 1, 'gamma': 9.354548757337708e-08, 'random_state': 42}",COMPLETE
10,0.4835562701762088,2025-12-25 12:07:06.719869,2025-12-25 12:07:06.798462,0 days 00:00:00.078593,0.6154900799844732,0.6061470949312417,0.044223173270844955,0.0749883856323417,10,10,80,4.3444691085504035,6.099006535330836,0.8616677223762091,"[0.5690876350540216, 0.49453881617624307, 0.4626434578125399, 0.41868796901476635, 0.47282347282347287]",0.04938960589040762,"{'n_estimators': 80, 'max_depth': 10, 'learning_rate': 0.0749883856323417, 'subsample': 0.8616677223762091, 'colsample_bytree': 0.6061470949312417, 'colsample_bylevel': 0.6154900799844732, 'reg_alpha': 4.3444691085504035, 'reg_lambda': 6.099006535330836, 'min_child_weight': 10, 'gamma': 0.044223173270844955, 'random_state': 42}",COMPLETE
11,0.5358423462716058,2025-12-25 12:07:06.798972,2025-12-25 12:07:06.878084,0 days 00:00:00.079112,0.8167265665612355,0.6172823166331074,0.032972661587959216,0.05901159697741922,5,8,70,1.1551060826568393e-08,8.837690691160404,0.8972725066855591,"[0.7169867947178872, 0.42798353909465014, 0.46245524023301804, 0.47176527176527167, 0.6000208855472015]",0.10775644500641396,"{'n_estimators': 70, 'max_depth': 5, 'learning_rate': 0.05901159697741922, 'subsample': 0.8972725066855591, 'colsample_bytree': 0.6172823166331074, 'colsample_bylevel': 0.8167265665612355, 'reg_alpha': 1.1551060826568393e-08, 'reg_lambda': 8.837690691160404, 'min_child_weight': 8, 'gamma': 0.032972661587959216, 'random_state': 42}",COMPLETE
12,0.5346407230858556,2025-12-25 12:07:06.878647,2025-12-25 12:07:07.006010,0 days 00:00:00.127363,0.7490569607715728,0.7659335684631915,0.011789862047242498,0.02396515932233124,5,4,90,0.00016712902804534777,0.046603668960210703,0.7984165248678857,"[0.6752100840336135, 0.42105263157894735, 0.5537918871252204, 0.4928727046374106, 0.5302763080540859]",0.08341748298430568,"{'n_estimators': 90, 'max_depth': 5, 'learning_rate': 0.02396515932233124, 'subsample': 0.7984165248678857, 'colsample_bytree': 0.7659335684631915, 'colsample_bylevel': 0.7490569607715728, 'reg_alpha': 0.00016712902804534777, 'reg_lambda': 0.046603668960210703, 'min_child_weight': 4, 'gamma': 0.011789862047242498, 'random_state': 42}",COMPLETE
13,0.5694707121524165,2025-12-25 12:07:07.006539,2025-12-25 12:07:07.069733,0 days 00:00:00.063194,0.6145231186909567,0.6738164323274185,1.0925468634418425,0.09481103472712478,4,7,50,3.591537146875505e-05,8.49350540477157e-06,0.9963892337812725,"[0.7054242749731472, 0.44547265599897184, 0.5874619207952542, 0.478182384064737, 0.630812324929972]",0.09620699045818724,"{'n_estimators': 50, 'max_depth': 4, 'learning_rate': 0.09481103472712478, 'subsample': 0.9963892337812725, 'colsample_bytree': 0.6738164323274185, 'colsample_bylevel': 0.6145231186909567, 'reg_alpha': 3.591537146875505e-05, 'reg_lambda': 8.49350540477157e-06, 'min_child_weight': 7, 'gamma': 1.0925468634418425, 'random_state': 42}",COMPLETE
14,0.5543614816301435,2025-12-25 12:07:07.070285,2025-12-25 12:07:07.190916,0 days 00:00:00.120631,0.8636114419235896,0.6537186351182765,0.00243209451384443,0.04104975015072629,7,3,70,1.4384387460114187e-06,0.14184312049385928,0.8756623291939449,"[0.7469187675070028, 0.5065469509913955, 0.5228027333290491, 0.49382716049382713, 0.5017117958294429]",0.09674387394470545,"{'n_estimators': 70, 'max_depth': 7, 'learning_rate': 0.04104975015072629, 'subsample': 0.8756623291939449, 'colsample_bytree': 0.6537186351182765, 'colsample_bylevel': 0.8636114419235896, 'reg_alpha': 1.4384387460114187e-06, 'reg_lambda': 0.14184312049385928, 'min_child_weight': 3, 'gamma': 0.00243209451384443, 'random_state': 42}",COMPLETE
15,0.5743869916092137,2025-12-25 12:07:07.191445,2025-12-25 12:07:07.317767,0 days 00:00:00.126322,0.7100162547249536,0.7314314323385759,2.1706803525418602e-06,0.016297173105543968,6,6,110,1.0341060465645628e-08,0.01146690242205453,0.8019521499373409,"[0.7857142857142857, 0.4961787184009406, 0.46245524023301804, 0.4994708994708994, 0.6281158142269253]",0.11983629119702918,"{'n_estimators': 110, 'max_depth': 6, 'learning_rate': 0.016297173105543968, 'subsample': 0.8019521499373409, 'colsample_bytree': 0.7314314323385759, 'colsample_bylevel': 0.7100162547249536, 'reg_alpha': 1.0341060465645628e-08, 'reg_lambda': 0.01146690242205453, 'min_child_weight': 6, 'gamma': 2.1706803525418602e-06, 'random_state': 42}",COMPLETE
16,0.5217194567590164,2025-12-25 12:07:07.318364,2025-12-25 12:07:07.411618,0 days 00:00:00.093254,0.6640025073522007,0.8153875814196836,0.22109672151250484,0.09650592102088115,9,8,90,0.0004598328008844395,2.8430794882063336e-05,0.9270947064280708,"[0.7142857142857143, 0.43732060725524774, 0.4736251402918069, 0.4377425044091711, 0.5456233175531422]",0.10405913289921222,"{'n_estimators': 90, 'max_depth': 9, 'learning_rate': 0.09650592102088115, 'subsample': 0.9270947064280708, 'colsample_bytree': 0.8153875814196836, 'colsample_bylevel': 0.6640025073522007, 'reg_alpha': 0.0004598328008844395, 'reg_lambda': 2.8430794882063336e-05, 'min_child_weight': 8, 'gamma': 0.22109672151250484, 'random_state': 42}",COMPLETE
17,0.5560705827790204,2025-12-25 12:07:07.412154,2025-12-25 12:07:07.488179,0 days 00:00:00.076025,0.7730982444721965,0.6555763943624184,0.0020907544967202728,0.2863356122231629,4,5,70,2.8293395855614488e-05,1.1280399454669088,0.8456537853404352,"[0.7159863945578231, 0.4479717813051146, 0.5116328332702602, 0.5860082304526749, 0.5187536743092298]",0.09112842116962881,"{'n_estimators': 70, 'max_depth': 4, 'learning_rate': 0.2863356122231629, 'subsample': 0.8456537853404352, 'colsample_bytree': 0.6555763943624184, 'colsample_bylevel': 0.7730982444721965, 'reg_alpha': 2.8293395855614488e-05, 'reg_lambda': 1.1280399454669088, 'min_child_weight': 5, 'gamma': 0.0020907544967202728, 'random_state': 42}",COMPLETE
18,0.5331383731943957,2025-12-25 12:07:07.488787,2025-12-25 12:07:07.605852,0 days 00:00:00.117065,0.9825033553652777,0.7173388937712399,6.563418889884774e-05,0.04302553031342478,6,7,120,1.6595446060205461e-07,1.493656852319989e-06,0.757317687238168,"[0.7169867947178872, 0.4675191064079953, 0.4549302549302549, 0.43918927840496474, 0.587066431510876]",0.1057897045257441,"{'n_estimators': 120, 'max_depth': 6, 'learning_rate': 0.04302553031342478, 'subsample': 0.757317687238168, 'colsample_bytree': 0.7173388937712399, 'colsample_bylevel': 0.9825033553652777, 'reg_alpha': 1.6595446060205461e-07, 'reg_lambda': 1.493656852319989e-06, 'min_child_weight': 7, 'gamma': 6.563418889884774e-05, 'random_state': 42}",COMPLETE
19,0.5018400726976087,2025-12-25 12:07:07.606425,2025-12-25 12:07:07.667044,0 days 00:00:00.060619,0.8559370287924124,0.7562676079827351,5.691318929182572e-07,0.016501479505930235,1,10,60,0.0026135710506318887,0.0017933764639184342,0.9222086307134038,"[0.6633525204953775, 0.5297921637790919, 0.4159371492704826, 0.40523316839106305, 0.49488536155202817]",0.09341109613915656,"{'n_estimators': 60, 'max_depth': 1, 'learning_rate': 0.016501479505930235, 'subsample': 0.9222086307134038, 'colsample_bytree': 0.7562676079827351, 'colsample_bylevel': 0.8559370287924124, 'reg_alpha': 0.0026135710506318887, 'reg_lambda': 0.0017933764639184342, 'min_child_weight': 10, 'gamma': 5.691318929182572e-07, 'random_state': 42}",COMPLETE
20,0.4894785882927806,2025-12-25 12:07:07.667590,2025-12-25 12:07:07.759471,0 days 00:00:00.091881,0.6811566860900125,0.6842114982717853,0.0014217219825758715,0.058247043280326205,4,8,100,1.994912082516773e-06,0.8084311874132574,0.6855721815900874,"[0.6105442176870748, 0.43296330878030226, 0.46245524023301804, 0.436191042073395, 0.5052391326901131]",0.06583172809694829,"{'n_estimators': 100, 'max_depth': 4, 'learning_rate': 0.058247043280326205, 'subsample': 0.6855721815900874, 'colsample_bytree': 0.6842114982717853, 'colsample_bylevel': 0.6811566860900125, 'reg_alpha': 1.994912082516773e-06, 'reg_lambda': 0.8084311874132574, 'min_child_weight': 8, 'gamma': 0.0014217219825758715, 'random_state': 42}",COMPLETE
21,0.5910071990464147,2025-12-25 12:07:07.759991,2025-12-25 12:07:07.883628,0 days 00:00:00.123637,0.7084719181504316,0.7381958875823338,2.4444336350093347e-06,0.016381750646403275,6,6,100,1.3713953050676161e-08,0.0066212425559244534,0.7978858493345807,"[0.823109243697479, 0.5397277619499842, 0.46245524023301804, 0.5382716049382715, 0.591472144413321]",0.12313229062680973,"{'n_estimators': 100, 'max_depth': 6, 'learning_rate': 0.016381750646403275, 'subsample': 0.7978858493345807, 'colsample_bytree': 0.7381958875823338, 'colsample_bylevel': 0.7084719181504316, 'reg_alpha': 1.3713953050676161e-08, 'reg_lambda': 0.0066212425559244534, 'min_child_weight': 6, 'gamma': 2.4444336350093347e-06, 'random_state': 42}",COMPLETE
22,0.561837799092701,2025-12-25 12:07:07.884183,2025-12-25 12:07:07.999087,0 days 00:00:00.114904,0.6448450201170167,0.6308462011438296,2.2080617869335972e-05,0.017219180569323953,7,6,100,5.5773543896937386e-08,0.015363243780355479,0.7824262722721079,"[0.7857142857142857, 0.4634229000242072, 0.46245524023301804, 0.5382716049382715, 0.5593249645537227]",0.1185282636931203,"{'n_estimators': 100, 'max_depth': 7, 'learning_rate': 0.017219180569323953, 'subsample': 0.7824262722721079, 'colsample_bytree': 0.6308462011438296, 'colsample_bylevel': 0.6448450201170167, 'reg_alpha': 5.5773543896937386e-08, 'reg_lambda': 0.015363243780355479, 'min_child_weight': 6, 'gamma': 2.2080617869335972e-05, 'random_state': 42}",COMPLETE
23,0.5567318060782114,2025-12-25 12:07:07.999609,2025-12-25 12:07:08.111128,0 days 00:00:00.111519,0.7070061949568597,0.6959394227674554,6.486024007946603e-07,0.010868159090427997,8,4,80,3.166856469150444e-07,0.0012760183035103235,0.7079207538165653,"[0.823109243697479, 0.4609053497942387, 0.4331783442894554, 0.542725732268216, 0.5237403603416676]",0.1390609308985776,"{'n_estimators': 80, 'max_depth': 8, 'learning_rate': 0.010868159090427997, 'subsample': 0.7079207538165653, 'colsample_bytree': 0.6959394227674554, 'colsample_bylevel': 0.7070061949568597, 'reg_alpha': 3.166856469150444e-07, 'reg_lambda': 0.0012760183035103235, 'min_child_weight': 4, 'gamma': 6.486024007946603e-07, 'random_state': 42}",COMPLETE
24,0.5533118845033436,2025-12-25 12:07:08.111649,2025-12-25 12:07:08.242592,0 days 00:00:00.130943,0.772891476183738,0.8254812419198324,5.35709968763042e-07,0.014836423957604967,5,7,120,3.1149937511935895e-08,0.0001046950300251155,0.8313243497830859,"[0.7833133253301321, 0.4267385966732372, 0.42468798258271945, 0.5037037037037038, 0.6281158142269253]",0.13676415292330685,"{'n_estimators': 120, 'max_depth': 5, 'learning_rate': 0.014836423957604967, 'subsample': 0.8313243497830859, 'colsample_bytree': 0.8254812419198324, 'colsample_bylevel': 0.772891476183738, 'reg_alpha': 3.1149937511935895e-08, 'reg_lambda': 0.0001046950300251155, 'min_child_weight': 7, 'gamma': 5.35709968763042e-07, 'random_state': 42}",COMPLETE
25,0.5382234914167687,2025-12-25 12:07:08.243075,2025-12-25 12:07:08.353737,0 days 00:00:00.110662,0.8417130174182256,0.7446764182450346,1.611525767822046e-08,0.021363196314674787,9,5,80,7.39510090651035e-08,0.5558520310099626,0.8843757408672822,"[0.7548019207683073, 0.4818555929667041, 0.46245524023301804, 0.46172839506172836, 0.5302763080540859]",0.11112069241438981,"{'n_estimators': 80, 'max_depth': 9, 'learning_rate': 0.021363196314674787, 'subsample': 0.8843757408672822, 'colsample_bytree': 0.7446764182450346, 'colsample_bylevel': 0.8417130174182256, 'reg_alpha': 7.39510090651035e-08, 'reg_lambda': 0.5558520310099626, 'min_child_weight': 5, 'gamma': 1.611525767822046e-08, 'random_state': 42}",COMPLETE
26,0.5541035243507109,2025-12-25 12:07:08.354364,2025-12-25 12:07:08.448916,0 days 00:00:00.094552,0.6444513098166635,0.7963350126558645,0.000641723208646406,0.034000431380307325,6,3,60,1.846604933365307e-05,0.003577623535337957,0.6059124820698744,"[0.6446578631452581, 0.42105263157894735, 0.5424320535431646, 0.5728395061728394, 0.5895355673133451]",0.0743576737883017,"{'n_estimators': 60, 'max_depth': 6, 'learning_rate': 0.034000431380307325, 'subsample': 0.6059124820698744, 'colsample_bytree': 0.7963350126558645, 'colsample_bylevel': 0.6444513098166635, 'reg_alpha': 1.846604933365307e-05, 'reg_lambda': 0.003577623535337957, 'min_child_weight': 3, 'gamma': 0.000641723208646406, 'random_state': 42}",COMPLETE
27,0.561627023424409,2025-12-25 12:07:08.449440,2025-12-25 12:07:08.544242,0 days 00:00:00.094802,0.7032260226076241,0.6383666666723251,1.7002809405845832e-05,0.02126460481960579,3,9,90,6.280344715420229e-07,0.052570179335529446,0.9584443622143998,"[0.8179271708683472, 0.3959331880900509, 0.46245524023301804, 0.5037037037037038, 0.6281158142269253]",0.14883220451152493,"{'n_estimators': 90, 'max_depth': 3, 'learning_rate': 0.02126460481960579, 'subsample': 0.9584443622143998, 'colsample_bytree': 0.6383666666723251, 'colsample_bylevel': 0.7032260226076241, 'reg_alpha': 6.280344715420229e-07, 'reg_lambda': 0.052570179335529446, 'min_child_weight': 9, 'gamma': 1.7002809405845832e-05, 'random_state': 42}",COMPLETE
28,0.5726069193109342,2025-12-25 12:07:08.544828,2025-12-25 12:07:08.653746,0 days 00:00:00.108918,0.7444031583609076,0.7041946464228148,1.052226047463715e-07,0.11765429237372468,9,6,120,1.043395302367368e-08,6.4650654677959775e-06,0.7762211691301232,"[0.6782713085234093, 0.5078673444686517, 0.5026455026455026, 0.6554967666078776, 0.5187536743092298]",0.07748764327602597,"{'n_estimators': 120, 'max_depth': 9, 'learning_rate': 0.11765429237372468, 'subsample': 0.7762211691301232, 'colsample_bytree': 0.7041946464228148, 'colsample_bylevel': 0.7444031583609076, 'reg_alpha': 1.043395302367368e-08, 'reg_lambda': 6.4650654677959775e-06, 'min_child_weight': 6, 'gamma': 1.052226047463715e-07, 'random_state': 42}",COMPLETE
