number,value,datetime_start,datetime_complete,duration,params_colsample_bylevel,params_colsample_bytree,params_gamma,params_learning_rate,params_max_depth,params_min_child_weight,params_n_estimators,params_reg_alpha,params_reg_lambda,params_subsample,user_attrs_cv_scores,user_attrs_cv_std,user_attrs_params,state
0,-0.5302022339781679,2025-07-20 20:58:33.097151,2025-07-20 20:58:33.811462,0 days 00:00:00.714311,0.662397808134481,0.6624074561769746,0.023585940584142682,0.1205712628744377,10,7,90,3.3323645788192616e-08,0.6245760287469893,0.8394633936788146,"[-0.4165692145844464, -0.5043696906820414, -0.7770180270823303, -0.3792301262359377, -0.5738241113060837]",0.1408497530087008,"{'n_estimators': 90, 'max_depth': 10, 'learning_rate': 0.1205712628744377, 'subsample': 0.8394633936788146, 'colsample_bytree': 0.6624074561769746, 'colsample_bylevel': 0.662397808134481, 'reg_alpha': 3.3323645788192616e-08, 'reg_lambda': 0.6245760287469893, 'min_child_weight': 7, 'gamma': 0.023585940584142682, 'random_state': 42}",COMPLETE
1,-0.4442581490674623,2025-07-20 20:58:33.812463,2025-07-20 20:58:34.390381,0 days 00:00:00.577918,0.6733618039413735,0.6727299868828402,4.17890272377219e-06,0.16967533607196555,10,5,50,5.472429642032198e-06,0.00052821153945323,0.6849356442713105,"[-0.3227754014719171, -0.4954913345745616, -0.4923318278437705, -0.27014667439187273, -0.6405455070551895]",0.1330695369881222,"{'n_estimators': 50, 'max_depth': 10, 'learning_rate': 0.16967533607196555, 'subsample': 0.6849356442713105, 'colsample_bytree': 0.6727299868828402, 'colsample_bylevel': 0.6733618039413735, 'reg_alpha': 5.472429642032198e-06, 'reg_lambda': 0.00052821153945323, 'min_child_weight': 5, 'gamma': 4.17890272377219e-06, 'random_state': 42}",COMPLETE
2,-0.539504477434195,2025-07-20 20:58:34.391380,2025-07-20 20:58:35.217156,0 days 00:00:00.825776,0.9140703845572055,0.7824279936868144,2.6185068507773707e-08,0.027010527749605478,2,6,110,6.267062696005991e-07,0.00042472707398058225,0.7465447373174767,"[-0.433720584733099, -0.5207056846872447, -0.7722882075136095, -0.3481270323137995, -0.6226808779232226]",0.14783472640252465,"{'n_estimators': 110, 'max_depth': 2, 'learning_rate': 0.027010527749605478, 'subsample': 0.7465447373174767, 'colsample_bytree': 0.7824279936868144, 'colsample_bylevel': 0.9140703845572055, 'reg_alpha': 6.267062696005991e-07, 'reg_lambda': 0.00042472707398058225, 'min_child_weight': 6, 'gamma': 2.6185068507773707e-08, 'random_state': 42}",COMPLETE
3,-0.6551763582150897,2025-07-20 20:58:35.218156,2025-07-20 20:58:36.063147,0 days 00:00:00.844991,0.9233589392465844,0.9862528132298237,9.148975058772307e-05,0.012476394272569451,2,7,110,5.514725787121931e-06,7.569183361880229e-08,0.9795542149013333,"[-0.5775451693338138, -0.617057358005826, -0.9704280254755243, -0.4047755174529777, -0.7060757208073065]",0.18555570567418533,"{'n_estimators': 110, 'max_depth': 2, 'learning_rate': 0.012476394272569451, 'subsample': 0.9795542149013333, 'colsample_bytree': 0.9862528132298237, 'colsample_bylevel': 0.9233589392465844, 'reg_alpha': 5.514725787121931e-06, 'reg_lambda': 7.569183361880229e-08, 'min_child_weight': 7, 'gamma': 9.148975058772307e-05, 'random_state': 42}",COMPLETE
4,-0.7005599113285483,2025-07-20 20:58:36.064146,2025-07-20 20:58:36.743471,0 days 00:00:00.679325,0.8650089137415928,0.7035119926400067,4.609885087947832e-07,0.011240768803005551,5,6,60,6.388511557344611e-06,0.0004793052550782129,0.9637281608315128,"[-0.5960452901361731, -0.7052393169629778, -0.9737298262121737, -0.4172293602540126, -0.8105557630774044]",0.1886490359645449,"{'n_estimators': 60, 'max_depth': 5, 'learning_rate': 0.011240768803005551, 'subsample': 0.9637281608315128, 'colsample_bytree': 0.7035119926400067, 'colsample_bylevel': 0.8650089137415928, 'reg_alpha': 6.388511557344611e-06, 'reg_lambda': 0.0004793052550782129, 'min_child_weight': 6, 'gamma': 4.609885087947832e-07, 'random_state': 42}",COMPLETE
5,-0.3146747763927727,2025-07-20 20:58:36.744471,2025-07-20 20:58:37.922752,0 days 00:00:01.178281,0.9687496940092467,0.8391599915244341,8.471746987003668e-06,0.24420460844911424,8,1,150,6.257956190096665e-08,5.805581976088804e-07,0.9579309401710595,"[-0.3175010284224993, -0.33720684627881775, -0.3946054021548703, -0.3120175646842188, -0.2120430404234571]",0.05906762363722624,"{'n_estimators': 150, 'max_depth': 8, 'learning_rate': 0.24420460844911424, 'subsample': 0.9579309401710595, 'colsample_bytree': 0.8391599915244341, 'colsample_bylevel': 0.9687496940092467, 'reg_alpha': 6.257956190096665e-08, 'reg_lambda': 5.805581976088804e-07, 'min_child_weight': 1, 'gamma': 8.471746987003668e-06, 'random_state': 42}",COMPLETE
6,-0.5614832420599023,2025-07-20 20:58:37.923786,2025-07-20 20:58:38.639415,0 days 00:00:00.715629,0.8170784332632994,0.7123738038749523,7.620481786158549,0.16755052359850303,3,1,90,1.8548894229694903e-07,0.16587190283399655,0.7427013306774357,"[-0.4422199969378306, -0.6850157265022873, -0.691807635508045, -0.38051253022656406, -0.6078603211247847]",0.12756933478014007,"{'n_estimators': 90, 'max_depth': 3, 'learning_rate': 0.16755052359850303, 'subsample': 0.7427013306774357, 'colsample_bytree': 0.7123738038749523, 'colsample_bylevel': 0.8170784332632994, 'reg_alpha': 1.8548894229694903e-07, 'reg_lambda': 0.16587190283399655, 'min_child_weight': 1, 'gamma': 7.620481786158549, 'random_state': 42}",COMPLETE
7,-0.49462521219346883,2025-07-20 20:58:38.640415,2025-07-20 20:58:39.736135,0 days 00:00:01.095720,0.8916028672163949,0.8827429375390468,1.1036250149900698e-07,0.010189592979395137,2,4,130,0.08738424135626986,4.638759594322625e-08,0.9261845713819337,"[-0.4464748968447863, -0.5374248688258028, -0.6393697629668232, -0.3095269639235959, -0.5403295684063361]",0.11086162378750512,"{'n_estimators': 130, 'max_depth': 2, 'learning_rate': 0.010189592979395137, 'subsample': 0.9261845713819337, 'colsample_bytree': 0.8827429375390468, 'colsample_bylevel': 0.8916028672163949, 'reg_alpha': 0.08738424135626986, 'reg_lambda': 4.638759594322625e-08, 'min_child_weight': 4, 'gamma': 1.1036250149900698e-07, 'random_state': 42}",COMPLETE
8,-0.6567301459442927,2025-07-20 20:58:39.737137,2025-07-20 20:58:43.295355,0 days 00:00:03.558218,0.7300733288106989,0.7243929286862649,0.0001778010520878397,0.030816017044468066,7,9,140,0.036851536911881845,0.005470376807480391,0.6254233401144095,"[-0.5614314664486847, -0.6674971238520133, -0.8614446922529564, -0.44639200868131973, -0.7468854384864895]",0.14385820821757814,"{'n_estimators': 140, 'max_depth': 7, 'learning_rate': 0.030816017044468066, 'subsample': 0.6254233401144095, 'colsample_bytree': 0.7243929286862649, 'colsample_bylevel': 0.7300733288106989, 'reg_alpha': 0.036851536911881845, 'reg_lambda': 0.005470376807480391, 'min_child_weight': 9, 'gamma': 0.0001778010520878397, 'random_state': 42}",COMPLETE
9,-0.2912576559760039,2025-07-20 20:58:43.297353,2025-07-20 20:58:52.752037,0 days 00:00:09.454684,0.7975182385457563,0.9083868719818244,9.354548757337708e-08,0.13297554090738672,8,1,60,0.0005065186776865479,7.04480806377519e-05,0.8245108790277985,"[-0.2579234118288914, -0.35062400658663706, -0.40446630883866147, -0.27103221288330026, -0.17224233974252917]",0.0800318043619058,"{'n_estimators': 60, 'max_depth': 8, 'learning_rate': 0.13297554090738672, 'subsample': 0.8245108790277985, 'colsample_bytree': 0.9083868719818244, 'colsample_bylevel': 0.7975182385457563, 'reg_alpha': 0.0005065186776865479, 'reg_lambda': 7.04480806377519e-05, 'min_child_weight': 1, 'gamma': 9.354548757337708e-08, 'random_state': 42}",COMPLETE
10,-0.26794563271044297,2025-07-20 20:58:52.753033,2025-07-20 20:58:59.009199,0 days 00:00:06.256166,0.7570274592606949,0.9568478358759311,0.01036771407033351,0.07955798569352589,5,3,70,0.0009327366933736902,3.9951522674461425e-06,0.8559192772506939,"[-0.2370390637614065, -0.2774195568540436, -0.34836214460675413, -0.1730645584166713, -0.30384283991333944]",0.05967045227339525,"{'n_estimators': 70, 'max_depth': 5, 'learning_rate': 0.07955798569352589, 'subsample': 0.8559192772506939, 'colsample_bytree': 0.9568478358759311, 'colsample_bylevel': 0.7570274592606949, 'reg_alpha': 0.0009327366933736902, 'reg_lambda': 3.9951522674461425e-06, 'min_child_weight': 3, 'gamma': 0.01036771407033351, 'random_state': 42}",COMPLETE
11,-0.26454438426087523,2025-07-20 20:58:59.010202,2025-07-20 20:59:04.974579,0 days 00:00:05.964377,0.757298334171193,0.9586229109175456,0.02419584192691601,0.07578854864284995,5,3,70,0.0010132439259431913,4.491067917060829e-06,0.8562950519589575,"[-0.2505302896136142, -0.26257393679122365, -0.33891028726208333, -0.16742955642665133, -0.30327785121080386]",0.057727179540369544,"{'n_estimators': 70, 'max_depth': 5, 'learning_rate': 0.07578854864284995, 'subsample': 0.8562950519589575, 'colsample_bytree': 0.9586229109175456, 'colsample_bylevel': 0.757298334171193, 'reg_alpha': 0.0010132439259431913, 'reg_lambda': 4.491067917060829e-06, 'min_child_weight': 3, 'gamma': 0.02419584192691601, 'random_state': 42}",COMPLETE
12,-0.28756707971735584,2025-07-20 20:59:04.976489,2025-07-20 20:59:11.262749,0 days 00:00:06.286260,0.7392973228175623,0.9952647403542068,0.054072977351487396,0.0611731627725646,5,3,80,0.0016782877393559201,1.2167282577786447e-05,0.8888336114830357,"[-0.2769627927856712, -0.27182000527387457, -0.32053842210877065, -0.2558070360606788, -0.31270714235778413]",0.024852580536389522,"{'n_estimators': 80, 'max_depth': 5, 'learning_rate': 0.0611731627725646, 'subsample': 0.8888336114830357, 'colsample_bytree': 0.9952647403542068, 'colsample_bylevel': 0.7392973228175623, 'reg_alpha': 0.0016782877393559201, 'reg_lambda': 1.2167282577786447e-05, 'min_child_weight': 3, 'gamma': 0.054072977351487396, 'random_state': 42}",COMPLETE
13,-0.46805688140707646,2025-07-20 20:59:11.264747,2025-07-20 20:59:15.450738,0 days 00:00:04.185991,0.74941857920517,0.9324452852429903,0.017398512983972422,0.07269377550630614,4,4,70,2.996709216305243,2.3011479242853113e-06,0.8825741602454161,"[-0.4053480882118603, -0.5591415082253313, -0.49359252246811863, -0.39922513591172554, -0.4829771522183465]",0.05973490540720377,"{'n_estimators': 70, 'max_depth': 4, 'learning_rate': 0.07269377550630614, 'subsample': 0.8825741602454161, 'colsample_bytree': 0.9324452852429903, 'colsample_bylevel': 0.74941857920517, 'reg_alpha': 2.996709216305243, 'reg_lambda': 2.3011479242853113e-06, 'min_child_weight': 4, 'gamma': 0.017398512983972422, 'random_state': 42}",COMPLETE
14,-0.44202864296011574,2025-07-20 20:59:15.451806,2025-07-20 20:59:19.944674,0 days 00:00:04.492868,0.6274930137103218,0.8269194168188378,0.5555382724773049,0.034404307034006744,6,3,70,0.009035078527799004,1.1278476859998465e-08,0.7691194367707845,"[-0.3364188189526563, -0.4747500253736092, -0.5760677621516052, -0.2423861628960129, -0.5805204454266951]",0.13358720632167936,"{'n_estimators': 70, 'max_depth': 6, 'learning_rate': 0.034404307034006744, 'subsample': 0.7691194367707845, 'colsample_bytree': 0.8269194168188378, 'colsample_bylevel': 0.6274930137103218, 'reg_alpha': 0.009035078527799004, 'reg_lambda': 1.1278476859998465e-08, 'min_child_weight': 3, 'gamma': 0.5555382724773049, 'random_state': 42}",COMPLETE
15,-0.3297862912386222,2025-07-20 20:59:19.945671,2025-07-20 20:59:23.719260,0 days 00:00:03.773589,0.8004176985798338,0.6018960478612356,0.0018892362004983632,0.07942383092448929,4,3,50,6.457023965569274e-05,4.857684585294983e-06,0.8569448224557981,"[-0.27646889872058833, -0.37439419387476164, -0.46526013877605926, -0.15194796288432932, -0.38086026193737255]",0.10716416770908103,"{'n_estimators': 50, 'max_depth': 4, 'learning_rate': 0.07942383092448929, 'subsample': 0.8569448224557981, 'colsample_bytree': 0.6018960478612356, 'colsample_bylevel': 0.8004176985798338, 'reg_alpha': 6.457023965569274e-05, 'reg_lambda': 4.857684585294983e-06, 'min_child_weight': 3, 'gamma': 0.0018892362004983632, 'random_state': 42}",COMPLETE
16,-0.31048678055107093,2025-07-20 20:59:23.721265,2025-07-20 20:59:32.164162,0 days 00:00:08.442897,0.7017569807321887,0.9482512004607759,0.0014036167244369738,0.04600488439220214,6,2,100,0.8942846877058512,0.016109046194566698,0.7948619995717208,"[-0.3076934807262192, -0.4088433997556615, -0.3873919412992123, -0.22081110568420897, -0.22769397529005264]",0.07809302924177271,"{'n_estimators': 100, 'max_depth': 6, 'learning_rate': 0.04600488439220214, 'subsample': 0.7948619995717208, 'colsample_bytree': 0.9482512004607759, 'colsample_bylevel': 0.7017569807321887, 'reg_alpha': 0.8942846877058512, 'reg_lambda': 0.016109046194566698, 'min_child_weight': 2, 'gamma': 0.0014036167244369738, 'random_state': 42}",COMPLETE
17,-0.6417036277768728,2025-07-20 20:59:32.166159,2025-07-20 20:59:34.849181,0 days 00:00:02.683022,0.6005228611371356,0.8745421080360691,0.4293142155114994,0.09059259906917297,4,10,80,0.0001121974965725437,4.6730418541838144e-07,0.9183471047574292,"[-0.4750448488369296, -0.6329399123852021, -0.9345488679072811, -0.4523120265645013, -0.71367248319045]",0.17587437603675066,"{'n_estimators': 80, 'max_depth': 4, 'learning_rate': 0.09059259906917297, 'subsample': 0.9183471047574292, 'colsample_bytree': 0.8745421080360691, 'colsample_bylevel': 0.6005228611371356, 'reg_alpha': 0.0001121974965725437, 'reg_lambda': 4.6730418541838144e-07, 'min_child_weight': 10, 'gamma': 0.4293142155114994, 'random_state': 42}",COMPLETE
18,-0.5722541053141912,2025-07-20 20:59:34.851230,2025-07-20 20:59:37.134285,0 days 00:00:02.283055,0.8408140216821032,0.9568370669211905,0.0036300468930260564,0.020373262780707373,1,4,70,0.0032602758837760024,3.3898508665351884e-05,0.6805454483691531,"[-0.5083349563174339, -0.6465484290024572, -0.7044819287348614, -0.3733090076786504, -0.6285962048375533]",0.11818890428398914,"{'n_estimators': 70, 'max_depth': 1, 'learning_rate': 0.020373262780707373, 'subsample': 0.6805454483691531, 'colsample_bytree': 0.9568370669211905, 'colsample_bylevel': 0.8408140216821032, 'reg_alpha': 0.0032602758837760024, 'reg_lambda': 3.3898508665351884e-05, 'min_child_weight': 4, 'gamma': 0.0036300468930260564, 'random_state': 42}",COMPLETE
19,-0.38025610864541254,2025-07-20 20:59:37.135287,2025-07-20 20:59:40.780841,0 days 00:00:03.645554,0.7644220517350713,0.786830953186129,0.66248266359638,0.29617315369159336,7,2,110,0.143718048912566,6.7891871542277356,0.7950630758407966,"[-0.351162645585384, -0.47227248038284275, -0.3849287671720747, -0.3489077097366806, -0.34400894035008056]",0.04823246898474944,"{'n_estimators': 110, 'max_depth': 7, 'learning_rate': 0.29617315369159336, 'subsample': 0.7950630758407966, 'colsample_bytree': 0.786830953186129, 'colsample_bylevel': 0.7644220517350713, 'reg_alpha': 0.143718048912566, 'reg_lambda': 6.7891871542277356, 'min_child_weight': 2, 'gamma': 0.66248266359638, 'random_state': 42}",COMPLETE
20,-0.5638322326278508,2025-07-20 20:59:40.781842,2025-07-20 20:59:43.940828,0 days 00:00:03.158986,0.6985152654900059,0.895721038131165,5.3265226047685745,0.042696194629495206,7,5,90,4.877220345703102e-05,3.098663866567354e-07,0.8801151332999179,"[-0.46057457337212443, -0.6337590345499666, -0.7104331691396244, -0.3246486853999124, -0.6897457006776259]",0.14839589422151594,"{'n_estimators': 90, 'max_depth': 7, 'learning_rate': 0.042696194629495206, 'subsample': 0.8801151332999179, 'colsample_bytree': 0.895721038131165, 'colsample_bylevel': 0.6985152654900059, 'reg_alpha': 4.877220345703102e-05, 'reg_lambda': 3.098663866567354e-07, 'min_child_weight': 5, 'gamma': 5.3265226047685745, 'random_state': 42}",COMPLETE
21,-0.28119126569361835,2025-07-20 20:59:43.941825,2025-07-20 20:59:50.295014,0 days 00:00:06.353189,0.7815766970277724,0.9924101098159579,0.057599916032617965,0.060085247604592565,5,3,80,0.000707097020134007,1.2700729587173315e-05,0.9098782219958496,"[-0.25840664322949747, -0.27231522684034304, -0.3432589905649985, -0.20522216261983028, -0.32675330521342266]",0.04959340606231188,"{'n_estimators': 80, 'max_depth': 5, 'learning_rate': 0.060085247604592565, 'subsample': 0.9098782219958496, 'colsample_bytree': 0.9924101098159579, 'colsample_bylevel': 0.7815766970277724, 'reg_alpha': 0.000707097020134007, 'reg_lambda': 1.2700729587173315e-05, 'min_child_weight': 3, 'gamma': 0.057599916032617965, 'random_state': 42}",COMPLETE
22,-0.2841789408748716,2025-07-20 20:59:50.296012,2025-07-20 20:59:54.673653,0 days 00:00:04.377641,0.777908524678226,0.971036644797337,0.0716094723735219,0.10508860193292541,5,2,80,0.0005585912857434382,5.3195620076571505e-05,0.9292664864911906,"[-0.2815736598794001, -0.3240135241025348, -0.41418643856156, -0.24968572546898105, -0.15143535636188224]",0.08637843724348757,"{'n_estimators': 80, 'max_depth': 5, 'learning_rate': 0.10508860193292541, 'subsample': 0.9292664864911906, 'colsample_bytree': 0.971036644797337, 'colsample_bylevel': 0.777908524678226, 'reg_alpha': 0.0005585912857434382, 'reg_lambda': 5.3195620076571505e-05, 'min_child_weight': 2, 'gamma': 0.0716094723735219, 'random_state': 42}",COMPLETE
23,-0.27091283500737917,2025-07-20 20:59:54.675652,2025-07-20 20:59:58.681543,0 days 00:00:04.005891,0.8360394549449266,0.9255840238711559,0.004572812985046473,0.06876691644912515,3,3,60,0.01216882897683524,2.6129629070284536e-06,0.8349077672415649,"[-0.24108508970136955, -0.28794075369894656, -0.32080495917904506, -0.1594448227792379, -0.34528854967829686]",0.06576584697587426,"{'n_estimators': 60, 'max_depth': 3, 'learning_rate': 0.06876691644912515, 'subsample': 0.8349077672415649, 'colsample_bytree': 0.9255840238711559, 'colsample_bylevel': 0.8360394549449266, 'reg_alpha': 0.01216882897683524, 'reg_lambda': 2.6129629070284536e-06, 'min_child_weight': 3, 'gamma': 0.004572812985046473, 'random_state': 42}",COMPLETE
24,-0.34626617016672945,2025-07-20 20:59:58.682544,2025-07-20 21:00:02.660741,0 days 00:00:03.978197,0.8498825427881079,0.9272174597434616,0.0006893118999755965,0.04725106454010844,3,4,60,0.013435135355118394,1.6188970524662675e-06,0.8314938222904322,"[-0.3556498403835935, -0.38009202311626217, -0.40435631987810333, -0.19811662660958626, -0.393116040846102]",0.0758286287979097,"{'n_estimators': 60, 'max_depth': 3, 'learning_rate': 0.04725106454010844, 'subsample': 0.8314938222904322, 'colsample_bytree': 0.9272174597434616, 'colsample_bylevel': 0.8498825427881079, 'reg_alpha': 0.013435135355118394, 'reg_lambda': 1.6188970524662675e-06, 'min_child_weight': 4, 'gamma': 0.0006893118999755965, 'random_state': 42}",COMPLETE
25,-0.31256225125145176,2025-07-20 21:00:02.661742,2025-07-20 21:00:06.132209,0 days 00:00:03.470467,0.8364783777116391,0.8543376238081334,0.008096774766828529,0.07234005043371798,3,2,50,0.3128660200488964,9.195263079618884e-08,0.8580059190279046,"[-0.27162495014229565, -0.35808119381657383, -0.3780401933420693, -0.24624395722227108, -0.30882096173404905]",0.04989451077015336,"{'n_estimators': 50, 'max_depth': 3, 'learning_rate': 0.07234005043371798, 'subsample': 0.8580059190279046, 'colsample_bytree': 0.8543376238081334, 'colsample_bylevel': 0.8364783777116391, 'reg_alpha': 0.3128660200488964, 'reg_lambda': 9.195263079618884e-08, 'min_child_weight': 2, 'gamma': 0.008096774766828529, 'random_state': 42}",COMPLETE
26,-0.358561398461792,2025-07-20 21:00:06.133208,2025-07-20 21:00:09.726328,0 days 00:00:03.593120,0.7144927803717149,0.9152474345736958,4.0015668451015035e-05,0.1534646067701486,4,5,60,0.007475128912075237,0.0044553863297639345,0.8106248254355378,"[-0.40303841500006904, -0.3262112245705115, -0.3563279918041833, -0.18752148349840003, -0.519707877435796]",0.1079375440267602,"{'n_estimators': 60, 'max_depth': 4, 'learning_rate': 0.1534646067701486, 'subsample': 0.8106248254355378, 'colsample_bytree': 0.9152474345736958, 'colsample_bylevel': 0.7144927803717149, 'reg_alpha': 0.007475128912075237, 'reg_lambda': 0.0044553863297639345, 'min_child_weight': 5, 'gamma': 4.0015668451015035e-05, 'random_state': 42}",COMPLETE
27,-0.2972856603386746,2025-07-20 21:00:09.729397,2025-07-20 21:00:12.096340,0 days 00:00:02.366943,0.9819979604574822,0.9568403300779337,0.20835312662231836,0.09491714352595139,1,3,70,0.033204367209272445,0.0001224602563182359,0.7084455778151315,"[-0.2745572734545132, -0.3409985374679667, -0.3412516332764475, -0.2045868504947435, -0.3250340069997023]",0.05238977393068909,"{'n_estimators': 70, 'max_depth': 1, 'learning_rate': 0.09491714352595139, 'subsample': 0.7084455778151315, 'colsample_bytree': 0.9568403300779337, 'colsample_bylevel': 0.9819979604574822, 'reg_alpha': 0.033204367209272445, 'reg_lambda': 0.0001224602563182359, 'min_child_weight': 3, 'gamma': 0.20835312662231836, 'random_state': 42}",COMPLETE
28,-0.29280955090407157,2025-07-20 21:00:12.098396,2025-07-20 21:00:24.476026,0 days 00:00:12.377630,0.8821729528672491,0.8743187561311769,0.0005494686572293331,0.057260361931985394,6,2,100,0.0001351461974735015,6.4650654677959775e-06,0.7656722053911771,"[-0.25314395644317095, -0.3633398848903925, -0.36348967668771937, -0.2580674580222247, -0.22600677847685055]",0.058673999350180375,"{'n_estimators': 100, 'max_depth': 6, 'learning_rate': 0.057260361931985394, 'subsample': 0.7656722053911771, 'colsample_bytree': 0.8743187561311769, 'colsample_bylevel': 0.8821729528672491, 'reg_alpha': 0.0001351461974735015, 'reg_lambda': 6.4650654677959775e-06, 'min_child_weight': 2, 'gamma': 0.0005494686572293331, 'random_state': 42}",COMPLETE
