number,value,datetime_start,datetime_complete,duration,params_colsample_bylevel,params_colsample_bytree,params_gamma,params_learning_rate,params_max_depth,params_min_child_weight,params_n_estimators,params_reg_alpha,params_reg_lambda,params_subsample,user_attrs_cv_scores,user_attrs_cv_std,user_attrs_params,state
88,-0.25755663692412145,2025-07-20 21:06:29.271294,2025-07-20 21:06:41.367655,0 days 00:00:12.096361,0.9443870922883341,0.779900811575992,1.1942972100561129e-08,0.07477154906600675,3,1,110,0.0013970346506502911,0.0007143900978386926,0.8577272722031253,"[-0.258773983822911, -0.2652623175961525, -0.31940534312703583, -0.23405392558949006, -0.210287614485018]",0.03653179390474331,"{'n_estimators': 110, 'max_depth': 3, 'learning_rate': 0.07477154906600675, 'subsample': 0.8577272722031253, 'colsample_bytree': 0.779900811575992, 'colsample_bylevel': 0.9443870922883341, 'reg_alpha': 0.0013970346506502911, 'reg_lambda': 0.0007143900978386926, 'min_child_weight': 1, 'gamma': 1.1942972100561129e-08, 'random_state': 42}",COMPLETE
89,-0.23944918321222844,2025-07-20 21:06:41.368594,2025-07-20 21:06:50.355089,0 days 00:00:08.986495,0.9864890474002259,0.7366419151217024,5.954585306209141e-07,0.0898396792656863,2,2,110,0.015995611440435827,0.00242644265452422,0.8522489818009291,"[-0.2724035957677961, -0.23635277769164756, -0.3466473467818856, -0.16872672827618135, -0.17311546754363155]",0.06631569161717439,"{'n_estimators': 110, 'max_depth': 2, 'learning_rate': 0.0898396792656863, 'subsample': 0.8522489818009291, 'colsample_bytree': 0.7366419151217024, 'colsample_bylevel': 0.9864890474002259, 'reg_alpha': 0.015995611440435827, 'reg_lambda': 0.00242644265452422, 'min_child_weight': 2, 'gamma': 5.954585306209141e-07, 'random_state': 42}",COMPLETE
90,-0.24405186917598493,2025-07-20 21:06:50.357110,2025-07-20 21:06:59.476634,0 days 00:00:09.119524,0.9870611470485964,0.758834980341658,2.510340504060391e-07,0.06878493254069631,2,3,110,0.012910050630985711,0.0003794097340001792,0.8498043295517882,"[-0.21645099089791434, -0.22125449597895283, -0.30742903886088285, -0.19798820714395643, -0.27713661299821835]",0.04126658594373352,"{'n_estimators': 110, 'max_depth': 2, 'learning_rate': 0.06878493254069631, 'subsample': 0.8498043295517882, 'colsample_bytree': 0.758834980341658, 'colsample_bylevel': 0.9870611470485964, 'reg_alpha': 0.012910050630985711, 'reg_lambda': 0.0003794097340001792, 'min_child_weight': 3, 'gamma': 2.510340504060391e-07, 'random_state': 42}",COMPLETE
91,-0.27306489594812516,2025-07-20 21:06:59.478564,2025-07-20 21:07:08.235232,0 days 00:00:08.756668,0.9582085827489792,0.7480581370633076,7.1350945081180295e-06,0.05171818471770445,2,2,110,0.008287295373229035,0.0023228113926911094,0.8311759975660441,"[-0.25088303891068087, -0.2836462362648885, -0.4300272452276255, -0.18953278453724395, -0.21123517480018714]",0.08490195132016728,"{'n_estimators': 110, 'max_depth': 2, 'learning_rate': 0.05171818471770445, 'subsample': 0.8311759975660441, 'colsample_bytree': 0.7480581370633076, 'colsample_bylevel': 0.9582085827489792, 'reg_alpha': 0.008287295373229035, 'reg_lambda': 0.0023228113926911094, 'min_child_weight': 2, 'gamma': 7.1350945081180295e-06, 'random_state': 42}",COMPLETE
92,-0.23427097971916763,2025-07-20 21:07:08.236232,2025-07-20 21:07:17.740349,0 days 00:00:09.504117,0.9957296513810986,0.7372897779050716,2.3513222238640283e-06,0.08988317735908054,2,2,120,0.09948882917934891,0.0001933929861012523,0.8717543005543182,"[-0.289375367627106, -0.23953573507982906, -0.3209035805174036, -0.16411625368916366, -0.15742396168233588]",0.0654164635275872,"{'n_estimators': 120, 'max_depth': 2, 'learning_rate': 0.08988317735908054, 'subsample': 0.8717543005543182, 'colsample_bytree': 0.7372897779050716, 'colsample_bylevel': 0.9957296513810986, 'reg_alpha': 0.09948882917934891, 'reg_lambda': 0.0001933929861012523, 'min_child_weight': 2, 'gamma': 2.3513222238640283e-06, 'random_state': 42}",COMPLETE
93,-0.25572110110530194,2025-07-20 21:07:17.741348,2025-07-20 21:07:29.832629,0 days 00:00:12.091281,0.9942132546280786,0.7318818144030861,6.183611667660212e-07,0.08786541312814813,3,2,120,0.10251087143628933,5.8405068463259205e-05,0.8792058103313367,"[-0.21871720753936275, -0.37074327317115263, -0.3629730031422383, -0.1732939378653177, -0.15287808380843831]",0.0932451415815753,"{'n_estimators': 120, 'max_depth': 3, 'learning_rate': 0.08786541312814813, 'subsample': 0.8792058103313367, 'colsample_bytree': 0.7318818144030861, 'colsample_bylevel': 0.9942132546280786, 'reg_alpha': 0.10251087143628933, 'reg_lambda': 5.8405068463259205e-05, 'min_child_weight': 2, 'gamma': 6.183611667660212e-07, 'random_state': 42}",COMPLETE
94,-0.23389523324804767,2025-07-20 21:07:29.834582,2025-07-20 21:07:37.683029,0 days 00:00:07.848447,0.98364764262386,0.7530244945953845,1.6798591598682837e-06,0.07897865773328873,2,2,100,0.11447158690632196,0.0002432909959045235,0.867657422867613,"[-0.23926526651880373, -0.2337701706787877, -0.315663322595636, -0.2212229196997951, -0.1595544867472159]",0.049803629294453235,"{'n_estimators': 100, 'max_depth': 2, 'learning_rate': 0.07897865773328873, 'subsample': 0.867657422867613, 'colsample_bytree': 0.7530244945953845, 'colsample_bylevel': 0.98364764262386, 'reg_alpha': 0.11447158690632196, 'reg_lambda': 0.0002432909959045235, 'min_child_weight': 2, 'gamma': 1.6798591598682837e-06, 'random_state': 42}",COMPLETE
95,-0.3910330117179849,2025-07-20 21:07:37.683959,2025-07-20 21:07:42.767068,0 days 00:00:05.083109,0.9714039027455788,0.7204868789511842,1.5475152274154397e-06,0.05847812920547647,1,3,100,0.01997767595141857,3.081974633614179e-05,0.8651501370700928,"[-0.30216300092671633, -0.43576219780165365, -0.48166072254178277, -0.29240338901088203, -0.4431757483088896]",0.07817752660380542,"{'n_estimators': 100, 'max_depth': 1, 'learning_rate': 0.05847812920547647, 'subsample': 0.8651501370700928, 'colsample_bytree': 0.7204868789511842, 'colsample_bylevel': 0.9714039027455788, 'reg_alpha': 0.01997767595141857, 'reg_lambda': 3.081974633614179e-05, 'min_child_weight': 3, 'gamma': 1.5475152274154397e-06, 'random_state': 42}",COMPLETE
96,-0.2832905038120999,2025-07-20 21:07:42.768977,2025-07-20 21:07:50.252613,0 days 00:00:07.483636,0.983007508528734,0.7445077159574063,2.8358569982210484e-06,0.07964498304268404,2,3,100,0.16107452117367302,0.00020501567126658527,0.8417301838733926,"[-0.27793840635263334, -0.2799154607991483, -0.3641413817067431, -0.22010962930971484, -0.2743476408922598]",0.04614910187420464,"{'n_estimators': 100, 'max_depth': 2, 'learning_rate': 0.07964498304268404, 'subsample': 0.8417301838733926, 'colsample_bytree': 0.7445077159574063, 'colsample_bylevel': 0.983007508528734, 'reg_alpha': 0.16107452117367302, 'reg_lambda': 0.00020501567126658527, 'min_child_weight': 3, 'gamma': 2.8358569982210484e-06, 'random_state': 42}",COMPLETE
97,-0.2326347571014284,2025-07-20 21:07:50.254372,2025-07-20 21:08:02.224708,0 days 00:00:11.970336,0.9643036833857992,0.7549949094156554,1.1421805235403283e-06,0.0665093983105212,3,2,110,0.1065556764268145,0.00013378383358185808,0.816458614764789,"[-0.23353358612267627, -0.26502658461269335, -0.33108924618741725, -0.1874790158059124, -0.14604535277844297]",0.06368687575516496,"{'n_estimators': 110, 'max_depth': 3, 'learning_rate': 0.0665093983105212, 'subsample': 0.816458614764789, 'colsample_bytree': 0.7549949094156554, 'colsample_bylevel': 0.9643036833857992, 'reg_alpha': 0.1065556764268145, 'reg_lambda': 0.00013378383358185808, 'min_child_weight': 2, 'gamma': 1.1421805235403283e-06, 'random_state': 42}",COMPLETE
98,-0.24690745012165044,2025-07-20 21:08:02.226615,2025-07-20 21:08:13.941147,0 days 00:00:11.714532,0.9996137093143265,0.7586073346558277,1.2965384866592342e-06,0.04229261687152018,3,2,110,0.09576567899079089,9.399891291791855e-05,0.7845208181132489,"[-0.23920569587415794, -0.2960601211006548, -0.3398845562347518, -0.18755093009846222, -0.17183594730022528]",0.06368511811900222,"{'n_estimators': 110, 'max_depth': 3, 'learning_rate': 0.04229261687152018, 'subsample': 0.7845208181132489, 'colsample_bytree': 0.7586073346558277, 'colsample_bylevel': 0.9996137093143265, 'reg_alpha': 0.09576567899079089, 'reg_lambda': 9.399891291791855e-05, 'min_child_weight': 2, 'gamma': 1.2965384866592342e-06, 'random_state': 42}",COMPLETE
99,-0.2882436614157099,2025-07-20 21:08:13.944149,2025-07-20 21:08:29.250254,0 days 00:00:15.306105,0.9644764443984856,0.7351375409315092,5.498644086817132e-06,0.0646737548779521,4,2,120,0.047221795397217596,0.00017582298403210728,0.8186949928807244,"[-0.28458280517053774, -0.32199443460925214, -0.4130260293307419, -0.21815311701672088, -0.20346192095129698]",0.07592599532757391,"{'n_estimators': 120, 'max_depth': 4, 'learning_rate': 0.0646737548779521, 'subsample': 0.8186949928807244, 'colsample_bytree': 0.7351375409315092, 'colsample_bylevel': 0.9644764443984856, 'reg_alpha': 0.047221795397217596, 'reg_lambda': 0.00017582298403210728, 'min_child_weight': 2, 'gamma': 5.498644086817132e-06, 'random_state': 42}",COMPLETE
