number,value,datetime_start,datetime_complete,duration,params_colsample_bylevel,params_colsample_bytree,params_gamma,params_learning_rate,params_max_depth,params_min_child_weight,params_n_estimators,params_reg_alpha,params_reg_lambda,params_subsample,user_attrs_cv_scores,user_attrs_cv_std,user_attrs_params,state
0,-0.2829175896964461,2025-11-30 23:31:10.996780,2025-11-30 23:31:11.034309,0 days 00:00:00.037529,0.662397808134481,0.6624074561769746,0.02358594058414266,0.1205712628744377,10,7,90,3.3323645788192616e-08,0.6245760287469887,0.8394633936788146,"[-0.1900926975876506, -0.3277522796021719, -0.2601484120806092, -0.37731641616086853, -0.25927814305093017]",0.06421060245601186,"{'n_estimators': 90, 'max_depth': 10, 'learning_rate': 0.1205712628744377, 'subsample': 0.8394633936788146, 'colsample_bytree': 0.6624074561769746, 'colsample_bylevel': 0.662397808134481, 'reg_alpha': 3.3323645788192616e-08, 'reg_lambda': 0.6245760287469887, 'min_child_weight': 7, 'gamma': 0.02358594058414266, 'random_state': 42}",COMPLETE
1,-0.3491791485649771,2025-11-30 23:31:11.034669,2025-11-30 23:31:11.051377,0 days 00:00:00.016708,0.6733618039413735,0.6727299868828402,4.17890272377219e-06,0.1696753360719655,10,5,50,5.472429642032189e-06,0.00052821153945323,0.6849356442713105,"[-0.1998057935642186, -0.4210397265256999, -0.42232244116673007, -0.4158507269934882, -0.2868770545747491]",0.09072258085766045,"{'n_estimators': 50, 'max_depth': 10, 'learning_rate': 0.1696753360719655, 'subsample': 0.6849356442713105, 'colsample_bytree': 0.6727299868828402, 'colsample_bylevel': 0.6733618039413735, 'reg_alpha': 5.472429642032189e-06, 'reg_lambda': 0.00052821153945323, 'min_child_weight': 5, 'gamma': 4.17890272377219e-06, 'random_state': 42}",COMPLETE
2,-0.2940719601727328,2025-11-30 23:31:11.051725,2025-11-30 23:31:11.073658,0 days 00:00:00.021933,0.9140703845572055,0.7824279936868144,2.6185068507773707e-08,0.027010527749605478,2,6,110,6.267062696005991e-07,0.00042472707398058225,0.7465447373174766,"[-0.16173123471917406, -0.32033947723899503, -0.3638758649397811, -0.3595237218902577, -0.26488950207545603]",0.07511615559871886,"{'n_estimators': 110, 'max_depth': 2, 'learning_rate': 0.027010527749605478, 'subsample': 0.7465447373174766, 'colsample_bytree': 0.7824279936868144, 'colsample_bylevel': 0.9140703845572055, 'reg_alpha': 6.267062696005991e-07, 'reg_lambda': 0.00042472707398058225, 'min_child_weight': 6, 'gamma': 2.6185068507773707e-08, 'random_state': 42}",COMPLETE
3,-0.4713411608859329,2025-11-30 23:31:11.074018,2025-11-30 23:31:11.095720,0 days 00:00:00.021702,0.9233589392465844,0.9862528132298237,9.148975058772307e-05,0.012476394272569451,2,7,110,5.514725787121931e-06,7.569183361880229e-08,0.9795542149013333,"[-0.3394969807618979, -0.4368266526262932, -0.6611534929268281, -0.4953259156267661, -0.42390276248787895]",0.10717138667605006,"{'n_estimators': 110, 'max_depth': 2, 'learning_rate': 0.012476394272569451, 'subsample': 0.9795542149013333, 'colsample_bytree': 0.9862528132298237, 'colsample_bylevel': 0.9233589392465844, 'reg_alpha': 5.514725787121931e-06, 'reg_lambda': 7.569183361880229e-08, 'min_child_weight': 7, 'gamma': 9.148975058772307e-05, 'random_state': 42}",COMPLETE
4,-0.6821335552359613,2025-11-30 23:31:11.096099,2025-11-30 23:31:11.114460,0 days 00:00:00.018361,0.8650089137415928,0.7035119926400067,4.609885087947832e-07,0.011240768803005551,5,6,60,6.388511557344611e-06,0.0004793052550782129,0.9637281608315128,"[-0.5447280675362037, -0.6249022022144064, -0.9360961307713473, -0.6561845460157413, -0.6487568296421077]",0.1329962724907215,"{'n_estimators': 60, 'max_depth': 5, 'learning_rate': 0.011240768803005551, 'subsample': 0.9637281608315128, 'colsample_bytree': 0.7035119926400067, 'colsample_bylevel': 0.8650089137415928, 'reg_alpha': 6.388511557344611e-06, 'reg_lambda': 0.0004793052550782129, 'min_child_weight': 6, 'gamma': 4.609885087947832e-07, 'random_state': 42}",COMPLETE
5,-0.35742921772341923,2025-11-30 23:31:11.115659,2025-11-30 23:31:11.145756,0 days 00:00:00.030097,0.9687496940092467,0.8391599915244341,8.471746987003668e-06,0.2442046084491143,8,1,150,6.257956190096665e-08,5.805581976088804e-07,0.9579309401710595,"[-0.2751402902384894, -0.3218057274554141, -0.41988373377034094, -0.3904464108120221, -0.3798699263408298]",0.052028430041375466,"{'n_estimators': 150, 'max_depth': 8, 'learning_rate': 0.2442046084491143, 'subsample': 0.9579309401710595, 'colsample_bytree': 0.8391599915244341, 'colsample_bylevel': 0.9687496940092467, 'reg_alpha': 6.257956190096665e-08, 'reg_lambda': 5.805581976088804e-07, 'min_child_weight': 1, 'gamma': 8.471746987003668e-06, 'random_state': 42}",COMPLETE
6,-0.5105712482208711,2025-11-30 23:31:11.146163,2025-11-30 23:31:11.164355,0 days 00:00:00.018192,0.8170784332632994,0.7123738038749523,7.6204817861585425,0.16755052359850306,3,1,90,1.8548894229694903e-07,0.16587190283399628,0.7427013306774357,"[-0.32959933685786674, -0.5333467331113089, -0.7055461477684244, -0.5590698437016028, -0.42529417966515276]",0.12720775059170922,"{'n_estimators': 90, 'max_depth': 3, 'learning_rate': 0.16755052359850306, 'subsample': 0.7427013306774357, 'colsample_bytree': 0.7123738038749523, 'colsample_bylevel': 0.8170784332632994, 'reg_alpha': 1.8548894229694903e-07, 'reg_lambda': 0.16587190283399628, 'min_child_weight': 1, 'gamma': 7.6204817861585425, 'random_state': 42}",COMPLETE
7,-0.4674516248424321,2025-11-30 23:31:11.164724,2025-11-30 23:31:11.189182,0 days 00:00:00.024458,0.8916028672163949,0.8827429375390469,1.1036250149900698e-07,0.010189592979395137,2,4,130,0.08738424135626989,4.638759594322625e-08,0.9261845713819337,"[-0.3297819939371299, -0.41808469211674937, -0.6851217682245999, -0.47809732045936765, -0.42617234947431337]",0.11881718903462,"{'n_estimators': 130, 'max_depth': 2, 'learning_rate': 0.010189592979395137, 'subsample': 0.9261845713819337, 'colsample_bytree': 0.8827429375390469, 'colsample_bylevel': 0.8916028672163949, 'reg_alpha': 0.08738424135626989, 'reg_lambda': 4.638759594322625e-08, 'min_child_weight': 4, 'gamma': 1.1036250149900698e-07, 'random_state': 42}",COMPLETE
8,-0.38952106454930435,2025-11-30 23:31:11.189553,2025-11-30 23:31:11.213731,0 days 00:00:00.024178,0.7300733288106988,0.7243929286862648,0.0001778010520878397,0.030816017044468066,7,9,140,0.03685153691188181,0.005470376807480385,0.6254233401144095,"[-0.25413203316591226, -0.40552740030141604, -0.45592163133944835, -0.4515321185063142, -0.38049213943343113]",0.0733789072892232,"{'n_estimators': 140, 'max_depth': 7, 'learning_rate': 0.030816017044468066, 'subsample': 0.6254233401144095, 'colsample_bytree': 0.7243929286862648, 'colsample_bylevel': 0.7300733288106988, 'reg_alpha': 0.03685153691188181, 'reg_lambda': 0.005470376807480385, 'min_child_weight': 9, 'gamma': 0.0001778010520878397, 'random_state': 42}",COMPLETE
9,-0.30352592957008206,2025-11-30 23:31:11.214105,2025-11-30 23:31:11.243124,0 days 00:00:00.029019,0.7975182385457563,0.9083868719818244,9.354548757337708e-08,0.13297554090738672,8,1,60,0.0005065186776865479,7.04480806377519e-05,0.8245108790277985,"[-0.19489735587844156, -0.27156709235164933, -0.386426601239751, -0.33922033730852774, -0.3255182610720409]",0.06550085350681648,"{'n_estimators': 60, 'max_depth': 8, 'learning_rate': 0.13297554090738672, 'subsample': 0.8245108790277985, 'colsample_bytree': 0.9083868719818244, 'colsample_bylevel': 0.7975182385457563, 'reg_alpha': 0.0005065186776865479, 'reg_lambda': 7.04480806377519e-05, 'min_child_weight': 1, 'gamma': 9.354548757337708e-08, 'random_state': 42}",COMPLETE
10,-0.5382168008716283,2025-11-30 23:31:11.243541,2025-11-30 23:31:11.266370,0 days 00:00:00.022829,0.6154900799844732,0.6061470949312417,0.044223173270844955,0.0749883856323417,10,10,80,4.3444691085504035,6.099006535330836,0.8616677223762091,"[-0.4065836315707852, -0.4734700424593676, -0.7281585921475373, -0.5298514095317144, -0.5530203286487366]",0.10759780877424836,"{'n_estimators': 80, 'max_depth': 10, 'learning_rate': 0.0749883856323417, 'subsample': 0.8616677223762091, 'colsample_bytree': 0.6061470949312417, 'colsample_bylevel': 0.6154900799844732, 'reg_alpha': 4.3444691085504035, 'reg_lambda': 6.099006535330836, 'min_child_weight': 10, 'gamma': 0.044223173270844955, 'random_state': 42}",COMPLETE
11,-0.35112217563199255,2025-11-30 23:31:11.266768,2025-11-30 23:31:11.292293,0 days 00:00:00.025525,0.7368181151637023,0.7890856026631795,0.032972661587959216,0.034751226910732264,4,8,110,1.153207114563693e-08,8.837229396466988,0.7544355485331893,"[-0.20567097824884062, -0.4118455805050773, -0.4217339662860571, -0.39441508028614697, -0.3219452728338405]",0.0806907367040767,"{'n_estimators': 110, 'max_depth': 4, 'learning_rate': 0.034751226910732264, 'subsample': 0.7544355485331893, 'colsample_bytree': 0.7890856026631795, 'colsample_bylevel': 0.7368181151637023, 'reg_alpha': 1.153207114563693e-08, 'reg_lambda': 8.837229396466988, 'min_child_weight': 8, 'gamma': 0.032972661587959216, 'random_state': 42}",COMPLETE
12,-0.3045781734706524,2025-11-30 23:31:11.292658,2025-11-30 23:31:11.316926,0 days 00:00:00.024268,0.9953764623140101,0.6288024200260534,0.011789862047242498,0.05881299754962944,1,4,120,7.462167814768027e-07,7.4304053524582685e-06,0.8707272232382461,"[-0.16023871100142603, -0.3280144262125738, -0.406895789638582, -0.34578215974728954, -0.28195978075339045]",0.08253652902924108,"{'n_estimators': 120, 'max_depth': 1, 'learning_rate': 0.05881299754962944, 'subsample': 0.8707272232382461, 'colsample_bytree': 0.6288024200260534, 'colsample_bylevel': 0.9953764623140101, 'reg_alpha': 7.462167814768027e-07, 'reg_lambda': 7.4304053524582685e-06, 'min_child_weight': 4, 'gamma': 0.011789862047242498, 'random_state': 42}",COMPLETE
13,-0.43476054882834125,2025-11-30 23:31:11.317304,2025-11-30 23:31:11.341297,0 days 00:00:00.023993,0.6145231186909567,0.7875261699962512,1.0669011004969494e-08,0.025006241726998054,6,7,90,0.0002888728538380231,0.07115953064092204,0.7631527017807609,"[-0.3401689718972678, -0.45668541295435516, -0.49173955384220247, -0.4948426331575531, -0.39036617229032766]",0.06042448283793985,"{'n_estimators': 90, 'max_depth': 6, 'learning_rate': 0.025006241726998054, 'subsample': 0.7631527017807609, 'colsample_bytree': 0.7875261699962512, 'colsample_bylevel': 0.6145231186909567, 'reg_alpha': 0.0002888728538380231, 'reg_lambda': 0.07115953064092204, 'min_child_weight': 7, 'gamma': 1.0669011004969494e-08, 'random_state': 42}",COMPLETE
14,-0.2882480582865333,2025-11-30 23:31:11.341666,2025-11-30 23:31:11.363005,0 days 00:00:00.021339,0.8195814870641506,0.761660592783074,0.8256063254193624,0.0961428336109234,4,3,80,1.3128371253956633e-08,0.14184312049385928,0.6815471965742196,"[-0.15141756223742264, -0.2740478973392413, -0.3306993534136733, -0.38075170565355, -0.3043237727887794]",0.0768657206443878,"{'n_estimators': 80, 'max_depth': 4, 'learning_rate': 0.0961428336109234, 'subsample': 0.6815471965742196, 'colsample_bytree': 0.761660592783074, 'colsample_bylevel': 0.8195814870641506, 'reg_alpha': 1.3128371253956633e-08, 'reg_lambda': 0.14184312049385928, 'min_child_weight': 3, 'gamma': 0.8256063254193624, 'random_state': 42}",COMPLETE
15,-0.43813469779188263,2025-11-30 23:31:11.363410,2025-11-30 23:31:11.383946,0 days 00:00:00.020536,0.7634205897071438,0.7406435616298782,3.573231511768411,0.09783099765964938,5,3,80,1.0092113205470374e-08,0.33469970763241336,0.6320037910727744,"[-0.31665797853378896, -0.4034853124649404, -0.6080703670862943, -0.47705315474379245, -0.3854066761305973]",0.09912637941901731,"{'n_estimators': 80, 'max_depth': 5, 'learning_rate': 0.09783099765964938, 'subsample': 0.6320037910727744, 'colsample_bytree': 0.7406435616298782, 'colsample_bylevel': 0.7634205897071438, 'reg_alpha': 1.0092113205470374e-08, 'reg_lambda': 0.33469970763241336, 'min_child_weight': 3, 'gamma': 3.573231511768411, 'random_state': 42}",COMPLETE
16,-0.365733577586857,2025-11-30 23:31:11.384374,2025-11-30 23:31:11.405172,0 days 00:00:00.020798,0.6755440747393078,0.6494456394368666,0.419915962838262,0.10070151393821589,9,3,70,0.00010473919139809467,0.016109046194566698,0.6853133342524489,"[-0.18172276573263604, -0.35123164350644986, -0.5419798138457405, -0.38571073386232746, -0.36802293098713107]",0.11448785846419703,"{'n_estimators': 70, 'max_depth': 9, 'learning_rate': 0.10070151393821589, 'subsample': 0.6853133342524489, 'colsample_bytree': 0.6494456394368666, 'colsample_bylevel': 0.6755440747393078, 'reg_alpha': 0.00010473919139809467, 'reg_lambda': 0.016109046194566698, 'min_child_weight': 3, 'gamma': 0.419915962838262, 'random_state': 42}",COMPLETE
17,-0.2972134179867273,2025-11-30 23:31:11.405546,2025-11-30 23:31:11.431693,0 days 00:00:00.026147,0.8440108638913482,0.6733221423256304,0.0027568844952313445,0.29614772969194764,6,3,90,6.883832922873736e-08,1.6708893390599848,0.8058610875831806,"[-0.24029029684224587, -0.3098415401787927, -0.2552896925360178, -0.41023656119553265, -0.2704089991810473]",0.06107375494416881,"{'n_estimators': 90, 'max_depth': 6, 'learning_rate': 0.29614772969194764, 'subsample': 0.8058610875831806, 'colsample_bytree': 0.6733221423256304, 'colsample_bylevel': 0.8440108638913482, 'reg_alpha': 6.883832922873736e-08, 'reg_lambda': 1.6708893390599848, 'min_child_weight': 3, 'gamma': 0.0027568844952313445, 'random_state': 42}",COMPLETE
18,-0.2810506029094508,2025-11-30 23:31:11.432061,2025-11-30 23:31:11.455767,0 days 00:00:00.023706,0.6696491933442356,0.8362327113486469,0.5486948938738695,0.04302553031342478,4,5,100,0.00489838186312482,0.010804959376289685,0.6933972902828515,"[-0.1873306276968019, -0.2922270359376492, -0.3103113137380474, -0.3468282652269619, -0.2685557719477936]",0.053380440740040704,"{'n_estimators': 100, 'max_depth': 4, 'learning_rate': 0.04302553031342478, 'subsample': 0.6933972902828515, 'colsample_bytree': 0.8362327113486469, 'colsample_bylevel': 0.6696491933442356, 'reg_alpha': 0.00489838186312482, 'reg_lambda': 0.010804959376289685, 'min_child_weight': 5, 'gamma': 0.5486948938738695, 'random_state': 42}",COMPLETE
19,-0.2565411140662973,2025-11-30 23:31:11.456118,2025-11-30 23:31:11.481699,0 days 00:00:00.025581,0.6762744002099902,0.852912427003817,0.0008896397925908008,0.04392544275614981,7,8,100,0.006290288092440869,0.0050414195911829395,0.8910149050713664,"[-0.12481857172414443, -0.28044714376408036, -0.2942750728933788, -0.28856356709319225, -0.29460121485669044]",0.0660608610839883,"{'n_estimators': 100, 'max_depth': 7, 'learning_rate': 0.04392544275614981, 'subsample': 0.8910149050713664, 'colsample_bytree': 0.852912427003817, 'colsample_bylevel': 0.6762744002099902, 'reg_alpha': 0.006290288092440869, 'reg_lambda': 0.0050414195911829395, 'min_child_weight': 8, 'gamma': 0.0008896397925908008, 'random_state': 42}",COMPLETE
20,-0.23687621360494537,2025-11-30 23:31:11.482103,2025-11-30 23:31:11.509820,0 days 00:00:00.027717,0.7141287750701992,0.8451022713651688,0.0013651015699614882,0.042695696563784115,7,10,120,0.007961083570932016,0.003154842872623371,0.924439846142478,"[-0.13241659330154817, -0.271661068608237, -0.20258645554430876, -0.27647635588768316, -0.3012405946829496]",0.061657977163955935,"{'n_estimators': 120, 'max_depth': 7, 'learning_rate': 0.042695696563784115, 'subsample': 0.924439846142478, 'colsample_bytree': 0.8451022713651688, 'colsample_bylevel': 0.7141287750701992, 'reg_alpha': 0.007961083570932016, 'reg_lambda': 0.003154842872623371, 'min_child_weight': 10, 'gamma': 0.0013651015699614882, 'random_state': 42}",COMPLETE
21,-0.2351452042924406,2025-11-30 23:31:11.510213,2025-11-30 23:31:11.538162,0 days 00:00:00.027949,0.7129466968448943,0.847988255523092,0.0017216453043032455,0.04515342181285652,7,10,130,0.01383760755274372,0.018222406477831746,0.9159699959314582,"[-0.11890383428409992, -0.2730147855093172, -0.19515278099208488, -0.27039213982756627, -0.3182624808491347]",0.07027998766535419,"{'n_estimators': 130, 'max_depth': 7, 'learning_rate': 0.04515342181285652, 'subsample': 0.9159699959314582, 'colsample_bytree': 0.847988255523092, 'colsample_bylevel': 0.7129466968448943, 'reg_alpha': 0.01383760755274372, 'reg_lambda': 0.018222406477831746, 'min_child_weight': 10, 'gamma': 0.0017216453043032455, 'random_state': 42}",COMPLETE
22,-0.3207962113042261,2025-11-30 23:31:11.538532,2025-11-30 23:31:11.568195,0 days 00:00:00.029663,0.7098679190427641,0.9029259064573444,0.0022098152672551216,0.020688406787777752,7,10,130,0.11897622800037624,0.0030606576980344653,0.9145111873066218,"[-0.22313786066192448, -0.3778840358020107, -0.3378972550675412, -0.3582870805818158, -0.3067748244078382]",0.05420476625454061,"{'n_estimators': 130, 'max_depth': 7, 'learning_rate': 0.020688406787777752, 'subsample': 0.9145111873066218, 'colsample_bytree': 0.9029259064573444, 'colsample_bylevel': 0.7098679190427641, 'reg_alpha': 0.11897622800037624, 'reg_lambda': 0.0030606576980344653, 'min_child_weight': 10, 'gamma': 0.0022098152672551216, 'random_state': 42}",COMPLETE
23,-0.24552872781136842,2025-11-30 23:31:11.568577,2025-11-30 23:31:11.597424,0 days 00:00:00.028847,0.7699751308969206,0.8444088594197429,0.0010436943308339047,0.05235949183152535,7,9,130,0.011638884389884257,3.1329541390691905e-05,0.9036007400787758,"[-0.10865872637996771, -0.2775484189239393, -0.22379176586029306, -0.2845724619121422, -0.33307226598049977]",0.07670650255791964,"{'n_estimators': 130, 'max_depth': 7, 'learning_rate': 0.05235949183152535, 'subsample': 0.9036007400787758, 'colsample_bytree': 0.8444088594197429, 'colsample_bylevel': 0.7699751308969206, 'reg_alpha': 0.011638884389884257, 'reg_lambda': 3.1329541390691905e-05, 'min_child_weight': 9, 'gamma': 0.0010436943308339047, 'random_state': 42}",COMPLETE
24,-0.2768191518823261,2025-11-30 23:31:11.597808,2025-11-30 23:31:11.625018,0 days 00:00:00.027210,0.772891476183738,0.9440163417454058,2.855248666097408e-05,0.06532614015694518,8,9,130,1.6705076414481195,2.6702521001208643e-05,0.925811616302025,"[-0.15692979530378956, -0.3412021858005039, -0.27404665716576343, -0.31180713895666773, -0.3001099821849058]",0.06370705081853333,"{'n_estimators': 130, 'max_depth': 8, 'learning_rate': 0.06532614015694518, 'subsample': 0.925811616302025, 'colsample_bytree': 0.9440163417454058, 'colsample_bylevel': 0.772891476183738, 'reg_alpha': 1.6705076414481195, 'reg_lambda': 2.6702521001208643e-05, 'min_child_weight': 9, 'gamma': 2.855248666097408e-05, 'random_state': 42}",COMPLETE
25,-0.33352299151049264,2025-11-30 23:31:11.625413,2025-11-30 23:31:11.657559,0 days 00:00:00.032146,0.7106109239122291,0.8201707080439837,0.00035711631407162454,0.01665400527347739,6,9,150,0.0029877678779984887,1.9990449220317192e-06,0.9967194746889345,"[-0.20069671708032785, -0.3876312131645643, -0.43526929386543994, -0.3507217460439671, -0.2932959873981639]",0.08103929650462666,"{'n_estimators': 150, 'max_depth': 6, 'learning_rate': 0.01665400527347739, 'subsample': 0.9967194746889345, 'colsample_bytree': 0.8201707080439837, 'colsample_bylevel': 0.7106109239122291, 'reg_alpha': 0.0029877678779984887, 'reg_lambda': 1.9990449220317192e-06, 'min_child_weight': 9, 'gamma': 0.00035711631407162454, 'random_state': 42}",COMPLETE
26,-0.2411823222770244,2025-11-30 23:31:11.657931,2025-11-30 23:31:11.684749,0 days 00:00:00.026818,0.7679816038876036,0.869683979938198,0.005730598680162447,0.04439118005182043,9,10,120,0.30613466108256643,6.252057937140947e-05,0.8913860558505878,"[-0.1342578935533572, -0.28678762375020295, -0.21018782638103028, -0.30581440898935686, -0.2688638587111747]",0.06231678722195895,"{'n_estimators': 120, 'max_depth': 9, 'learning_rate': 0.04439118005182043, 'subsample': 0.8913860558505878, 'colsample_bytree': 0.869683979938198, 'colsample_bylevel': 0.7679816038876036, 'reg_alpha': 0.30613466108256643, 'reg_lambda': 6.252057937140947e-05, 'min_child_weight': 10, 'gamma': 0.005730598680162447, 'random_state': 42}",COMPLETE
27,-0.24333323869210174,2025-11-30 23:31:11.685119,2025-11-30 23:31:11.712800,0 days 00:00:00.027681,0.738416659672386,0.8750142320923484,0.004897045868896253,0.04398001875041783,9,10,120,0.2760142836171572,0.00012246025631823635,0.9480399134906395,"[-0.1337469347679967, -0.2950203798448136, -0.22947994525549345, -0.27177336058925283, -0.2866455730029521]",0.059257794667549234,"{'n_estimators': 120, 'max_depth': 9, 'learning_rate': 0.04398001875041783, 'subsample': 0.9480399134906395, 'colsample_bytree': 0.8750142320923484, 'colsample_bylevel': 0.738416659672386, 'reg_alpha': 0.2760142836171572, 'reg_lambda': 0.00012246025631823635, 'min_child_weight': 10, 'gamma': 0.004897045868896253, 'random_state': 42}",COMPLETE
28,-0.3274090453825903,2025-11-30 23:31:11.713177,2025-11-30 23:31:11.741924,0 days 00:00:00.028747,0.6403580720309139,0.9415025604559947,0.11388871190716558,0.03723150654472683,9,8,140,0.26824296023458766,0.0014102790268120283,0.8723335627882572,"[-0.2355052940932846, -0.372005605164054, -0.37706416344007343, -0.3788800663439755, -0.2735900978715643]",0.06073965509400384,"{'n_estimators': 140, 'max_depth': 9, 'learning_rate': 0.03723150654472683, 'subsample': 0.8723335627882572, 'colsample_bytree': 0.9415025604559947, 'colsample_bylevel': 0.6403580720309139, 'reg_alpha': 0.26824296023458766, 'reg_lambda': 0.0014102790268120283, 'min_child_weight': 8, 'gamma': 0.11388871190716558, 'random_state': 42}",COMPLETE
