number,value,datetime_start,datetime_complete,duration,params_colsample_bylevel,params_colsample_bytree,params_gamma,params_learning_rate,params_max_depth,params_min_child_weight,params_n_estimators,params_reg_alpha,params_reg_lambda,params_subsample,user_attrs_cv_scores,user_attrs_cv_std,user_attrs_params,state
0,-0.7095435803135438,2025-07-20 20:08:12.427654,2025-07-20 20:08:13.161896,0 days 00:00:00.734242,0.662397808134481,0.6624074561769746,0.023585940584142682,0.1205712628744377,10,7,90,3.3323645788192616e-08,0.6245760287469893,0.8394633936788146,"[-0.5620251912607029, -0.7089351412433998, -0.7541195295552189, -0.7670765130908384, -0.7555615264175591]",0.07638946298440975,"{'n_estimators': 90, 'max_depth': 10, 'learning_rate': 0.1205712628744377, 'subsample': 0.8394633936788146, 'colsample_bytree': 0.6624074561769746, 'colsample_bylevel': 0.662397808134481, 'reg_alpha': 3.3323645788192616e-08, 'reg_lambda': 0.6245760287469893, 'min_child_weight': 7, 'gamma': 0.023585940584142682, 'random_state': 42}",COMPLETE
1,-0.6273123419151808,2025-07-20 20:08:13.162895,2025-07-20 20:08:13.741221,0 days 00:00:00.578326,0.6733618039413735,0.6727299868828402,4.17890272377219e-06,0.16967533607196555,10,5,50,5.472429642032198e-06,0.00052821153945323,0.6849356442713105,"[-0.4296389697949637, -0.5263206946005939, -0.7019336326760656, -0.7391746495046808, -0.7394937629995999]",0.12644386818132375,"{'n_estimators': 50, 'max_depth': 10, 'learning_rate': 0.16967533607196555, 'subsample': 0.6849356442713105, 'colsample_bytree': 0.6727299868828402, 'colsample_bylevel': 0.6733618039413735, 'reg_alpha': 5.472429642032198e-06, 'reg_lambda': 0.00052821153945323, 'min_child_weight': 5, 'gamma': 4.17890272377219e-06, 'random_state': 42}",COMPLETE
2,-0.7057051660820592,2025-07-20 20:08:13.743223,2025-07-20 20:08:14.632752,0 days 00:00:00.889529,0.9140703845572055,0.7824279936868144,2.6185068507773707e-08,0.027010527749605478,2,6,110,6.267062696005991e-07,0.00042472707398058225,0.7465447373174767,"[-0.5265329102545618, -0.6389674757878417, -0.823548966423106, -0.7800892646552219, -0.7593872132895646]",0.10849749688898117,"{'n_estimators': 110, 'max_depth': 2, 'learning_rate': 0.027010527749605478, 'subsample': 0.7465447373174767, 'colsample_bytree': 0.7824279936868144, 'colsample_bylevel': 0.9140703845572055, 'reg_alpha': 6.267062696005991e-07, 'reg_lambda': 0.00042472707398058225, 'min_child_weight': 6, 'gamma': 2.6185068507773707e-08, 'random_state': 42}",COMPLETE
3,-0.7718687687679873,2025-07-20 20:08:14.633755,2025-07-20 20:08:15.626850,0 days 00:00:00.993095,0.9233589392465844,0.9862528132298237,9.148975058772307e-05,0.012476394272569451,2,7,110,5.514725787121931e-06,7.569183361880229e-08,0.9795542149013333,"[-0.5880733397289218, -0.7070041850855454, -0.9720032803515367, -0.8031785971612825, -0.78908444151265]",0.1259513250591715,"{'n_estimators': 110, 'max_depth': 2, 'learning_rate': 0.012476394272569451, 'subsample': 0.9795542149013333, 'colsample_bytree': 0.9862528132298237, 'colsample_bylevel': 0.9233589392465844, 'reg_alpha': 5.514725787121931e-06, 'reg_lambda': 7.569183361880229e-08, 'min_child_weight': 7, 'gamma': 9.148975058772307e-05, 'random_state': 42}",COMPLETE
4,-0.8205560931026511,2025-07-20 20:08:15.627850,2025-07-20 20:08:16.428896,0 days 00:00:00.801046,0.8650089137415928,0.7035119926400067,4.609885087947832e-07,0.011240768803005551,5,6,60,6.388511557344611e-06,0.0004793052550782129,0.9637281608315128,"[-0.6878838724464641, -0.7203887619724377, -1.0054304443100863, -0.827112679105784, -0.861964707678483]",0.11275779376616958,"{'n_estimators': 60, 'max_depth': 5, 'learning_rate': 0.011240768803005551, 'subsample': 0.9637281608315128, 'colsample_bytree': 0.7035119926400067, 'colsample_bylevel': 0.8650089137415928, 'reg_alpha': 6.388511557344611e-06, 'reg_lambda': 0.0004793052550782129, 'min_child_weight': 6, 'gamma': 4.609885087947832e-07, 'random_state': 42}",COMPLETE
5,-0.4888768611388695,2025-07-20 20:08:16.430896,2025-07-20 20:08:17.820282,0 days 00:00:01.389386,0.9687496940092467,0.8391599915244341,8.471746987003668e-06,0.24420460844911424,8,1,150,6.257956190096665e-08,5.805581976088804e-07,0.9579309401710595,"[-0.4188099018424925, -0.40993350935327083, -0.39900667100484327, -0.5574890356674226, -0.6591451878263184]",0.10287566886041753,"{'n_estimators': 150, 'max_depth': 8, 'learning_rate': 0.24420460844911424, 'subsample': 0.9579309401710595, 'colsample_bytree': 0.8391599915244341, 'colsample_bylevel': 0.9687496940092467, 'reg_alpha': 6.257956190096665e-08, 'reg_lambda': 5.805581976088804e-07, 'min_child_weight': 1, 'gamma': 8.471746987003668e-06, 'random_state': 42}",COMPLETE
6,-0.7856400672163726,2025-07-20 20:08:17.821272,2025-07-20 20:08:18.551776,0 days 00:00:00.730504,0.8170784332632994,0.7123738038749523,7.620481786158549,0.16755052359850303,3,1,90,1.8548894229694903e-07,0.16587190283399655,0.7427013306774357,"[-0.6568029613411347, -0.596863690481461, -1.0298754724889003, -0.7815366697651998, -0.8631215420051674]",0.1535621504526381,"{'n_estimators': 90, 'max_depth': 3, 'learning_rate': 0.16755052359850303, 'subsample': 0.7427013306774357, 'colsample_bytree': 0.7123738038749523, 'colsample_bylevel': 0.8170784332632994, 'reg_alpha': 1.8548894229694903e-07, 'reg_lambda': 0.16587190283399655, 'min_child_weight': 1, 'gamma': 7.620481786158549, 'random_state': 42}",COMPLETE
7,-0.6751563296112574,2025-07-20 20:08:18.553779,2025-07-20 20:08:19.768334,0 days 00:00:01.214555,0.8916028672163949,0.8827429375390468,1.1036250149900698e-07,0.010189592979395137,2,4,130,0.08738424135626986,4.638759594322625e-08,0.9261845713819337,"[-0.5321601296444294, -0.5825817835570786, -0.7689314707237439, -0.7482392687478259, -0.7438689953832087]",0.09785119652113035,"{'n_estimators': 130, 'max_depth': 2, 'learning_rate': 0.010189592979395137, 'subsample': 0.9261845713819337, 'colsample_bytree': 0.8827429375390468, 'colsample_bylevel': 0.8916028672163949, 'reg_alpha': 0.08738424135626986, 'reg_lambda': 4.638759594322625e-08, 'min_child_weight': 4, 'gamma': 1.1036250149900698e-07, 'random_state': 42}",COMPLETE
8,-0.8223929137996062,2025-07-20 20:08:19.769331,2025-07-20 20:08:24.632295,0 days 00:00:04.862964,0.7300733288106989,0.7243929286862649,0.0001778010520878397,0.030816017044468066,7,9,140,0.036851536911881845,0.005470376807480391,0.6254233401144095,"[-0.6715835145682559, -0.7099113214309148, -1.0082430296801936, -0.8767833720115676, -0.8454433313070993]",0.12118208843135349,"{'n_estimators': 140, 'max_depth': 7, 'learning_rate': 0.030816017044468066, 'subsample': 0.6254233401144095, 'colsample_bytree': 0.7243929286862649, 'colsample_bylevel': 0.7300733288106989, 'reg_alpha': 0.036851536911881845, 'reg_lambda': 0.005470376807480391, 'min_child_weight': 9, 'gamma': 0.0001778010520878397, 'random_state': 42}",COMPLETE
9,-0.4958050154855348,2025-07-20 20:08:24.633685,2025-07-20 20:08:35.968994,0 days 00:00:11.335309,0.7975182385457563,0.9083868719818244,9.354548757337708e-08,0.13297554090738672,8,1,60,0.0005065186776865479,7.04480806377519e-05,0.8245108790277985,"[-0.3577312130106481, -0.5116644464615755, -0.4066670545327724, -0.6282233667069702, -0.5747389967157075]",0.10102144890727187,"{'n_estimators': 60, 'max_depth': 8, 'learning_rate': 0.13297554090738672, 'subsample': 0.8245108790277985, 'colsample_bytree': 0.9083868719818244, 'colsample_bylevel': 0.7975182385457563, 'reg_alpha': 0.0005065186776865479, 'reg_lambda': 7.04480806377519e-05, 'min_child_weight': 1, 'gamma': 9.354548757337708e-08, 'random_state': 42}",COMPLETE
10,-0.6726217709377724,2025-07-20 20:08:35.969925,2025-07-20 20:08:42.008198,0 days 00:00:06.038273,0.9630659181130071,0.848068981182222,0.021346533494448247,0.2704729722717779,5,3,150,4.3444691085504505,3.678908815130513e-06,0.8866896138540137,"[-0.45387038438797306, -0.6066205837396642, -0.7211524971985231, -0.7907055171647697, -0.7907598721979319]",0.12842424951135434,"{'n_estimators': 150, 'max_depth': 5, 'learning_rate': 0.2704729722717779, 'subsample': 0.8866896138540137, 'colsample_bytree': 0.848068981182222, 'colsample_bylevel': 0.9630659181130071, 'reg_alpha': 4.3444691085504505, 'reg_lambda': 3.678908815130513e-06, 'min_child_weight': 3, 'gamma': 0.021346533494448247, 'random_state': 42}",COMPLETE
11,-0.5040652126824046,2025-07-20 20:08:42.010280,2025-07-20 20:08:49.992533,0 days 00:00:07.982253,0.744858923335037,0.939930449168694,4.805653261658784e-06,0.08240472437384992,8,1,80,0.000599958321451196,1.7912366914369137e-06,0.8368507714294098,"[-0.4122839561257015, -0.5168836194865767, -0.4257175822354507, -0.6308602607318787, -0.5345806448324153]",0.07966760648337241,"{'n_estimators': 80, 'max_depth': 8, 'learning_rate': 0.08240472437384992, 'subsample': 0.8368507714294098, 'colsample_bytree': 0.939930449168694, 'colsample_bylevel': 0.744858923335037, 'reg_alpha': 0.000599958321451196, 'reg_lambda': 1.7912366914369137e-06, 'min_child_weight': 1, 'gamma': 4.805653261658784e-06, 'random_state': 42}",COMPLETE
12,-0.5696072907011123,2025-07-20 20:08:49.993533,2025-07-20 20:08:51.532214,0 days 00:00:01.538681,0.9862778301767895,0.8804650381575039,1.1415897581582742e-08,0.29283225933783363,8,2,70,0.0004686094248233635,3.841105485827389e-06,0.8824879580256776,"[-0.4471264799869516, -0.6006401609161109, -0.5970691987169249, -0.5657240732889275, -0.6374765405966469]",0.06533002200780402,"{'n_estimators': 70, 'max_depth': 8, 'learning_rate': 0.29283225933783363, 'subsample': 0.8824879580256776, 'colsample_bytree': 0.8804650381575039, 'colsample_bylevel': 0.9862778301767895, 'reg_alpha': 0.0004686094248233635, 'reg_lambda': 3.841105485827389e-06, 'min_child_weight': 2, 'gamma': 1.1415897581582742e-08, 'random_state': 42}",COMPLETE
13,-0.5060815903220653,2025-07-20 20:08:51.533209,2025-07-20 20:08:55.530989,0 days 00:00:03.997780,0.7925032587634266,0.7988341574443409,2.7845086241459503e-06,0.06839632501502325,7,3,120,0.0031131167282085685,9.543430571621056e-06,0.7959452193979423,"[-0.3687206912695595, -0.4804254638600597, -0.45051407389829445, -0.5578659765550091, -0.6728817460274039]",0.10307076879106032,"{'n_estimators': 120, 'max_depth': 7, 'learning_rate': 0.06839632501502325, 'subsample': 0.7959452193979423, 'colsample_bytree': 0.7988341574443409, 'colsample_bylevel': 0.7925032587634266, 'reg_alpha': 0.0031131167282085685, 'reg_lambda': 9.543430571621056e-06, 'min_child_weight': 3, 'gamma': 2.7845086241459503e-06, 'random_state': 42}",COMPLETE
14,-0.5601102686339829,2025-07-20 20:08:55.531984,2025-07-20 20:08:56.847050,0 days 00:00:01.315066,0.8353826701923828,0.9281889012746769,0.0027842140130293113,0.11850629707735309,9,1,50,7.590806034573108e-05,1.0786094641337822e-08,0.9923235235297375,"[-0.44906255932050365, -0.5283435254794314, -0.5670414112309391, -0.6343638695904209, -0.6217399775486196]",0.06738038101408801,"{'n_estimators': 50, 'max_depth': 9, 'learning_rate': 0.11850629707735309, 'subsample': 0.9923235235297375, 'colsample_bytree': 0.9281889012746769, 'colsample_bylevel': 0.8353826701923828, 'reg_alpha': 7.590806034573108e-05, 'reg_lambda': 1.0786094641337822e-08, 'min_child_weight': 1, 'gamma': 0.0027842140130293113, 'random_state': 42}",COMPLETE
15,-0.4978938034557155,2025-07-20 20:08:56.848435,2025-07-20 20:09:05.727147,0 days 00:00:08.878712,0.6083654265933616,0.6018960478612356,2.166533034626442e-05,0.19354577262421846,6,3,150,1.1559054453054102e-08,5.3050142999733e-05,0.9244062001864684,"[-0.45841405696478416, -0.36264641282291643, -0.43301538684300556, -0.6262391282373263, -0.609154032410545]",0.10286989543935558,"{'n_estimators': 150, 'max_depth': 6, 'learning_rate': 0.19354577262421846, 'subsample': 0.9244062001864684, 'colsample_bytree': 0.6018960478612356, 'colsample_bylevel': 0.6083654265933616, 'reg_alpha': 1.1559054453054102e-08, 'reg_lambda': 5.3050142999733e-05, 'min_child_weight': 3, 'gamma': 2.166533034626442e-05, 'random_state': 42}",COMPLETE
16,-0.7778843068323873,2025-07-20 20:09:05.729139,2025-07-20 20:09:08.340441,0 days 00:00:02.611302,0.7721808331614443,0.8435833121598418,4.3312615038474224e-07,0.10858797798076482,8,10,70,0.015320050214655337,0.016109046194566698,0.7552196466063223,"[-0.5973214946441138, -0.6956433901241763, -0.927658711557113, -0.8349443476774885, -0.8338535901590447]",0.11677951770266465,"{'n_estimators': 70, 'max_depth': 8, 'learning_rate': 0.10858797798076482, 'subsample': 0.7552196466063223, 'colsample_bytree': 0.8435833121598418, 'colsample_bylevel': 0.7721808331614443, 'reg_alpha': 0.015320050214655337, 'reg_lambda': 0.016109046194566698, 'min_child_weight': 10, 'gamma': 4.3312615038474224e-07, 'random_state': 42}",COMPLETE
17,-0.48516968163534724,2025-07-20 20:09:08.342438,2025-07-20 20:09:10.333091,0 days 00:00:01.990653,0.8679329266895621,0.9857500057783899,0.0013968817216229142,0.04263494650162085,4,2,100,2.7223239687749622e-05,3.4209876534185466e-07,0.8102576013341859,"[-0.42771904403288713, -0.45589181105315235, -0.44666701638579975, -0.5752920919225707, -0.5202784447823262]",0.05476294145453652,"{'n_estimators': 100, 'max_depth': 4, 'learning_rate': 0.04263494650162085, 'subsample': 0.8102576013341859, 'colsample_bytree': 0.9857500057783899, 'colsample_bylevel': 0.8679329266895621, 'reg_alpha': 2.7223239687749622e-05, 'reg_lambda': 3.4209876534185466e-07, 'min_child_weight': 2, 'gamma': 0.0013968817216229142, 'random_state': 42}",COMPLETE
18,-0.565835177219076,2025-07-20 20:09:10.334091,2025-07-20 20:09:11.493474,0 days 00:00:01.159383,0.9519650792112573,0.9965108784574399,0.0015318836595711338,0.04302553031342479,4,4,100,4.1000211242318023e-07,2.443130591221835e-07,0.6805454483691531,"[-0.40847835063090865, -0.4872378317656371, -0.4727920952373262, -0.7481070360609918, -0.712560572400516]",0.13736600802798735,"{'n_estimators': 100, 'max_depth': 4, 'learning_rate': 0.04302553031342479, 'subsample': 0.6805454483691531, 'colsample_bytree': 0.9965108784574399, 'colsample_bylevel': 0.9519650792112573, 'reg_alpha': 4.1000211242318023e-07, 'reg_lambda': 2.443130591221835e-07, 'min_child_weight': 4, 'gamma': 0.0015318836595711338, 'random_state': 42}",COMPLETE
19,-0.6104412618744703,2025-07-20 20:09:11.494471,2025-07-20 20:09:13.011552,0 days 00:00:01.517081,0.9943827893649348,0.7616675016944651,0.66248266359638,0.02179474749865448,4,2,130,3.569187392361628e-05,6.7891871542277356,0.8837143486793475,"[-0.4623656100636165, -0.5347708724408037, -0.663997749625711, -0.7401077952363684, -0.6509642820058522]",0.09897093402728034,"{'n_estimators': 130, 'max_depth': 4, 'learning_rate': 0.02179474749865448, 'subsample': 0.8837143486793475, 'colsample_bytree': 0.7616675016944651, 'colsample_bylevel': 0.9943827893649348, 'reg_alpha': 3.569187392361628e-05, 'reg_lambda': 6.7891871542277356, 'min_child_weight': 2, 'gamma': 0.66248266359638, 'random_state': 42}",COMPLETE
20,-0.5118199127546276,2025-07-20 20:09:13.012551,2025-07-20 20:09:15.143309,0 days 00:00:02.130758,0.8630412798040819,0.9629808677591862,0.0013229924801080343,0.04808494364207103,6,2,110,8.933864670740178e-08,8.26486059867226e-07,0.6007892624842288,"[-0.42550843678867734, -0.4513257684755573, -0.42483622683512673, -0.6953936307200819, -0.5620355009536947]",0.1047819538064247,"{'n_estimators': 110, 'max_depth': 6, 'learning_rate': 0.04808494364207103, 'subsample': 0.6007892624842288, 'colsample_bytree': 0.9629808677591862, 'colsample_bylevel': 0.8630412798040819, 'reg_alpha': 8.933864670740178e-08, 'reg_lambda': 8.26486059867226e-07, 'min_child_weight': 2, 'gamma': 0.0013229924801080343, 'random_state': 42}",COMPLETE
21,-0.49879618959431016,2025-07-20 20:09:15.144361,2025-07-20 20:09:17.385417,0 days 00:00:02.241056,0.8485161614734077,0.9071895400460264,3.8976089288880085e-07,0.0682829021216312,9,1,90,0.5805298983148214,8.360164476013434e-05,0.8128866744643254,"[-0.38855710549871075, -0.4726248499067511, -0.49246972069838435, -0.633897055543366, -0.5064322163243389]",0.07897869557846067,"{'n_estimators': 90, 'max_depth': 9, 'learning_rate': 0.0682829021216312, 'subsample': 0.8128866744643254, 'colsample_bytree': 0.9071895400460264, 'colsample_bylevel': 0.8485161614734077, 'reg_alpha': 0.5805298983148214, 'reg_lambda': 8.360164476013434e-05, 'min_child_weight': 1, 'gamma': 3.8976089288880085e-07, 'random_state': 42}",COMPLETE
22,-0.5131483096843079,2025-07-20 20:09:17.386416,2025-07-20 20:09:21.272738,0 days 00:00:03.886322,0.9004353003929652,0.8444375126569361,3.548525072653729e-05,0.23237545573935633,7,2,70,0.00011016721698530321,2.140560901726251e-05,0.7840781344114054,"[-0.5005875584626915, -0.39542162705091694, -0.4537855955487315, -0.6699025269725516, -0.5460442403866479]",0.09294654700318859,"{'n_estimators': 70, 'max_depth': 7, 'learning_rate': 0.23237545573935633, 'subsample': 0.7840781344114054, 'colsample_bytree': 0.8444375126569361, 'colsample_bylevel': 0.9004353003929652, 'reg_alpha': 0.00011016721698530321, 'reg_lambda': 2.140560901726251e-05, 'min_child_weight': 2, 'gamma': 3.548525072653729e-05, 'random_state': 42}",COMPLETE
23,-0.592577502594403,2025-07-20 20:09:21.273874,2025-07-20 20:09:25.420219,0 days 00:00:04.146345,0.7940500641444616,0.9550230984890635,0.012001654021091672,0.14713690310630417,1,4,130,0.002461078926559015,3.185749047324546e-07,0.7079207538165652,"[-0.4280452883425249, -0.4386480436888593, -0.472107449495123, -0.7815539599837391, -0.8425327714617685]",0.180813660668271,"{'n_estimators': 130, 'max_depth': 1, 'learning_rate': 0.14713690310630417, 'subsample': 0.7079207538165652, 'colsample_bytree': 0.9550230984890635, 'colsample_bylevel': 0.7940500641444616, 'reg_alpha': 0.002461078926559015, 'reg_lambda': 3.185749047324546e-07, 'min_child_weight': 4, 'gamma': 0.012001654021091672, 'random_state': 42}",COMPLETE
24,-0.5103088478913662,2025-07-20 20:09:25.421223,2025-07-20 20:09:34.205406,0 days 00:00:08.784183,0.940125045760133,0.9028915492843056,1.5213672311573744e-05,0.03364426669874502,4,1,100,1.0765662139508999e-06,1.1148638008169318e-08,0.8580513531769696,"[-0.4719867978600458, -0.5075480440306076, -0.4682931799985122, -0.5957350087479844, -0.5079812088196812]",0.04592290227629791,"{'n_estimators': 100, 'max_depth': 4, 'learning_rate': 0.03364426669874502, 'subsample': 0.8580513531769696, 'colsample_bytree': 0.9028915492843056, 'colsample_bylevel': 0.940125045760133, 'reg_alpha': 1.0765662139508999e-06, 'reg_lambda': 1.1148638008169318e-08, 'min_child_weight': 1, 'gamma': 1.5213672311573744e-05, 'random_state': 42}",COMPLETE
25,-0.5211004501011213,2025-07-20 20:09:34.206433,2025-07-20 20:09:35.576593,0 days 00:00:01.370160,0.7122686623231436,0.8310262288311239,0.00033133965692712917,0.2156801825675758,9,3,80,0.0029877678779985017,4.06666132628701e-07,0.946954236665704,"[-0.45216979882794184, -0.4499984976655116, -0.4809813377438197, -0.6403614163839846, -0.5819911998843489]",0.076612436313335,"{'n_estimators': 80, 'max_depth': 9, 'learning_rate': 0.2156801825675758, 'subsample': 0.946954236665704, 'colsample_bytree': 0.8310262288311239, 'colsample_bylevel': 0.7122686623231436, 'reg_alpha': 0.0029877678779985017, 'reg_lambda': 4.06666132628701e-07, 'min_child_weight': 3, 'gamma': 0.00033133965692712917, 'random_state': 42}",COMPLETE
26,-0.4918261588033822,2025-07-20 20:09:35.577592,2025-07-20 20:09:42.311094,0 days 00:00:06.733502,0.8732172278342263,0.8796369811324729,0.22071626181164572,0.08775277515952896,6,2,120,4.243550925088848e-05,0.004168563216197723,0.7775681903980867,"[-0.38466464181968213, -0.4010916281335417, -0.453757800317792, -0.6402829653093247, -0.5793337584365702]",0.10085886087738316,"{'n_estimators': 120, 'max_depth': 6, 'learning_rate': 0.08775277515952896, 'subsample': 0.7775681903980867, 'colsample_bytree': 0.8796369811324729, 'colsample_bylevel': 0.8732172278342263, 'reg_alpha': 4.243550925088848e-05, 'reg_lambda': 0.004168563216197723, 'min_child_weight': 2, 'gamma': 0.22071626181164572, 'random_state': 42}",COMPLETE
27,-0.6308623092283687,2025-07-20 20:09:42.312055,2025-07-20 20:09:51.170271,0 days 00:00:08.858216,0.8998853899328407,0.8696981180188885,0.29265546294882805,0.02061365380990029,6,5,140,1.5119921638347304e-05,0.006136327320522951,0.7759324370608695,"[-0.5166884973967258, -0.5900954702547534, -0.5904909879447612, -0.7052364357256918, -0.7518001548199115]",0.0854223755684844,"{'n_estimators': 140, 'max_depth': 6, 'learning_rate': 0.02061365380990029, 'subsample': 0.7759324370608695, 'colsample_bytree': 0.8696981180188885, 'colsample_bylevel': 0.8998853899328407, 'reg_alpha': 1.5119921638347304e-05, 'reg_lambda': 0.006136327320522951, 'min_child_weight': 5, 'gamma': 0.29265546294882805, 'random_state': 42}",COMPLETE
28,-0.493498038298288,2025-07-20 20:09:51.171268,2025-07-20 20:09:52.359445,0 days 00:00:01.188177,0.868180139876246,0.8208611675338221,0.16978613192024827,0.08848900291795433,5,2,120,1.0537430709777932e-08,0.03809181187053712,0.7080570747005923,"[-0.4251935003706176, -0.41131809865823965, -0.3992559379726547, -0.5785818041743367, -0.6531408503155912]",0.10298126091574483,"{'n_estimators': 120, 'max_depth': 5, 'learning_rate': 0.08848900291795433, 'subsample': 0.7080570747005923, 'colsample_bytree': 0.8208611675338221, 'colsample_bylevel': 0.868180139876246, 'reg_alpha': 1.0537430709777932e-08, 'reg_lambda': 0.03809181187053712, 'min_child_weight': 2, 'gamma': 0.16978613192024827, 'random_state': 42}",COMPLETE
