number,value,datetime_start,datetime_complete,duration,params_colsample_bylevel,params_colsample_bytree,params_gamma,params_learning_rate,params_max_depth,params_min_child_weight,params_n_estimators,params_reg_alpha,params_reg_lambda,params_subsample,user_attrs_cv_scores,user_attrs_cv_std,user_attrs_params,state
87,-0.4876191205141612,2025-07-20 20:20:23.231281,2025-07-20 20:20:36.645335,0 days 00:00:13.414054,0.8372780059022537,0.9127095955956289,0.02602110337411446,0.08561883976271636,4,2,130,0.00033737816300763804,0.005875124195127036,0.8071554482954574,"[-0.416358532690512, -0.43718236517293435, -0.42835494587176565, -0.6134897943713857, -0.542709964464208]",0.0774759416680654,"{'n_estimators': 130, 'max_depth': 4, 'learning_rate': 0.08561883976271636, 'subsample': 0.8071554482954574, 'colsample_bytree': 0.9127095955956289, 'colsample_bylevel': 0.8372780059022537, 'reg_alpha': 0.00033737816300763804, 'reg_lambda': 0.005875124195127036, 'min_child_weight': 2, 'gamma': 0.02602110337411446, 'random_state': 42}",COMPLETE
88,-0.4834147360097301,2025-07-20 20:20:36.647335,2025-07-20 20:20:50.175203,0 days 00:00:13.527868,0.8208965436063536,0.884839061447548,0.028204501408238068,0.08150415666777228,4,3,140,0.0007463578508462807,0.0003548856149375838,0.8549198711913223,"[-0.4493394394488734, -0.4352409944798143, -0.36937593447700484, -0.5551871780433848, -0.6079301335995732]",0.08618822557188746,"{'n_estimators': 140, 'max_depth': 4, 'learning_rate': 0.08150415666777228, 'subsample': 0.8549198711913223, 'colsample_bytree': 0.884839061447548, 'colsample_bylevel': 0.8208965436063536, 'reg_alpha': 0.0007463578508462807, 'reg_lambda': 0.0003548856149375838, 'min_child_weight': 3, 'gamma': 0.028204501408238068, 'random_state': 42}",COMPLETE
89,-0.4699216351444818,2025-07-20 20:20:50.177227,2025-07-20 20:21:04.877989,0 days 00:00:14.700762,0.8235458604206826,0.8664226137173738,0.02767065194018781,0.0773516749507423,4,3,140,0.00054943332461506,1.4635367074678045e-05,0.849869396876573,"[-0.41537703858348235, -0.4248360717343697, -0.349622229934348, -0.5722325061146771, -0.5875403293555317]",0.09357503885386724,"{'n_estimators': 140, 'max_depth': 4, 'learning_rate': 0.0773516749507423, 'subsample': 0.849869396876573, 'colsample_bytree': 0.8664226137173738, 'colsample_bylevel': 0.8235458604206826, 'reg_alpha': 0.00054943332461506, 'reg_lambda': 1.4635367074678045e-05, 'min_child_weight': 3, 'gamma': 0.02767065194018781, 'random_state': 42}",COMPLETE
90,-0.5305209995792064,2025-07-20 20:21:04.880030,2025-07-20 20:21:16.135460,0 days 00:00:11.255430,0.7824716974102617,0.8828773998037158,0.05400800370974979,0.08102621215229121,4,5,140,0.004270886464388133,1.549344962807088e-05,0.8638003367409177,"[-0.44354111480953146, -0.47258714249698314, -0.34508618806208075, -0.7006594894894986, -0.6907310630379377]",0.14136638331354923,"{'n_estimators': 140, 'max_depth': 4, 'learning_rate': 0.08102621215229121, 'subsample': 0.8638003367409177, 'colsample_bytree': 0.8828773998037158, 'colsample_bylevel': 0.7824716974102617, 'reg_alpha': 0.004270886464388133, 'reg_lambda': 1.549344962807088e-05, 'min_child_weight': 5, 'gamma': 0.05400800370974979, 'random_state': 42}",COMPLETE
91,-0.48474676655895105,2025-07-20 20:21:16.137458,2025-07-20 20:21:30.477282,0 days 00:00:14.339824,0.8336044798378156,0.8618147856555648,0.025417284157809156,0.08832928752762467,4,3,150,0.0006812702110513316,1.430743005853205e-06,0.8853725287194651,"[-0.4144611607613466, -0.4440020045278786, -0.4036972101013667, -0.5923248860494821, -0.5692485713546811]",0.07985341498537274,"{'n_estimators': 150, 'max_depth': 4, 'learning_rate': 0.08832928752762467, 'subsample': 0.8853725287194651, 'colsample_bytree': 0.8618147856555648, 'colsample_bylevel': 0.8336044798378156, 'reg_alpha': 0.0006812702110513316, 'reg_lambda': 1.430743005853205e-06, 'min_child_weight': 3, 'gamma': 0.025417284157809156, 'random_state': 42}",COMPLETE
92,-0.5122391446578669,2025-07-20 20:21:30.478283,2025-07-20 20:21:43.717990,0 days 00:00:13.239707,0.8190587710447663,0.8630479337779815,0.026637499993376175,0.08787793995609347,4,4,140,0.0005350388546084122,2.62022736618667e-06,0.8897770182637789,"[-0.34992782550006035, -0.47213354270504043, -0.41240613909192575, -0.5786349222191765, -0.7480932937731313]",0.13996830467497376,"{'n_estimators': 140, 'max_depth': 4, 'learning_rate': 0.08787793995609347, 'subsample': 0.8897770182637789, 'colsample_bytree': 0.8630479337779815, 'colsample_bylevel': 0.8190587710447663, 'reg_alpha': 0.0005350388546084122, 'reg_lambda': 2.62022736618667e-06, 'min_child_weight': 4, 'gamma': 0.026637499993376175, 'random_state': 42}",COMPLETE
93,-0.5018433586385412,2025-07-20 20:21:43.720286,2025-07-20 20:22:02.629124,0 days 00:00:18.908838,0.835621763022548,0.9145107161976883,0.012042169170284136,0.0752987845882678,5,3,150,0.0007078604867317385,0.00030236384853555214,0.852372063293341,"[-0.4310648518778294, -0.4649343620517464, -0.37147444826897763, -0.6430942903248249, -0.5986488406693278]",0.10265578492488729,"{'n_estimators': 150, 'max_depth': 5, 'learning_rate': 0.0752987845882678, 'subsample': 0.852372063293341, 'colsample_bytree': 0.9145107161976883, 'colsample_bylevel': 0.835621763022548, 'reg_alpha': 0.0007078604867317385, 'reg_lambda': 0.00030236384853555214, 'min_child_weight': 3, 'gamma': 0.012042169170284136, 'random_state': 42}",COMPLETE
94,-0.4894585935789456,2025-07-20 20:22:02.631121,2025-07-20 20:22:16.985173,0 days 00:00:14.354052,0.7934602020845226,0.8466672512610659,0.03492217568141916,0.06611750227498836,4,3,140,0.00037559117611067844,4.262608087621869e-06,0.8757182650987371,"[-0.4039710426871309, -0.45950351623442587, -0.36420232446165585, -0.6305912239918141, -0.589024860519701]",0.1036594634841921,"{'n_estimators': 140, 'max_depth': 4, 'learning_rate': 0.06611750227498836, 'subsample': 0.8757182650987371, 'colsample_bytree': 0.8466672512610659, 'colsample_bylevel': 0.7934602020845226, 'reg_alpha': 0.00037559117611067844, 'reg_lambda': 4.262608087621869e-06, 'min_child_weight': 3, 'gamma': 0.03492217568141916, 'random_state': 42}",COMPLETE
95,-0.4918923769067657,2025-07-20 20:22:16.987235,2025-07-20 20:22:34.772200,0 days 00:00:17.784965,0.8013986359321664,0.8192078455044888,0.018162834261819912,0.05847812920547647,4,3,140,0.0032713796384798905,3.124586581015443e-07,0.8422190804924726,"[-0.4310021439735422, -0.4254383224837843, -0.3501979612065885, -0.5703543249645426, -0.6824691319053707]",0.11889225886940581,"{'n_estimators': 140, 'max_depth': 4, 'learning_rate': 0.05847812920547647, 'subsample': 0.8422190804924726, 'colsample_bytree': 0.8192078455044888, 'colsample_bylevel': 0.8013986359321664, 'reg_alpha': 0.0032713796384798905, 'reg_lambda': 3.124586581015443e-07, 'min_child_weight': 3, 'gamma': 0.018162834261819912, 'random_state': 42}",COMPLETE
96,-0.4657047814540884,2025-07-20 20:22:34.774201,2025-07-20 20:22:55.747556,0 days 00:00:20.973355,0.8252764750319853,0.8726336724301528,0.002511470315285804,0.09177718807423418,5,3,150,9.61153231703656e-05,1.1965988704755745e-06,0.8581763155584953,"[-0.4218510188161209, -0.44707889864982514, -0.32780196084546326, -0.5716997323998838, -0.5600922965591488]",0.09102878289120378,"{'n_estimators': 150, 'max_depth': 5, 'learning_rate': 0.09177718807423418, 'subsample': 0.8581763155584953, 'colsample_bytree': 0.8726336724301528, 'colsample_bylevel': 0.8252764750319853, 'reg_alpha': 9.61153231703656e-05, 'reg_lambda': 1.1965988704755745e-06, 'min_child_weight': 3, 'gamma': 0.002511470315285804, 'random_state': 42}",COMPLETE
97,-0.4835668215702212,2025-07-20 20:22:55.749493,2025-07-20 20:23:19.018323,0 days 00:00:23.268830,0.8261792931579163,0.8719925729780615,0.0017446671209099868,0.04779258016691097,5,3,150,0.04416989416289967,1.4159427283509142e-06,0.8931504824727943,"[-0.4070800172049468, -0.4499486546347606, -0.3674189893611351, -0.627133611074987, -0.5662528355752764]",0.09789701862440163,"{'n_estimators': 150, 'max_depth': 5, 'learning_rate': 0.04779258016691097, 'subsample': 0.8931504824727943, 'colsample_bytree': 0.8719925729780615, 'colsample_bylevel': 0.8261792931579163, 'reg_alpha': 0.04416989416289967, 'reg_lambda': 1.4159427283509142e-06, 'min_child_weight': 3, 'gamma': 0.0017446671209099868, 'random_state': 42}",COMPLETE
98,-0.5177518747632431,2025-07-20 20:23:19.020346,2025-07-20 20:23:36.182928,0 days 00:00:17.162582,0.825257408827058,0.8761623944109943,0.0020989989155622162,0.04498019007055159,5,4,150,0.04966866632218922,1.2945911333840703e-06,0.897409909277898,"[-0.4083503290332413, -0.46711987997935206, -0.3563372364260072, -0.6413475690850644, -0.7156043592925505]",0.13784664222443957,"{'n_estimators': 150, 'max_depth': 5, 'learning_rate': 0.04498019007055159, 'subsample': 0.897409909277898, 'colsample_bytree': 0.8761623944109943, 'colsample_bylevel': 0.825257408827058, 'reg_alpha': 0.04966866632218922, 'reg_lambda': 1.2945911333840703e-06, 'min_child_weight': 4, 'gamma': 0.0020989989155622162, 'random_state': 42}",COMPLETE
99,-0.4905694147102701,2025-07-20 20:23:36.183928,2025-07-20 20:23:37.601446,0 days 00:00:01.417518,0.7808207626273898,0.8517306838775074,0.00823304019105201,0.05327912379324373,5,3,150,0.12396218272979781,9.533161504253179e-08,0.9177012141531233,"[-0.4309178356668399, -0.4490279105299417, -0.3768595414657383, -0.6086302898951962, -0.5874114959936346]",0.09113802903503104,"{'n_estimators': 150, 'max_depth': 5, 'learning_rate': 0.05327912379324373, 'subsample': 0.9177012141531233, 'colsample_bytree': 0.8517306838775074, 'colsample_bylevel': 0.7808207626273898, 'reg_alpha': 0.12396218272979781, 'reg_lambda': 9.533161504253179e-08, 'min_child_weight': 3, 'gamma': 0.00823304019105201, 'random_state': 42}",COMPLETE
