number,value,datetime_start,datetime_complete,duration,params_colsample_bylevel,params_colsample_bytree,params_gamma,params_learning_rate,params_max_depth,params_min_child_weight,params_n_estimators,params_reg_alpha,params_reg_lambda,params_subsample,user_attrs_cv_scores,user_attrs_cv_std,user_attrs_params,state
58,-0.8304409918228421,2025-07-20 20:15:02.640771,2025-07-20 20:15:06.836498,0 days 00:00:04.195727,0.8440989034720796,0.892975978703711,7.775128335574586e-07,0.20761042963228965,8,1,110,9.306998894813363,3.0198333292646728e-05,0.7740708721188134,"[-0.7105280049915126, -0.7213659114345137, -1.0423433793340444, -0.8351187558999017, -0.8428489074542383]",0.11946125501814815,"{'n_estimators': 110, 'max_depth': 8, 'learning_rate': 0.20761042963228965, 'subsample': 0.7740708721188134, 'colsample_bytree': 0.892975978703711, 'colsample_bylevel': 0.8440989034720796, 'reg_alpha': 9.306998894813363, 'reg_lambda': 3.0198333292646728e-05, 'min_child_weight': 1, 'gamma': 7.775128335574586e-07, 'random_state': 42}",COMPLETE
59,-0.49507630228559585,2025-07-20 20:15:06.837498,2025-07-20 20:15:09.305872,0 days 00:00:02.468374,0.7837200498873307,0.7940457566903473,3.290417123311531e-05,0.04810390583840184,8,3,150,0.0003231862368616981,1.4281896565688039e-07,0.9747174407791024,"[-0.41486678200464816, -0.48714466767348574, -0.4006933947430314, -0.5977766940811305, -0.5748999729256834]",0.0804037313523714,"{'n_estimators': 150, 'max_depth': 8, 'learning_rate': 0.04810390583840184, 'subsample': 0.9747174407791024, 'colsample_bytree': 0.7940457566903473, 'colsample_bylevel': 0.7837200498873307, 'reg_alpha': 0.0003231862368616981, 'reg_lambda': 1.4281896565688039e-07, 'min_child_weight': 3, 'gamma': 3.290417123311531e-05, 'random_state': 42}",COMPLETE
60,-0.5091200987252167,2025-07-20 20:15:09.306872,2025-07-20 20:15:10.587180,0 days 00:00:01.280308,0.823422966419613,0.9792078164672245,0.003059627608562841,0.2521299554629203,6,2,120,6.460133906179862e-06,0.09839251540472711,0.9384100937826806,"[-0.4904447579798548, -0.4609673654361632, -0.4266812825182194, -0.5430754494049742, -0.6244316382868715]",0.06915682104989727,"{'n_estimators': 120, 'max_depth': 6, 'learning_rate': 0.2521299554629203, 'subsample': 0.9384100937826806, 'colsample_bytree': 0.9792078164672245, 'colsample_bylevel': 0.823422966419613, 'reg_alpha': 6.460133906179862e-06, 'reg_lambda': 0.09839251540472711, 'min_child_weight': 2, 'gamma': 0.003059627608562841, 'random_state': 42}",COMPLETE
61,-0.4750312068465491,2025-07-20 20:15:10.588181,2025-07-20 20:15:19.664551,0 days 00:00:09.076370,0.8790532115295757,0.8215077864125958,0.018170838204259545,0.09505311577857378,5,2,120,7.200032969409404e-07,0.0077701067353376585,0.6891956363993562,"[-0.4099015558857985, -0.4033788899988975, -0.41291404971831563, -0.5607013201782136, -0.5882602184515203]",0.08172471418230602,"{'n_estimators': 120, 'max_depth': 5, 'learning_rate': 0.09505311577857378, 'subsample': 0.6891956363993562, 'colsample_bytree': 0.8215077864125958, 'colsample_bylevel': 0.8790532115295757, 'reg_alpha': 7.200032969409404e-07, 'reg_lambda': 0.0077701067353376585, 'min_child_weight': 2, 'gamma': 0.018170838204259545, 'random_state': 42}",COMPLETE
62,-0.5148677205141958,2025-07-20 20:15:19.666552,2025-07-20 20:15:37.533300,0 days 00:00:17.866748,0.8964678737048262,0.8294941731738326,0.016981270109946822,0.06973153631388165,5,2,120,5.590098256584994e-07,0.009536768711823775,0.641722772883774,"[-0.4542006463362588, -0.4521402957487354, -0.424944747056642, -0.6158661561527877, -0.6271867572765555]",0.0877697156006932,"{'n_estimators': 120, 'max_depth': 5, 'learning_rate': 0.06973153631388165, 'subsample': 0.641722772883774, 'colsample_bytree': 0.8294941731738326, 'colsample_bylevel': 0.8964678737048262, 'reg_alpha': 5.590098256584994e-07, 'reg_lambda': 0.009536768711823775, 'min_child_weight': 2, 'gamma': 0.016981270109946822, 'random_state': 42}",COMPLETE
63,-0.5005366452117569,2025-07-20 20:15:37.535302,2025-07-20 20:15:53.678786,0 days 00:00:16.143484,0.881834696628425,0.8011686425053086,0.0008120614587022304,0.12062546772820261,7,1,100,1.980565193634645e-05,0.003524415651696918,0.680730331200602,"[-0.42861514733193873, -0.48253640799297154, -0.4611947286991068, -0.6211097501381667, -0.5092271918966004]",0.06581473395125752,"{'n_estimators': 100, 'max_depth': 7, 'learning_rate': 0.12062546772820261, 'subsample': 0.680730331200602, 'colsample_bytree': 0.8011686425053086, 'colsample_bylevel': 0.881834696628425, 'reg_alpha': 1.980565193634645e-05, 'reg_lambda': 0.003524415651696918, 'min_child_weight': 1, 'gamma': 0.0008120614587022304, 'random_state': 42}",COMPLETE
64,-0.4977312521106799,2025-07-20 20:15:53.680692,2025-07-20 20:16:06.875402,0 days 00:00:13.194710,0.9271585379913286,0.7688169478885816,0.026931005115494504,0.10463570900088144,9,2,130,1.6957625857427035e-06,0.02353958902921312,0.8990193444457291,"[-0.40980149006469463, -0.48968280142474807, -0.4414851687376126, -0.606946364648047, -0.5407404356782971]",0.07033885581159285,"{'n_estimators': 130, 'max_depth': 9, 'learning_rate': 0.10463570900088144, 'subsample': 0.8990193444457291, 'colsample_bytree': 0.7688169478885816, 'colsample_bylevel': 0.9271585379913286, 'reg_alpha': 1.6957625857427035e-06, 'reg_lambda': 0.02353958902921312, 'min_child_weight': 2, 'gamma': 0.026931005115494504, 'random_state': 42}",COMPLETE
65,-0.5660589632530849,2025-07-20 20:16:06.876342,2025-07-20 20:16:19.194848,0 days 00:00:12.318506,0.8559586065694768,0.8530832254368986,0.008695858274658616,0.06219178266406387,4,4,120,2.1314124715341525e-07,0.0009971771224389157,0.6134404973330367,"[-0.44575746980044406, -0.47288315982136564, -0.4664576725731173, -0.6895526508310466, -0.7556438632394509]",0.12982120162103042,"{'n_estimators': 120, 'max_depth': 4, 'learning_rate': 0.06219178266406387, 'subsample': 0.6134404973330367, 'colsample_bytree': 0.8530832254368986, 'colsample_bylevel': 0.8559586065694768, 'reg_alpha': 2.1314124715341525e-07, 'reg_lambda': 0.0009971771224389157, 'min_child_weight': 4, 'gamma': 0.008695858274658616, 'random_state': 42}",COMPLETE
66,-0.7757741158204164,2025-07-20 20:16:19.196845,2025-07-20 20:16:26.581168,0 days 00:00:07.384323,0.997750948884309,0.8694356082542029,0.003653488697021742,0.08901123887003465,6,10,110,4.962220296955966e-05,1.8137250129652654e-06,0.7858020640892224,"[-0.5286031705734046, -0.6902245808240571, -1.0106528343424566, -0.8604808761865987, -0.7889091171755652]",0.16181963727513668,"{'n_estimators': 110, 'max_depth': 6, 'learning_rate': 0.08901123887003465, 'subsample': 0.7858020640892224, 'colsample_bytree': 0.8694356082542029, 'colsample_bylevel': 0.997750948884309, 'reg_alpha': 4.962220296955966e-05, 'reg_lambda': 1.8137250129652654e-06, 'min_child_weight': 10, 'gamma': 0.003653488697021742, 'random_state': 42}",COMPLETE
67,-0.5027749340891818,2025-07-20 20:16:26.582864,2025-07-20 20:16:40.590590,0 days 00:00:14.007726,0.9064826311601527,0.9678632004467674,0.04694227799429437,0.03919091316565264,5,1,80,6.840662136824829e-08,0.38921340101383445,0.8680843268864538,"[-0.4167314603264201, -0.49765202472626713, -0.4648083510928865, -0.6417733466693788, -0.49290948763095715]",0.07521844286550079,"{'n_estimators': 80, 'max_depth': 5, 'learning_rate': 0.03919091316565264, 'subsample': 0.8680843268864538, 'colsample_bytree': 0.9678632004467674, 'colsample_bylevel': 0.9064826311601527, 'reg_alpha': 6.840662136824829e-08, 'reg_lambda': 0.38921340101383445, 'min_child_weight': 1, 'gamma': 0.04694227799429437, 'random_state': 42}",COMPLETE
68,-0.4867287221744331,2025-07-20 20:16:40.591590,2025-07-20 20:16:53.358452,0 days 00:00:12.766862,0.8660052682832301,0.8391388722207203,0.000281620236701844,0.22101047650546493,7,2,70,0.00012831237464173612,0.0005515300342544911,0.8449783719692311,"[-0.45101615224540015, -0.4668637738856829, -0.4577921424168681, -0.5184064035656312, -0.5395651387585827]",0.03550349809608277,"{'n_estimators': 70, 'max_depth': 7, 'learning_rate': 0.22101047650546493, 'subsample': 0.8449783719692311, 'colsample_bytree': 0.8391388722207203, 'colsample_bylevel': 0.8660052682832301, 'reg_alpha': 0.00012831237464173612, 'reg_lambda': 0.0005515300342544911, 'min_child_weight': 2, 'gamma': 0.000281620236701844, 'random_state': 42}",COMPLETE
69,-0.5519717140097621,2025-07-20 20:16:53.359648,2025-07-20 20:17:05.228116,0 days 00:00:11.868468,0.8078704042997783,0.7468996675849598,0.00021256395618548914,0.21835752478690038,8,2,70,0.00011915391113342106,0.00029991713133505185,0.8511172423718026,"[-0.38090119054231963, -0.5721585181213743, -0.48806168442368597, -0.7126572644779114, -0.606079912483519]",0.11180757238459849,"{'n_estimators': 70, 'max_depth': 8, 'learning_rate': 0.21835752478690038, 'subsample': 0.8511172423718026, 'colsample_bytree': 0.7468996675849598, 'colsample_bylevel': 0.8078704042997783, 'reg_alpha': 0.00011915391113342106, 'reg_lambda': 0.00029991713133505185, 'min_child_weight': 2, 'gamma': 0.00021256395618548914, 'random_state': 42}",COMPLETE
70,-0.570132651668587,2025-07-20 20:17:05.229116,2025-07-20 20:17:12.733249,0 days 00:00:07.504133,0.9458719548886456,0.8425728202235442,8.777782041241904e-06,0.1809321283091218,7,4,60,0.0016887173403404006,0.00011122778757359604,0.8092606657599816,"[-0.40400892894459445, -0.49402175684458816, -0.46198009159339615, -0.6354427116432815, -0.8552097693170742]",0.16163001129374033,"{'n_estimators': 60, 'max_depth': 7, 'learning_rate': 0.1809321283091218, 'subsample': 0.8092606657599816, 'colsample_bytree': 0.8425728202235442, 'colsample_bylevel': 0.9458719548886456, 'reg_alpha': 0.0016887173403404006, 'reg_lambda': 0.00011122778757359604, 'min_child_weight': 4, 'gamma': 8.777782041241904e-06, 'random_state': 42}",COMPLETE
71,-0.4926621061906327,2025-07-20 20:17:12.735251,2025-07-20 20:17:31.603621,0 days 00:00:18.868370,0.8629339992658953,0.800828023723627,2.4477719189972716e-07,0.15058617672127894,7,2,90,9.105549494315757e-06,0.0006512154688633815,0.8287793117213426,"[-0.45214943346427705, -0.4641324617368772, -0.42162422394156546, -0.5089820511802466, -0.6164223606301972]",0.06794783169746127,"{'n_estimators': 90, 'max_depth': 7, 'learning_rate': 0.15058617672127894, 'subsample': 0.8287793117213426, 'colsample_bytree': 0.800828023723627, 'colsample_bylevel': 0.8629339992658953, 'reg_alpha': 9.105549494315757e-06, 'reg_lambda': 0.0006512154688633815, 'min_child_weight': 2, 'gamma': 2.4477719189972716e-07, 'random_state': 42}",COMPLETE
72,-0.5057141949536804,2025-07-20 20:17:31.605623,2025-07-20 20:17:42.254894,0 days 00:00:10.649271,0.8866943614419107,0.8257176081164116,5.109393241042468e-08,0.055047465707825545,6,2,50,0.00036730197349681284,0.0022209866114243242,0.841999478913782,"[-0.43328603374547414, -0.4813030250553064, -0.47713692705079164, -0.5670002696545451, -0.5698447192622849]",0.0539019685965905,"{'n_estimators': 50, 'max_depth': 6, 'learning_rate': 0.055047465707825545, 'subsample': 0.841999478913782, 'colsample_bytree': 0.8257176081164116, 'colsample_bylevel': 0.8866943614419107, 'reg_alpha': 0.00036730197349681284, 'reg_lambda': 0.0022209866114243242, 'min_child_weight': 2, 'gamma': 5.109393241042468e-08, 'random_state': 42}",COMPLETE
73,-0.5191094779558364,2025-07-20 20:17:42.255895,2025-07-20 20:17:52.563732,0 days 00:00:10.307837,0.8735330374476035,0.8087052547801177,0.0019886095581270777,0.2695447475571903,8,3,70,9.066362115597084e-07,0.008529813717134611,0.7951454454083867,"[-0.4376272926293156, -0.39185360578168305, -0.5088351974969569, -0.5986154772468998, -0.6586158166243263]",0.09871391676890917,"{'n_estimators': 70, 'max_depth': 8, 'learning_rate': 0.2695447475571903, 'subsample': 0.7951454454083867, 'colsample_bytree': 0.8087052547801177, 'colsample_bylevel': 0.8735330374476035, 'reg_alpha': 9.066362115597084e-07, 'reg_lambda': 0.008529813717134611, 'min_child_weight': 3, 'gamma': 0.0019886095581270777, 'random_state': 42}",COMPLETE
74,-0.5116505067338997,2025-07-20 20:17:52.566754,2025-07-20 20:18:06.242593,0 days 00:00:13.675839,0.8389001573923268,0.8617515137239017,0.0003675133510951691,0.1343127061260866,7,1,120,4.2592648487997545e-06,0.003658914777204444,0.8767655353506989,"[-0.4268228135718118, -0.5741616883921036, -0.5712810329620465, -0.46714167074646495, -0.5188453279970714]",0.057778866295069085,"{'n_estimators': 120, 'max_depth': 7, 'learning_rate': 0.1343127061260866, 'subsample': 0.8767655353506989, 'colsample_bytree': 0.8617515137239017, 'colsample_bylevel': 0.8389001573923268, 'reg_alpha': 4.2592648487997545e-06, 'reg_lambda': 0.003658914777204444, 'min_child_weight': 1, 'gamma': 0.0003675133510951691, 'random_state': 42}",COMPLETE
75,-0.5093612003951853,2025-07-20 20:18:06.244116,2025-07-20 20:18:13.135058,0 days 00:00:06.890942,0.8991826865249232,0.7846220605997947,0.0008653529672841145,0.22659548018416356,3,2,60,0.0006693175569387997,0.06473711121623207,0.76196051389291,"[-0.3882287729743028, -0.44486278859125644, -0.49560061214809054, -0.5753716713294255, -0.6427421569328512]",0.09074174973723344,"{'n_estimators': 60, 'max_depth': 3, 'learning_rate': 0.22659548018416356, 'subsample': 0.76196051389291, 'colsample_bytree': 0.7846220605997947, 'colsample_bylevel': 0.8991826865249232, 'reg_alpha': 0.0006693175569387997, 'reg_lambda': 0.06473711121623207, 'min_child_weight': 2, 'gamma': 0.0008653529672841145, 'random_state': 42}",COMPLETE
76,-0.5145908935900757,2025-07-20 20:18:13.136056,2025-07-20 20:18:29.708284,0 days 00:00:16.572228,0.7465528893842609,0.8423875862907432,5.678684152423879e-05,0.07542187981327887,7,3,100,0.0001288160224163888,0.01063960687535671,0.6971421775008075,"[-0.42097876416094326, -0.44868613371198673, -0.38327996095735434, -0.5520599225977092, -0.767949686522385]",0.13852352527322714,"{'n_estimators': 100, 'max_depth': 7, 'learning_rate': 0.07542187981327887, 'subsample': 0.6971421775008075, 'colsample_bytree': 0.8423875862907432, 'colsample_bylevel': 0.7465528893842609, 'reg_alpha': 0.0001288160224163888, 'reg_lambda': 0.01063960687535671, 'min_child_weight': 3, 'gamma': 5.678684152423879e-05, 'random_state': 42}",COMPLETE
77,-0.531461308767834,2025-07-20 20:18:29.710959,2025-07-20 20:18:53.808580,0 days 00:00:24.097621,0.8260023272395728,0.9474628357951034,2.4793616640169585e-05,0.11508352389526846,9,1,110,2.6826931446918588e-05,0.00048107340537523104,0.7447021975824838,"[-0.4556721620811832, -0.5336036773155186, -0.4960607610170468, -0.6549725182168323, -0.5169974252085889]",0.06703134500621373,"{'n_estimators': 110, 'max_depth': 9, 'learning_rate': 0.11508352389526846, 'subsample': 0.7447021975824838, 'colsample_bytree': 0.9474628357951034, 'colsample_bylevel': 0.8260023272395728, 'reg_alpha': 2.6826931446918588e-05, 'reg_lambda': 0.00048107340537523104, 'min_child_weight': 1, 'gamma': 2.4793616640169585e-05, 'random_state': 42}",COMPLETE
78,-0.48620286803971374,2025-07-20 20:18:53.811090,2025-07-20 20:19:05.354388,0 days 00:00:11.543298,0.8560805761089468,0.8776404372357876,0.06660487628428984,0.09854479308720432,4,2,130,0.00024020451791001052,0.001791219869361092,0.7179969517134771,"[-0.42432666346598535, -0.400451664577122, -0.4115509862752203, -0.6329696465724736, -0.5617153793077673]",0.09380561142874629,"{'n_estimators': 130, 'max_depth': 4, 'learning_rate': 0.09854479308720432, 'subsample': 0.7179969517134771, 'colsample_bytree': 0.8776404372357876, 'colsample_bylevel': 0.8560805761089468, 'reg_alpha': 0.00024020451791001052, 'reg_lambda': 0.001791219869361092, 'min_child_weight': 2, 'gamma': 0.06660487628428984, 'random_state': 42}",COMPLETE
79,-0.519327082358634,2025-07-20 20:19:05.355393,2025-07-20 20:19:20.633305,0 days 00:00:15.277912,0.8555123446596473,0.833730946406915,0.005068442507029164,0.16449007504575552,4,2,140,0.006442454537733986,4.828935166974924e-05,0.6670741311556595,"[-0.44732890698210537, -0.3623179668464857, -0.4647330694152449, -0.6692994090238242, -0.6529560595255102]",0.12096653104454592,"{'n_estimators': 140, 'max_depth': 4, 'learning_rate': 0.16449007504575552, 'subsample': 0.6670741311556595, 'colsample_bytree': 0.833730946406915, 'colsample_bylevel': 0.8555123446596473, 'reg_alpha': 0.006442454537733986, 'reg_lambda': 4.828935166974924e-05, 'min_child_weight': 2, 'gamma': 0.005068442507029164, 'random_state': 42}",COMPLETE
80,-0.5045408944624674,2025-07-20 20:19:20.635379,2025-07-20 20:19:29.537125,0 days 00:00:08.901746,0.8044136522477904,0.9152314635471335,0.06747869816020667,0.20613432480065763,4,1,130,1.2114343199720325e-07,0.0015791644338155198,0.7312327362786893,"[-0.4453381687419501, -0.496996621674578, -0.5033092205387397, -0.6110893803158431, -0.4659710810412264]",0.057277580518537326,"{'n_estimators': 130, 'max_depth': 4, 'learning_rate': 0.20613432480065763, 'subsample': 0.7312327362786893, 'colsample_bytree': 0.9152314635471335, 'colsample_bylevel': 0.8044136522477904, 'reg_alpha': 1.2114343199720325e-07, 'reg_lambda': 0.0015791644338155198, 'min_child_weight': 1, 'gamma': 0.06747869816020667, 'random_state': 42}",COMPLETE
81,-0.48905704774456416,2025-07-20 20:19:29.539047,2025-07-20 20:19:38.474172,0 days 00:00:08.935125,0.871437351236495,0.89485686712951,0.26097402091339117,0.09821748881290267,3,2,130,0.0002303099888895036,0.003955809187848387,0.8208482909088584,"[-0.4028027043296708, -0.4222237645095472, -0.4291507691349827, -0.6094444020161062, -0.581663598732514]",0.08782294697531014,"{'n_estimators': 130, 'max_depth': 3, 'learning_rate': 0.09821748881290267, 'subsample': 0.8208482909088584, 'colsample_bytree': 0.89485686712951, 'colsample_bylevel': 0.871437351236495, 'reg_alpha': 0.0002303099888895036, 'reg_lambda': 0.003955809187848387, 'min_child_weight': 2, 'gamma': 0.26097402091339117, 'random_state': 42}",COMPLETE
82,-0.5507299599446142,2025-07-20 20:19:38.475298,2025-07-20 20:19:46.569671,0 days 00:00:08.094373,0.8893676568274843,0.9306047080098133,1.2113396000279257,0.09859664309736829,2,3,140,0.0002189307831395349,0.023892697775728836,0.6928872078694652,"[-0.46814072318208966, -0.42588871281313695, -0.4897098834069269, -0.6732079001584678, -0.6967025801624492]",0.11174848584863485,"{'n_estimators': 140, 'max_depth': 2, 'learning_rate': 0.09859664309736829, 'subsample': 0.6928872078694652, 'colsample_bytree': 0.9306047080098133, 'colsample_bylevel': 0.8893676568274843, 'reg_alpha': 0.0002189307831395349, 'reg_lambda': 0.023892697775728836, 'min_child_weight': 3, 'gamma': 1.2113396000279257, 'random_state': 42}",COMPLETE
83,-0.6265866177409611,2025-07-20 20:19:46.571691,2025-07-20 20:19:54.874930,0 days 00:00:08.303239,0.8637655610561121,0.8917802397256384,0.012014320180810922,0.2727679832612751,3,6,130,2.2968900770802457e-08,0.0010677552669509825,0.7188887886811273,"[-0.5404985124376662, -0.619954407911091, -0.4857903297226436, -0.7525303198465734, -0.7341595187868313]",0.10460639362980392,"{'n_estimators': 130, 'max_depth': 3, 'learning_rate': 0.2727679832612751, 'subsample': 0.7188887886811273, 'colsample_bytree': 0.8917802397256384, 'colsample_bylevel': 0.8637655610561121, 'reg_alpha': 2.2968900770802457e-08, 'reg_lambda': 0.0010677552669509825, 'min_child_weight': 6, 'gamma': 0.012014320180810922, 'random_state': 42}",COMPLETE
84,-0.5349401635034875,2025-07-20 20:19:54.875926,2025-07-20 20:20:04.730591,0 days 00:00:09.854665,0.9272571119349405,0.8742154320752492,0.7300782571276458,0.02795615403460123,2,2,130,6.677034935237214e-05,6.606335861444436e-07,0.8348795068870206,"[-0.4084861454209731, -0.4378235624182458, -0.5554899403118502, -0.7236063747176557, -0.5492947946487126]",0.11103651733701028,"{'n_estimators': 130, 'max_depth': 2, 'learning_rate': 0.02795615403460123, 'subsample': 0.8348795068870206, 'colsample_bytree': 0.8742154320752492, 'colsample_bylevel': 0.9272571119349405, 'reg_alpha': 6.677034935237214e-05, 'reg_lambda': 6.606335861444436e-07, 'min_child_weight': 2, 'gamma': 0.7300782571276458, 'random_state': 42}",COMPLETE
85,-0.6932089133841051,2025-07-20 20:20:04.732382,2025-07-20 20:20:12.596959,0 days 00:00:07.864577,0.8470132896885723,0.8549326614877528,4.905238739511485,0.12618859686939796,3,2,150,0.0011325974597152016,0.00016091286471844955,0.819975153907045,"[-0.59056024111507, -0.4823838188453738, -0.8790219066296338, -0.7658327481219201, -0.7482458522085276]",0.13986688305092979,"{'n_estimators': 150, 'max_depth': 3, 'learning_rate': 0.12618859686939796, 'subsample': 0.819975153907045, 'colsample_bytree': 0.8549326614877528, 'colsample_bylevel': 0.8470132896885723, 'reg_alpha': 0.0011325974597152016, 'reg_lambda': 0.00016091286471844955, 'min_child_weight': 2, 'gamma': 4.905238739511485, 'random_state': 42}",COMPLETE
86,-0.5304487188241485,2025-07-20 20:20:12.597942,2025-07-20 20:20:23.228541,0 days 00:00:10.630599,0.8789874215100928,0.9004434431332683,0.11703953840503224,0.09823743953034789,5,1,120,0.0021319134814663794,0.0007353264338631519,0.642095340815994,"[-0.388001791713743, -0.5227629108667359, -0.48325637337175886, -0.6067693279754971, -0.651453190193007]",0.09278387104334772,"{'n_estimators': 120, 'max_depth': 5, 'learning_rate': 0.09823743953034789, 'subsample': 0.642095340815994, 'colsample_bytree': 0.9004434431332683, 'colsample_bylevel': 0.8789874215100928, 'reg_alpha': 0.0021319134814663794, 'reg_lambda': 0.0007353264338631519, 'min_child_weight': 1, 'gamma': 0.11703953840503224, 'random_state': 42}",COMPLETE
