number,value,datetime_start,datetime_complete,duration,params_colsample_bylevel,params_colsample_bytree,params_gamma,params_learning_rate,params_max_depth,params_min_child_weight,params_n_estimators,params_reg_alpha,params_reg_lambda,params_subsample,user_attrs_cv_scores,user_attrs_cv_std,user_attrs_params,state
0,0.7143211195518434,2025-12-26 13:01:30.437847,2025-12-26 13:01:30.533899,0 days 00:00:00.096052,0.662397808134481,0.6624074561769746,0.02358594058414266,0.1205712628744377,10,7,90,3.3323645788192616e-08,0.6245760287469887,0.8394633936788146,"[0.7514005602240896, 0.6775032820145602, 0.6580086580086579, 0.7169867947178872, 0.7677063027940221]",0.04185359009794263,"{'n_estimators': 90, 'max_depth': 10, 'learning_rate': 0.1205712628744377, 'subsample': 0.8394633936788146, 'colsample_bytree': 0.6624074561769746, 'colsample_bylevel': 0.662397808134481, 'reg_alpha': 3.3323645788192616e-08, 'reg_lambda': 0.6245760287469887, 'min_child_weight': 7, 'gamma': 0.02358594058414266, 'random_state': 42}",COMPLETE
1,0.7422391209786168,2025-12-26 13:01:30.534444,2025-12-26 13:01:30.603559,0 days 00:00:00.069115,0.6733618039413735,0.6727299868828402,4.17890272377219e-06,0.1696753360719655,10,5,50,5.472429642032189e-06,0.00052821153945323,0.6849356442713105,"[0.7490196078431373, 0.6819727891156463, 0.696081696081696, 0.7327053898482471, 0.8514161220043573]",0.05969761002534899,"{'n_estimators': 50, 'max_depth': 10, 'learning_rate': 0.1696753360719655, 'subsample': 0.6849356442713105, 'colsample_bytree': 0.6727299868828402, 'colsample_bylevel': 0.6733618039413735, 'reg_alpha': 5.472429642032189e-06, 'reg_lambda': 0.00052821153945323, 'min_child_weight': 5, 'gamma': 4.17890272377219e-06, 'random_state': 42}",COMPLETE
2,0.7458745837516293,2025-12-26 13:01:30.604182,2025-12-26 13:01:30.742505,0 days 00:00:00.138323,0.9140703845572055,0.7824279936868144,2.6185068507773707e-08,0.027010527749605478,2,6,110,6.267062696005991e-07,0.00042472707398058225,0.7465447373174766,"[0.7857142857142857, 0.7155985201097982, 0.7065759637188209, 0.7209550486861411, 0.8005291005291005]",0.039131375776119914,"{'n_estimators': 110, 'max_depth': 2, 'learning_rate': 0.027010527749605478, 'subsample': 0.7465447373174766, 'colsample_bytree': 0.7824279936868144, 'colsample_bylevel': 0.9140703845572055, 'reg_alpha': 6.267062696005991e-07, 'reg_lambda': 0.00042472707398058225, 'min_child_weight': 6, 'gamma': 2.6185068507773707e-08, 'random_state': 42}",COMPLETE
3,0.6792207379277997,2025-12-26 13:01:30.743097,2025-12-26 13:01:30.896302,0 days 00:00:00.153205,0.9233589392465844,0.9862528132298237,9.148975058772307e-05,0.012476394272569451,2,7,110,5.514725787121931e-06,7.569183361880229e-08,0.9795542149013333,"[0.75, 0.5794871794871794, 0.6447070056092612, 0.6873416033079899, 0.7345679012345678]",0.062091772849386086,"{'n_estimators': 110, 'max_depth': 2, 'learning_rate': 0.012476394272569451, 'subsample': 0.9795542149013333, 'colsample_bytree': 0.9862528132298237, 'colsample_bylevel': 0.9233589392465844, 'reg_alpha': 5.514725787121931e-06, 'reg_lambda': 7.569183361880229e-08, 'min_child_weight': 7, 'gamma': 9.148975058772307e-05, 'random_state': 42}",COMPLETE
4,0.684060175740848,2025-12-26 13:01:30.896941,2025-12-26 13:01:31.018846,0 days 00:00:00.121905,0.8650089137415928,0.7035119926400067,4.609885087947832e-07,0.011240768803005551,5,6,60,6.388511557344611e-06,0.0004793052550782129,0.9637281608315128,"[0.7873949579831933, 0.6482565053993625, 0.5515873015873015, 0.6873416033079899, 0.7457205104263928]",0.0816355401254966,"{'n_estimators': 60, 'max_depth': 5, 'learning_rate': 0.011240768803005551, 'subsample': 0.9637281608315128, 'colsample_bytree': 0.7035119926400067, 'colsample_bylevel': 0.8650089137415928, 'reg_alpha': 6.388511557344611e-06, 'reg_lambda': 0.0004793052550782129, 'min_child_weight': 6, 'gamma': 4.609885087947832e-07, 'random_state': 42}",COMPLETE
5,0.6730528546701333,2025-12-26 13:01:31.019953,2025-12-26 13:01:31.208874,0 days 00:00:00.188921,0.9687496940092467,0.8391599915244341,8.471746987003668e-06,0.2442046084491143,8,1,150,6.257956190096665e-08,5.805581976088804e-07,0.9579309401710595,"[0.6796918767507003, 0.6421768707482993, 0.630952380952381, 0.6447368421052632, 0.7677063027940221]",0.050061811181582996,"{'n_estimators': 150, 'max_depth': 8, 'learning_rate': 0.2442046084491143, 'subsample': 0.9579309401710595, 'colsample_bytree': 0.8391599915244341, 'colsample_bylevel': 0.9687496940092467, 'reg_alpha': 6.257956190096665e-08, 'reg_lambda': 5.805581976088804e-07, 'min_child_weight': 1, 'gamma': 8.471746987003668e-06, 'random_state': 42}",COMPLETE
6,0.557989839810568,2025-12-26 13:01:31.209401,2025-12-26 13:01:31.301880,0 days 00:00:00.092479,0.8170784332632994,0.7123738038749523,7.6204817861585425,0.16755052359850306,3,1,90,1.8548894229694903e-07,0.16587190283399628,0.7427013306774357,"[0.5175070028011205, 0.543694400837258, 0.5365079365079365, 0.5714285714285714, 0.620811287477954]",0.03586593267100014,"{'n_estimators': 90, 'max_depth': 3, 'learning_rate': 0.16755052359850306, 'subsample': 0.7427013306774357, 'colsample_bytree': 0.7123738038749523, 'colsample_bylevel': 0.8170784332632994, 'reg_alpha': 1.8548894229694903e-07, 'reg_lambda': 0.16587190283399628, 'min_child_weight': 1, 'gamma': 7.6204817861585425, 'random_state': 42}",COMPLETE
7,0.7031595649597175,2025-12-26 13:01:31.302944,2025-12-26 13:01:31.484293,0 days 00:00:00.181349,0.8916028672163949,0.8827429375390469,1.1036250149900698e-07,0.010189592979395137,2,4,130,0.08738424135626989,4.638759594322625e-08,0.9261845713819337,"[0.7880952380952381, 0.6048506359065365, 0.6317896389324961, 0.7233560090702947, 0.7677063027940221]",0.0728650233835968,"{'n_estimators': 130, 'max_depth': 2, 'learning_rate': 0.010189592979395137, 'subsample': 0.9261845713819337, 'colsample_bytree': 0.8827429375390469, 'colsample_bylevel': 0.8916028672163949, 'reg_alpha': 0.08738424135626989, 'reg_lambda': 4.638759594322625e-08, 'min_child_weight': 4, 'gamma': 1.1036250149900698e-07, 'random_state': 42}",COMPLETE
8,0.6612096943631663,2025-12-26 13:01:31.484951,2025-12-26 13:01:31.624127,0 days 00:00:00.139176,0.7300733288106988,0.7243929286862648,0.0001778010520878397,0.030816017044468066,7,9,140,0.03685153691188181,0.005470376807480385,0.6254233401144095,"[0.7065580618212197, 0.6808056555955716, 0.4780457637600494, 0.6401098901098902, 0.8005291005291005]",0.10568311149438316,"{'n_estimators': 140, 'max_depth': 7, 'learning_rate': 0.030816017044468066, 'subsample': 0.6254233401144095, 'colsample_bytree': 0.7243929286862648, 'colsample_bylevel': 0.7300733288106988, 'reg_alpha': 0.03685153691188181, 'reg_lambda': 0.005470376807480385, 'min_child_weight': 9, 'gamma': 0.0001778010520878397, 'random_state': 42}",COMPLETE
9,0.6927723376050074,2025-12-26 13:01:31.624698,2025-12-26 13:01:31.760755,0 days 00:00:00.136057,0.7975182385457563,0.9083868719818244,9.354548757337708e-08,0.13297554090738672,8,1,60,0.0005065186776865479,7.04480806377519e-05,0.8245108790277985,"[0.7823129251700679, 0.5753301320528211, 0.5879120879120878, 0.7506002400960384, 0.7677063027940221]",0.09139477652205331,"{'n_estimators': 60, 'max_depth': 8, 'learning_rate': 0.13297554090738672, 'subsample': 0.8245108790277985, 'colsample_bytree': 0.9083868719818244, 'colsample_bylevel': 0.7975182385457563, 'reg_alpha': 0.0005065186776865479, 'reg_lambda': 7.04480806377519e-05, 'min_child_weight': 1, 'gamma': 9.354548757337708e-08, 'random_state': 42}",COMPLETE
10,0.5771511402538245,2025-12-26 13:01:31.761354,2025-12-26 13:01:31.885693,0 days 00:00:00.124339,0.9630659181130072,0.7859956251031079,1.290626345465208e-08,0.0431646733732235,4,10,110,4.3444691085504035,8.476957030644504e-06,0.7387403565626488,"[0.5340136054421769, 0.5616681455190772, 0.4965986394557823, 0.6684807256235828, 0.6249945852285033]",0.06199897388063451,"{'n_estimators': 110, 'max_depth': 4, 'learning_rate': 0.0431646733732235, 'subsample': 0.7387403565626488, 'colsample_bytree': 0.7859956251031079, 'colsample_bylevel': 0.9630659181130072, 'reg_alpha': 4.3444691085504035, 'reg_lambda': 8.476957030644504e-06, 'min_child_weight': 10, 'gamma': 1.290626345465208e-08, 'random_state': 42}",COMPLETE
11,0.7276325071939107,2025-12-26 13:01:31.886696,2025-12-26 13:01:31.973011,0 days 00:00:00.086315,0.6295347986856554,0.6271281071050484,3.6101822810432298e-06,0.025860369417427514,1,4,80,8.151733317141938e-06,0.011066586301486913,0.6382592081134415,"[0.7757936507936508, 0.6517006802721088, 0.6809881847475833, 0.7494331065759637, 0.7802469135802469]",0.051969939006694124,"{'n_estimators': 80, 'max_depth': 1, 'learning_rate': 0.025860369417427514, 'subsample': 0.6382592081134415, 'colsample_bytree': 0.6271281071050484, 'colsample_bylevel': 0.6295347986856554, 'reg_alpha': 8.151733317141938e-06, 'reg_lambda': 0.011066586301486913, 'min_child_weight': 4, 'gamma': 3.6101822810432298e-06, 'random_state': 42}",COMPLETE
12,0.7245508735808015,2025-12-26 13:01:31.973558,2025-12-26 13:01:32.064773,0 days 00:00:00.091215,0.6940931056230564,0.8069705365829205,0.008865465164105284,0.0772516566572528,10,4,50,0.0002145835553628811,9.20764964248226,0.7097939893129923,"[0.7873949579831933, 0.6870748299319728, 0.6311451706188549, 0.7494331065759637, 0.7677063027940221]",0.05754993436514431,"{'n_estimators': 50, 'max_depth': 10, 'learning_rate': 0.0772516566572528, 'subsample': 0.7097939893129923, 'colsample_bytree': 0.8069705365829205, 'colsample_bylevel': 0.6940931056230564, 'reg_alpha': 0.0002145835553628811, 'reg_lambda': 9.20764964248226, 'min_child_weight': 4, 'gamma': 0.008865465164105284, 'random_state': 42}",COMPLETE
13,0.7087466097550132,2025-12-26 13:01:32.065390,2025-12-26 13:01:32.212296,0 days 00:00:00.146906,0.7544796462000545,0.7608962128900791,1.0404028559003062e-08,0.07256707204498775,6,5,120,8.419109507435412e-07,2.2291993404068912e-05,0.6966219731921359,"[0.6796918767507003, 0.6777044150993731, 0.6984126984126984, 0.6873949579831934, 0.8005291005291005]",0.04646397255659887,"{'n_estimators': 120, 'max_depth': 6, 'learning_rate': 0.07256707204498775, 'subsample': 0.6966219731921359, 'colsample_bytree': 0.7608962128900791, 'colsample_bylevel': 0.7544796462000545, 'reg_alpha': 8.419109507435412e-07, 'reg_lambda': 2.2291993404068912e-05, 'min_child_weight': 5, 'gamma': 1.0404028559003062e-08, 'random_state': 42}",COMPLETE
14,0.7298210167257787,2025-12-26 13:01:32.212877,2025-12-26 13:01:32.315399,0 days 00:00:00.102522,0.8313659465610048,0.6192099029960131,3.7518754236437128e-06,0.026099921758735295,4,8,80,8.841962465227954e-05,0.001000343902209401,0.7817512083579278,"[0.7757936507936508, 0.7487528344671202, 0.6010699826489301, 0.7557823129251701, 0.7677063027940221]",0.065050763843037,"{'n_estimators': 80, 'max_depth': 4, 'learning_rate': 0.026099921758735295, 'subsample': 0.7817512083579278, 'colsample_bytree': 0.6192099029960131, 'colsample_bylevel': 0.8313659465610048, 'reg_alpha': 8.841962465227954e-05, 'reg_lambda': 0.001000343902209401, 'min_child_weight': 8, 'gamma': 3.7518754236437128e-06, 'random_state': 42}",COMPLETE
15,0.6833042534752692,2025-12-26 13:01:32.316064,2025-12-26 13:01:32.429724,0 days 00:00:00.113660,0.6039034325815456,0.749642178449297,7.425837115580739e-07,0.2985602398993106,9,3,100,1.019187853081771e-08,1.8897373368466027e-06,0.8792253734375619,"[0.7148526077097506, 0.6492463652127517, 0.6156862745098038, 0.6690297171500179, 0.7677063027940221]",0.05301867181227133,"{'n_estimators': 100, 'max_depth': 9, 'learning_rate': 0.2985602398993106, 'subsample': 0.8792253734375619, 'colsample_bytree': 0.749642178449297, 'colsample_bylevel': 0.6039034325815456, 'reg_alpha': 1.019187853081771e-08, 'reg_lambda': 1.8897373368466027e-06, 'min_child_weight': 3, 'gamma': 7.425837115580739e-07, 'random_state': 42}",COMPLETE
16,0.7273644428531647,2025-12-26 13:01:32.430268,2025-12-26 13:01:32.529398,0 days 00:00:00.099130,0.7569923560983726,0.6558024712890054,0.00443382389454351,0.0497092100289832,6,6,70,0.002962045170297059,0.016109046194566698,0.6853133342524489,"[0.7142857142857143, 0.7155985201097982, 0.7002923976608187, 0.6914965986394558, 0.8151489835700362]",0.04479958380889557,"{'n_estimators': 70, 'max_depth': 6, 'learning_rate': 0.0497092100289832, 'subsample': 0.6853133342524489, 'colsample_bytree': 0.6558024712890054, 'colsample_bylevel': 0.7569923560983726, 'reg_alpha': 0.002962045170297059, 'reg_lambda': 0.016109046194566698, 'min_child_weight': 6, 'gamma': 0.00443382389454351, 'random_state': 42}",COMPLETE
17,0.7163426529842569,2025-12-26 13:01:32.529969,2025-12-26 13:01:32.650826,0 days 00:00:00.120857,0.9011120201818196,0.8304814855727455,1.50684026098804e-05,0.01953097315301984,1,3,120,4.2817052017612455e-07,0.00017746110302410142,0.6577440224186133,"[0.7352515905147484, 0.6439393939393939, 0.7114599686028258, 0.7233560090702947, 0.7677063027940221]",0.04077016588386167,"{'n_estimators': 120, 'max_depth': 1, 'learning_rate': 0.01953097315301984, 'subsample': 0.6577440224186133, 'colsample_bytree': 0.8304814855727455, 'colsample_bylevel': 0.9011120201818196, 'reg_alpha': 4.2817052017612455e-07, 'reg_lambda': 0.00017746110302410142, 'min_child_weight': 3, 'gamma': 1.50684026098804e-05, 'random_state': 42}",COMPLETE
18,0.7350793033853625,2025-12-26 13:01:32.651421,2025-12-26 13:01:32.765114,0 days 00:00:00.113693,0.9901504131468566,0.6755984761859065,1.2213823391387277e-07,0.08659402510551073,5,7,100,2.415108418485155e-05,0.001737754224900676,0.7652984249319671,"[0.7857142857142857, 0.6777044150993731, 0.688023088023088, 0.6855531686358753, 0.8384015594541909]",0.06511281481840238,"{'n_estimators': 100, 'max_depth': 5, 'learning_rate': 0.08659402510551073, 'subsample': 0.7652984249319671, 'colsample_bytree': 0.6755984761859065, 'colsample_bylevel': 0.9901504131468566, 'reg_alpha': 2.415108418485155e-05, 'reg_lambda': 0.001737754224900676, 'min_child_weight': 7, 'gamma': 1.2213823391387277e-07, 'random_state': 42}",COMPLETE
19,0.7127691583455995,2025-12-26 13:01:32.765754,2025-12-26 13:01:32.847142,0 days 00:00:00.081388,0.6960313971494949,0.875425813359141,0.6624826635963764,0.016501479505930235,7,5,50,1.943759129068413e-06,5.575849649538339e-06,0.6042432108220931,"[0.7757936507936508, 0.7487528344671202, 0.5963718820861679, 0.707124955245256, 0.7358024691358025]",0.06225371948849873,"{'n_estimators': 50, 'max_depth': 7, 'learning_rate': 0.016501479505930235, 'subsample': 0.6042432108220931, 'colsample_bytree': 0.875425813359141, 'colsample_bylevel': 0.6960313971494949, 'reg_alpha': 1.943759129068413e-06, 'reg_lambda': 5.575849649538339e-06, 'min_child_weight': 5, 'gamma': 0.6624826635963764, 'random_state': 42}",COMPLETE
20,0.7496704731866165,2025-12-26 13:01:32.847736,2025-12-26 13:01:33.000111,0 days 00:00:00.152375,0.9354423346183692,0.9611053548156241,8.081671216825075e-07,0.042695696563784115,3,8,130,0.0017121780675442995,0.0709226392839689,0.8096183749033755,"[0.7469187675070028, 0.7494331065759637, 0.6494265967950178, 0.764172335600907, 0.8384015594541909]",0.060232836002924416,"{'n_estimators': 130, 'max_depth': 3, 'learning_rate': 0.042695696563784115, 'subsample': 0.8096183749033755, 'colsample_bytree': 0.9611053548156241, 'colsample_bylevel': 0.9354423346183692, 'reg_alpha': 0.0017121780675442995, 'reg_lambda': 0.0709226392839689, 'min_child_weight': 8, 'gamma': 8.081671216825075e-07, 'random_state': 42}",COMPLETE
21,0.7371151872645804,2025-12-26 13:01:33.000746,2025-12-26 13:01:33.161652,0 days 00:00:00.160906,0.8485161614734078,0.9826819844058908,9.207049908598671e-07,0.03936635398302018,3,8,130,0.008530917282742353,0.07099578738063016,0.851394195915617,"[0.7469187675070028, 0.7120181405895691, 0.6523088023088023, 0.721655328798186, 0.8526748971193417]",0.06559138454425628,"{'n_estimators': 130, 'max_depth': 3, 'learning_rate': 0.03936635398302018, 'subsample': 0.851394195915617, 'colsample_bytree': 0.9826819844058908, 'colsample_bylevel': 0.8485161614734078, 'reg_alpha': 0.008530917282742353, 'reg_lambda': 0.07099578738063016, 'min_child_weight': 8, 'gamma': 9.207049908598671e-07, 'random_state': 42}",COMPLETE
22,0.7449428043413006,2025-12-26 13:01:33.162557,2025-12-26 13:01:33.321756,0 days 00:00:00.159199,0.933914755880264,0.9259308962023542,3.548525072653717e-05,0.05896440198486139,3,8,150,0.0008849299239384577,1.6376161361248676,0.7330748607636461,"[0.6752100840336135, 0.7480325463518741, 0.6486329460013671, 0.764172335600907, 0.8886661097187413]",0.08387365615226432,"{'n_estimators': 150, 'max_depth': 3, 'learning_rate': 0.05896440198486139, 'subsample': 0.7330748607636461, 'colsample_bytree': 0.9259308962023542, 'colsample_bylevel': 0.933914755880264, 'reg_alpha': 0.0008849299239384577, 'reg_lambda': 1.6376161361248676, 'min_child_weight': 8, 'gamma': 3.548525072653717e-05, 'random_state': 42}",COMPLETE
23,0.7292141541067779,2025-12-26 13:01:33.322520,2025-12-26 13:01:33.475176,0 days 00:00:00.152656,0.9324188701381866,0.9431160875716488,2.6498188533582134e-05,0.05739047247117409,3,10,150,0.0015961113144395158,6.226208467567476,0.8023082610753598,"[0.7043956043956044, 0.7480325463518741, 0.6195423623995053, 0.7590502867813792, 0.8150499706055262]",0.06520119078624695,"{'n_estimators': 150, 'max_depth': 3, 'learning_rate': 0.05739047247117409, 'subsample': 0.8023082610753598, 'colsample_bytree': 0.9431160875716488, 'colsample_bylevel': 0.9324188701381866, 'reg_alpha': 0.0015961113144395158, 'reg_lambda': 6.226208467567476, 'min_child_weight': 10, 'gamma': 2.6498188533582134e-05, 'random_state': 42}",COMPLETE
24,0.7361501772426143,2025-12-26 13:01:33.475748,2025-12-26 13:01:33.637374,0 days 00:00:00.161626,0.9413332941449768,0.9440163417454058,0.0010414990164539367,0.03371596423237322,2,8,140,0.4802306140693991,0.852124041567678,0.736280836799895,"[0.7469187675070028, 0.7494331065759637, 0.6248196248196248, 0.7590502867813792, 0.8005291005291005]",0.05891680818099323,"{'n_estimators': 140, 'max_depth': 2, 'learning_rate': 0.03371596423237322, 'subsample': 0.736280836799895, 'colsample_bytree': 0.9440163417454058, 'colsample_bylevel': 0.9413332941449768, 'reg_alpha': 0.4802306140693991, 'reg_lambda': 0.852124041567678, 'min_child_weight': 8, 'gamma': 0.0010414990164539367, 'random_state': 42}",COMPLETE
25,0.732261942522889,2025-12-26 13:01:33.638023,2025-12-26 13:01:33.784023,0 days 00:00:00.146000,0.8838840735199417,0.9522052794587147,5.0908501193005535e-08,0.060693659816988696,4,9,140,4.648594813766278e-05,1.622728095847137,0.7940127176706264,"[0.6428571428571429, 0.7494331065759637, 0.6549165120593692, 0.725436841403228, 0.8886661097187413]",0.08806727906926463,"{'n_estimators': 140, 'max_depth': 4, 'learning_rate': 0.060693659816988696, 'subsample': 0.7940127176706264, 'colsample_bytree': 0.9522052794587147, 'colsample_bylevel': 0.8838840735199417, 'reg_alpha': 4.648594813766278e-05, 'reg_lambda': 1.622728095847137, 'min_child_weight': 9, 'gamma': 5.0908501193005535e-08, 'random_state': 42}",COMPLETE
26,0.7006448869346309,2025-12-26 13:01:33.784597,2025-12-26 13:01:33.904900,0 days 00:00:00.120303,0.9786167796977798,0.90003224575169,5.125067897079487e-05,0.019817817625853672,1,9,130,0.014126291113283977,0.08778018668018632,0.7489844235481303,"[0.8175736961451248, 0.7155985201097982, 0.6235827664399094, 0.7209550486861411, 0.6255144032921811]",0.071960572852619,"{'n_estimators': 130, 'max_depth': 1, 'learning_rate': 0.019817817625853672, 'subsample': 0.7489844235481303, 'colsample_bytree': 0.90003224575169, 'colsample_bylevel': 0.9786167796977798, 'reg_alpha': 0.014126291113283977, 'reg_lambda': 0.08778018668018632, 'min_child_weight': 9, 'gamma': 5.125067897079487e-05, 'random_state': 42}",COMPLETE
27,0.7224186419797998,2025-12-26 13:01:33.905485,2025-12-26 13:01:34.040605,0 days 00:00:00.135120,0.9132709699657602,0.8463816779998928,5.38240965179913e-07,0.1003098865102015,3,7,120,0.0011421273565307866,0.03645044049250134,0.8760903419616359,"[0.6796918767507003, 0.7113178604775243, 0.6784992784992785, 0.6899092970521542, 0.8526748971193417]",0.06618347802290249,"{'n_estimators': 120, 'max_depth': 3, 'learning_rate': 0.1003098865102015, 'subsample': 0.8760903419616359, 'colsample_bytree': 0.8463816779998928, 'colsample_bylevel': 0.9132709699657602, 'reg_alpha': 0.0011421273565307866, 'reg_lambda': 0.03645044049250134, 'min_child_weight': 7, 'gamma': 5.38240965179913e-07, 'random_state': 42}",COMPLETE
28,0.7078851742717289,2025-12-26 13:01:34.041346,2025-12-26 13:01:34.211303,0 days 00:00:00.169957,0.9506041401958805,0.9646768081772032,0.0006246998519315933,0.038207190970356034,2,6,150,0.0002901998414186714,0.336667821226904,0.7170394036852961,"[0.7142857142857143, 0.6777044150993731, 0.6523088023088023, 0.6945978391356543, 0.8005291005291005]",0.05059649909756923,"{'n_estimators': 150, 'max_depth': 2, 'learning_rate': 0.038207190970356034, 'subsample': 0.7170394036852961, 'colsample_bytree': 0.9646768081772032, 'colsample_bylevel': 0.9506041401958805, 'reg_alpha': 0.0002901998414186714, 'reg_lambda': 0.336667821226904, 'min_child_weight': 6, 'gamma': 0.0006246998519315933, 'random_state': 42}",COMPLETE
