number,value,datetime_start,datetime_complete,duration,params_colsample_bylevel,params_colsample_bytree,params_gamma,params_learning_rate,params_max_depth,params_min_child_weight,params_n_estimators,params_reg_alpha,params_reg_lambda,params_subsample,user_attrs_cv_scores,user_attrs_cv_std,user_attrs_params,state
0,-0.3652991286448772,2025-09-05 17:01:33.807831,2025-09-05 17:01:33.833608,0 days 00:00:00.025777,0.662397808134481,0.6624074561769746,0.02358594058414266,0.1205712628744377,10,7,90,3.3323645788192616e-08,0.6245760287469887,0.8394633936788146,"[-0.2649297013615311, -0.3107661544239189, -0.2945023300848216, -0.47968475484744005, -0.47661270250667426]",0.09331113235253538,"{'n_estimators': 90, 'max_depth': 10, 'learning_rate': 0.1205712628744377, 'subsample': 0.8394633936788146, 'colsample_bytree': 0.6624074561769746, 'colsample_bylevel': 0.662397808134481, 'reg_alpha': 3.3323645788192616e-08, 'reg_lambda': 0.6245760287469887, 'min_child_weight': 7, 'gamma': 0.02358594058414266, 'random_state': 42}",COMPLETE
1,-0.37956154992520497,2025-09-05 17:01:33.833973,2025-09-05 17:01:33.851505,0 days 00:00:00.017532,0.6733618039413735,0.6727299868828402,4.17890272377219e-06,0.1696753360719655,10,5,50,5.472429642032189e-06,0.00052821153945323,0.6849356442713105,"[-0.29395099733437685, -0.3512710756925535, -0.3214955647728097, -0.5736167496208876, -0.3574733622053972]",0.09964585776098289,"{'n_estimators': 50, 'max_depth': 10, 'learning_rate': 0.1696753360719655, 'subsample': 0.6849356442713105, 'colsample_bytree': 0.6727299868828402, 'colsample_bylevel': 0.6733618039413735, 'reg_alpha': 5.472429642032189e-06, 'reg_lambda': 0.00052821153945323, 'min_child_weight': 5, 'gamma': 4.17890272377219e-06, 'random_state': 42}",COMPLETE
2,-0.3529311381755231,2025-09-05 17:01:33.851907,2025-09-05 17:01:33.873454,0 days 00:00:00.021547,0.9140703845572055,0.7824279936868144,2.6185068507773707e-08,0.027010527749605478,2,6,110,6.267062696005991e-07,0.00042472707398058225,0.7465447373174766,"[-0.32064672418329565, -0.35899028354533086, -0.3126731435396173, -0.33110575278745963, -0.441239786821912]",0.04684969078793899,"{'n_estimators': 110, 'max_depth': 2, 'learning_rate': 0.027010527749605478, 'subsample': 0.7465447373174766, 'colsample_bytree': 0.7824279936868144, 'colsample_bylevel': 0.9140703845572055, 'reg_alpha': 6.267062696005991e-07, 'reg_lambda': 0.00042472707398058225, 'min_child_weight': 6, 'gamma': 2.6185068507773707e-08, 'random_state': 42}",COMPLETE
3,-0.5102376410854325,2025-09-05 17:01:33.873813,2025-09-05 17:01:33.894942,0 days 00:00:00.021129,0.9233589392465844,0.9862528132298237,9.148975058772307e-05,0.012476394272569451,2,7,110,5.514725787121931e-06,7.569183361880229e-08,0.9795542149013333,"[-0.4628433802928068, -0.49577650820452457, -0.5902369524449391, -0.44400236348840005, -0.5583290009964914]",0.055776556069239216,"{'n_estimators': 110, 'max_depth': 2, 'learning_rate': 0.012476394272569451, 'subsample': 0.9795542149013333, 'colsample_bytree': 0.9862528132298237, 'colsample_bylevel': 0.9233589392465844, 'reg_alpha': 5.514725787121931e-06, 'reg_lambda': 7.569183361880229e-08, 'min_child_weight': 7, 'gamma': 9.148975058772307e-05, 'random_state': 42}",COMPLETE
4,-0.647623225102173,2025-09-05 17:01:33.895319,2025-09-05 17:01:33.913502,0 days 00:00:00.018183,0.8650089137415928,0.7035119926400067,4.609885087947832e-07,0.011240768803005551,5,6,60,6.388511557344611e-06,0.0004793052550782129,0.9637281608315128,"[-0.5943934575831709, -0.5884205732216439, -0.7827240865986398, -0.46963818819104447, -0.802939819916366]",0.12680104329683856,"{'n_estimators': 60, 'max_depth': 5, 'learning_rate': 0.011240768803005551, 'subsample': 0.9637281608315128, 'colsample_bytree': 0.7035119926400067, 'colsample_bylevel': 0.8650089137415928, 'reg_alpha': 6.388511557344611e-06, 'reg_lambda': 0.0004793052550782129, 'min_child_weight': 6, 'gamma': 4.609885087947832e-07, 'random_state': 42}",COMPLETE
5,-0.3112974983530572,2025-09-05 17:01:33.913911,2025-09-05 17:01:33.942496,0 days 00:00:00.028585,0.9687496940092467,0.8391599915244341,8.471746987003668e-06,0.2442046084491143,8,1,150,6.257956190096665e-08,5.805581976088804e-07,0.9579309401710595,"[-0.22559103030646216, -0.3953951253521726, -0.39627884282867126, -0.2643077936102472, -0.2749146996677329]",0.07095291231905937,"{'n_estimators': 150, 'max_depth': 8, 'learning_rate': 0.2442046084491143, 'subsample': 0.9579309401710595, 'colsample_bytree': 0.8391599915244341, 'colsample_bylevel': 0.9687496940092467, 'reg_alpha': 6.257956190096665e-08, 'reg_lambda': 5.805581976088804e-07, 'min_child_weight': 1, 'gamma': 8.471746987003668e-06, 'random_state': 42}",COMPLETE
6,-0.5314529104945125,2025-09-05 17:01:33.942863,2025-09-05 17:01:33.960293,0 days 00:00:00.017430,0.8170784332632994,0.7123738038749523,7.6204817861585425,0.16755052359850306,3,1,90,1.8548894229694903e-07,0.16587190283399628,0.7427013306774357,"[-0.35079759098599284, -0.5247093331047291, -0.6870820279330296, -0.3823876936289907, -0.7122879068198198]",0.1495486390928169,"{'n_estimators': 90, 'max_depth': 3, 'learning_rate': 0.16755052359850306, 'subsample': 0.7427013306774357, 'colsample_bytree': 0.7123738038749523, 'colsample_bylevel': 0.8170784332632994, 'reg_alpha': 1.8548894229694903e-07, 'reg_lambda': 0.16587190283399628, 'min_child_weight': 1, 'gamma': 7.6204817861585425, 'random_state': 42}",COMPLETE
7,-0.4716496953940922,2025-09-05 17:01:33.960659,2025-09-05 17:01:33.983995,0 days 00:00:00.023336,0.8916028672163949,0.8827429375390469,1.1036250149900698e-07,0.010189592979395137,2,4,130,0.08738424135626989,4.638759594322625e-08,0.9261845713819337,"[-0.41537189815541936, -0.4480922280027318, -0.5898591854029362, -0.30323032867937105, -0.6016948367300028]",0.11222517554430277,"{'n_estimators': 130, 'max_depth': 2, 'learning_rate': 0.010189592979395137, 'subsample': 0.9261845713819337, 'colsample_bytree': 0.8827429375390469, 'colsample_bylevel': 0.8916028672163949, 'reg_alpha': 0.08738424135626989, 'reg_lambda': 4.638759594322625e-08, 'min_child_weight': 4, 'gamma': 1.1036250149900698e-07, 'random_state': 42}",COMPLETE
8,-0.43934011689260777,2025-09-05 17:01:33.984352,2025-09-05 17:01:34.008263,0 days 00:00:00.023911,0.7300733288106988,0.7243929286862648,0.0001778010520878397,0.030816017044468066,7,9,140,0.03685153691188181,0.005470376807480385,0.6254233401144095,"[-0.34352302324375344, -0.4999100321477881, -0.3621659041157939, -0.4814730484339834, -0.50962857652172]",0.07144388100370469,"{'n_estimators': 140, 'max_depth': 7, 'learning_rate': 0.030816017044468066, 'subsample': 0.6254233401144095, 'colsample_bytree': 0.7243929286862648, 'colsample_bylevel': 0.7300733288106988, 'reg_alpha': 0.03685153691188181, 'reg_lambda': 0.005470376807480385, 'min_child_weight': 9, 'gamma': 0.0001778010520878397, 'random_state': 42}",COMPLETE
9,-0.28170379344837426,2025-09-05 17:01:34.008620,2025-09-05 17:01:34.037495,0 days 00:00:00.028875,0.7975182385457563,0.9083868719818244,9.354548757337708e-08,0.13297554090738672,8,1,60,0.0005065186776865479,7.04480806377519e-05,0.8245108790277985,"[-0.25434079392621733, -0.3324411980519794, -0.3948194577334846, -0.2238495705428563, -0.20306794698733377]",0.07162245308849309,"{'n_estimators': 60, 'max_depth': 8, 'learning_rate': 0.13297554090738672, 'subsample': 0.8245108790277985, 'colsample_bytree': 0.9083868719818244, 'colsample_bylevel': 0.7975182385457563, 'reg_alpha': 0.0005065186776865479, 'reg_lambda': 7.04480806377519e-05, 'min_child_weight': 1, 'gamma': 9.354548757337708e-08, 'random_state': 42}",COMPLETE
10,-0.26110179117907,2025-09-05 17:01:34.037938,2025-09-05 17:01:34.062208,0 days 00:00:00.024270,0.7570274592606949,0.9568478358759311,0.010367714070333529,0.07955798569352589,5,3,70,0.0009327366933736893,3.995152267446128e-06,0.855919277250694,"[-0.20108086031753072, -0.28184398726733684, -0.28849070911504004, -0.2107869654048226, -0.3233064337906201]",0.04729461474814364,"{'n_estimators': 70, 'max_depth': 5, 'learning_rate': 0.07955798569352589, 'subsample': 0.855919277250694, 'colsample_bytree': 0.9568478358759311, 'colsample_bylevel': 0.7570274592606949, 'reg_alpha': 0.0009327366933736893, 'reg_lambda': 3.995152267446128e-06, 'min_child_weight': 3, 'gamma': 0.010367714070333529, 'random_state': 42}",COMPLETE
11,-0.27039996924219684,2025-09-05 17:01:34.062578,2025-09-05 17:01:34.085577,0 days 00:00:00.022999,0.757298334171193,0.9586229109175456,0.024195841926916137,0.07578854864284995,5,3,70,0.0010132439259431904,4.491067917060822e-06,0.8562950519589575,"[-0.2178639189608718, -0.28091730670076315, -0.29994792477097376, -0.21290122673535872, -0.3403694690430167]",0.04887856162890732,"{'n_estimators': 70, 'max_depth': 5, 'learning_rate': 0.07578854864284995, 'subsample': 0.8562950519589575, 'colsample_bytree': 0.9586229109175456, 'colsample_bylevel': 0.757298334171193, 'reg_alpha': 0.0010132439259431904, 'reg_lambda': 4.491067917060822e-06, 'min_child_weight': 3, 'gamma': 0.024195841926916137, 'random_state': 42}",COMPLETE
12,-0.29013100854126117,2025-09-05 17:01:34.085931,2025-09-05 17:01:34.109516,0 days 00:00:00.023585,0.7392973228175623,0.9952647403542068,0.05407297735148758,0.06117316277256463,5,3,80,0.001678287739355917,1.2167282577786425e-05,0.8888336114830359,"[-0.24351329483575956, -0.29587491469412436, -0.3280481108600161, -0.2477603612600147, -0.33545836105639115]",0.038713695184868634,"{'n_estimators': 80, 'max_depth': 5, 'learning_rate': 0.06117316277256463, 'subsample': 0.8888336114830359, 'colsample_bytree': 0.9952647403542068, 'colsample_bylevel': 0.7392973228175623, 'reg_alpha': 0.001678287739355917, 'reg_lambda': 1.2167282577786425e-05, 'min_child_weight': 3, 'gamma': 0.05407297735148758, 'random_state': 42}",COMPLETE
13,-0.4422933745933236,2025-09-05 17:01:34.109870,2025-09-05 17:01:34.130189,0 days 00:00:00.020319,0.74941857920517,0.9324452852429903,0.01739851298397247,0.07269377550630604,4,4,70,2.996709216305251,2.301147924285307e-06,0.8825741602454161,"[-0.3264377285092183, -0.515595568883711, -0.4284272588501995, -0.3965352395850659, -0.5444710771384232]",0.07940037959604687,"{'n_estimators': 70, 'max_depth': 4, 'learning_rate': 0.07269377550630604, 'subsample': 0.8825741602454161, 'colsample_bytree': 0.9324452852429903, 'colsample_bylevel': 0.74941857920517, 'reg_alpha': 2.996709216305251, 'reg_lambda': 2.301147924285307e-06, 'min_child_weight': 4, 'gamma': 0.01739851298397247, 'random_state': 42}",COMPLETE
14,-0.4206111966617872,2025-09-05 17:01:34.130542,2025-09-05 17:01:34.153259,0 days 00:00:00.022717,0.6274930137103218,0.826919416818838,0.5555382724773059,0.034404307034006765,6,3,70,0.009035078527798964,1.1278476859998465e-08,0.7691194367707848,"[-0.3297953238373084, -0.43926581734426584, -0.5372499276681098, -0.30561294614555845, -0.49113196831369343]",0.08988647068009506,"{'n_estimators': 70, 'max_depth': 6, 'learning_rate': 0.034404307034006765, 'subsample': 0.7691194367707848, 'colsample_bytree': 0.826919416818838, 'colsample_bylevel': 0.6274930137103218, 'reg_alpha': 0.009035078527798964, 'reg_lambda': 1.1278476859998465e-08, 'min_child_weight': 3, 'gamma': 0.5555382724773059, 'random_state': 42}",COMPLETE
15,-0.3630119341090533,2025-09-05 17:01:34.153673,2025-09-05 17:01:34.173839,0 days 00:00:00.020166,0.8004176985798338,0.6018960478612356,0.00188923620049837,0.07942383092448925,4,3,50,6.457023965569263e-05,4.857684585294974e-06,0.8569448224557982,"[-0.26781947210482504, -0.3688593458531656, -0.4833898607015328, -0.22829177511318316, -0.46669921677256]",0.10245703107473929,"{'n_estimators': 50, 'max_depth': 4, 'learning_rate': 0.07942383092448925, 'subsample': 0.8569448224557982, 'colsample_bytree': 0.6018960478612356, 'colsample_bylevel': 0.8004176985798338, 'reg_alpha': 6.457023965569263e-05, 'reg_lambda': 4.857684585294974e-06, 'min_child_weight': 3, 'gamma': 0.00188923620049837, 'random_state': 42}",COMPLETE
16,-0.30564066778373333,2025-09-05 17:01:34.174203,2025-09-05 17:01:34.201448,0 days 00:00:00.027245,0.7017569807321887,0.948251200460776,0.0014036167244369764,0.04600488439220214,6,2,100,0.8942846877058512,0.016109046194566698,0.7948619995717208,"[-0.2554602197131973, -0.370745987239772, -0.2931767666826365, -0.272671185643901, -0.33614917963915997]",0.0422608207892179,"{'n_estimators': 100, 'max_depth': 6, 'learning_rate': 0.04600488439220214, 'subsample': 0.7948619995717208, 'colsample_bytree': 0.948251200460776, 'colsample_bylevel': 0.7017569807321887, 'reg_alpha': 0.8942846877058512, 'reg_lambda': 0.016109046194566698, 'min_child_weight': 2, 'gamma': 0.0014036167244369764, 'random_state': 42}",COMPLETE
17,-0.39050146666084656,2025-09-05 17:01:34.201809,2025-09-05 17:01:34.222433,0 days 00:00:00.020624,0.6005228611371356,0.8745421080360691,0.42931421551150073,0.09059259906917297,4,10,80,0.0001121974965725437,4.6730418541837974e-07,0.9183471047574292,"[-0.36483390410863914, -0.3964785092651042, -0.28177356885145444, -0.4295627672304235, -0.4798585838486119]",0.06637286216822215,"{'n_estimators': 80, 'max_depth': 4, 'learning_rate': 0.09059259906917297, 'subsample': 0.9183471047574292, 'colsample_bytree': 0.8745421080360691, 'colsample_bylevel': 0.6005228611371356, 'reg_alpha': 0.0001121974965725437, 'reg_lambda': 4.6730418541837974e-07, 'min_child_weight': 10, 'gamma': 0.42931421551150073, 'random_state': 42}",COMPLETE
18,-0.5802526574240208,2025-09-05 17:01:34.222784,2025-09-05 17:01:34.241930,0 days 00:00:00.019146,0.8408140216821032,0.9568370669211905,0.003630046893026063,0.020373262780707373,1,4,70,0.0032602758837759994,3.389850866535182e-05,0.6805454483691531,"[-0.4707595446232676, -0.5164067288331221, -0.7049372291882211, -0.46489808280794637, -0.7442617016675467]",0.11984734562182421,"{'n_estimators': 70, 'max_depth': 1, 'learning_rate': 0.020373262780707373, 'subsample': 0.6805454483691531, 'colsample_bytree': 0.9568370669211905, 'colsample_bylevel': 0.8408140216821032, 'reg_alpha': 0.0032602758837759994, 'reg_lambda': 3.389850866535182e-05, 'min_child_weight': 4, 'gamma': 0.003630046893026063, 'random_state': 42}",COMPLETE
19,-0.36475052828147947,2025-09-05 17:01:34.242298,2025-09-05 17:01:34.264956,0 days 00:00:00.022658,0.7644220517350713,0.786830953186129,0.6624826635963764,0.29617315369159314,7,2,110,0.1437180489125655,6.789187154227723,0.7950630758407966,"[-0.27602955167276316, -0.47453151879865935, -0.31788264435635266, -0.41965701620312934, -0.3356519103764929]",0.07208512758236246,"{'n_estimators': 110, 'max_depth': 7, 'learning_rate': 0.29617315369159314, 'subsample': 0.7950630758407966, 'colsample_bytree': 0.786830953186129, 'colsample_bylevel': 0.7644220517350713, 'reg_alpha': 0.1437180489125655, 'reg_lambda': 6.789187154227723, 'min_child_weight': 2, 'gamma': 0.6624826635963764, 'random_state': 42}",COMPLETE
20,-0.49136113382721086,2025-09-05 17:01:34.265361,2025-09-05 17:01:34.286373,0 days 00:00:00.021012,0.6985152654900059,0.8957210381311651,5.3265226047685275,0.042696194629495206,7,5,90,4.877220345703102e-05,3.0986638665673485e-07,0.8801151332999179,"[-0.4138953234662695, -0.5410197391068604, -0.5354928819683183, -0.3895358488264919, -0.5768618757681137]",0.07495772886782258,"{'n_estimators': 90, 'max_depth': 7, 'learning_rate': 0.042696194629495206, 'subsample': 0.8801151332999179, 'colsample_bytree': 0.8957210381311651, 'colsample_bylevel': 0.6985152654900059, 'reg_alpha': 4.877220345703102e-05, 'reg_lambda': 3.0986638665673485e-07, 'min_child_weight': 5, 'gamma': 5.3265226047685275, 'random_state': 42}",COMPLETE
21,-0.272170550283049,2025-09-05 17:01:34.286747,2025-09-05 17:01:34.315450,0 days 00:00:00.028703,0.7813235963837506,0.9253644243373199,1.4228029810539133e-05,0.11288830570435672,9,2,60,0.0005256658880335722,7.533176890131557e-05,0.8353330660676981,"[-0.2192782924779082, -0.3282484156918214, -0.36270707176953665, -0.24573678135159022, -0.2048821901243884]",0.06223447147709457,"{'n_estimators': 60, 'max_depth': 9, 'learning_rate': 0.11288830570435672, 'subsample': 0.8353330660676981, 'colsample_bytree': 0.9253644243373199, 'colsample_bylevel': 0.7813235963837506, 'reg_alpha': 0.0005256658880335722, 'reg_lambda': 7.533176890131557e-05, 'min_child_weight': 2, 'gamma': 1.4228029810539133e-05, 'random_state': 42}",COMPLETE
22,-0.2640904054227781,2025-09-05 17:01:34.315819,2025-09-05 17:01:34.344851,0 days 00:00:00.029032,0.777908524678226,0.9710366447973371,2.2080617869335972e-05,0.10352413618486979,9,2,60,0.0005585912857434377,5.729807324242208e-05,0.830951405148777,"[-0.22525022448695797, -0.26787412661809407, -0.43555444589178777, -0.22868870017167636, -0.1630845299453745]",0.09206330538364563,"{'n_estimators': 60, 'max_depth': 9, 'learning_rate': 0.10352413618486979, 'subsample': 0.830951405148777, 'colsample_bytree': 0.9710366447973371, 'colsample_bylevel': 0.777908524678226, 'reg_alpha': 0.0005585912857434377, 'reg_lambda': 5.729807324242208e-05, 'min_child_weight': 2, 'gamma': 2.2080617869335972e-05, 'random_state': 42}",COMPLETE
23,-0.2986529866039057,2025-09-05 17:01:34.345244,2025-09-05 17:01:34.367080,0 days 00:00:00.021836,0.8360394549449266,0.969330379324792,5.3354019520991585e-05,0.06295791863642539,5,3,50,0.009777634101719827,2.6129629070284536e-06,0.9312617142803722,"[-0.22795704845484527, -0.31211110529359837, -0.3430874765101086, -0.23427204481251457, -0.3758372579484619]",0.058746536802781246,"{'n_estimators': 50, 'max_depth': 5, 'learning_rate': 0.06295791863642539, 'subsample': 0.9312617142803722, 'colsample_bytree': 0.969330379324792, 'colsample_bylevel': 0.8360394549449266, 'reg_alpha': 0.009777634101719827, 'reg_lambda': 2.6129629070284536e-06, 'min_child_weight': 3, 'gamma': 5.3354019520991585e-05, 'random_state': 42}",COMPLETE
24,-0.23806338856417616,2025-09-05 17:01:34.367471,2025-09-05 17:01:34.395378,0 days 00:00:00.027907,0.7198842771097738,0.9931088674199064,0.0006893118999756002,0.09760792605355666,6,2,80,0.000840570824370544,0.0033637543185450155,0.85465953074927,"[-0.227560914364338, -0.2972447364811054, -0.2893846230018039, -0.2602555669383378, -0.11587110203529578]",0.06583319934186921,"{'n_estimators': 80, 'max_depth': 6, 'learning_rate': 0.09760792605355666, 'subsample': 0.85465953074927, 'colsample_bytree': 0.9931088674199064, 'colsample_bylevel': 0.7198842771097738, 'reg_alpha': 0.000840570824370544, 'reg_lambda': 0.0033637543185450155, 'min_child_weight': 2, 'gamma': 0.0006893118999756002, 'random_state': 42}",COMPLETE
25,-0.2455963215908934,2025-09-05 17:01:34.395805,2025-09-05 17:01:34.425708,0 days 00:00:00.029903,0.7074967610596865,0.8557671187789542,0.0005255850179325949,0.10114769745886984,9,2,80,3.638414070853124e-05,0.006674711524825026,0.8143082272647606,"[-0.22253580501397427, -0.22317279896364564, -0.32530839352279795, -0.2539226521277101, -0.20304195832633906]",0.04305535464154524,"{'n_estimators': 80, 'max_depth': 9, 'learning_rate': 0.10114769745886984, 'subsample': 0.8143082272647606, 'colsample_bytree': 0.8557671187789542, 'colsample_bylevel': 0.7074967610596865, 'reg_alpha': 3.638414070853124e-05, 'reg_lambda': 0.006674711524825026, 'min_child_weight': 2, 'gamma': 0.0005255850179325949, 'random_state': 42}",COMPLETE
26,-0.27017162579965454,2025-09-05 17:01:34.426073,2025-09-05 17:01:34.455716,0 days 00:00:00.029643,0.7128897179429896,0.8381091255741207,0.0005571947873448197,0.15346460677014867,6,1,80,3.258062463993082e-05,0.011327121519915651,0.7665893766982192,"[-0.2622569978082367, -0.31520411885631117, -0.30679580464890316, -0.30697790635235844, -0.15962330133246322]",0.05832243406125961,"{'n_estimators': 80, 'max_depth': 6, 'learning_rate': 0.15346460677014867, 'subsample': 0.7665893766982192, 'colsample_bytree': 0.8381091255741207, 'colsample_bylevel': 0.7128897179429896, 'reg_alpha': 3.258062463993082e-05, 'reg_lambda': 0.011327121519915651, 'min_child_weight': 1, 'gamma': 0.0005571947873448197, 'random_state': 42}",COMPLETE
27,-0.31394794406197224,2025-09-05 17:01:34.456085,2025-09-05 17:01:34.482314,0 days 00:00:00.026229,0.6603493005408465,0.8688911177952247,0.005261877158523506,0.191292370356851,8,2,100,1.428802122420785e-06,0.002551230200708032,0.7069211003174112,"[-0.2703264497857456, -0.34971464980463496, -0.42643809304589586, -0.23265627817668247, -0.29060424949690244]",0.0678076524285442,"{'n_estimators': 100, 'max_depth': 8, 'learning_rate': 0.191292370356851, 'subsample': 0.7069211003174112, 'colsample_bytree': 0.8688911177952247, 'colsample_bylevel': 0.6603493005408465, 'reg_alpha': 1.428802122420785e-06, 'reg_lambda': 0.002551230200708032, 'min_child_weight': 2, 'gamma': 0.005261877158523506, 'random_state': 42}",COMPLETE
28,-0.3111218708646015,2025-09-05 17:01:34.482679,2025-09-05 17:01:34.509579,0 days 00:00:00.026900,0.635292470299845,0.9256662299472289,0.0005494686572293298,0.05018392293007497,9,4,80,0.00014745847707400944,0.05654840919617917,0.8108301071674664,"[-0.2693317532881294, -0.30047021920583544, -0.37993392817318233, -0.30365801864758424, -0.30221543500827625]",0.036687885005093374,"{'n_estimators': 80, 'max_depth': 9, 'learning_rate': 0.05018392293007497, 'subsample': 0.8108301071674664, 'colsample_bytree': 0.9256662299472289, 'colsample_bylevel': 0.635292470299845, 'reg_alpha': 0.00014745847707400944, 'reg_lambda': 0.05654840919617917, 'min_child_weight': 4, 'gamma': 0.0005494686572293298, 'random_state': 42}",COMPLETE
