number,value,datetime_start,datetime_complete,duration,params_colsample_bylevel,params_colsample_bytree,params_gamma,params_learning_rate,params_max_depth,params_min_child_weight,params_n_estimators,params_reg_alpha,params_reg_lambda,params_subsample,user_attrs_cv_scores,user_attrs_cv_std,user_attrs_params,state
0,0.6237626564595949,2025-12-26 16:00:23.130760,2025-12-26 16:00:23.282082,0 days 00:00:00.151322,0.662397808134481,0.6624074561769746,0.02358594058414266,0.1205712628744377,10,7,90,3.3323645788192616e-08,0.6245760287469887,0.8394633936788146,"[0.7850140056022409, 0.5345462421485814, 0.6971193415637861, 0.5535567313345091, 0.548576961648857]",0.09992450155908306,"{'n_estimators': 90, 'max_depth': 10, 'learning_rate': 0.1205712628744377, 'subsample': 0.8394633936788146, 'colsample_bytree': 0.6624074561769746, 'colsample_bylevel': 0.662397808134481, 'reg_alpha': 3.3323645788192616e-08, 'reg_lambda': 0.6245760287469887, 'min_child_weight': 7, 'gamma': 0.02358594058414266, 'random_state': 42}",COMPLETE
1,0.5984208536216006,2025-12-26 16:00:23.282879,2025-12-26 16:00:23.387570,0 days 00:00:00.104691,0.6733618039413735,0.6727299868828402,4.17890272377219e-06,0.1696753360719655,10,5,50,5.472429642032189e-06,0.00052821153945323,0.6849356442713105,"[0.7833133253301321, 0.5361552028218695, 0.6217380779472284, 0.4650657983991317, 0.5858318636096415]",0.10634658785044751,"{'n_estimators': 50, 'max_depth': 10, 'learning_rate': 0.1696753360719655, 'subsample': 0.6849356442713105, 'colsample_bytree': 0.6727299868828402, 'colsample_bylevel': 0.6733618039413735, 'reg_alpha': 5.472429642032189e-06, 'reg_lambda': 0.00052821153945323, 'min_child_weight': 5, 'gamma': 4.17890272377219e-06, 'random_state': 42}",COMPLETE
2,0.6527822643027321,2025-12-26 16:00:23.388430,2025-12-26 16:00:23.571561,0 days 00:00:00.183131,0.9140703845572055,0.7824279936868144,2.6185068507773707e-08,0.027010527749605478,2,6,110,6.267062696005991e-07,0.00042472707398058225,0.7465447373174766,"[0.8928571428571429, 0.5345462421485814, 0.6971193415637861, 0.5535567313345091, 0.5858318636096415]",0.1325967897149836,"{'n_estimators': 110, 'max_depth': 2, 'learning_rate': 0.027010527749605478, 'subsample': 0.7465447373174766, 'colsample_bytree': 0.7824279936868144, 'colsample_bylevel': 0.9140703845572055, 'reg_alpha': 6.267062696005991e-07, 'reg_lambda': 0.00042472707398058225, 'min_child_weight': 6, 'gamma': 2.6185068507773707e-08, 'random_state': 42}",COMPLETE
3,0.6450672614724902,2025-12-26 16:00:23.572358,2025-12-26 16:00:23.772946,0 days 00:00:00.200588,0.9233589392465844,0.9862528132298237,9.148975058772307e-05,0.012476394272569451,2,7,110,5.514725787121931e-06,7.569183361880229e-08,0.9795542149013333,"[0.853174603174603, 0.546253069128886, 0.6257495590828924, 0.5648442092886538, 0.6353148666874157]",0.10952345064887824,"{'n_estimators': 110, 'max_depth': 2, 'learning_rate': 0.012476394272569451, 'subsample': 0.9795542149013333, 'colsample_bytree': 0.9862528132298237, 'colsample_bylevel': 0.9233589392465844, 'reg_alpha': 5.514725787121931e-06, 'reg_lambda': 7.569183361880229e-08, 'min_child_weight': 7, 'gamma': 9.148975058772307e-05, 'random_state': 42}",COMPLETE
4,0.5962552770395908,2025-12-26 16:00:23.773773,2025-12-26 16:00:23.915990,0 days 00:00:00.142217,0.8650089137415928,0.7035119926400067,4.609885087947832e-07,0.011240768803005551,5,6,60,6.388511557344611e-06,0.0004793052550782129,0.9637281608315128,"[0.8515406162464986, 0.5395601735471017, 0.5862433862433862, 0.46577126577126576, 0.5381609433897016]",0.13333132109914922,"{'n_estimators': 60, 'max_depth': 5, 'learning_rate': 0.011240768803005551, 'subsample': 0.9637281608315128, 'colsample_bytree': 0.7035119926400067, 'colsample_bylevel': 0.8650089137415928, 'reg_alpha': 6.388511557344611e-06, 'reg_lambda': 0.0004793052550782129, 'min_child_weight': 6, 'gamma': 4.609885087947832e-07, 'random_state': 42}",COMPLETE
5,0.6067645861763509,2025-12-26 16:00:23.916998,2025-12-26 16:00:24.182057,0 days 00:00:00.265059,0.9687496940092467,0.8391599915244341,8.471746987003668e-06,0.2442046084491143,8,1,150,6.257956190096665e-08,5.805581976088804e-07,0.9579309401710595,"[0.7850140056022409, 0.5517792302106028, 0.6255559013728949, 0.579686955503949, 0.4917868381920669]",0.09909837439386303,"{'n_estimators': 150, 'max_depth': 8, 'learning_rate': 0.2442046084491143, 'subsample': 0.9579309401710595, 'colsample_bytree': 0.8391599915244341, 'colsample_bylevel': 0.9687496940092467, 'reg_alpha': 6.257956190096665e-08, 'reg_lambda': 5.805581976088804e-07, 'min_child_weight': 1, 'gamma': 8.471746987003668e-06, 'random_state': 42}",COMPLETE
6,0.5588323750552853,2025-12-26 16:00:24.182945,2025-12-26 16:00:24.309739,0 days 00:00:00.126794,0.8170784332632994,0.7123738038749523,7.6204817861585425,0.16755052359850306,3,1,90,1.8548894229694903e-07,0.16587190283399628,0.7427013306774357,"[0.6714285714285715, 0.6090534979423867, 0.42686236287887475, 0.6279524155341148, 0.45886502749247843]",0.09735214359237601,"{'n_estimators': 90, 'max_depth': 3, 'learning_rate': 0.16755052359850306, 'subsample': 0.7427013306774357, 'colsample_bytree': 0.7123738038749523, 'colsample_bylevel': 0.8170784332632994, 'reg_alpha': 1.8548894229694903e-07, 'reg_lambda': 0.16587190283399628, 'min_child_weight': 1, 'gamma': 7.6204817861585425, 'random_state': 42}",COMPLETE
7,0.6510210256942284,2025-12-26 16:00:24.310671,2025-12-26 16:00:24.560933,0 days 00:00:00.250262,0.8916028672163949,0.8827429375390469,1.1036250149900698e-07,0.010189592979395137,2,4,130,0.08738424135626989,4.638759594322625e-08,0.9261845713819337,"[0.8567226890756301, 0.6256181484939655, 0.5700591347650172, 0.562610229276896, 0.6400949268596328]",0.10719063096152663,"{'n_estimators': 130, 'max_depth': 2, 'learning_rate': 0.010189592979395137, 'subsample': 0.9261845713819337, 'colsample_bytree': 0.8827429375390469, 'colsample_bylevel': 0.8916028672163949, 'reg_alpha': 0.08738424135626989, 'reg_lambda': 4.638759594322625e-08, 'min_child_weight': 4, 'gamma': 1.1036250149900698e-07, 'random_state': 42}",COMPLETE
8,0.5890424681893551,2025-12-26 16:00:24.561886,2025-12-26 16:00:24.721973,0 days 00:00:00.160087,0.7300733288106988,0.7243929286862648,0.0001778010520878397,0.030816017044468066,7,9,140,0.03685153691188181,0.005470376807480385,0.6254233401144095,"[0.737593984962406, 0.5526748971193416, 0.6217380779472284, 0.5094650205761317, 0.5237403603416676]",0.08373301823836515,"{'n_estimators': 140, 'max_depth': 7, 'learning_rate': 0.030816017044468066, 'subsample': 0.6254233401144095, 'colsample_bytree': 0.7243929286862648, 'colsample_bylevel': 0.7300733288106988, 'reg_alpha': 0.03685153691188181, 'reg_lambda': 0.005470376807480385, 'min_child_weight': 9, 'gamma': 0.0001778010520878397, 'random_state': 42}",COMPLETE
9,0.6273237728139689,2025-12-26 16:00:24.722836,2025-12-26 16:00:24.924048,0 days 00:00:00.201212,0.7975182385457563,0.9083868719818244,9.354548757337708e-08,0.13297554090738672,8,1,60,0.0005065186776865479,7.04480806377519e-05,0.8245108790277985,"[0.7857142857142857, 0.5549676660787772, 0.5720616831727943, 0.5930629041740153, 0.630812324929972]",0.0831418503835936,"{'n_estimators': 60, 'max_depth': 8, 'learning_rate': 0.13297554090738672, 'subsample': 0.8245108790277985, 'colsample_bytree': 0.9083868719818244, 'colsample_bylevel': 0.7975182385457563, 'reg_alpha': 0.0005065186776865479, 'reg_lambda': 7.04480806377519e-05, 'min_child_weight': 1, 'gamma': 9.354548757337708e-08, 'random_state': 42}",COMPLETE
10,0.5973088494657122,2025-12-26 16:00:24.925035,2025-12-26 16:00:25.081499,0 days 00:00:00.156464,0.9630659181130072,0.7859956251031079,1.290626345465208e-08,0.0431646733732235,4,10,110,4.3444691085504035,8.476957030644504e-06,0.7387403565626488,"[0.7686274509803921, 0.5571290244492859, 0.5343915343915344, 0.6296296296296297, 0.496766607877719]",0.09599629708835894,"{'n_estimators': 110, 'max_depth': 4, 'learning_rate': 0.0431646733732235, 'subsample': 0.7387403565626488, 'colsample_bytree': 0.7859956251031079, 'colsample_bylevel': 0.9630659181130072, 'reg_alpha': 4.3444691085504035, 'reg_lambda': 8.476957030644504e-06, 'min_child_weight': 10, 'gamma': 1.290626345465208e-08, 'random_state': 42}",COMPLETE
11,0.609304960350712,2025-12-26 16:00:25.082351,2025-12-26 16:00:25.251546,0 days 00:00:00.169195,0.8815686372368118,0.885799191385543,1.149373272664307e-08,0.02447526296519276,1,4,130,0.022959730554982346,1.1767381420769636e-08,0.8815185006652151,"[0.8214285714285714, 0.5094650205761317, 0.6246913580246913, 0.46577126577126576, 0.6251685859528997]",0.1233326860821224,"{'n_estimators': 130, 'max_depth': 1, 'learning_rate': 0.02447526296519276, 'subsample': 0.8815185006652151, 'colsample_bytree': 0.885799191385543, 'colsample_bylevel': 0.8815686372368118, 'reg_alpha': 0.022959730554982346, 'reg_lambda': 1.1767381420769636e-08, 'min_child_weight': 4, 'gamma': 1.149373272664307e-08, 'random_state': 42}",COMPLETE
12,0.5919698287672144,2025-12-26 16:00:25.252451,2025-12-26 16:00:25.419334,0 days 00:00:00.166883,0.9939880743328369,0.8141978064593092,0.010120698664942694,0.018436116856544987,1,3,120,0.5680207086364526,3.1595223816194036e-06,0.9035896811896604,"[0.8214285714285714, 0.5094650205761317, 0.5874053325033718, 0.4403744403744404, 0.6011757789535567]",0.12848743431581955,"{'n_estimators': 120, 'max_depth': 1, 'learning_rate': 0.018436116856544987, 'subsample': 0.9035896811896604, 'colsample_bytree': 0.8141978064593092, 'colsample_bylevel': 0.9939880743328369, 'reg_alpha': 0.5680207086364526, 'reg_lambda': 3.1595223816194036e-06, 'min_child_weight': 3, 'gamma': 0.010120698664942694, 'random_state': 42}",COMPLETE
13,0.6112885154061625,2025-12-26 16:00:25.420384,2025-12-26 16:00:25.623333,0 days 00:00:00.202949,0.8914324275410603,0.9484585963567845,7.831858876558276e-07,0.07269377550630604,3,3,90,0.0006928149888835987,0.01621030392453543,0.764135001888759,"[0.7850140056022409, 0.5549676660787772, 0.5735449735449736, 0.5570840681951793, 0.5858318636096415]",0.08759374656125933,"{'n_estimators': 90, 'max_depth': 3, 'learning_rate': 0.07269377550630604, 'subsample': 0.764135001888759, 'colsample_bytree': 0.9484585963567845, 'colsample_bylevel': 0.8914324275410603, 'reg_alpha': 0.0006928149888835987, 'reg_lambda': 0.01621030392453543, 'min_child_weight': 3, 'gamma': 7.831858876558276e-07, 'random_state': 42}",COMPLETE
14,0.6041130786297625,2025-12-26 16:00:25.624071,2025-12-26 16:00:25.813679,0 days 00:00:00.189608,0.8161843638378927,0.7686163802885039,1.1012935265078932e-07,0.018350270831158266,4,8,130,0.009035078527798964,5.289671088186269,0.6820467093452917,"[0.8200501253132833, 0.522633744855967, 0.5835390946502058, 0.5073486184597295, 0.5869938098696268]",0.1125587925435355,"{'n_estimators': 130, 'max_depth': 4, 'learning_rate': 0.018350270831158266, 'subsample': 0.6820467093452917, 'colsample_bytree': 0.7686163802885039, 'colsample_bylevel': 0.8161843638378927, 'reg_alpha': 0.009035078527798964, 'reg_lambda': 5.289671088186269, 'min_child_weight': 8, 'gamma': 1.1012935265078932e-07, 'random_state': 42}",COMPLETE
15,0.6332964372833654,2025-12-26 16:00:25.814661,2025-12-26 16:00:26.028367,0 days 00:00:00.213706,0.9311149037830164,0.6018960478612356,1.6369349795722602e-05,0.05609238760356504,2,5,150,3.0316032926818135e-05,2.1367780093376544e-05,0.8700561637922674,"[0.8214285714285714, 0.5508976620087731, 0.6971193415637861, 0.5099701799048204, 0.587066431510876]",0.11278581503743616,"{'n_estimators': 150, 'max_depth': 2, 'learning_rate': 0.05609238760356504, 'subsample': 0.8700561637922674, 'colsample_bytree': 0.6018960478612356, 'colsample_bylevel': 0.9311149037830164, 'reg_alpha': 3.0316032926818135e-05, 'reg_lambda': 2.1367780093376544e-05, 'min_child_weight': 5, 'gamma': 1.6369349795722602e-05, 'random_state': 42}",COMPLETE
16,0.6258640778248621,2025-12-26 16:00:26.029246,2025-12-26 16:00:26.327224,0 days 00:00:00.297978,0.758936171430167,0.8485879039063571,0.00443382389454351,0.010458449355118436,6,3,110,0.4609528194477771,6.545706136779977e-07,0.7905224112790679,"[0.8567226890756301, 0.623045267489712, 0.539212228101117, 0.508099308099308, 0.6022408963585435]",0.12266929757032823,"{'n_estimators': 110, 'max_depth': 6, 'learning_rate': 0.010458449355118436, 'subsample': 0.7905224112790679, 'colsample_bytree': 0.8485879039063571, 'colsample_bylevel': 0.758936171430167, 'reg_alpha': 0.4609528194477771, 'reg_lambda': 6.545706136779977e-07, 'min_child_weight': 3, 'gamma': 0.00443382389454351, 'random_state': 42}",COMPLETE
17,0.6713433274544386,2025-12-26 16:00:26.328165,2025-12-26 16:00:26.526094,0 days 00:00:00.197929,0.6144782036787563,0.8998452574934651,0.21956774205104995,0.03546155237170406,2,6,130,4.2817052017612455e-07,0.008024066324871092,0.9183471047574292,"[0.8928571428571429, 0.5432098765432098, 0.6971193415637861, 0.5535567313345091, 0.669973544973545]",0.12651206510812577,"{'n_estimators': 130, 'max_depth': 2, 'learning_rate': 0.03546155237170406, 'subsample': 0.9183471047574292, 'colsample_bytree': 0.8998452574934651, 'colsample_bylevel': 0.6144782036787563, 'reg_alpha': 4.2817052017612455e-07, 'reg_lambda': 0.008024066324871092, 'min_child_weight': 6, 'gamma': 0.21956774205104995, 'random_state': 42}",COMPLETE
18,0.649945258655269,2025-12-26 16:00:26.526944,2025-12-26 16:00:26.659144,0 days 00:00:00.132200,0.6216495646994378,0.9369071070455839,1.1078512257569808,0.03638023866258469,4,7,80,5.923115182761233e-07,0.004939392464663168,0.6973033187055111,"[0.8948179271708684, 0.5889938521517469, 0.6170902929072865, 0.5629923574368019, 0.5858318636096415]",0.12363533553931459,"{'n_estimators': 80, 'max_depth': 4, 'learning_rate': 0.03638023866258469, 'subsample': 0.6973033187055111, 'colsample_bytree': 0.9369071070455839, 'colsample_bylevel': 0.6216495646994378, 'reg_alpha': 5.923115182761233e-07, 'reg_lambda': 0.004939392464663168, 'min_child_weight': 7, 'gamma': 1.1078512257569808, 'random_state': 42}",COMPLETE
19,0.65624156284287,2025-12-26 16:00:26.660177,2025-12-26 16:00:26.796238,0 days 00:00:00.136061,0.7053494329078837,0.755984366732506,0.29206171888566124,0.06543803243216265,1,6,120,1.1341660683529697e-06,0.1432440451772828,0.6355272492818635,"[0.8214285714285714, 0.583934583934584, 0.6971193415637861, 0.5535567313345091, 0.6251685859528997]",0.09559889571767781,"{'n_estimators': 120, 'max_depth': 1, 'learning_rate': 0.06543803243216265, 'subsample': 0.6355272492818635, 'colsample_bytree': 0.755984366732506, 'colsample_bylevel': 0.7053494329078837, 'reg_alpha': 1.1341660683529697e-06, 'reg_lambda': 0.1432440451772828, 'min_child_weight': 6, 'gamma': 0.29206171888566124, 'random_state': 42}",COMPLETE
20,0.6211238335490142,2025-12-26 16:00:26.797045,2025-12-26 16:00:26.942166,0 days 00:00:00.145121,0.6043662175018765,0.753723332915716,0.09451122694313678,0.06718583645942616,1,8,140,1.4329321655479917e-08,0.0709226392839689,0.6002277581055918,"[0.7819548872180452, 0.5627139744786803, 0.6217380779472284, 0.5496766607877719, 0.5895355673133451]",0.08412043011829891,"{'n_estimators': 140, 'max_depth': 1, 'learning_rate': 0.06718583645942616, 'subsample': 0.6002277581055918, 'colsample_bytree': 0.753723332915716, 'colsample_bylevel': 0.6043662175018765, 'reg_alpha': 1.4329321655479917e-08, 'reg_lambda': 0.0709226392839689, 'min_child_weight': 8, 'gamma': 0.09451122694313678, 'random_state': 42}",COMPLETE
21,0.6255631635370197,2025-12-26 16:00:26.943012,2025-12-26 16:00:27.122953,0 days 00:00:00.179941,0.6848081519857464,0.8267926767995796,0.3122354179697106,0.04702975232468394,3,6,120,7.169862578360771e-07,0.0015991883651254929,0.6551085413042105,"[0.8567226890756301, 0.5432098765432098, 0.6257495590828924, 0.5535567313345091, 0.548576961648857]",0.11943921167599818,"{'n_estimators': 120, 'max_depth': 3, 'learning_rate': 0.04702975232468394, 'subsample': 0.6551085413042105, 'colsample_bytree': 0.8267926767995796, 'colsample_bylevel': 0.6848081519857464, 'reg_alpha': 7.169862578360771e-07, 'reg_lambda': 0.0015991883651254929, 'min_child_weight': 6, 'gamma': 0.3122354179697106, 'random_state': 42}",COMPLETE
22,0.640812324929972,2025-12-26 16:00:27.123813,2025-12-26 16:00:27.268181,0 days 00:00:00.144368,0.7061074981379977,0.7915551326123341,0.0014129755263437636,0.08424897468357595,2,6,100,2.7415521161467403e-05,2.116588028680614,0.7174130373835584,"[0.823109243697479, 0.5432098765432098, 0.6971193415637861, 0.5535567313345091, 0.587066431510876]",0.1062365702745826,"{'n_estimators': 100, 'max_depth': 2, 'learning_rate': 0.08424897468357595, 'subsample': 0.7174130373835584, 'colsample_bytree': 0.7915551326123341, 'colsample_bylevel': 0.7061074981379977, 'reg_alpha': 2.7415521161467403e-05, 'reg_lambda': 2.116588028680614, 'min_child_weight': 6, 'gamma': 0.0014129755263437636, 'random_state': 42}",COMPLETE
23,0.6186710771678092,2025-12-26 16:00:27.269010,2025-12-26 16:00:27.408761,0 days 00:00:00.139751,0.6300188829926108,0.7399278474268199,2.1190353887657007,0.026763214105354198,1,5,120,7.132271664727469e-07,0.06544446648624416,0.8145915086758108,"[0.8214285714285714, 0.5549676660787772, 0.6170902929072865, 0.512802423913535, 0.587066431510876]",0.10712446061580293,"{'n_estimators': 120, 'max_depth': 1, 'learning_rate': 0.026763214105354198, 'subsample': 0.8145915086758108, 'colsample_bytree': 0.7399278474268199, 'colsample_bylevel': 0.6300188829926108, 'reg_alpha': 7.132271664727469e-07, 'reg_lambda': 0.06544446648624416, 'min_child_weight': 5, 'gamma': 2.1190353887657007, 'random_state': 42}",COMPLETE
24,0.6450604933331358,2025-12-26 16:00:27.409584,2025-12-26 16:00:27.573825,0 days 00:00:00.164241,0.7641083979359836,0.8518048904813846,0.0729612632155859,0.018258645928439943,3,8,100,0.00012004415031902241,8.294579312528034e-05,0.7652401159452036,"[0.8153394691209817, 0.5303800532558702, 0.665062074212401, 0.5793062904174016, 0.6352145796590242]",0.09691971253207936,"{'n_estimators': 100, 'max_depth': 3, 'learning_rate': 0.018258645928439943, 'subsample': 0.7652401159452036, 'colsample_bytree': 0.8518048904813846, 'colsample_bylevel': 0.7641083979359836, 'reg_alpha': 0.00012004415031902241, 'reg_lambda': 8.294579312528034e-05, 'min_child_weight': 8, 'gamma': 0.0729612632155859, 'random_state': 42}",COMPLETE
25,0.6220722632487339,2025-12-26 16:00:27.574597,2025-12-26 16:00:27.776658,0 days 00:00:00.202061,0.6529717419333088,0.6729324939896955,0.0009636280063836882,0.09255647429951852,5,4,140,1.7692801670844082e-07,0.017539726533950906,0.6379610092387873,"[0.7850140056022409, 0.5260942760942761, 0.6576131687242799, 0.5930629041740153, 0.548576961648857]",0.09302477482114367,"{'n_estimators': 140, 'max_depth': 5, 'learning_rate': 0.09255647429951852, 'subsample': 0.6379610092387873, 'colsample_bytree': 0.6729324939896955, 'colsample_bylevel': 0.6529717419333088, 'reg_alpha': 1.7692801670844082e-07, 'reg_lambda': 0.017539726533950906, 'min_child_weight': 4, 'gamma': 0.0009636280063836882, 'random_state': 42}",COMPLETE
26,0.6331794940198302,2025-12-26 16:00:27.777345,2025-12-26 16:00:27.959081,0 days 00:00:00.181736,0.7128897179429896,0.9972850768601801,0.22071626181164394,0.03951975614338341,2,7,120,2.6810389046599004e-06,0.1651717751961735,0.848981751956403,"[0.8577430972388955, 0.5432098765432098, 0.6255559013728949, 0.5535567313345091, 0.5858318636096415]",0.11589913335963163,"{'n_estimators': 120, 'max_depth': 2, 'learning_rate': 0.03951975614338341, 'subsample': 0.848981751956403, 'colsample_bytree': 0.9972850768601801, 'colsample_bylevel': 0.7128897179429896, 'reg_alpha': 2.6810389046599004e-06, 'reg_lambda': 0.1651717751961735, 'min_child_weight': 7, 'gamma': 0.22071626181164394, 'random_state': 42}",COMPLETE
27,0.45114545166053255,2025-12-26 16:00:27.960029,2025-12-26 16:00:28.090139,0 days 00:00:00.130110,0.743705565817077,0.7772336691203239,9.53508166830508,0.05600316911525688,1,6,110,1.0493960710814088e-08,0.00174778557149044,0.9254953382288774,"[0.42294159042927515, 0.4951267056530214, 0.433398310591293, 0.5199665831244779, 0.38429406850459485]",0.04949792939724845,"{'n_estimators': 110, 'max_depth': 1, 'learning_rate': 0.05600316911525688, 'subsample': 0.9254953382288774, 'colsample_bytree': 0.7772336691203239, 'colsample_bylevel': 0.743705565817077, 'reg_alpha': 1.0493960710814088e-08, 'reg_lambda': 0.00174778557149044, 'min_child_weight': 6, 'gamma': 9.53508166830508, 'random_state': 42}",COMPLETE
28,0.5900428813500709,2025-12-26 16:00:28.090862,2025-12-26 16:00:28.280989,0 days 00:00:00.190127,0.7870079779271774,0.8754006721464518,5.3497171289980084e-05,0.024957142051961312,4,9,130,0.0021607531593755896,0.9361715727627916,0.7799530250663439,"[0.7810457516339869, 0.522633744855967, 0.6217380779472284, 0.473750734861846, 0.5510460974513263]",0.10684127116071934,"{'n_estimators': 130, 'max_depth': 4, 'learning_rate': 0.024957142051961312, 'subsample': 0.7799530250663439, 'colsample_bytree': 0.8754006721464518, 'colsample_bylevel': 0.7870079779271774, 'reg_alpha': 0.0021607531593755896, 'reg_lambda': 0.9361715727627916, 'min_child_weight': 9, 'gamma': 5.3497171289980084e-05, 'random_state': 42}",COMPLETE
