number,value,datetime_start,datetime_complete,duration,params_colsample_bylevel,params_colsample_bytree,params_gamma,params_learning_rate,params_max_depth,params_min_child_weight,params_n_estimators,params_reg_alpha,params_reg_lambda,params_subsample,user_attrs_cv_scores,user_attrs_cv_std,user_attrs_params,state
0,-0.48141756840993616,2025-07-20 20:28:52.720288,2025-07-20 20:28:53.469182,0 days 00:00:00.748894,0.662397808134481,0.6624074561769746,0.023585940584142682,0.1205712628744377,10,7,90,3.3323645788192616e-08,0.6245760287469893,0.8394633936788146,"[-0.39041477950396164, -0.5884629096127418, -0.5549963811280044, -0.5738793333422314, -0.2993344384627415]",0.11563520098019721,"{'n_estimators': 90, 'max_depth': 10, 'learning_rate': 0.1205712628744377, 'subsample': 0.8394633936788146, 'colsample_bytree': 0.6624074561769746, 'colsample_bylevel': 0.662397808134481, 'reg_alpha': 3.3323645788192616e-08, 'reg_lambda': 0.6245760287469893, 'min_child_weight': 7, 'gamma': 0.023585940584142682, 'random_state': 42}",COMPLETE
1,-0.43509269639587506,2025-07-20 20:28:53.470182,2025-07-20 20:28:54.049107,0 days 00:00:00.578925,0.6733618039413735,0.6727299868828402,4.17890272377219e-06,0.16967533607196555,10,5,50,5.472429642032198e-06,0.00052821153945323,0.6849356442713105,"[-0.4064152422467499, -0.5527702974722938, -0.4304755152336932, -0.45298564411533054, -0.3328167829113079]",0.0713754195653576,"{'n_estimators': 50, 'max_depth': 10, 'learning_rate': 0.16967533607196555, 'subsample': 0.6849356442713105, 'colsample_bytree': 0.6727299868828402, 'colsample_bylevel': 0.6733618039413735, 'reg_alpha': 5.472429642032198e-06, 'reg_lambda': 0.00052821153945323, 'min_child_weight': 5, 'gamma': 4.17890272377219e-06, 'random_state': 42}",COMPLETE
2,-0.4928455934805136,2025-07-20 20:28:54.050105,2025-07-20 20:28:54.966776,0 days 00:00:00.916671,0.9140703845572055,0.7824279936868144,2.6185068507773707e-08,0.027010527749605478,2,6,110,6.267062696005991e-07,0.00042472707398058225,0.7465447373174767,"[-0.4149582342887061, -0.5490726752435412, -0.5754226219623273, -0.5833870971005332, -0.34138733880746025]",0.0971434587244325,"{'n_estimators': 110, 'max_depth': 2, 'learning_rate': 0.027010527749605478, 'subsample': 0.7465447373174767, 'colsample_bytree': 0.7824279936868144, 'colsample_bylevel': 0.9140703845572055, 'reg_alpha': 6.267062696005991e-07, 'reg_lambda': 0.00042472707398058225, 'min_child_weight': 6, 'gamma': 2.6185068507773707e-08, 'random_state': 42}",COMPLETE
3,-0.6048798409290116,2025-07-20 20:28:54.967777,2025-07-20 20:28:55.902315,0 days 00:00:00.934538,0.9233589392465844,0.9862528132298237,9.148975058772307e-05,0.012476394272569451,2,7,110,5.514725787121931e-06,7.569183361880229e-08,0.9795542149013333,"[-0.511172566991191, -0.6715349651057532, -0.7540254030647499, -0.6707956736337315, -0.4168705958496325]",0.1226056529766345,"{'n_estimators': 110, 'max_depth': 2, 'learning_rate': 0.012476394272569451, 'subsample': 0.9795542149013333, 'colsample_bytree': 0.9862528132298237, 'colsample_bylevel': 0.9233589392465844, 'reg_alpha': 5.514725787121931e-06, 'reg_lambda': 7.569183361880229e-08, 'min_child_weight': 7, 'gamma': 9.148975058772307e-05, 'random_state': 42}",COMPLETE
4,-0.7378546993682747,2025-07-20 20:28:55.904315,2025-07-20 20:28:56.637234,0 days 00:00:00.732919,0.8650089137415928,0.7035119926400067,4.609885087947832e-07,0.011240768803005551,5,6,60,6.388511557344611e-06,0.0004793052550782129,0.9637281608315128,"[-0.6630409845116056, -0.7252991437773733, -0.868636164770993, -0.7717344620626341, -0.6605627417187684]",0.0774343730358202,"{'n_estimators': 60, 'max_depth': 5, 'learning_rate': 0.011240768803005551, 'subsample': 0.9637281608315128, 'colsample_bytree': 0.7035119926400067, 'colsample_bylevel': 0.8650089137415928, 'reg_alpha': 6.388511557344611e-06, 'reg_lambda': 0.0004793052550782129, 'min_child_weight': 6, 'gamma': 4.609885087947832e-07, 'random_state': 42}",COMPLETE
5,-0.27702913959429776,2025-07-20 20:28:56.638235,2025-07-20 20:28:57.917269,0 days 00:00:01.279034,0.9687496940092467,0.8391599915244341,8.471746987003668e-06,0.24420460844911424,8,1,150,6.257956190096665e-08,5.805581976088804e-07,0.9579309401710595,"[-0.2394057286275653, -0.36853819025469065, -0.3114268936222823, -0.24708671566045828, -0.2186881698064922]",0.05526816514870586,"{'n_estimators': 150, 'max_depth': 8, 'learning_rate': 0.24420460844911424, 'subsample': 0.9579309401710595, 'colsample_bytree': 0.8391599915244341, 'colsample_bylevel': 0.9687496940092467, 'reg_alpha': 6.257956190096665e-08, 'reg_lambda': 5.805581976088804e-07, 'min_child_weight': 1, 'gamma': 8.471746987003668e-06, 'random_state': 42}",COMPLETE
6,-0.5677761321733791,2025-07-20 20:28:57.919269,2025-07-20 20:28:58.592670,0 days 00:00:00.673401,0.8170784332632994,0.7123738038749523,7.620481786158549,0.16755052359850303,3,1,90,1.8548894229694903e-07,0.16587190283399655,0.7427013306774357,"[-0.5181089041126993, -0.6012300369276162, -0.653022615062909, -0.5981531408976685, -0.46836596386600265]",0.06581505048772436,"{'n_estimators': 90, 'max_depth': 3, 'learning_rate': 0.16755052359850303, 'subsample': 0.7427013306774357, 'colsample_bytree': 0.7123738038749523, 'colsample_bylevel': 0.8170784332632994, 'reg_alpha': 1.8548894229694903e-07, 'reg_lambda': 0.16587190283399655, 'min_child_weight': 1, 'gamma': 7.620481786158549, 'random_state': 42}",COMPLETE
7,-0.516096997112103,2025-07-20 20:28:58.594670,2025-07-20 20:28:59.694085,0 days 00:00:01.099415,0.8916028672163949,0.8827429375390468,1.1036250149900698e-07,0.010189592979395137,2,4,130,0.08738424135626986,4.638759594322625e-08,0.9261845713819337,"[-0.49003895008587023, -0.5694449854120276, -0.5982662689888915, -0.5357769788604151, -0.3869578022133105]",0.0739473491775791,"{'n_estimators': 130, 'max_depth': 2, 'learning_rate': 0.010189592979395137, 'subsample': 0.9261845713819337, 'colsample_bytree': 0.8827429375390468, 'colsample_bylevel': 0.8916028672163949, 'reg_alpha': 0.08738424135626986, 'reg_lambda': 4.638759594322625e-08, 'min_child_weight': 4, 'gamma': 1.1036250149900698e-07, 'random_state': 42}",COMPLETE
8,-0.6084746669606537,2025-07-20 20:28:59.695183,2025-07-20 20:29:00.693687,0 days 00:00:00.998504,0.7300733288106989,0.7243929286862649,0.0001778010520878397,0.030816017044468066,7,9,140,0.036851536911881845,0.005470376807480391,0.6254233401144095,"[-0.5133579414060642, -0.6567093243283353, -0.7022827561850978, -0.6582228471886288, -0.511800465695142]",0.07999314205838619,"{'n_estimators': 140, 'max_depth': 7, 'learning_rate': 0.030816017044468066, 'subsample': 0.6254233401144095, 'colsample_bytree': 0.7243929286862649, 'colsample_bylevel': 0.7300733288106989, 'reg_alpha': 0.036851536911881845, 'reg_lambda': 0.005470376807480391, 'min_child_weight': 9, 'gamma': 0.0001778010520878397, 'random_state': 42}",COMPLETE
9,-0.29731835506574933,2025-07-20 20:29:00.694686,2025-07-20 20:29:02.766809,0 days 00:00:02.072123,0.7975182385457563,0.9083868719818244,9.354548757337708e-08,0.13297554090738672,8,1,60,0.0005065186776865479,7.04480806377519e-05,0.8245108790277985,"[-0.31834793810975826, -0.30320106968422444, -0.34279398289116947, -0.3078981606708142, -0.21435062397278043]",0.04368171038262943,"{'n_estimators': 60, 'max_depth': 8, 'learning_rate': 0.13297554090738672, 'subsample': 0.8245108790277985, 'colsample_bytree': 0.9083868719818244, 'colsample_bylevel': 0.7975182385457563, 'reg_alpha': 0.0005065186776865479, 'reg_lambda': 7.04480806377519e-05, 'min_child_weight': 1, 'gamma': 9.354548757337708e-08, 'random_state': 42}",COMPLETE
10,-0.42323347948357615,2025-07-20 20:29:02.767808,2025-07-20 20:29:03.759798,0 days 00:00:00.991990,0.9630659181130071,0.848068981182222,0.021346533494448247,0.2704729722717779,5,3,150,4.3444691085504505,3.678908815130513e-06,0.8866896138540137,"[-0.34113420271838435, -0.5706931466126776, -0.4017339227297522, -0.4991594869017983, -0.3034466384552683]",0.09905606644907404,"{'n_estimators': 150, 'max_depth': 5, 'learning_rate': 0.2704729722717779, 'subsample': 0.8866896138540137, 'colsample_bytree': 0.848068981182222, 'colsample_bylevel': 0.9630659181130071, 'reg_alpha': 4.3444691085504505, 'reg_lambda': 3.678908815130513e-06, 'min_child_weight': 3, 'gamma': 0.021346533494448247, 'random_state': 42}",COMPLETE
11,-0.31069574571367375,2025-07-20 20:29:03.760796,2025-07-20 20:29:10.329920,0 days 00:00:06.569124,0.744858923335037,0.939930449168694,4.805653261658784e-06,0.08240472437384992,8,1,80,0.000599958321451196,1.7912366914369137e-06,0.8368507714294098,"[-0.34899622377914175, -0.3077604655613609, -0.3717059638449751, -0.3060728475925286, -0.21894322779036252]",0.0522258268261039,"{'n_estimators': 80, 'max_depth': 8, 'learning_rate': 0.08240472437384992, 'subsample': 0.8368507714294098, 'colsample_bytree': 0.939930449168694, 'colsample_bylevel': 0.744858923335037, 'reg_alpha': 0.000599958321451196, 'reg_lambda': 1.7912366914369137e-06, 'min_child_weight': 1, 'gamma': 4.805653261658784e-06, 'random_state': 42}",COMPLETE
12,-0.25507308146266794,2025-07-20 20:29:10.330870,2025-07-20 20:29:19.082072,0 days 00:00:08.751202,0.9862778301767895,0.8804650381575039,1.1415897581582742e-08,0.29283225933783363,8,2,70,0.0004686094248233635,3.841105485827389e-06,0.8824879580256776,"[-0.2598961012462139, -0.3001239435076014, -0.26104334361664333, -0.23173234467476195, -0.2225696742681194]",0.027165224806977875,"{'n_estimators': 70, 'max_depth': 8, 'learning_rate': 0.29283225933783363, 'subsample': 0.8824879580256776, 'colsample_bytree': 0.8804650381575039, 'colsample_bylevel': 0.9862778301767895, 'reg_alpha': 0.0004686094248233635, 'reg_lambda': 3.841105485827389e-06, 'min_child_weight': 2, 'gamma': 1.1415897581582742e-08, 'random_state': 42}",COMPLETE
13,-0.2928332495671043,2025-07-20 20:29:19.084259,2025-07-20 20:29:30.370484,0 days 00:00:11.286225,0.9995366765695372,0.8047306271412387,1.044919617239491e-08,0.2582165735434375,7,3,120,0.021377540635575048,5.38290491006254e-06,0.9010465186147784,"[-0.26880088220424286, -0.42966911215748294, -0.2473036063531773, -0.3059480188832852, -0.21244462823733307]",0.07484501853379688,"{'n_estimators': 120, 'max_depth': 7, 'learning_rate': 0.2582165735434375, 'subsample': 0.9010465186147784, 'colsample_bytree': 0.8047306271412387, 'colsample_bylevel': 0.9995366765695372, 'reg_alpha': 0.021377540635575048, 'reg_lambda': 5.38290491006254e-06, 'min_child_weight': 3, 'gamma': 1.044919617239491e-08, 'random_state': 42}",COMPLETE
14,-0.30331589774013096,2025-07-20 20:29:30.371481,2025-07-20 20:29:38.645607,0 days 00:00:08.274126,0.9944352943282316,0.8274507788007739,4.4750172779400975e-06,0.06689802001564377,9,3,70,7.590806034573108e-05,1.0786094641337822e-08,0.9936333960689314,"[-0.25489650300847927, -0.37941139651492944, -0.33646884605718697, -0.3098779557708949, -0.23592478734916406]",0.05257129077244508,"{'n_estimators': 70, 'max_depth': 9, 'learning_rate': 0.06689802001564377, 'subsample': 0.9936333960689314, 'colsample_bytree': 0.8274507788007739, 'colsample_bylevel': 0.9944352943282316, 'reg_alpha': 7.590806034573108e-05, 'reg_lambda': 1.0786094641337822e-08, 'min_child_weight': 3, 'gamma': 4.4750172779400975e-06, 'random_state': 42}",COMPLETE
15,-0.4408209246209047,2025-07-20 20:29:38.647647,2025-07-20 20:29:46.195130,0 days 00:00:07.547483,0.6083654265933616,0.6018960478612356,0.0015579107174789602,0.29867164464923335,6,2,150,1.1509776526304605e-08,2.468984905139203e-07,0.9149411693755961,"[-0.3580191477032404, -0.565422311015703, -0.5751729666281501, -0.37375866869378827, -0.3317315290636416]",0.1066114002692284,"{'n_estimators': 150, 'max_depth': 6, 'learning_rate': 0.29867164464923335, 'subsample': 0.9149411693755961, 'colsample_bytree': 0.6018960478612356, 'colsample_bylevel': 0.6083654265933616, 'reg_alpha': 1.1509776526304605e-08, 'reg_lambda': 2.468984905139203e-07, 'min_child_weight': 2, 'gamma': 0.0015579107174789602, 'random_state': 42}",COMPLETE
16,-0.5956559517915889,2025-07-20 20:29:46.197131,2025-07-20 20:29:50.069635,0 days 00:00:03.872504,0.9529919904337075,0.7689471615972304,1.013120760415156e-06,0.033836536873135634,8,10,100,0.004057238974138745,2.191609366622619e-05,0.8679083694332411,"[-0.5043807335416972, -0.6698970768569594, -0.6793015985258496, -0.6234077734302651, -0.5012925766031735]",0.07812056645512068,"{'n_estimators': 100, 'max_depth': 8, 'learning_rate': 0.033836536873135634, 'subsample': 0.8679083694332411, 'colsample_bytree': 0.7689471615972304, 'colsample_bylevel': 0.9529919904337075, 'reg_alpha': 0.004057238974138745, 'reg_lambda': 2.191609366622619e-05, 'min_child_weight': 10, 'gamma': 1.013120760415156e-06, 'random_state': 42}",COMPLETE
17,-0.2955642881434895,2025-07-20 20:29:50.070696,2025-07-20 20:29:56.551603,0 days 00:00:06.480907,0.8679329266895621,0.8645363058627105,5.860455063933927e-05,0.19558986295656192,4,2,80,2.5478709743772352e-05,3.4209876534185466e-07,0.7737058036052978,"[-0.2627918416115207, -0.3536637098449853, -0.3273096766433603, -0.28976087119377203, -0.2442953414238091]",0.0402977177785155,"{'n_estimators': 80, 'max_depth': 4, 'learning_rate': 0.19558986295656192, 'subsample': 0.7737058036052978, 'colsample_bytree': 0.8645363058627105, 'colsample_bylevel': 0.8679329266895621, 'reg_alpha': 2.5478709743772352e-05, 'reg_lambda': 3.4209876534185466e-07, 'min_child_weight': 2, 'gamma': 5.860455063933927e-05, 'random_state': 42}",COMPLETE
18,-0.3242646236007582,2025-07-20 20:29:56.552599,2025-07-20 20:30:03.236328,0 days 00:00:06.683729,0.8388049554799257,0.9433652849644489,0.0026235397085486853,0.11754105023983602,9,4,130,1.0773038140499753,0.01049776052772474,0.9391174135347513,"[-0.2875695187998561, -0.4593787171344657, -0.2969592057653196, -0.3574865863856676, -0.21992908991848212]",0.08042081475712591,"{'n_estimators': 130, 'max_depth': 9, 'learning_rate': 0.11754105023983602, 'subsample': 0.9391174135347513, 'colsample_bytree': 0.9433652849644489, 'colsample_bylevel': 0.8388049554799257, 'reg_alpha': 1.0773038140499753, 'reg_lambda': 0.01049776052772474, 'min_child_weight': 4, 'gamma': 0.0026235397085486853, 'random_state': 42}",COMPLETE
19,-0.41264189087730524,2025-07-20 20:30:03.237324,2025-07-20 20:30:06.201168,0 days 00:00:02.963844,0.9485534957490616,0.9986340511284371,0.66248266359638,0.08596104196746751,6,2,50,3.885396727420375e-07,6.7891871542277356,0.9480923804617473,"[-0.370683832353042, -0.5525988900924064, -0.40141628178375083, -0.4512669335425282, -0.2872435166147989]",0.08796715386155507,"{'n_estimators': 50, 'max_depth': 6, 'learning_rate': 0.08596104196746751, 'subsample': 0.9480923804617473, 'colsample_bytree': 0.9986340511284371, 'colsample_bylevel': 0.9485534957490616, 'reg_alpha': 3.885396727420375e-07, 'reg_lambda': 6.7891871542277356, 'min_child_weight': 2, 'gamma': 0.66248266359638, 'random_state': 42}",COMPLETE
20,-0.34900966829929525,2025-07-20 20:30:06.202166,2025-07-20 20:30:11.888917,0 days 00:00:05.686751,0.7817505252292422,0.9153869705919006,3.476167117477983e-05,0.04808494364207103,7,4,70,0.0038538386812793793,3.412129264108297e-05,0.8621303373692137,"[-0.28893650120569203, -0.46838840150897504, -0.3518399830267179, -0.38995181148759234, -0.24593164426749903]",0.07767807432732962,"{'n_estimators': 70, 'max_depth': 7, 'learning_rate': 0.04808494364207103, 'subsample': 0.8621303373692137, 'colsample_bytree': 0.9153869705919006, 'colsample_bylevel': 0.7817505252292422, 'reg_alpha': 0.0038538386812793793, 'reg_lambda': 3.412129264108297e-05, 'min_child_weight': 4, 'gamma': 3.476167117477983e-05, 'random_state': 42}",COMPLETE
21,-0.3022949050362594,2025-07-20 20:30:11.889916,2025-07-20 20:30:23.471767,0 days 00:00:11.581851,0.9989879313923894,0.8040271970356441,1.2267587917659956e-08,0.23001488801078895,7,3,120,0.07309028411568086,2.792337376497862e-06,0.9044637177831504,"[-0.26653851160617403, -0.40160841478459497, -0.25986138080144533, -0.35000035171478583, -0.23346586627429683]",0.06317522154823016,"{'n_estimators': 120, 'max_depth': 7, 'learning_rate': 0.23001488801078895, 'subsample': 0.9044637177831504, 'colsample_bytree': 0.8040271970356441, 'colsample_bylevel': 0.9989879313923894, 'reg_alpha': 0.07309028411568086, 'reg_lambda': 2.792337376497862e-06, 'min_child_weight': 3, 'gamma': 1.2267587917659956e-08, 'random_state': 42}",COMPLETE
22,-0.2554642693036739,2025-07-20 20:30:23.472918,2025-07-20 20:30:35.252081,0 days 00:00:11.779163,0.9784976154738502,0.8196151699965492,1.4243954575500355e-07,0.2986635735738431,9,2,130,0.00650782184057427,6.2442055464911875e-06,0.8900646198797657,"[-0.2429032501133525, -0.3375399274864764, -0.23797449292597506, -0.2808107437438879, -0.17809293224867756]",0.05259059366694397,"{'n_estimators': 130, 'max_depth': 9, 'learning_rate': 0.2986635735738431, 'subsample': 0.8900646198797657, 'colsample_bytree': 0.8196151699965492, 'colsample_bylevel': 0.9784976154738502, 'reg_alpha': 0.00650782184057427, 'reg_lambda': 6.2442055464911875e-06, 'min_child_weight': 2, 'gamma': 1.4243954575500355e-07, 'random_state': 42}",COMPLETE
23,-0.6369686672503689,2025-07-20 20:30:35.255032,2025-07-20 20:30:45.917282,0 days 00:00:10.662250,0.960860905766988,0.7472398161137841,2.334581490904668e-07,0.20176589699736164,9,1,140,0.00014137662762463542,8.745873343104937e-07,0.9941779116572428,"[-0.591800663982801, -0.7630538479371424, -0.7812753082608528, -0.6523453816458713, -0.39636813442517765]",0.13920279285207665,"{'n_estimators': 140, 'max_depth': 9, 'learning_rate': 0.20176589699736164, 'subsample': 0.9941779116572428, 'colsample_bytree': 0.7472398161137841, 'colsample_bylevel': 0.960860905766988, 'reg_alpha': 0.00014137662762463542, 'reg_lambda': 8.745873343104937e-07, 'min_child_weight': 1, 'gamma': 2.334581490904668e-07, 'random_state': 42}",COMPLETE
24,-0.2839152026342741,2025-07-20 20:30:45.919287,2025-07-20 20:31:03.070304,0 days 00:00:17.151017,0.9189487897686043,0.8254812419198323,1.2343665409672205e-06,0.14154130820130015,10,2,140,0.002128503639305541,1.4101031189449941e-05,0.8025050734340542,"[-0.26784927870408065, -0.36912606024462263, -0.278023081331931, -0.28993022576433153, -0.2146473671264048]",0.04977536498924693,"{'n_estimators': 140, 'max_depth': 10, 'learning_rate': 0.14154130820130015, 'subsample': 0.8025050734340542, 'colsample_bytree': 0.8254812419198323, 'colsample_bylevel': 0.9189487897686043, 'reg_alpha': 0.002128503639305541, 'reg_lambda': 1.4101031189449941e-05, 'min_child_weight': 2, 'gamma': 1.2343665409672205e-06, 'random_state': 42}",COMPLETE
25,-0.28836058155965916,2025-07-20 20:31:03.072302,2025-07-20 20:31:13.019922,0 days 00:00:09.947620,0.963001638264358,0.880806980951375,5.090850119300536e-08,0.22812201707227933,9,2,150,0.3128660200488964,0.00011879560621221528,0.8797542623289566,"[-0.33056260338906895, -0.396464495271355, -0.21069611296548144, -0.3084586598289798, -0.19562103634341046]",0.07550336745513826,"{'n_estimators': 150, 'max_depth': 9, 'learning_rate': 0.22812201707227933, 'subsample': 0.8797542623289566, 'colsample_bytree': 0.880806980951375, 'colsample_bylevel': 0.963001638264358, 'reg_alpha': 0.3128660200488964, 'reg_lambda': 0.00011879560621221528, 'min_child_weight': 2, 'gamma': 5.090850119300536e-08, 'random_state': 42}",COMPLETE
26,-0.393695052601106,2025-07-20 20:31:13.020919,2025-07-20 20:31:18.580770,0 days 00:00:05.559851,0.8767023760482646,0.8339967349728012,1.5541732350083323e-05,0.2852799858240089,8,5,130,0.013387102948556917,3.2677834676032277e-07,0.9374933323199344,"[-0.3229553380327411, -0.4379129753592132, -0.43514234143654823, -0.40590321334483415, -0.3665613948321934]",0.04373210316170357,"{'n_estimators': 130, 'max_depth': 8, 'learning_rate': 0.2852799858240089, 'subsample': 0.9374933323199344, 'colsample_bytree': 0.8339967349728012, 'colsample_bylevel': 0.8767023760482646, 'reg_alpha': 0.013387102948556917, 'reg_lambda': 3.2677834676032277e-07, 'min_child_weight': 5, 'gamma': 1.5541732350083323e-05, 'random_state': 42}",COMPLETE
27,-0.29794990911647756,2025-07-20 20:31:18.581768,2025-07-20 20:31:29.824319,0 days 00:00:11.242551,0.9337444396535288,0.9019960238429653,5.778664391490182e-07,0.10729853154218477,6,1,120,2.84326667140209e-05,1.7034816479353823e-08,0.9622318084801265,"[-0.2749776766370479, -0.3478902712416584, -0.2847288092878402, -0.3269201611529957, -0.25523262726284557]",0.03423624508319793,"{'n_estimators': 120, 'max_depth': 6, 'learning_rate': 0.10729853154218477, 'subsample': 0.9622318084801265, 'colsample_bytree': 0.9019960238429653, 'colsample_bylevel': 0.9337444396535288, 'reg_alpha': 2.84326667140209e-05, 'reg_lambda': 1.7034816479353823e-08, 'min_child_weight': 1, 'gamma': 5.778664391490182e-07, 'random_state': 42}",COMPLETE
28,-0.28490441629104835,2025-07-20 20:31:29.826320,2025-07-20 20:31:38.856297,0 days 00:00:09.029977,0.8961682047471182,0.8599461245281069,5.91963060509713e-08,0.16861181851192983,9,3,100,0.0011489789198387433,0.00422918163231331,0.8542252330177411,"[-0.2528650520031462, -0.4154639241829976, -0.19308999548191308, -0.33627684338056324, -0.2268262664066217]",0.08064042608089726,"{'n_estimators': 100, 'max_depth': 9, 'learning_rate': 0.16861181851192983, 'subsample': 0.8542252330177411, 'colsample_bytree': 0.8599461245281069, 'colsample_bylevel': 0.8961682047471182, 'reg_alpha': 0.0011489789198387433, 'reg_lambda': 0.00422918163231331, 'min_child_weight': 3, 'gamma': 5.91963060509713e-08, 'random_state': 42}",COMPLETE
