number,value,datetime_start,datetime_complete,duration,params_colsample_bylevel,params_colsample_bytree,params_gamma,params_learning_rate,params_max_depth,params_min_child_weight,params_n_estimators,params_reg_alpha,params_reg_lambda,params_subsample,user_attrs_cv_scores,user_attrs_cv_std,user_attrs_params,state
58,-0.6418957735163542,2025-07-20 20:34:05.625731,2025-07-20 20:34:09.781297,0 days 00:00:04.155566,0.984140812421977,0.8155898645508,0.02317876775854203,0.20274280039922998,6,3,110,9.306998894813363,5.248798180599914e-07,0.8110979604283018,"[-0.5240810632089794, -0.7061764416231271, -0.773460424075062, -0.6862658148061406, -0.519495123868462]",0.1022469433596741,"{'n_estimators': 110, 'max_depth': 6, 'learning_rate': 0.20274280039922998, 'subsample': 0.8110979604283018, 'colsample_bytree': 0.8155898645508, 'colsample_bylevel': 0.984140812421977, 'reg_alpha': 9.306998894813363, 'reg_lambda': 5.248798180599914e-07, 'min_child_weight': 3, 'gamma': 0.02317876775854203, 'random_state': 42}",COMPLETE
59,-0.4138822118601621,2025-07-20 20:34:09.782297,2025-07-20 20:34:21.736252,0 days 00:00:11.953955,0.9327893494614722,0.6287243189182317,3.9504294154951066e-07,0.039771899913229325,9,2,90,0.021623797897640084,2.0658987161323713e-06,0.9505693807869032,"[-0.32667242843886385, -0.47843744344698247, -0.5919075276296142, -0.4450795327674519, -0.22731412701789822]",0.12589428932078967,"{'n_estimators': 90, 'max_depth': 9, 'learning_rate': 0.039771899913229325, 'subsample': 0.9505693807869032, 'colsample_bytree': 0.6287243189182317, 'colsample_bylevel': 0.9327893494614722, 'reg_alpha': 0.021623797897640084, 'reg_lambda': 2.0658987161323713e-06, 'min_child_weight': 2, 'gamma': 3.9504294154951066e-07, 'random_state': 42}",COMPLETE
60,-0.2939872294685414,2025-07-20 20:34:21.737252,2025-07-20 20:34:23.210864,0 days 00:00:01.473612,0.9597926388701054,0.7823161507260264,1.0092842127802391e-07,0.26547233931442654,8,3,120,0.0002312749789118054,1.8569310735553975e-05,0.868541537635926,"[-0.2324960404330393, -0.4178507725405884, -0.20740644592266252, -0.3542772272293834, -0.25790566121703346]",0.07944348822687682,"{'n_estimators': 120, 'max_depth': 8, 'learning_rate': 0.26547233931442654, 'subsample': 0.868541537635926, 'colsample_bytree': 0.7823161507260264, 'colsample_bylevel': 0.9597926388701054, 'reg_alpha': 0.0002312749789118054, 'reg_lambda': 1.8569310735553975e-05, 'min_child_weight': 3, 'gamma': 1.0092842127802391e-07, 'random_state': 42}",COMPLETE
61,-0.2809122850448684,2025-07-20 20:34:23.211864,2025-07-20 20:34:24.661146,0 days 00:00:01.449282,0.7544124835306543,0.8063625494705357,2.065840854808342e-08,0.21459069957773919,7,2,70,0.005293622718083744,0.010784285539274002,0.8855868767174767,"[-0.26074417791064497, -0.42096904747462155, -0.24986454429967028, -0.3081916822538945, -0.16479197328551098]",0.08392223039009514,"{'n_estimators': 70, 'max_depth': 7, 'learning_rate': 0.21459069957773919, 'subsample': 0.8855868767174767, 'colsample_bytree': 0.8063625494705357, 'colsample_bylevel': 0.7544124835306543, 'reg_alpha': 0.005293622718083744, 'reg_lambda': 0.010784285539274002, 'min_child_weight': 2, 'gamma': 2.065840854808342e-08, 'random_state': 42}",COMPLETE
62,-0.2755841535354839,2025-07-20 20:34:24.662146,2025-07-20 20:34:34.777469,0 days 00:00:10.115323,0.7000577760999062,0.8457504654879534,3.5167863658091356e-08,0.21491035946168832,8,2,70,0.002715544779259252,0.029599971172512663,0.9319371336198353,"[-0.2845192660046367, -0.3481776102483902, -0.27909288717077596, -0.28160132313471176, -0.18452968111890472]",0.052324144868570746,"{'n_estimators': 70, 'max_depth': 8, 'learning_rate': 0.21491035946168832, 'subsample': 0.9319371336198353, 'colsample_bytree': 0.8457504654879534, 'colsample_bylevel': 0.7000577760999062, 'reg_alpha': 0.002715544779259252, 'reg_lambda': 0.029599971172512663, 'min_child_weight': 2, 'gamma': 3.5167863658091356e-08, 'random_state': 42}",COMPLETE
63,-0.28925315766344994,2025-07-20 20:34:34.779470,2025-07-20 20:34:48.202074,0 days 00:00:13.422604,0.6855911147452166,0.8432515558797152,1.1041069935541972e-08,0.21110699608662956,8,1,70,0.00582259812101847,0.01449399677777701,0.9332727645169381,"[-0.31470355976192793, -0.33896484886260675, -0.2893873186723423, -0.2866607077041919, -0.21654935331618078]",0.04101598998290324,"{'n_estimators': 70, 'max_depth': 8, 'learning_rate': 0.21110699608662956, 'subsample': 0.9332727645169381, 'colsample_bytree': 0.8432515558797152, 'colsample_bylevel': 0.6855911147452166, 'reg_alpha': 0.00582259812101847, 'reg_lambda': 0.01449399677777701, 'min_child_weight': 1, 'gamma': 1.1041069935541972e-08, 'random_state': 42}",COMPLETE
64,-0.3080769724654997,2025-07-20 20:34:48.204147,2025-07-20 20:34:56.938298,0 days 00:00:08.734151,0.7162481706433239,0.8027702746498621,3.397382802557897e-08,0.23549094958710448,7,2,60,0.4652557446283616,0.04040949080101545,0.9792771363038605,"[-0.306341446580606, -0.4044556155521554, -0.3027363068497751, -0.33129237673272743, -0.19555911661223452]",0.06711125164031448,"{'n_estimators': 60, 'max_depth': 7, 'learning_rate': 0.23549094958710448, 'subsample': 0.9792771363038605, 'colsample_bytree': 0.8027702746498621, 'colsample_bylevel': 0.7162481706433239, 'reg_alpha': 0.4652557446283616, 'reg_lambda': 0.04040949080101545, 'min_child_weight': 2, 'gamma': 3.397382802557897e-08, 'random_state': 42}",COMPLETE
65,-0.5514097830458581,2025-07-20 20:34:56.940298,2025-07-20 20:35:01.776048,0 days 00:00:04.835750,0.6445760181091087,0.8761985948016561,4.02397038149571e-08,0.18806949004543433,8,10,80,0.004028592730596268,0.10940841237133098,0.9085789711984461,"[-0.45902310449679207, -0.6062541340869985, -0.5834011604772268, -0.6067521852802407, -0.5016183308880322]",0.060180760442961896,"{'n_estimators': 80, 'max_depth': 8, 'learning_rate': 0.18806949004543433, 'subsample': 0.9085789711984461, 'colsample_bytree': 0.8761985948016561, 'colsample_bylevel': 0.6445760181091087, 'reg_alpha': 0.004028592730596268, 'reg_lambda': 0.10940841237133098, 'min_child_weight': 10, 'gamma': 4.02397038149571e-08, 'random_state': 42}",COMPLETE
66,-0.2752322620961453,2025-07-20 20:35:01.776987,2025-07-20 20:35:12.431010,0 days 00:00:10.654023,0.7776849951517347,0.8562245186732697,1.990915676618868e-08,0.27775511529453656,7,1,70,0.11197942748914005,0.005919790939644217,0.9554363723696625,"[-0.27182594228574997, -0.3416554315983356, -0.23114802769900808, -0.3410722551478164, -0.1904596537498165]",0.05981364391948261,"{'n_estimators': 70, 'max_depth': 7, 'learning_rate': 0.27775511529453656, 'subsample': 0.9554363723696625, 'colsample_bytree': 0.8562245186732697, 'colsample_bylevel': 0.7776849951517347, 'reg_alpha': 0.11197942748914005, 'reg_lambda': 0.005919790939644217, 'min_child_weight': 1, 'gamma': 1.990915676618868e-08, 'random_state': 42}",COMPLETE
67,-0.2805647131846031,2025-07-20 20:35:12.432971,2025-07-20 20:35:21.973869,0 days 00:00:09.540898,0.7070673021295935,0.8524525202999149,1.2072750599653903e-07,0.27793449154302885,8,1,50,0.08319538305321568,0.006190392142867309,0.9556104453949089,"[-0.3123725834846578, -0.33087353506687633, -0.2520679790054045, -0.3153100340114209, -0.19219943435465583]",0.05171158835916786,"{'n_estimators': 50, 'max_depth': 8, 'learning_rate': 0.27793449154302885, 'subsample': 0.9556104453949089, 'colsample_bytree': 0.8524525202999149, 'colsample_bylevel': 0.7070673021295935, 'reg_alpha': 0.08319538305321568, 'reg_lambda': 0.006190392142867309, 'min_child_weight': 1, 'gamma': 1.2072750599653903e-07, 'random_state': 42}",COMPLETE
68,-0.3573498926179113,2025-07-20 20:35:21.975895,2025-07-20 20:35:26.525045,0 days 00:00:04.549150,0.773080688466367,0.8870965620816099,0.09657781848201462,0.2931965243419337,6,1,60,1.1464217991008314,1.992989529672606,0.9775591613505106,"[-0.30441673816607223, -0.4962184630963954, -0.33238593371365927, -0.39634048465758587, -0.257387843455844]",0.08273122202822467,"{'n_estimators': 60, 'max_depth': 6, 'learning_rate': 0.2931965243419337, 'subsample': 0.9775591613505106, 'colsample_bytree': 0.8870965620816099, 'colsample_bylevel': 0.773080688466367, 'reg_alpha': 1.1464217991008314, 'reg_lambda': 1.992989529672606, 'min_child_weight': 1, 'gamma': 0.09657781848201462, 'random_state': 42}",COMPLETE
69,-0.35579551380206187,2025-07-20 20:35:26.527045,2025-07-20 20:35:32.844118,0 days 00:00:06.317073,0.6491792575527339,0.8644750488101696,6.318933032067152e-08,0.24363766022262673,7,1,60,1.4903920901351315,0.0018396049028941218,0.8962026335552515,"[-0.34686990489273567, -0.4830139731539714, -0.3202360466572042, -0.42499544819704405, -0.20386219610935402]",0.09529012807556199,"{'n_estimators': 60, 'max_depth': 7, 'learning_rate': 0.24363766022262673, 'subsample': 0.8962026335552515, 'colsample_bytree': 0.8644750488101696, 'colsample_bylevel': 0.6491792575527339, 'reg_alpha': 1.4903920901351315, 'reg_lambda': 0.0018396049028941218, 'min_child_weight': 1, 'gamma': 6.318933032067152e-08, 'random_state': 42}",COMPLETE
70,-0.2997323670557029,2025-07-20 20:35:32.845117,2025-07-20 20:35:40.611995,0 days 00:00:07.766878,0.826894563987237,0.9081644271236528,0.005852622086698625,0.23688809164358882,9,2,90,9.38961790025402e-05,0.09054550158499308,0.9993135092233596,"[-0.3032830167785185, -0.41326138769560944, -0.23163423724713716, -0.3297127655212135, -0.22077042803603594]",0.07024615723330511,"{'n_estimators': 90, 'max_depth': 9, 'learning_rate': 0.23688809164358882, 'subsample': 0.9993135092233596, 'colsample_bytree': 0.9081644271236528, 'colsample_bylevel': 0.826894563987237, 'reg_alpha': 9.38961790025402e-05, 'reg_lambda': 0.09054550158499308, 'min_child_weight': 2, 'gamma': 0.005852622086698625, 'random_state': 42}",COMPLETE
71,-0.2657350371212532,2025-07-20 20:35:40.614009,2025-07-20 20:35:49.978674,0 days 00:00:09.364665,0.7228344883186429,0.8525533682183829,2.5373807744393077e-07,0.27320127898014823,8,1,50,0.1287419763816197,0.00518777169110466,0.9511464777045096,"[-0.28785743632714156, -0.32944664566814763, -0.2513693846534269, -0.2619937978307063, -0.19800792112684343]",0.04325713974232031,"{'n_estimators': 50, 'max_depth': 8, 'learning_rate': 0.27320127898014823, 'subsample': 0.9511464777045096, 'colsample_bytree': 0.8525533682183829, 'colsample_bylevel': 0.7228344883186429, 'reg_alpha': 0.1287419763816197, 'reg_lambda': 0.00518777169110466, 'min_child_weight': 1, 'gamma': 2.5373807744393077e-07, 'random_state': 42}",COMPLETE
72,-0.26645532854856535,2025-07-20 20:35:49.979676,2025-07-20 20:35:57.727741,0 days 00:00:07.748065,0.729480868147332,0.846321208160772,1.9643650068115876e-07,0.2999401606848727,8,1,50,0.2863002094360186,0.020877676973820303,0.9398378991865891,"[-0.318177877508151, -0.3722178053231863, -0.18137317447990242, -0.3004117966008971, -0.16009598883068976]",0.08193320129612192,"{'n_estimators': 50, 'max_depth': 8, 'learning_rate': 0.2999401606848727, 'subsample': 0.9398378991865891, 'colsample_bytree': 0.846321208160772, 'colsample_bylevel': 0.729480868147332, 'reg_alpha': 0.2863002094360186, 'reg_lambda': 0.020877676973820303, 'min_child_weight': 1, 'gamma': 1.9643650068115876e-07, 'random_state': 42}",COMPLETE
73,-0.5499226093379972,2025-07-20 20:35:57.729765,2025-07-20 20:36:00.764798,0 days 00:00:03.035033,0.7980398268154578,0.8535300427237815,7.02713683497015,0.2987753150407009,8,1,50,0.40394360923086686,0.000638915576229911,0.9434967840906717,"[-0.4823762377939182, -0.6327089313708587, -0.628556428301053, -0.5394719911169182, -0.4664994581072376]",0.07023959352343517,"{'n_estimators': 50, 'max_depth': 8, 'learning_rate': 0.2987753150407009, 'subsample': 0.9434967840906717, 'colsample_bytree': 0.8535300427237815, 'colsample_bylevel': 0.7980398268154578, 'reg_alpha': 0.40394360923086686, 'reg_lambda': 0.000638915576229911, 'min_child_weight': 1, 'gamma': 7.02713683497015, 'random_state': 42}",COMPLETE
74,-0.2824316310114563,2025-07-20 20:36:00.766309,2025-07-20 20:36:10.991853,0 days 00:00:10.225544,0.7323265774246488,0.8892034767702132,2.5590791036429374e-07,0.1738543818377374,8,1,50,0.17474975094334702,0.43340971797474026,0.9332993719212598,"[-0.25541008194407644, -0.33450047649298753, -0.23700133302778184, -0.3379979397313015, -0.24724832386113427]",0.04434122354073891,"{'n_estimators': 50, 'max_depth': 8, 'learning_rate': 0.1738543818377374, 'subsample': 0.9332993719212598, 'colsample_bytree': 0.8892034767702132, 'colsample_bylevel': 0.7323265774246488, 'reg_alpha': 0.17474975094334702, 'reg_lambda': 0.43340971797474026, 'min_child_weight': 1, 'gamma': 2.5590791036429374e-07, 'random_state': 42}",COMPLETE
75,-0.37355791003718214,2025-07-20 20:36:10.993859,2025-07-20 20:36:17.346326,0 days 00:00:06.352467,0.7002039090023472,0.9188857061166062,0.0001299333390145755,0.20034952716597326,7,1,60,2.031985271144788,0.021459448767462617,0.9718860992216434,"[-0.33832916995343304, -0.5174976118307014, -0.3461267143923216, -0.40702497934810034, -0.258811074661354]",0.08602215218399437,"{'n_estimators': 60, 'max_depth': 7, 'learning_rate': 0.20034952716597326, 'subsample': 0.9718860992216434, 'colsample_bytree': 0.9188857061166062, 'colsample_bylevel': 0.7002039090023472, 'reg_alpha': 2.031985271144788, 'reg_lambda': 0.021459448767462617, 'min_child_weight': 1, 'gamma': 0.0001299333390145755, 'random_state': 42}",COMPLETE
76,-0.30739801612209355,2025-07-20 20:36:17.347261,2025-07-20 20:36:27.801748,0 days 00:00:10.454487,0.7759873407700656,0.8734243494460167,1.703120842929402e-08,0.15178188588775182,7,1,50,0.17885696625930275,0.023465106552888828,0.9887421723609223,"[-0.3325077963365344, -0.33647440815144586, -0.2892845355471184, -0.3686145482032546, -0.21010879237211433]",0.054802723786905795,"{'n_estimators': 50, 'max_depth': 7, 'learning_rate': 0.15178188588775182, 'subsample': 0.9887421723609223, 'colsample_bytree': 0.8734243494460167, 'colsample_bylevel': 0.7759873407700656, 'reg_alpha': 0.17885696625930275, 'reg_lambda': 0.023465106552888828, 'min_child_weight': 1, 'gamma': 1.703120842929402e-08, 'random_state': 42}",COMPLETE
77,-0.2864886491824424,2025-07-20 20:36:27.802755,2025-07-20 20:36:36.391667,0 days 00:00:08.588912,0.7320433718731845,0.8434484278421682,4.5126551203469024e-08,0.25547096820844173,8,2,70,0.5702363886795818,0.007026037141931813,0.9573169838015172,"[-0.2983830164610699, -0.3744933855863927, -0.23669582129307945, -0.30749939388622893, -0.21537162868544074]",0.05632888656646079,"{'n_estimators': 70, 'max_depth': 8, 'learning_rate': 0.25547096820844173, 'subsample': 0.9573169838015172, 'colsample_bytree': 0.8434484278421682, 'colsample_bylevel': 0.7320433718731845, 'reg_alpha': 0.5702363886795818, 'reg_lambda': 0.007026037141931813, 'min_child_weight': 2, 'gamma': 4.5126551203469024e-08, 'random_state': 42}",COMPLETE
78,-0.2815671846119331,2025-07-20 20:36:36.393664,2025-07-20 20:36:48.191447,0 days 00:00:11.797783,0.7580770663886955,0.8244441862203742,2.951344009755277e-07,0.23039911333696722,8,1,60,0.04965078769385396,0.027029211712918597,0.9268481996236679,"[-0.3205921749041433, -0.34657221556786566, -0.3002447463344114, -0.23128180443110785, -0.20914498182213723]",0.0526707701588695,"{'n_estimators': 60, 'max_depth': 8, 'learning_rate': 0.23039911333696722, 'subsample': 0.9268481996236679, 'colsample_bytree': 0.8244441862203742, 'colsample_bylevel': 0.7580770663886955, 'reg_alpha': 0.04965078769385396, 'reg_lambda': 0.027029211712918597, 'min_child_weight': 1, 'gamma': 2.951344009755277e-07, 'random_state': 42}",COMPLETE
79,-0.2847319393313489,2025-07-20 20:36:48.193450,2025-07-20 20:36:58.853477,0 days 00:00:10.660027,0.7146722868756846,0.8637831065110906,2.8327968173837386e-08,0.27828882636553665,6,2,50,0.015066482381045227,0.0015606889800452006,0.9147730888924092,"[-0.2647724337072594, -0.31905249348273884, -0.26930458889659603, -0.30519818148603095, -0.2653319990841192]",0.02284517538993031,"{'n_estimators': 50, 'max_depth': 6, 'learning_rate': 0.27828882636553665, 'subsample': 0.9147730888924092, 'colsample_bytree': 0.8637831065110906, 'colsample_bylevel': 0.7146722868756846, 'reg_alpha': 0.015066482381045227, 'reg_lambda': 0.0015606889800452006, 'min_child_weight': 2, 'gamma': 2.8327968173837386e-08, 'random_state': 42}",COMPLETE
80,-0.39159290893030585,2025-07-20 20:36:58.854419,2025-07-20 20:37:04.799026,0 days 00:00:05.944607,0.786995366100377,0.8482350720025386,6.277449446046995e-07,0.20613432480065763,9,5,70,2.9319378647791243,0.3089128478390913,0.9590450169636214,"[-0.35222341799988416, -0.5410977552958303, -0.3349058365715264, -0.45590900958780295, -0.27382852519648554]",0.09499483244419235,"{'n_estimators': 70, 'max_depth': 9, 'learning_rate': 0.20613432480065763, 'subsample': 0.9590450169636214, 'colsample_bytree': 0.8482350720025386, 'colsample_bylevel': 0.786995366100377, 'reg_alpha': 2.9319378647791243, 'reg_lambda': 0.3089128478390913, 'min_child_weight': 5, 'gamma': 6.277449446046995e-07, 'random_state': 42}",COMPLETE
81,-0.27908046090925354,2025-07-20 20:37:04.801027,2025-07-20 20:37:21.097995,0 days 00:00:16.296968,0.6928989997478964,0.8348400698996719,8.30336991239366e-08,0.2709269608571426,9,2,80,0.0007812124905393963,0.003821489166981474,0.9483039418410242,"[-0.3482306663440015, -0.29800470220910497, -0.2882656274784972, -0.267722521577892, -0.1931787869367721]",0.05046255142673027,"{'n_estimators': 80, 'max_depth': 9, 'learning_rate': 0.2709269608571426, 'subsample': 0.9483039418410242, 'colsample_bytree': 0.8348400698996719, 'colsample_bylevel': 0.6928989997478964, 'reg_alpha': 0.0007812124905393963, 'reg_lambda': 0.003821489166981474, 'min_child_weight': 2, 'gamma': 8.30336991239366e-08, 'random_state': 42}",COMPLETE
82,-0.3209368502510254,2025-07-20 20:37:21.098999,2025-07-20 20:37:32.269909,0 days 00:00:11.170910,0.6822231933016687,0.8376970549670747,8.139150408488734e-08,0.2555427001150655,9,2,70,0.13752059510379833,0.004276158772488247,0.9437951387774303,"[-0.31897406430586966, -0.3876951950977255, -0.3195926217032703, -0.3514785752355064, -0.22694379491275507]",0.053347591328150604,"{'n_estimators': 70, 'max_depth': 9, 'learning_rate': 0.2555427001150655, 'subsample': 0.9437951387774303, 'colsample_bytree': 0.8376970549670747, 'colsample_bylevel': 0.6822231933016687, 'reg_alpha': 0.13752059510379833, 'reg_lambda': 0.004276158772488247, 'min_child_weight': 2, 'gamma': 8.139150408488734e-08, 'random_state': 42}",COMPLETE
83,-0.29415828405415834,2025-07-20 20:37:32.271940,2025-07-20 20:37:43.644204,0 days 00:00:11.372264,0.6909131689528379,0.8111564657569698,1.124344897896683e-08,0.22705818394256574,8,1,80,0.00035267217796803983,0.06869359769920279,0.9654984485388068,"[-0.28302984854651425, -0.35307626830879907, -0.28610046659433797, -0.2803201443002793, -0.26826469252086105]",0.030073481880337056,"{'n_estimators': 80, 'max_depth': 8, 'learning_rate': 0.22705818394256574, 'subsample': 0.9654984485388068, 'colsample_bytree': 0.8111564657569698, 'colsample_bylevel': 0.6909131689528379, 'reg_alpha': 0.00035267217796803983, 'reg_lambda': 0.06869359769920279, 'min_child_weight': 1, 'gamma': 1.124344897896683e-08, 'random_state': 42}",COMPLETE
84,-0.5396024411529118,2025-07-20 20:37:43.646135,2025-07-20 20:37:52.507597,0 days 00:00:08.861462,0.6563688873603762,0.8258751368329059,1.7692214285611074e-07,0.025821786389573432,9,3,60,0.7424758563570162,2.5587982083957e-07,0.9878092475119007,"[-0.4379160637944054, -0.588947084938659, -0.6221480836854635, -0.565010795499004, -0.4839901778470271]",0.06830388658389841,"{'n_estimators': 60, 'max_depth': 9, 'learning_rate': 0.025821786389573432, 'subsample': 0.9878092475119007, 'colsample_bytree': 0.8258751368329059, 'colsample_bylevel': 0.6563688873603762, 'reg_alpha': 0.7424758563570162, 'reg_lambda': 2.5587982083957e-07, 'min_child_weight': 3, 'gamma': 1.7692214285611074e-07, 'random_state': 42}",COMPLETE
85,-0.24729394647608943,2025-07-20 20:37:52.509459,2025-07-20 20:38:07.364501,0 days 00:00:14.855042,0.6668513358399959,0.7949593223381101,4.815919851225402e-08,0.28031778843080213,7,2,80,0.0008283283379416572,0.0005004440720780367,0.9287900499234238,"[-0.21117090002538133, -0.30628859586452606, -0.233186457229772, -0.29358667961349144, -0.19223709964727648]",0.0450744670922278,"{'n_estimators': 80, 'max_depth': 7, 'learning_rate': 0.28031778843080213, 'subsample': 0.9287900499234238, 'colsample_bytree': 0.7949593223381101, 'colsample_bylevel': 0.6668513358399959, 'reg_alpha': 0.0008283283379416572, 'reg_lambda': 0.0005004440720780367, 'min_child_weight': 2, 'gamma': 4.815919851225402e-08, 'random_state': 42}",COMPLETE
86,-0.3391379984017085,2025-07-20 20:38:07.365503,2025-07-20 20:38:21.832492,0 days 00:00:14.466989,0.6310150219607145,0.7940108187266657,2.7006904612735786e-08,0.17614986623481552,7,1,60,4.791330876999954e-07,1.153348369062666,0.9271469602500495,"[-0.37576471845471704, -0.36045725925926314, -0.4194124128780252, -0.3861212899519222, -0.15393431146461486]",0.09460216114323687,"{'n_estimators': 60, 'max_depth': 7, 'learning_rate': 0.17614986623481552, 'subsample': 0.9271469602500495, 'colsample_bytree': 0.7940108187266657, 'colsample_bylevel': 0.6310150219607145, 'reg_alpha': 4.791330876999954e-07, 'reg_lambda': 1.153348369062666, 'min_child_weight': 1, 'gamma': 2.7006904612735786e-08, 'random_state': 42}",COMPLETE
87,-0.35720138208539964,2025-07-20 20:38:21.833298,2025-07-20 20:38:26.787989,0 days 00:00:04.954691,0.7223433315476483,0.7646431221859931,5.330254768703674e-08,0.24797776249069461,7,6,70,0.02663134149053031,0.001031497908725321,0.9129868763145478,"[-0.3313835384019614, -0.4301036614984067, -0.358884631609003, -0.3373246881485367, -0.3283103907690904]",0.037983967844689666,"{'n_estimators': 70, 'max_depth': 7, 'learning_rate': 0.24797776249069461, 'subsample': 0.9129868763145478, 'colsample_bytree': 0.7646431221859931, 'colsample_bylevel': 0.7223433315476483, 'reg_alpha': 0.02663134149053031, 'reg_lambda': 0.001031497908725321, 'min_child_weight': 6, 'gamma': 5.330254768703674e-08, 'random_state': 42}",COMPLETE
