number,value,datetime_start,datetime_complete,duration,params_colsample_bylevel,params_colsample_bytree,params_gamma,params_learning_rate,params_max_depth,params_min_child_weight,params_n_estimators,params_reg_alpha,params_reg_lambda,params_subsample,user_attrs_cv_scores,user_attrs_cv_std,user_attrs_params,state
88,-0.26094467656787523,2025-07-20 20:38:26.788990,2025-07-20 20:38:34.640123,0 days 00:00:07.851133,0.7372543227879341,0.8611266446225868,4.020626284494883e-06,0.2951345394107848,8,2,50,0.28320570311452964,0.00032206478023149074,0.938214835312237,"[-0.2592953754928338, -0.35458004113481, -0.2131518262173399, -0.31080887546090646, -0.1668872645334861]",0.06691441298569122,"{'n_estimators': 50, 'max_depth': 8, 'learning_rate': 0.2951345394107848, 'subsample': 0.938214835312237, 'colsample_bytree': 0.8611266446225868, 'colsample_bylevel': 0.7372543227879341, 'reg_alpha': 0.28320570311452964, 'reg_lambda': 0.00032206478023149074, 'min_child_weight': 2, 'gamma': 4.020626284494883e-06, 'random_state': 42}",COMPLETE
89,-0.29538348922910157,2025-07-20 20:38:34.641499,2025-07-20 20:38:43.387043,0 days 00:00:08.745544,0.7379635151650809,0.8593728412221843,1.8173755070202192e-08,0.2846995869969031,6,2,50,0.11555286963793295,5.6144293285710594e-05,0.9333109112606672,"[-0.3022155528880196, -0.421225201960225, -0.2769084639713358, -0.2997092036966533, -0.1768590236292741]",0.07783431257048097,"{'n_estimators': 50, 'max_depth': 6, 'learning_rate': 0.2846995869969031, 'subsample': 0.9333109112606672, 'colsample_bytree': 0.8593728412221843, 'colsample_bylevel': 0.7379635151650809, 'reg_alpha': 0.11555286963793295, 'reg_lambda': 5.6144293285710594e-05, 'min_child_weight': 2, 'gamma': 1.8173755070202192e-08, 'random_state': 42}",COMPLETE
90,-0.29793301957995355,2025-07-20 20:38:43.388369,2025-07-20 20:38:51.623976,0 days 00:00:08.235607,0.7638763717690078,0.8938617823755534,2.9751651239291195e-06,0.2940994154235248,8,3,50,0.24875911711547338,0.0003794097340001792,0.8941499931523857,"[-0.24395113100319402, -0.41809252497741406, -0.227225228729059, -0.37930211355059934, -0.2210940996395013]",0.08351897004861696,"{'n_estimators': 50, 'max_depth': 8, 'learning_rate': 0.2940994154235248, 'subsample': 0.8941499931523857, 'colsample_bytree': 0.8938617823755534, 'colsample_bylevel': 0.7638763717690078, 'reg_alpha': 0.24875911711547338, 'reg_lambda': 0.0003794097340001792, 'min_child_weight': 3, 'gamma': 2.9751651239291195e-06, 'random_state': 42}",COMPLETE
91,-0.28053932203615467,2025-07-20 20:38:51.625113,2025-07-20 20:39:04.491293,0 days 00:00:12.866180,0.6721704936444322,0.8769705834292627,1.879606669422213e-05,0.23470438111711087,8,2,60,0.0019025058118261988,0.00010738933133649433,0.876997950806876,"[-0.2462273223822603, -0.37424714976269285, -0.27860925508306844, -0.2989806702959755, -0.20463221265677634]",0.056681863123739504,"{'n_estimators': 60, 'max_depth': 8, 'learning_rate': 0.23470438111711087, 'subsample': 0.876997950806876, 'colsample_bytree': 0.8769705834292627, 'colsample_bylevel': 0.6721704936444322, 'reg_alpha': 0.0019025058118261988, 'reg_lambda': 0.00010738933133649433, 'min_child_weight': 2, 'gamma': 1.879606669422213e-05, 'random_state': 42}",COMPLETE
92,-0.28521544489981576,2025-07-20 20:39:04.492293,2025-07-20 20:39:13.063669,0 days 00:00:08.571376,0.7046231175266205,0.9040429850450231,0.00033484127446045903,0.2681648494915852,8,1,50,0.011446781115796658,0.00017604491877552534,0.9396530613789287,"[-0.292386371274402, -0.35206401092381606, -0.2854263380619283, -0.28024141571996247, -0.21595908851897008]",0.04322356141248295,"{'n_estimators': 50, 'max_depth': 8, 'learning_rate': 0.2681648494915852, 'subsample': 0.9396530613789287, 'colsample_bytree': 0.9040429850450231, 'colsample_bylevel': 0.7046231175266205, 'reg_alpha': 0.011446781115796658, 'reg_lambda': 0.00017604491877552534, 'min_child_weight': 1, 'gamma': 0.00033484127446045903, 'random_state': 42}",COMPLETE
93,-0.30201850040908035,2025-07-20 20:39:13.067626,2025-07-20 20:39:23.893909,0 days 00:00:10.826283,0.8089221491238747,0.8660963958298458,6.6922839078275525e-06,0.19553635264509361,3,3,100,0.2818774459983256,0.0005649924941327257,0.9188386651048159,"[-0.3120754564181684, -0.40984527547167743, -0.24395382686999992, -0.3360764362228702, -0.2081415070626857]",0.07081256240163024,"{'n_estimators': 100, 'max_depth': 3, 'learning_rate': 0.19553635264509361, 'subsample': 0.9188386651048159, 'colsample_bytree': 0.8660963958298458, 'colsample_bylevel': 0.8089221491238747, 'reg_alpha': 0.2818774459983256, 'reg_lambda': 0.0005649924941327257, 'min_child_weight': 3, 'gamma': 6.6922839078275525e-06, 'random_state': 42}",COMPLETE
94,-0.3134291379200769,2025-07-20 20:39:23.895895,2025-07-20 20:39:35.704393,0 days 00:00:11.808498,0.7445944094077713,0.8180659258170246,7.010229769841064e-07,0.21926698775325323,7,2,60,0.056016100404128855,7.518641204928764e-06,0.9015199997267213,"[-0.32522500103784535, -0.4449087264583662, -0.21919055512496077, -0.36618824138065226, -0.21163316559855963]",0.08882891202189719,"{'n_estimators': 60, 'max_depth': 7, 'learning_rate': 0.21926698775325323, 'subsample': 0.9015199997267213, 'colsample_bytree': 0.8180659258170246, 'colsample_bylevel': 0.7445944094077713, 'reg_alpha': 0.056016100404128855, 'reg_lambda': 7.518641204928764e-06, 'min_child_weight': 2, 'gamma': 7.010229769841064e-07, 'random_state': 42}",COMPLETE
95,-0.3412862742430022,2025-07-20 20:39:35.705508,2025-07-20 20:39:52.767861,0 days 00:00:17.062353,0.7235290567443171,0.849279969959796,1.423649951637606e-06,0.24725877030383892,8,1,80,0.00028946222198953194,2.901791627672826e-06,0.6027383670433811,"[-0.3980560008994151, -0.5194509828237753, -0.33397606496166415, -0.3014407170366417, -0.15350760549351455]",0.11988945014009178,"{'n_estimators': 80, 'max_depth': 8, 'learning_rate': 0.24725877030383892, 'subsample': 0.6027383670433811, 'colsample_bytree': 0.849279969959796, 'colsample_bylevel': 0.7235290567443171, 'reg_alpha': 0.00028946222198953194, 'reg_lambda': 2.901791627672826e-06, 'min_child_weight': 1, 'gamma': 1.423649951637606e-06, 'random_state': 42}",COMPLETE
96,-0.49889421125199274,2025-07-20 20:39:52.769863,2025-07-20 20:39:57.108600,0 days 00:00:04.338737,0.9901834066522913,0.8719456122512905,3.424701300032701e-07,0.2997402834617004,7,9,70,0.0001348672456121602,0.0389239895451301,0.9496674745414988,"[-0.36995085896313973, -0.5584500979939694, -0.5540350519730182, -0.5821538237465638, -0.42988122358327263]",0.08355687835270169,"{'n_estimators': 70, 'max_depth': 7, 'learning_rate': 0.2997402834617004, 'subsample': 0.9496674745414988, 'colsample_bytree': 0.8719456122512905, 'colsample_bylevel': 0.9901834066522913, 'reg_alpha': 0.0001348672456121602, 'reg_lambda': 0.0389239895451301, 'min_child_weight': 9, 'gamma': 3.424701300032701e-07, 'random_state': 42}",COMPLETE
97,-0.3350017142364768,2025-07-20 20:39:57.111039,2025-07-20 20:40:15.856113,0 days 00:00:18.745074,0.9704611786332521,0.7896863084679656,1.7871161029816463e-07,0.26676451518140415,8,2,130,0.0006309077285885605,0.011377522865380478,0.9719618742181149,"[-0.40344336592118973, -0.38955632814903574, -0.25939268542977084, -0.37279021651189037, -0.2498259751704973]",0.06642299037415884,"{'n_estimators': 130, 'max_depth': 8, 'learning_rate': 0.26676451518140415, 'subsample': 0.9719618742181149, 'colsample_bytree': 0.7896863084679656, 'colsample_bylevel': 0.9704611786332521, 'reg_alpha': 0.0006309077285885605, 'reg_lambda': 0.011377522865380478, 'min_child_weight': 2, 'gamma': 1.7871161029816463e-07, 'random_state': 42}",COMPLETE
98,-0.3081919068799885,2025-07-20 20:40:15.859197,2025-07-20 20:40:23.827566,0 days 00:00:07.968369,0.6701468618183941,0.8564598275316022,3.923354722428499e-08,0.21111980299575686,9,1,50,0.7365262110908647,6.217896014670411e-07,0.925365770717024,"[-0.26127618822798787, -0.41813070761742116, -0.2622333468180923, -0.3701359023719081, -0.22918338936453306]",0.07277254733025978,"{'n_estimators': 50, 'max_depth': 9, 'learning_rate': 0.21111980299575686, 'subsample': 0.925365770717024, 'colsample_bytree': 0.8564598275316022, 'colsample_bylevel': 0.6701468618183941, 'reg_alpha': 0.7365262110908647, 'reg_lambda': 6.217896014670411e-07, 'min_child_weight': 1, 'gamma': 3.923354722428499e-08, 'random_state': 42}",COMPLETE
99,-0.36865175497956726,2025-07-20 20:40:23.829138,2025-07-20 20:40:28.440460,0 days 00:00:04.611322,0.6147326571353361,0.8824592442591754,1.568629206616488e-08,0.1862215304839231,5,3,150,1.6003046283536538e-06,0.0027534824719481926,0.8547047594365536,"[-0.2934276403505676, -0.42975411681637615, -0.3591313637565153, -0.4057548903583492, -0.35519076361602775]",0.04699073278045081,"{'n_estimators': 150, 'max_depth': 5, 'learning_rate': 0.1862215304839231, 'subsample': 0.8547047594365536, 'colsample_bytree': 0.8824592442591754, 'colsample_bylevel': 0.6147326571353361, 'reg_alpha': 1.6003046283536538e-06, 'reg_lambda': 0.0027534824719481926, 'min_child_weight': 3, 'gamma': 1.568629206616488e-08, 'random_state': 42}",COMPLETE
