number,value,datetime_start,datetime_complete,duration,params_colsample_bylevel,params_colsample_bytree,params_gamma,params_learning_rate,params_max_depth,params_min_child_weight,params_n_estimators,params_reg_alpha,params_reg_lambda,params_subsample,user_attrs_cv_scores,user_attrs_cv_std,user_attrs_params,state
0,-0.6618941077980555,2025-09-05 08:59:42.573396,2025-09-05 08:59:42.631550,0 days 00:00:00.058154,0.662397808134481,0.6624074561769746,0.02358594058414266,0.1205712628744377,10,7,90,3.3323645788192616e-08,0.6245760287469887,0.8394633936788146,"[-0.6226173793658787, -0.6900307715391663, -0.8232639606800662, -0.5441335998892972, -0.6294248275158688]",0.09305520302159254,"{'n_estimators': 90, 'max_depth': 10, 'learning_rate': 0.1205712628744377, 'subsample': 0.8394633936788146, 'colsample_bytree': 0.6624074561769746, 'colsample_bylevel': 0.662397808134481, 'reg_alpha': 3.3323645788192616e-08, 'reg_lambda': 0.6245760287469887, 'min_child_weight': 7, 'gamma': 0.02358594058414266, 'random_state': 42}",COMPLETE
1,-0.7199690764975968,2025-09-05 08:59:42.631894,2025-09-05 08:59:42.669528,0 days 00:00:00.037634,0.6733618039413735,0.6727299868828402,4.17890272377219e-06,0.1696753360719655,10,5,50,5.472429642032189e-06,0.00052821153945323,0.6849356442713105,"[-0.7823728860349515, -0.6314722302215929, -1.0914750410507625, -0.5047967245758972, -0.58972850060478]",0.20639978565132253,"{'n_estimators': 50, 'max_depth': 10, 'learning_rate': 0.1696753360719655, 'subsample': 0.6849356442713105, 'colsample_bytree': 0.6727299868828402, 'colsample_bylevel': 0.6733618039413735, 'reg_alpha': 5.472429642032189e-06, 'reg_lambda': 0.00052821153945323, 'min_child_weight': 5, 'gamma': 4.17890272377219e-06, 'random_state': 42}",COMPLETE
2,-0.7826121850027856,2025-09-05 08:59:42.669840,2025-09-05 08:59:42.701980,0 days 00:00:00.032140,0.9140703845572055,0.7824279936868144,2.6185068507773707e-08,0.027010527749605478,2,6,110,6.267062696005991e-07,0.00042472707398058225,0.7465447373174766,"[-0.7587924169960516, -0.7502622664014001, -0.8978064974437192, -0.7316901233248571, -0.7745096208479001]",0.05923231569264386,"{'n_estimators': 110, 'max_depth': 2, 'learning_rate': 0.027010527749605478, 'subsample': 0.7465447373174766, 'colsample_bytree': 0.7824279936868144, 'colsample_bylevel': 0.9140703845572055, 'reg_alpha': 6.267062696005991e-07, 'reg_lambda': 0.00042472707398058225, 'min_child_weight': 6, 'gamma': 2.6185068507773707e-08, 'random_state': 42}",COMPLETE
3,-1.1553312578538004,2025-09-05 08:59:42.702311,2025-09-05 08:59:42.734751,0 days 00:00:00.032440,0.9233589392465844,0.9862528132298237,9.148975058772307e-05,0.012476394272569451,2,7,110,5.514725787121931e-06,7.569183361880229e-08,0.9795542149013333,"[-1.1735649541103865, -1.049360248074591, -1.2715096481688106, -1.074541189193683, -1.2076802497215313]",0.08285794242275614,"{'n_estimators': 110, 'max_depth': 2, 'learning_rate': 0.012476394272569451, 'subsample': 0.9795542149013333, 'colsample_bytree': 0.9862528132298237, 'colsample_bylevel': 0.9233589392465844, 'reg_alpha': 5.514725787121931e-06, 'reg_lambda': 7.569183361880229e-08, 'min_child_weight': 7, 'gamma': 9.148975058772307e-05, 'random_state': 42}",COMPLETE
4,-1.368032406290665,2025-09-05 08:59:42.735065,2025-09-05 08:59:42.773367,0 days 00:00:00.038302,0.8650089137415928,0.7035119926400067,4.609885087947832e-07,0.011240768803005551,5,6,60,6.388511557344611e-06,0.0004793052550782129,0.9637281608315128,"[-1.4421053181772068, -1.2132732335175445, -1.4254799428211977, -1.2994652702557699, -1.4598382666816065]",0.09577806161365734,"{'n_estimators': 60, 'max_depth': 5, 'learning_rate': 0.011240768803005551, 'subsample': 0.9637281608315128, 'colsample_bytree': 0.7035119926400067, 'colsample_bylevel': 0.8650089137415928, 'reg_alpha': 6.388511557344611e-06, 'reg_lambda': 0.0004793052550782129, 'min_child_weight': 6, 'gamma': 4.609885087947832e-07, 'random_state': 42}",COMPLETE
5,-0.8123335525809855,2025-09-05 08:59:42.773663,2025-09-05 08:59:42.864650,0 days 00:00:00.090987,0.9687496940092467,0.8391599915244341,8.471746987003668e-06,0.2442046084491143,8,1,150,6.257956190096665e-08,5.805581976088804e-07,0.9579309401710595,"[-0.7090978005997851, -0.7548053003824423, -1.0012526189974404, -0.7477212642982751, -0.8487907786269842]",0.10503467148699532,"{'n_estimators': 150, 'max_depth': 8, 'learning_rate': 0.2442046084491143, 'subsample': 0.9579309401710595, 'colsample_bytree': 0.8391599915244341, 'colsample_bylevel': 0.9687496940092467, 'reg_alpha': 6.257956190096665e-08, 'reg_lambda': 5.805581976088804e-07, 'min_child_weight': 1, 'gamma': 8.471746987003668e-06, 'random_state': 42}",COMPLETE
6,-0.703692301485433,2025-09-05 08:59:42.864985,2025-09-05 08:59:42.890617,0 days 00:00:00.025632,0.8170784332632994,0.7123738038749523,7.6204817861585425,0.16755052359850306,3,1,90,1.8548894229694903e-07,0.16587190283399628,0.7427013306774357,"[-0.669038195034217, -0.6692505190625523, -0.8024493526688625, -0.7165662670215751, -0.6611571736399581]",0.053132051942872405,"{'n_estimators': 90, 'max_depth': 3, 'learning_rate': 0.16755052359850306, 'subsample': 0.7427013306774357, 'colsample_bytree': 0.7123738038749523, 'colsample_bylevel': 0.8170784332632994, 'reg_alpha': 1.8548894229694903e-07, 'reg_lambda': 0.16587190283399628, 'min_child_weight': 1, 'gamma': 7.6204817861585425, 'random_state': 42}",COMPLETE
7,-1.1662240639000652,2025-09-05 08:59:42.890899,2025-09-05 08:59:42.927751,0 days 00:00:00.036852,0.8916028672163949,0.8827429375390469,1.1036250149900698e-07,0.010189592979395137,2,4,130,0.08738424135626989,4.638759594322625e-08,0.9261845713819337,"[-1.1914542947513636, -1.0706597418996542, -1.2586078589394476, -1.1049738471377215, -1.205424576772139]",0.06869081312221362,"{'n_estimators': 130, 'max_depth': 2, 'learning_rate': 0.010189592979395137, 'subsample': 0.9261845713819337, 'colsample_bytree': 0.8827429375390469, 'colsample_bylevel': 0.8916028672163949, 'reg_alpha': 0.08738424135626989, 'reg_lambda': 4.638759594322625e-08, 'min_child_weight': 4, 'gamma': 1.1036250149900698e-07, 'random_state': 42}",COMPLETE
8,-0.6343842956506417,2025-09-05 08:59:42.928135,2025-09-05 08:59:42.984730,0 days 00:00:00.056595,0.7300733288106988,0.7243929286862648,0.0001778010520878397,0.030816017044468066,7,9,140,0.03685153691188181,0.005470376807480385,0.6254233401144095,"[-0.6348359399361799, -0.5912311201845538, -0.8237783661828635, -0.5504197617764917, -0.5716562901731197]",0.09870902705226421,"{'n_estimators': 140, 'max_depth': 7, 'learning_rate': 0.030816017044468066, 'subsample': 0.6254233401144095, 'colsample_bytree': 0.7243929286862648, 'colsample_bylevel': 0.7300733288106988, 'reg_alpha': 0.03685153691188181, 'reg_lambda': 0.005470376807480385, 'min_child_weight': 9, 'gamma': 0.0001778010520878397, 'random_state': 42}",COMPLETE
9,-0.7112759898905785,2025-09-05 08:59:42.985083,2025-09-05 08:59:43.106653,0 days 00:00:00.121570,0.7975182385457563,0.9083868719818244,9.354548757337708e-08,0.13297554090738672,8,1,60,0.0005065186776865479,7.04480806377519e-05,0.8245108790277985,"[-0.7278026666162438, -0.69364443882993, -0.9018079330758761, -0.6977866791029432, -0.5353382318278989]",0.11663831294048435,"{'n_estimators': 60, 'max_depth': 8, 'learning_rate': 0.13297554090738672, 'subsample': 0.8245108790277985, 'colsample_bytree': 0.9083868719818244, 'colsample_bylevel': 0.7975182385457563, 'reg_alpha': 0.0005065186776865479, 'reg_lambda': 7.04480806377519e-05, 'min_child_weight': 1, 'gamma': 9.354548757337708e-08, 'random_state': 42}",COMPLETE
10,-0.7130965460106499,2025-09-05 08:59:43.106974,2025-09-05 08:59:43.154847,0 days 00:00:00.047873,0.737547017645206,0.6097788168401318,0.006214620733434314,0.05428245885836724,6,10,150,4.464513515045264,0.01620963590242718,0.6071847502459278,"[-0.8340631047006267, -0.6283828337748142, -0.8016987473297309, -0.5905207459901096, -0.710817298257968]",0.09454067184196666,"{'n_estimators': 150, 'max_depth': 6, 'learning_rate': 0.05428245885836724, 'subsample': 0.6071847502459278, 'colsample_bytree': 0.6097788168401318, 'colsample_bylevel': 0.737547017645206, 'reg_alpha': 4.464513515045264, 'reg_lambda': 0.01620963590242718, 'min_child_weight': 10, 'gamma': 0.006214620733434314, 'random_state': 42}",COMPLETE
11,-0.6936192445981424,2025-09-05 08:59:43.155175,2025-09-05 08:59:43.203443,0 days 00:00:00.048268,0.6159320342124333,0.7560581562095761,0.032972661587959216,0.05757204854983819,10,9,90,0.0029151336209232927,8.99984978558897,0.8586859301207159,"[-0.7487728163000993, -0.655588536368147, -0.8522097715378842, -0.5692138648847609, -0.6423112338998201]",0.09772248148551357,"{'n_estimators': 90, 'max_depth': 10, 'learning_rate': 0.05757204854983819, 'subsample': 0.8586859301207159, 'colsample_bytree': 0.7560581562095761, 'colsample_bylevel': 0.6159320342124333, 'reg_alpha': 0.0029151336209232927, 'reg_lambda': 8.99984978558897, 'min_child_weight': 9, 'gamma': 0.032972661587959216, 'random_state': 42}",COMPLETE
12,-0.7564953677913517,2025-09-05 08:59:43.203771,2025-09-05 08:59:43.269933,0 days 00:00:00.066162,0.7120012816828658,0.6196659073234785,0.010120698664942694,0.05881299754962944,8,8,130,0.031947244723521395,0.5007156705967981,0.8763648583333697,"[-0.828476767638136, -0.6793742405954559, -0.9917312229773414, -0.6217225160553131, -0.661172091690512]",0.13690518345235378,"{'n_estimators': 130, 'max_depth': 8, 'learning_rate': 0.05881299754962944, 'subsample': 0.8763648583333697, 'colsample_bytree': 0.6196659073234785, 'colsample_bylevel': 0.7120012816828658, 'reg_alpha': 0.031947244723521395, 'reg_lambda': 0.5007156705967981, 'min_child_weight': 8, 'gamma': 0.010120698664942694, 'random_state': 42}",COMPLETE
13,-1.0149015580004628,2025-09-05 08:59:43.270242,2025-09-05 08:59:43.307289,0 days 00:00:00.037047,0.6125215025350458,0.6697548906901242,0.6298769554137202,0.027455280545151443,6,10,80,4.723961793539163,0.01859292743827734,0.7691605335785585,"[-1.0699078846638108, -0.9325853246873763, -1.119199774713216, -0.933007906607998, -1.019806899329912]",0.07404108151730206,"{'n_estimators': 80, 'max_depth': 6, 'learning_rate': 0.027455280545151443, 'subsample': 0.7691605335785585, 'colsample_bytree': 0.6697548906901242, 'colsample_bylevel': 0.6125215025350458, 'reg_alpha': 4.723961793539163, 'reg_lambda': 0.01859292743827734, 'min_child_weight': 10, 'gamma': 0.6298769554137202, 'random_state': 42}",COMPLETE
14,-0.5351433562116643,2025-09-05 08:59:43.307602,2025-09-05 08:59:43.368234,0 days 00:00:00.060632,0.6862216402863762,0.7466944240592454,0.0005363803239619892,0.0961428336109234,9,8,130,1.5356143941184628e-08,5.289671088186269,0.6480614600857643,"[-0.5222099740421802, -0.47302569417471413, -0.7024504774547903, -0.504593721087549, -0.47343691429908785]",0.08574207171472766,"{'n_estimators': 130, 'max_depth': 9, 'learning_rate': 0.0961428336109234, 'subsample': 0.6480614600857643, 'colsample_bytree': 0.7466944240592454, 'colsample_bylevel': 0.6862216402863762, 'reg_alpha': 1.5356143941184628e-08, 'reg_lambda': 5.289671088186269, 'min_child_weight': 8, 'gamma': 0.0005363803239619892, 'random_state': 42}",COMPLETE
