number,value,datetime_start,datetime_complete,duration,params_colsample_bylevel,params_colsample_bytree,params_gamma,params_learning_rate,params_max_depth,params_min_child_weight,params_n_estimators,params_reg_alpha,params_reg_lambda,params_subsample,user_attrs_cv_scores,user_attrs_cv_std,user_attrs_params,state
29,-0.2302010447739634,2026-03-06 02:23:33.350341,2026-03-06 02:23:33.379781,0 days 00:00:00.029440,0.7036894343290435,0.811944306786265,4.053140892519333e-05,0.07494131907626882,8,10,120,0.0007577474356269353,0.03602734314390326,0.8462277317779417,"[-0.1291068994050696, -0.2760138011639746, -0.17828243675726754, -0.27976696166555776, -0.2878351248779474]",0.06448696618859619,"{'n_estimators': 120, 'max_depth': 8, 'learning_rate': 0.07494131907626882, 'subsample': 0.8462277317779417, 'colsample_bytree': 0.811944306786265, 'colsample_bylevel': 0.7036894343290435, 'reg_alpha': 0.0007577474356269353, 'reg_lambda': 0.03602734314390326, 'min_child_weight': 10, 'gamma': 4.053140892519333e-05, 'random_state': 42}",COMPLETE
30,-0.23805684377374453,2026-03-06 02:23:33.380177,2026-03-06 02:23:33.414193,0 days 00:00:00.034016,0.7075189665182832,0.8186628037552902,2.464262940489375e-06,0.07711383150924575,8,8,140,0.001341517347597826,0.036789105778755264,0.8399160691460623,"[-0.09827991948873005, -0.2581139418060107, -0.2548552683453949, -0.2807018060894596, -0.2983332831391273]",0.07165738589373946,"{'n_estimators': 140, 'max_depth': 8, 'learning_rate': 0.07711383150924575, 'subsample': 0.8399160691460623, 'colsample_bytree': 0.8186628037552902, 'colsample_bylevel': 0.7075189665182832, 'reg_alpha': 0.001341517347597826, 'reg_lambda': 0.036789105778755264, 'min_child_weight': 8, 'gamma': 2.464262940489375e-06, 'random_state': 42}",COMPLETE
31,-0.23944884839928945,2026-03-06 02:23:33.414602,2026-03-06 02:23:33.450334,0 days 00:00:00.035732,0.7017706892981193,0.8113720177529432,1.491326796888627e-06,0.07900307092227678,8,10,140,0.0007850925176719621,0.035444436246417306,0.8400527461643625,"[-0.13656283133314154, -0.2841645621853673, -0.20510697340593118, -0.279796440073954, -0.29161343499805314]",0.060188809913735514,"{'n_estimators': 140, 'max_depth': 8, 'learning_rate': 0.07900307092227678, 'subsample': 0.8400527461643625, 'colsample_bytree': 0.8113720177529432, 'colsample_bylevel': 0.7017706892981193, 'reg_alpha': 0.0007850925176719621, 'reg_lambda': 0.035444436246417306, 'min_child_weight': 10, 'gamma': 1.491326796888627e-06, 'random_state': 42}",COMPLETE
32,-0.29255839435663694,2026-03-06 02:23:33.450807,2026-03-06 02:23:33.484036,0 days 00:00:00.033229,0.642925000007408,0.7630818073878164,3.67091575118912e-05,0.07207724330837313,7,9,120,6.106110547097759e-05,0.9487227080512443,0.8426396587483119,"[-0.178959556978465, -0.32337646722278346, -0.31697333983306214, -0.3553587715269197, -0.2881238362219545]",0.06068622860262769,"{'n_estimators': 120, 'max_depth': 7, 'learning_rate': 0.07207724330837313, 'subsample': 0.8426396587483119, 'colsample_bytree': 0.7630818073878164, 'colsample_bylevel': 0.642925000007408, 'reg_alpha': 6.106110547097759e-05, 'reg_lambda': 0.9487227080512443, 'min_child_weight': 9, 'gamma': 3.67091575118912e-05, 'random_state': 42}",COMPLETE
33,-0.21615282526488847,2026-03-06 02:23:33.484434,2026-03-06 02:23:33.519324,0 days 00:00:00.034890,0.6957358462320232,0.7975834899659389,9.801959340802334e-06,0.05224427292497112,8,8,140,0.0016370237686921822,0.036880682382636656,0.7770062988994653,"[-0.09144317877101599, -0.25444810909381416, -0.18977472047077085, -0.26787326007205126, -0.2772248579167901]",0.06945448243788299,"{'n_estimators': 140, 'max_depth': 8, 'learning_rate': 0.05224427292497112, 'subsample': 0.7770062988994653, 'colsample_bytree': 0.7975834899659389, 'colsample_bylevel': 0.6957358462320232, 'reg_alpha': 0.0016370237686921822, 'reg_lambda': 0.036880682382636656, 'min_child_weight': 8, 'gamma': 9.801959340802334e-06, 'random_state': 42}",COMPLETE
34,-0.3031469778940164,2026-03-06 02:23:33.519755,2026-03-06 02:23:33.548171,0 days 00:00:00.028416,0.63950669527108,0.7657193217447417,3.655809596610483e-05,0.05274515944984072,6,10,110,0.027027234957100084,0.0012477603789905851,0.7765559725169453,"[-0.19652229720685785, -0.34663506940073713, -0.3253025768823383, -0.36277228623587066, -0.28450265974427785]",0.059420022206654606,"{'n_estimators': 110, 'max_depth': 6, 'learning_rate': 0.05274515944984072, 'subsample': 0.7765559725169453, 'colsample_bytree': 0.7657193217447417, 'colsample_bylevel': 0.63950669527108, 'reg_alpha': 0.027027234957100084, 'reg_lambda': 0.0012477603789905851, 'min_child_weight': 10, 'gamma': 3.655809596610483e-05, 'random_state': 42}",COMPLETE
35,-0.2584611898515465,2026-03-06 02:23:33.548574,2026-03-06 02:23:33.582411,0 days 00:00:00.033837,0.6912128029015836,0.8039697014417065,1.2789359526108299e-05,0.025635001089070377,10,9,150,2.463359609854721e-05,0.02643085541133424,0.7950797938889427,"[-0.12893678533718286, -0.31632832528146315, -0.2555915690271831, -0.32055593180816067, -0.27089333780374253]",0.06948917431183685,"{'n_estimators': 150, 'max_depth': 10, 'learning_rate': 0.025635001089070377, 'subsample': 0.7950797938889427, 'colsample_bytree': 0.8039697014417065, 'colsample_bylevel': 0.6912128029015836, 'reg_alpha': 2.463359609854721e-05, 'reg_lambda': 0.02643085541133424, 'min_child_weight': 9, 'gamma': 1.2789359526108299e-05, 'random_state': 42}",COMPLETE
36,-0.2459697169927467,2026-03-06 02:23:33.582869,2026-03-06 02:23:33.616684,0 days 00:00:00.033815,0.7426688738661239,0.9080693788433651,0.00030548374066576993,0.13601237587215714,8,7,130,0.0019953097979786057,0.0013163133890880235,0.9362259620787774,"[-0.1267304431706371, -0.25375868606882473, -0.21381731509471633, -0.3430261853221631, -0.2925159553073923]",0.07334706504629532,"{'n_estimators': 130, 'max_depth': 8, 'learning_rate': 0.13601237587215714, 'subsample': 0.9362259620787774, 'colsample_bytree': 0.9080693788433651, 'colsample_bylevel': 0.7426688738661239, 'reg_alpha': 0.0019953097979786057, 'reg_lambda': 0.0013163133890880235, 'min_child_weight': 7, 'gamma': 0.00030548374066576993, 'random_state': 42}",COMPLETE
37,-0.3615641710090216,2026-03-06 02:23:33.617074,2026-03-06 02:23:33.649436,0 days 00:00:00.032362,0.6622888045212691,0.9414237044381931,0.00018288684544160556,0.032211599755497596,7,6,120,0.00014564792394313668,0.23268886277302325,0.7222106110728465,"[-0.22340925888371554, -0.4160898964765589, -0.457595496373268, -0.4105726973335761, -0.3001535059779895]",0.08655051168581757,"{'n_estimators': 120, 'max_depth': 7, 'learning_rate': 0.032211599755497596, 'subsample': 0.7222106110728465, 'colsample_bytree': 0.9414237044381931, 'colsample_bylevel': 0.6622888045212691, 'reg_alpha': 0.00014564792394313668, 'reg_lambda': 0.23268886277302325, 'min_child_weight': 6, 'gamma': 0.00018288684544160556, 'random_state': 42}",COMPLETE
38,-0.25480113537908117,2026-03-06 02:23:33.649848,2026-03-06 02:23:33.680065,0 days 00:00:00.030217,0.7910877371120536,0.8567447398636548,6.903530332592491e-06,0.05822880803081788,5,8,110,0.01959587572131121,0.00030994281717143394,0.9746649740313373,"[-0.12220594745851439, -0.264657555358753, -0.30860291349274077, -0.30513262904304145, -0.2734066315423562]",0.06848749950848618,"{'n_estimators': 110, 'max_depth': 5, 'learning_rate': 0.05822880803081788, 'subsample': 0.9746649740313373, 'colsample_bytree': 0.8567447398636548, 'colsample_bylevel': 0.7910877371120536, 'reg_alpha': 0.01959587572131121, 'reg_lambda': 0.00030994281717143394, 'min_child_weight': 8, 'gamma': 6.903530332592491e-06, 'random_state': 42}",COMPLETE
39,-0.31901180892495984,2026-03-06 02:23:33.680462,2026-03-06 02:23:33.713536,0 days 00:00:00.033074,0.7219000183497648,0.8298141121283871,2.5663250608126103e-07,0.019583596078006044,9,10,140,8.618511168385485e-06,0.0694370637490274,0.8095456532474576,"[-0.19917985644574687, -0.3666144793172846, -0.35560468963507935, -0.3768129063020962, -0.29684711292459215]",0.0660257382979026,"{'n_estimators': 140, 'max_depth': 9, 'learning_rate': 0.019583596078006044, 'subsample': 0.8095456532474576, 'colsample_bytree': 0.8298141121283871, 'colsample_bylevel': 0.7219000183497648, 'reg_alpha': 8.618511168385485e-06, 'reg_lambda': 0.0694370637490274, 'min_child_weight': 10, 'gamma': 2.5663250608126103e-07, 'random_state': 42}",COMPLETE
40,-0.26467050785023793,2026-03-06 02:23:33.713954,2026-03-06 02:23:33.747615,0 days 00:00:00.033661,0.6916992872215939,0.7408112390873881,8.649364154819827e-05,0.1769039660377654,8,9,150,0.00036625692706843,1.4771563688664102e-08,0.7827832098778152,"[-0.12059836550545144, -0.33284762085070124, -0.2888596543144811, -0.27219644534747495, -0.3088504532330809]",0.07483117405574535,"{'n_estimators': 150, 'max_depth': 8, 'learning_rate': 0.1769039660377654, 'subsample': 0.7827832098778152, 'colsample_bytree': 0.7408112390873881, 'colsample_bylevel': 0.6916992872215939, 'reg_alpha': 0.00036625692706843, 'reg_lambda': 1.4771563688664102e-08, 'min_child_weight': 9, 'gamma': 8.649364154819827e-05, 'random_state': 42}",COMPLETE
41,-0.23205878065036506,2026-03-06 02:23:33.748006,2026-03-06 02:23:33.782084,0 days 00:00:00.034078,0.7495166718290518,0.8030564128003368,1.744626999805805e-06,0.08106317941687619,8,8,140,0.0017377419909438275,0.014132257962613557,0.8567988464372488,"[-0.11127083890585504, -0.2521062759165375, -0.24290161102173105, -0.2724626873345959, -0.28155249007310595]",0.06195369053665054,"{'n_estimators': 140, 'max_depth': 8, 'learning_rate': 0.08106317941687619, 'subsample': 0.8567988464372488, 'colsample_bytree': 0.8030564128003368, 'colsample_bylevel': 0.7495166718290518, 'reg_alpha': 0.0017377419909438275, 'reg_lambda': 0.014132257962613557, 'min_child_weight': 8, 'gamma': 1.744626999805805e-06, 'random_state': 42}",COMPLETE
42,-0.2500441135159033,2026-03-06 02:23:33.782506,2026-03-06 02:23:33.821167,0 days 00:00:00.038661,0.7530259531974671,0.7781399869507721,7.102784077199898e-07,0.08624701045203813,7,6,140,0.006086788623766362,0.00777188973371519,0.8549196173611574,"[-0.11109502490789844, -0.2699066036879655, -0.23728582527483996, -0.316102503718542, -0.31583060999027035]",0.07557210556046257,"{'n_estimators': 140, 'max_depth': 7, 'learning_rate': 0.08624701045203813, 'subsample': 0.8549196173611574, 'colsample_bytree': 0.7781399869507721, 'colsample_bylevel': 0.7530259531974671, 'reg_alpha': 0.006086788623766362, 'reg_lambda': 0.00777188973371519, 'min_child_weight': 6, 'gamma': 7.102784077199898e-07, 'random_state': 42}",COMPLETE
43,-0.23814371971604373,2026-03-06 02:23:33.821854,2026-03-06 02:23:33.859271,0 days 00:00:00.037417,0.7215904196458885,0.7936299934222272,3.917733502636117e-06,0.06698267593779372,8,7,130,0.001169978464051569,0.0033802787318810935,0.8863026419821958,"[-0.08801067329492872, -0.25725679984224564, -0.2182162510011044, -0.35268826681535137, -0.27454660762658856]",0.08688839852062342,"{'n_estimators': 130, 'max_depth': 8, 'learning_rate': 0.06698267593779372, 'subsample': 0.8863026419821958, 'colsample_bytree': 0.7936299934222272, 'colsample_bylevel': 0.7215904196458885, 'reg_alpha': 0.001169978464051569, 'reg_lambda': 0.0033802787318810935, 'min_child_weight': 7, 'gamma': 3.917733502636117e-06, 'random_state': 42}",COMPLETE
44,-0.23976792126250954,2026-03-06 02:23:33.859724,2026-03-06 02:23:33.891612,0 days 00:00:00.031888,0.6942277100978679,0.895177018831114,1.7723538762963184e-05,0.05089421433161477,10,9,130,0.03996911719833416,0.5981266145205467,0.8241336890352183,"[-0.12739553858138095, -0.2572514640666219, -0.22365931350239399, -0.30298354487280743, -0.2875497452893434]",0.06240517875650493,"{'n_estimators': 130, 'max_depth': 10, 'learning_rate': 0.05089421433161477, 'subsample': 0.8241336890352183, 'colsample_bytree': 0.895177018831114, 'colsample_bylevel': 0.6942277100978679, 'reg_alpha': 0.03996911719833416, 'reg_lambda': 0.5981266145205467, 'min_child_weight': 9, 'gamma': 1.7723538762963184e-05, 'random_state': 42}",COMPLETE
45,-0.2689972579430087,2026-03-06 02:23:33.892032,2026-03-06 02:23:33.922630,0 days 00:00:00.030598,0.6570462498274019,0.8617747981476823,7.469593312667248e-05,0.11561457547227869,6,10,110,4.4828619482725146e-05,0.09344969431854867,0.9446449380692549,"[-0.12708253112496115, -0.30519475375537736, -0.2508178231036402, -0.30476304959851697, -0.3571281321325479]",0.0785197848700109,"{'n_estimators': 110, 'max_depth': 6, 'learning_rate': 0.11561457547227869, 'subsample': 0.9446449380692549, 'colsample_bytree': 0.8617747981476823, 'colsample_bylevel': 0.6570462498274019, 'reg_alpha': 4.4828619482725146e-05, 'reg_lambda': 0.09344969431854867, 'min_child_weight': 10, 'gamma': 7.469593312667248e-05, 'random_state': 42}",COMPLETE
46,-0.24682659815692815,2026-03-06 02:23:33.923281,2026-03-06 02:23:33.958943,0 days 00:00:00.035662,0.75174288343016,0.8038431133645454,1.2500615823958868e-06,0.03730133602083732,9,8,150,0.0002289710234105282,0.00035792881259611033,0.9075537633605942,"[-0.12432685584202652, -0.27837608826509025, -0.2602264304966671, -0.28886186859625457, -0.2823417475846025]",0.061982904900968916,"{'n_estimators': 150, 'max_depth': 9, 'learning_rate': 0.03730133602083732, 'subsample': 0.9075537633605942, 'colsample_bytree': 0.8038431133645454, 'colsample_bylevel': 0.75174288343016, 'reg_alpha': 0.0002289710234105282, 'reg_lambda': 0.00035792881259611033, 'min_child_weight': 8, 'gamma': 1.2500615823958868e-06, 'random_state': 42}",COMPLETE
47,-0.3132573939695484,2026-03-06 02:23:33.959372,2026-03-06 02:23:33.991954,0 days 00:00:00.032582,0.7922368932693612,0.692655633746886,0.0009055107543078864,0.06105887005757428,7,7,120,0.0006217963487263295,0.016827462173660115,0.8190109506429178,"[-0.19621736057329003, -0.3208087773569559, -0.35719975212231997, -0.39043915282349484, -0.3016219269716812]",0.06599807821525493,"{'n_estimators': 120, 'max_depth': 7, 'learning_rate': 0.06105887005757428, 'subsample': 0.8190109506429178, 'colsample_bytree': 0.692655633746886, 'colsample_bylevel': 0.7922368932693612, 'reg_alpha': 0.0006217963487263295, 'reg_lambda': 0.016827462173660115, 'min_child_weight': 7, 'gamma': 0.0009055107543078864, 'random_state': 42}",COMPLETE
48,-0.3886362794698342,2026-03-06 02:23:33.992384,2026-03-06 02:23:34.025458,0 days 00:00:00.033074,0.818518638453589,0.7401577806880802,1.7416990707047487e-07,0.028448477759320107,8,9,140,0.07377047939721572,0.000826945687337543,0.8738268485423257,"[-0.25434538895223446, -0.4267310177820842, -0.447513840820722, -0.48101357679201406, -0.3335775730021163]",0.08308651612887023,"{'n_estimators': 140, 'max_depth': 8, 'learning_rate': 0.028448477759320107, 'subsample': 0.8738268485423257, 'colsample_bytree': 0.7401577806880802, 'colsample_bylevel': 0.818518638453589, 'reg_alpha': 0.07377047939721572, 'reg_lambda': 0.000826945687337543, 'min_child_weight': 9, 'gamma': 1.7416990707047487e-07, 'random_state': 42}",COMPLETE
49,-0.2637358488742229,2026-03-06 02:23:34.026029,2026-03-06 02:23:34.049906,0 days 00:00:00.023877,0.7220200908649723,0.8854797956840499,7.582349786977042e-06,0.08863172586713276,6,10,50,0.01256947936128253,1.8611971626241948,0.8520054175650397,"[-0.16046287981634808, -0.32539838624337986, -0.24195607522084214, -0.3281127152160872, -0.2627491878744575]",0.06178557697901779,"{'n_estimators': 50, 'max_depth': 6, 'learning_rate': 0.08863172586713276, 'subsample': 0.8520054175650397, 'colsample_bytree': 0.8854797956840499, 'colsample_bylevel': 0.7220200908649723, 'reg_alpha': 0.01256947936128253, 'reg_lambda': 1.8611971626241948, 'min_child_weight': 10, 'gamma': 7.582349786977042e-06, 'random_state': 42}",COMPLETE
