number,value,datetime_start,datetime_complete,duration,params_colsample_bylevel,params_colsample_bytree,params_gamma,params_learning_rate,params_max_depth,params_min_child_weight,params_n_estimators,params_reg_alpha,params_reg_lambda,params_subsample,user_attrs_cv_scores,user_attrs_cv_std,user_attrs_params,state
0,0.8751075038711138,2025-12-26 00:47:24.165413,2025-12-26 00:47:24.259276,0 days 00:00:00.093863,0.662397808134481,0.6624074561769746,0.02358594058414266,0.1205712628744377,10,7,90,3.3323645788192616e-08,0.6245760287469887,0.8394633936788146,"[1.0, 0.8571428571428571, 0.8522902494331065, 0.8916149068322982, 0.7744895059473065]",0.07326386159653597,"{'n_estimators': 90, 'max_depth': 10, 'learning_rate': 0.1205712628744377, 'subsample': 0.8394633936788146, 'colsample_bytree': 0.6624074561769746, 'colsample_bylevel': 0.662397808134481, 'reg_alpha': 3.3323645788192616e-08, 'reg_lambda': 0.6245760287469887, 'min_child_weight': 7, 'gamma': 0.02358594058414266, 'random_state': 42}",COMPLETE
1,0.8825792370342492,2025-12-26 00:47:24.259802,2025-12-26 00:47:24.314289,0 days 00:00:00.054487,0.6733618039413735,0.6727299868828402,4.17890272377219e-06,0.1696753360719655,10,5,50,5.472429642032189e-06,0.00052821153945323,0.6849356442713105,"[0.9654934437543135, 0.8920515574650913, 0.8522902494331065, 0.9285714285714286, 0.7744895059473065]",0.06584919885481443,"{'n_estimators': 50, 'max_depth': 10, 'learning_rate': 0.1696753360719655, 'subsample': 0.6849356442713105, 'colsample_bytree': 0.6727299868828402, 'colsample_bylevel': 0.6733618039413735, 'reg_alpha': 5.472429642032189e-06, 'reg_lambda': 0.00052821153945323, 'min_child_weight': 5, 'gamma': 4.17890272377219e-06, 'random_state': 42}",COMPLETE
2,0.8987400809450499,2025-12-26 00:47:24.314979,2025-12-26 00:47:24.408930,0 days 00:00:00.093951,0.9140703845572055,0.7824279936868144,2.6185068507773707e-08,0.027010527749605478,2,6,110,6.267062696005991e-07,0.00042472707398058225,0.7465447373174766,"[1.0, 0.8926353149955634, 0.8548665620094191, 0.8575396825396826, 0.8886588451805842]",0.05294304332281615,"{'n_estimators': 110, 'max_depth': 2, 'learning_rate': 0.027010527749605478, 'subsample': 0.7465447373174766, 'colsample_bytree': 0.7824279936868144, 'colsample_bylevel': 0.9140703845572055, 'reg_alpha': 6.267062696005991e-07, 'reg_lambda': 0.00042472707398058225, 'min_child_weight': 6, 'gamma': 2.6185068507773707e-08, 'random_state': 42}",COMPLETE
3,0.87707455397618,2025-12-26 00:47:24.409431,2025-12-26 00:47:24.520081,0 days 00:00:00.110650,0.9233589392465844,0.9862528132298237,9.148975058772307e-05,0.012476394272569451,2,7,110,5.514725787121931e-06,7.569183361880229e-08,0.9795542149013333,"[0.892512077294686, 0.8543917567026812, 0.8922704081632654, 0.8575396825396826, 0.8886588451805842]",0.017317894835020456,"{'n_estimators': 110, 'max_depth': 2, 'learning_rate': 0.012476394272569451, 'subsample': 0.9795542149013333, 'colsample_bytree': 0.9862528132298237, 'colsample_bylevel': 0.9233589392465844, 'reg_alpha': 5.514725787121931e-06, 'reg_lambda': 7.569183361880229e-08, 'min_child_weight': 7, 'gamma': 9.148975058772307e-05, 'random_state': 42}",COMPLETE
4,0.8683786078533977,2025-12-26 00:47:24.520640,2025-12-26 00:47:24.608835,0 days 00:00:00.088195,0.8650089137415928,0.7035119926400067,4.609885087947832e-07,0.011240768803005551,5,6,60,6.388511557344611e-06,0.0004793052550782129,0.9637281608315128,"[0.9280045351473923, 0.8922902494331065, 0.8115842490842491, 0.8575396825396826, 0.8524743230625583]",0.039301515424645855,"{'n_estimators': 60, 'max_depth': 5, 'learning_rate': 0.011240768803005551, 'subsample': 0.9637281608315128, 'colsample_bytree': 0.7035119926400067, 'colsample_bylevel': 0.8650089137415928, 'reg_alpha': 6.388511557344611e-06, 'reg_lambda': 0.0004793052550782129, 'min_child_weight': 6, 'gamma': 4.609885087947832e-07, 'random_state': 42}",COMPLETE
5,0.8977079450137543,2025-12-26 00:47:24.609350,2025-12-26 00:47:24.735386,0 days 00:00:00.126036,0.9687496940092467,0.8391599915244341,8.471746987003668e-06,0.2442046084491143,8,1,150,6.257956190096665e-08,5.805581976088804e-07,0.9579309401710595,"[1.0, 0.8559757236227823, 0.8522902494331065, 0.8916149068322982, 0.8886588451805842]",0.053641441459867524,"{'n_estimators': 150, 'max_depth': 8, 'learning_rate': 0.2442046084491143, 'subsample': 0.9579309401710595, 'colsample_bytree': 0.8391599915244341, 'colsample_bylevel': 0.9687496940092467, 'reg_alpha': 6.257956190096665e-08, 'reg_lambda': 5.805581976088804e-07, 'min_child_weight': 1, 'gamma': 8.471746987003668e-06, 'random_state': 42}",COMPLETE
6,0.8318901674382128,2025-12-26 00:47:24.736004,2025-12-26 00:47:24.806961,0 days 00:00:00.070957,0.8170784332632994,0.7123738038749523,7.6204817861585425,0.16755052359850306,3,1,90,1.8548894229694903e-07,0.16587190283399628,0.7427013306774357,"[0.8843537414965985, 0.7135546526302827, 0.8153439153439154, 0.8575396825396826, 0.8886588451805842]",0.06466850782840648,"{'n_estimators': 90, 'max_depth': 3, 'learning_rate': 0.16755052359850306, 'subsample': 0.7427013306774357, 'colsample_bytree': 0.7123738038749523, 'colsample_bylevel': 0.8170784332632994, 'reg_alpha': 1.8548894229694903e-07, 'reg_lambda': 0.16587190283399628, 'min_child_weight': 1, 'gamma': 7.6204817861585425, 'random_state': 42}",COMPLETE
7,0.8554705209471377,2025-12-26 00:47:24.807558,2025-12-26 00:47:24.934299,0 days 00:00:00.126741,0.8916028672163949,0.8827429375390469,1.1036250149900698e-07,0.010189592979395137,2,4,130,0.08738424135626989,4.638759594322625e-08,0.9261845713819337,"[0.8924489795918368, 0.7838385354141656, 0.8548665620094191, 0.8575396825396826, 0.8886588451805842]",0.03899912516109184,"{'n_estimators': 130, 'max_depth': 2, 'learning_rate': 0.010189592979395137, 'subsample': 0.9261845713819337, 'colsample_bytree': 0.8827429375390469, 'colsample_bylevel': 0.8916028672163949, 'reg_alpha': 0.08738424135626989, 'reg_lambda': 4.638759594322625e-08, 'min_child_weight': 4, 'gamma': 1.1036250149900698e-07, 'random_state': 42}",COMPLETE
8,0.7927548026462592,2025-12-26 00:47:24.934916,2025-12-26 00:47:25.029169,0 days 00:00:00.094253,0.7300733288106988,0.7243929286862648,0.0001778010520878397,0.030816017044468066,7,9,140,0.03685153691188181,0.005470376807480385,0.6254233401144095,"[0.8843537414965985, 0.7813852813852814, 0.819042894935752, 0.8541666666666667, 0.6248254287469974]",0.09075504070749128,"{'n_estimators': 140, 'max_depth': 7, 'learning_rate': 0.030816017044468066, 'subsample': 0.6254233401144095, 'colsample_bytree': 0.7243929286862648, 'colsample_bylevel': 0.7300733288106988, 'reg_alpha': 0.03685153691188181, 'reg_lambda': 0.005470376807480385, 'min_child_weight': 9, 'gamma': 0.0001778010520878397, 'random_state': 42}",COMPLETE
9,0.8916916093825119,2025-12-26 00:47:25.029760,2025-12-26 00:47:25.119158,0 days 00:00:00.089398,0.7975182385457563,0.9083868719818244,9.354548757337708e-08,0.13297554090738672,8,1,60,0.0005065186776865479,7.04480806377519e-05,0.8245108790277985,"[1.0, 0.8573929571828732, 0.8548665620094191, 0.8575396825396826, 0.8886588451805842]",0.05556751011279009,"{'n_estimators': 60, 'max_depth': 8, 'learning_rate': 0.13297554090738672, 'subsample': 0.8245108790277985, 'colsample_bytree': 0.9083868719818244, 'colsample_bylevel': 0.7975182385457563, 'reg_alpha': 0.0005065186776865479, 'reg_lambda': 7.04480806377519e-05, 'min_child_weight': 1, 'gamma': 9.354548757337708e-08, 'random_state': 42}",COMPLETE
10,0.7288040392455779,2025-12-26 00:47:25.119720,2025-12-26 00:47:25.210849,0 days 00:00:00.091129,0.9630659181130072,0.7859956251031079,1.290626345465208e-08,0.0431646733732235,4,10,110,4.3444691085504035,8.476957030644504e-06,0.7387403565626488,"[0.8843537414965985, 0.654143475572047, 0.819042894935752, 0.633435960591133, 0.6530441236323589]",0.10271085235228558,"{'n_estimators': 110, 'max_depth': 4, 'learning_rate': 0.0431646733732235, 'subsample': 0.7387403565626488, 'colsample_bytree': 0.7859956251031079, 'colsample_bylevel': 0.9630659181130072, 'reg_alpha': 4.3444691085504035, 'reg_lambda': 8.476957030644504e-06, 'min_child_weight': 10, 'gamma': 1.290626345465208e-08, 'random_state': 42}",COMPLETE
11,0.8778439008453622,2025-12-26 00:47:25.211376,2025-12-26 00:47:25.428435,0 days 00:00:00.217059,0.9849744075572939,0.8079182573731435,1.0843380026122964e-05,0.02406376977682104,7,3,150,1.2947883640812725e-08,2.2139861209819737e-06,0.8784752060656159,"[1.0, 0.8221592985020095, 0.8208616780045351, 0.8575396825396826, 0.8886588451805842]",0.06602891112334859,"{'n_estimators': 150, 'max_depth': 7, 'learning_rate': 0.02406376977682104, 'subsample': 0.8784752060656159, 'colsample_bytree': 0.8079182573731435, 'colsample_bylevel': 0.9849744075572939, 'reg_alpha': 1.2947883640812725e-08, 'reg_lambda': 2.2139861209819737e-06, 'min_child_weight': 3, 'gamma': 1.0843380026122964e-05, 'random_state': 42}",COMPLETE
12,0.8887682045735875,2025-12-26 00:47:25.429106,2025-12-26 00:47:25.517286,0 days 00:00:00.088180,0.9973849750958672,0.8158480427211191,0.008865465164105317,0.294656056875375,1,3,130,5.856535273839422e-07,1.1072638081282338e-06,0.7702143284127455,"[1.0, 0.8542568542568542, 0.8522902494331065, 0.8916149068322982, 0.8456790123456791]",0.057894678557362945,"{'n_estimators': 130, 'max_depth': 1, 'learning_rate': 0.294656056875375, 'subsample': 0.7702143284127455, 'colsample_bytree': 0.8158480427211191, 'colsample_bylevel': 0.9973849750958672, 'reg_alpha': 5.856535273839422e-07, 'reg_lambda': 1.1072638081282338e-06, 'min_child_weight': 3, 'gamma': 0.008865465164105317, 'random_state': 42}",COMPLETE
13,0.8756768620491675,2025-12-26 00:47:25.517816,2025-12-26 00:47:25.610978,0 days 00:00:00.093162,0.9252715620376821,0.8752918047800797,1.8522553828514472e-06,0.07269377550630604,8,8,120,0.0002788126607865257,0.01621030392453543,0.8882922086424846,"[0.9654934437543135, 0.9285714285714286, 0.8522902494331065, 0.8575396825396826, 0.7744895059473065]",0.0663017729504617,"{'n_estimators': 120, 'max_depth': 8, 'learning_rate': 0.07269377550630604, 'subsample': 0.8882922086424846, 'colsample_bytree': 0.8752918047800797, 'colsample_bylevel': 0.9252715620376821, 'reg_alpha': 0.0002788126607865257, 'reg_lambda': 0.01621030392453543, 'min_child_weight': 8, 'gamma': 1.8522553828514472e-06, 'random_state': 42}",COMPLETE
14,0.8754008384267344,2025-12-26 00:47:25.611610,2025-12-26 00:47:25.730808,0 days 00:00:00.119198,0.8255906861407021,0.7809305251510434,0.005805648341373554,0.06933026566982944,6,5,150,0.00021711034350530543,5.289671088186269,0.6820467093452917,"[1.0, 0.8574113856068742, 0.8522902494331065, 0.8575396825396826, 0.8097628745540084]",0.06482288792105759,"{'n_estimators': 150, 'max_depth': 6, 'learning_rate': 0.06933026566982944, 'subsample': 0.6820467093452917, 'colsample_bytree': 0.7809305251510434, 'colsample_bylevel': 0.8255906861407021, 'reg_alpha': 0.00021711034350530543, 'reg_lambda': 5.289671088186269, 'min_child_weight': 5, 'gamma': 0.005805648341373554, 'random_state': 42}",COMPLETE
15,0.8771346735647064,2025-12-26 00:47:25.731444,2025-12-26 00:47:25.856664,0 days 00:00:00.125220,0.934978710354108,0.6018960478612356,1.3802016192495049e-08,0.02645376020726182,5,3,80,2.872713722290719e-07,1.1180769246456922e-08,0.7977648406163367,"[0.9624489795918366, 0.8221592985020095, 0.8548665620094191, 0.8575396825396826, 0.8886588451805842]",0.04756776570980964,"{'n_estimators': 80, 'max_depth': 5, 'learning_rate': 0.02645376020726182, 'subsample': 0.7977648406163367, 'colsample_bytree': 0.6018960478612356, 'colsample_bylevel': 0.934978710354108, 'reg_alpha': 2.872713722290719e-07, 'reg_lambda': 1.1180769246456922e-08, 'min_child_weight': 3, 'gamma': 1.3802016192495049e-08, 'random_state': 42}",COMPLETE
16,0.884131385292876,2025-12-26 00:47:25.857200,2025-12-26 00:47:26.053781,0 days 00:00:00.196581,0.8780251752153407,0.948251200460776,1.4638056549057693e-05,0.020448962326487078,9,2,100,4.7023492071272475e-05,7.003717506818646e-05,0.6853133342524489,"[0.9624489795918366, 0.8571428571428571, 0.8548665620094191, 0.8575396825396826, 0.8886588451805842]",0.041100055130478624,"{'n_estimators': 100, 'max_depth': 9, 'learning_rate': 0.020448962326487078, 'subsample': 0.6853133342524489, 'colsample_bytree': 0.948251200460776, 'colsample_bylevel': 0.8780251752153407, 'reg_alpha': 4.7023492071272475e-05, 'reg_lambda': 7.003717506818646e-05, 'min_child_weight': 2, 'gamma': 1.4638056549057693e-05, 'random_state': 42}",COMPLETE
17,0.8691625171807853,2025-12-26 00:47:26.054419,2025-12-26 00:47:26.142122,0 days 00:00:00.087703,0.6059369435658144,0.8465999488269765,0.0007545396234662341,0.2983173769421971,4,6,130,1.1830314333936507e-08,3.4209876534185466e-07,0.867116979833637,"[0.9285714285714286, 0.8208616780045352, 0.8522902494331065, 0.8916149068322982, 0.8524743230625583]",0.03722813146181696,"{'n_estimators': 130, 'max_depth': 4, 'learning_rate': 0.2983173769421971, 'subsample': 0.867116979833637, 'colsample_bytree': 0.8465999488269765, 'colsample_bylevel': 0.6059369435658144, 'reg_alpha': 1.1830314333936507e-08, 'reg_lambda': 3.4209876534185466e-07, 'min_child_weight': 6, 'gamma': 0.0007545396234662341, 'random_state': 42}",COMPLETE
18,0.8982232075290169,2025-12-26 00:47:26.142656,2025-12-26 00:47:26.237584,0 days 00:00:00.094928,0.764088169035724,0.7418747376691611,0.3465233135935942,0.04302553031342478,6,4,80,8.306122760311893e-07,1.5299210354009815e-05,0.9282039889177287,"[1.0, 0.8559757236227823, 0.8548665620094191, 0.8916149068322982, 0.8886588451805842]",0.053213364407884496,"{'n_estimators': 80, 'max_depth': 6, 'learning_rate': 0.04302553031342478, 'subsample': 0.9282039889177287, 'colsample_bytree': 0.7418747376691611, 'colsample_bylevel': 0.764088169035724, 'reg_alpha': 8.306122760311893e-07, 'reg_lambda': 1.5299210354009815e-05, 'min_child_weight': 4, 'gamma': 0.3465233135935942, 'random_state': 42}",COMPLETE
19,0.8554705209471377,2025-12-26 00:47:26.238100,2025-12-26 00:47:26.303786,0 days 00:00:00.065686,0.7590602526122234,0.7616675016944651,0.6624826635963764,0.036551572627591726,1,4,80,0.006096581664264764,1.8299747450610214e-05,0.9153175069788861,"[0.8924489795918368, 0.7838385354141656, 0.8548665620094191, 0.8575396825396826, 0.8886588451805842]",0.03899912516109184,"{'n_estimators': 80, 'max_depth': 1, 'learning_rate': 0.036551572627591726, 'subsample': 0.9153175069788861, 'colsample_bytree': 0.7616675016944651, 'colsample_bylevel': 0.7590602526122234, 'reg_alpha': 0.006096581664264764, 'reg_lambda': 1.8299747450610214e-05, 'min_child_weight': 4, 'gamma': 0.6624826635963764, 'random_state': 42}",COMPLETE
20,0.8587183440699455,2025-12-26 00:47:26.304385,2025-12-26 00:47:26.381359,0 days 00:00:00.076974,0.7525309901257216,0.753723332915716,0.45169539191758784,0.01815673622995211,6,7,80,2.0817400950208596e-06,0.0011627263181236615,0.6053806648663311,"[0.9624489795918366, 0.8571428571428571, 0.8548665620094191, 0.8932022084195997, 0.7259311131860152]",0.07694016989347269,"{'n_estimators': 80, 'max_depth': 6, 'learning_rate': 0.01815673622995211, 'subsample': 0.6053806648663311, 'colsample_bytree': 0.753723332915716, 'colsample_bylevel': 0.7525309901257216, 'reg_alpha': 2.0817400950208596e-06, 'reg_lambda': 0.0011627263181236615, 'min_child_weight': 7, 'gamma': 0.45169539191758784, 'random_state': 42}",COMPLETE
21,0.8847723243886927,2025-12-26 00:47:26.382092,2025-12-26 00:47:26.496265,0 days 00:00:00.114173,0.8485161614734078,0.8355079485756891,0.0014500001957167892,0.06319404718785696,7,2,70,1.5470861364979615e-07,7.20844598555888e-06,0.9938241119128164,"[1.0, 0.8221592985020095, 0.8214285714285714, 0.8916149068322982, 0.8886588451805842]",0.0652260151395244,"{'n_estimators': 70, 'max_depth': 7, 'learning_rate': 0.06319404718785696, 'subsample': 0.9938241119128164, 'colsample_bytree': 0.8355079485756891, 'colsample_bylevel': 0.8485161614734078, 'reg_alpha': 1.5470861364979615e-07, 'reg_lambda': 7.20844598555888e-06, 'min_child_weight': 2, 'gamma': 0.0014500001957167892, 'random_state': 42}",COMPLETE
22,0.8985066542410349,2025-12-26 00:47:26.496752,2025-12-26 00:47:26.621633,0 days 00:00:00.124881,0.9600299170029946,0.7531233364732974,5.370974048154481e-05,0.04679037493447286,8,4,100,2.7415521161467403e-05,5.31956200765716e-05,0.9262487660116938,"[1.0, 0.8573929571828732, 0.8548665620094191, 0.8916149068322982, 0.8886588451805842]",0.052990883168258264,"{'n_estimators': 100, 'max_depth': 8, 'learning_rate': 0.04679037493447286, 'subsample': 0.9262487660116938, 'colsample_bytree': 0.7531233364732974, 'colsample_bylevel': 0.9600299170029946, 'reg_alpha': 2.7415521161467403e-05, 'reg_lambda': 5.31956200765716e-05, 'min_child_weight': 4, 'gamma': 5.370974048154481e-05, 'random_state': 42}",COMPLETE
23,0.9054350777843654,2025-12-26 00:47:26.622200,2025-12-26 00:47:26.733160,0 days 00:00:00.110960,0.7817651393758841,0.7373458769527181,0.03802241519329436,0.045785825831479374,4,4,100,2.196365992696371e-05,8.837687748833287e-05,0.9115396305181933,"[1.0, 0.8920350748995249, 0.8548665620094191, 0.8916149068322982, 0.8886588451805842]",0.049298475603540275,"{'n_estimators': 100, 'max_depth': 4, 'learning_rate': 0.045785825831479374, 'subsample': 0.9115396305181933, 'colsample_bytree': 0.7373458769527181, 'colsample_bylevel': 0.7817651393758841, 'reg_alpha': 2.196365992696371e-05, 'reg_lambda': 8.837687748833287e-05, 'min_child_weight': 4, 'gamma': 0.03802241519329436, 'random_state': 42}",COMPLETE
24,0.8898740029433772,2025-12-26 00:47:26.733917,2025-12-26 00:47:26.822806,0 days 00:00:00.088889,0.8954105468070348,0.686302956764513,0.0729612632155859,0.08930127636580927,3,5,100,3.771485607593752e-05,0.005077833406694076,0.8486254962854315,"[1.0, 0.8931256713211599, 0.8548665620094191, 0.8916149068322982, 0.8097628745540084]",0.062904138391472,"{'n_estimators': 100, 'max_depth': 3, 'learning_rate': 0.08930127636580927, 'subsample': 0.8486254962854315, 'colsample_bytree': 0.686302956764513, 'colsample_bylevel': 0.8954105468070348, 'reg_alpha': 3.771485607593752e-05, 'reg_lambda': 0.005077833406694076, 'min_child_weight': 5, 'gamma': 0.0729612632155859, 'random_state': 42}",COMPLETE
25,0.8824456243044722,2025-12-26 00:47:26.823361,2025-12-26 00:47:26.919087,0 days 00:00:00.095726,0.9458201477074817,0.6216823886935732,9.410104952193764e-05,0.04974487466149771,3,6,110,0.0029877678779984887,8.972133763091967e-05,0.7962980186794159,"[1.0, 0.8926353149955634, 0.8522902494331065, 0.8575396825396826, 0.8097628745540084]",0.06439766412170185,"{'n_estimators': 110, 'max_depth': 3, 'learning_rate': 0.04974487466149771, 'subsample': 0.7962980186794159, 'colsample_bytree': 0.6216823886935732, 'colsample_bylevel': 0.9458201477074817, 'reg_alpha': 0.0029877678779984887, 'reg_lambda': 8.972133763091967e-05, 'min_child_weight': 6, 'gamma': 9.410104952193764e-05, 'random_state': 42}",COMPLETE
26,0.8268561791905636,2025-12-26 00:47:26.919733,2025-12-26 00:47:27.017886,0 days 00:00:00.098153,0.7039253516052443,0.6383472600721712,5.011708104735115,0.01555575257859021,4,4,120,2.3278970136604205e-05,0.04050700363331643,0.7239931546649638,"[0.9262166405023547, 0.7480502498482231, 0.7835034013605442, 0.8240362811791384, 0.8524743230625583]",0.061035367185627694,"{'n_estimators': 120, 'max_depth': 4, 'learning_rate': 0.01555575257859021, 'subsample': 0.7239931546649638, 'colsample_bytree': 0.6383472600721712, 'colsample_bylevel': 0.7039253516052443, 'reg_alpha': 2.3278970136604205e-05, 'reg_lambda': 0.04050700363331643, 'min_child_weight': 4, 'gamma': 5.011708104735115, 'random_state': 42}",COMPLETE
27,0.876188129407591,2025-12-26 00:47:27.018426,2025-12-26 00:47:27.100863,0 days 00:00:00.082437,0.7870625598311031,0.7735028053759462,0.0023152067841332646,0.033093672267979664,2,8,90,0.001123082764778846,0.001923393448231903,0.9027273853039449,"[0.9654934437543135, 0.8926353149955634, 0.8548665620094191, 0.8575396825396826, 0.8104056437389772]",0.05172167497669326,"{'n_estimators': 90, 'max_depth': 2, 'learning_rate': 0.033093672267979664, 'subsample': 0.9027273853039449, 'colsample_bytree': 0.7735028053759462, 'colsample_bylevel': 0.7870625598311031, 'reg_alpha': 0.001123082764778846, 'reg_lambda': 0.001923393448231903, 'min_child_weight': 8, 'gamma': 0.0023152067841332646, 'random_state': 42}",COMPLETE
28,0.8754242650361272,2025-12-26 00:47:27.101476,2025-12-26 00:47:27.193039,0 days 00:00:00.091563,0.842745221711513,0.7309043101162868,4.039613827588198e-05,0.09663794665634498,5,5,100,7.882056019799458e-05,0.00012171438051188264,0.9486874886875833,"[0.9654934437543135, 0.8920350748995249, 0.8522902494331065, 0.8575396825396826, 0.8097628745540084]",0.05206694753550422,"{'n_estimators': 100, 'max_depth': 5, 'learning_rate': 0.09663794665634498, 'subsample': 0.9486874886875833, 'colsample_bytree': 0.7309043101162868, 'colsample_bylevel': 0.842745221711513, 'reg_alpha': 7.882056019799458e-05, 'reg_lambda': 0.00012171438051188264, 'min_child_weight': 5, 'gamma': 4.039613827588198e-05, 'random_state': 42}",COMPLETE
29,0.9054350777843654,2025-12-26 00:47:27.193570,2025-12-26 00:47:27.337790,0 days 00:00:00.144220,0.9108401903689877,0.6475678242484666,0.030255954952363988,0.05801840482398734,10,2,120,1.1785287742552944e-05,0.0002709483665072529,0.8298118319702117,"[1.0, 0.8920350748995249, 0.8548665620094191, 0.8916149068322982, 0.8886588451805842]",0.049298475603540275,"{'n_estimators': 120, 'max_depth': 10, 'learning_rate': 0.05801840482398734, 'subsample': 0.8298118319702117, 'colsample_bytree': 0.6475678242484666, 'colsample_bylevel': 0.9108401903689877, 'reg_alpha': 1.1785287742552944e-05, 'reg_lambda': 0.0002709483665072529, 'min_child_weight': 2, 'gamma': 0.030255954952363988, 'random_state': 42}",COMPLETE
