number,value,datetime_start,datetime_complete,duration,params_colsample_bylevel,params_colsample_bytree,params_gamma,params_learning_rate,params_max_depth,params_min_child_weight,params_n_estimators,params_reg_alpha,params_reg_lambda,params_subsample,user_attrs_cv_scores,user_attrs_cv_std,user_attrs_params,state
87,-0.25434179689460157,2025-07-20 20:47:17.653229,2025-07-20 20:47:21.537281,0 days 00:00:03.884052,0.9429414011264712,0.8409030673639669,3.8024157465839354e-07,0.24591181195346334,1,2,130,6.29117843094908e-07,0.001031497908725321,0.7296227012309549,"[-0.1707139099033607, -0.26886971100118906, -0.1962371147404304, -0.32621415933929787, -0.30967408948873]",0.06133210732764598,"{'n_estimators': 130, 'max_depth': 1, 'learning_rate': 0.24591181195346334, 'subsample': 0.7296227012309549, 'colsample_bytree': 0.8409030673639669, 'colsample_bylevel': 0.9429414011264712, 'reg_alpha': 6.29117843094908e-07, 'reg_lambda': 0.001031497908725321, 'min_child_weight': 2, 'gamma': 3.8024157465839354e-07, 'random_state': 42}",COMPLETE
88,-0.19804800936883138,2025-07-20 20:47:21.539273,2025-07-20 20:47:27.832074,0 days 00:00:06.292801,0.897953458142186,0.8500051227305311,7.128622136506826e-07,0.18435678430220231,2,2,130,2.2372030112477592e-06,0.0032416595334187523,0.7539467202692209,"[-0.14783982256605707, -0.20178320590282342, -0.1257893636397692, -0.23168260326082657, -0.2831450514746806]",0.05679598239173623,"{'n_estimators': 130, 'max_depth': 2, 'learning_rate': 0.18435678430220231, 'subsample': 0.7539467202692209, 'colsample_bytree': 0.8500051227305311, 'colsample_bylevel': 0.897953458142186, 'reg_alpha': 2.2372030112477592e-06, 'reg_lambda': 0.0032416595334187523, 'min_child_weight': 2, 'gamma': 7.128622136506826e-07, 'random_state': 42}",COMPLETE
89,-0.19533882862336138,2025-07-20 20:47:27.833075,2025-07-20 20:47:34.314356,0 days 00:00:06.481281,0.8993033572712685,0.8474316896459465,1.0268877891464338e-07,0.1891455788103564,2,2,130,2.4568283361075433e-06,0.03225900263331799,0.7509180194469407,"[-0.12502059685681122, -0.21811601876231618, -0.12920570680854804, -0.22430435405808655, -0.28004746663104496]",0.05975215297744474,"{'n_estimators': 130, 'max_depth': 2, 'learning_rate': 0.1891455788103564, 'subsample': 0.7509180194469407, 'colsample_bytree': 0.8474316896459465, 'colsample_bylevel': 0.8993033572712685, 'reg_alpha': 2.4568283361075433e-06, 'reg_lambda': 0.03225900263331799, 'min_child_weight': 2, 'gamma': 1.0268877891464338e-07, 'random_state': 42}",COMPLETE
90,-0.23411935659760194,2025-07-20 20:47:34.315356,2025-07-20 20:47:50.638524,0 days 00:00:16.323168,0.8971190803690795,0.8480763204313327,6.208416563923373e-08,0.18727953759022395,9,2,130,2.1873192616020114e-06,0.0015573093422991172,0.7120266005797014,"[-0.19161619924695142, -0.23365929482125705, -0.25281365120859345, -0.21791140037934675, -0.2745962373318612]",0.028486075234623265,"{'n_estimators': 130, 'max_depth': 9, 'learning_rate': 0.18727953759022395, 'subsample': 0.7120266005797014, 'colsample_bytree': 0.8480763204313327, 'colsample_bylevel': 0.8971190803690795, 'reg_alpha': 2.1873192616020114e-06, 'reg_lambda': 0.0015573093422991172, 'min_child_weight': 2, 'gamma': 6.208416563923373e-08, 'random_state': 42}",COMPLETE
91,-0.20218984457298142,2025-07-20 20:47:50.640524,2025-07-20 20:47:56.568498,0 days 00:00:05.927974,0.9170750939776828,0.8500210167983876,9.390863462087728e-07,0.2924624671091122,2,2,120,4.2791166668777644e-07,0.031469327864235536,0.7517264714890294,"[-0.13923653551820311, -0.29045191281771704, -0.12686385922048943, -0.21426301823973742, -0.24013389706876004]",0.0616649471309247,"{'n_estimators': 120, 'max_depth': 2, 'learning_rate': 0.2924624671091122, 'subsample': 0.7517264714890294, 'colsample_bytree': 0.8500210167983876, 'colsample_bylevel': 0.9170750939776828, 'reg_alpha': 4.2791166668777644e-07, 'reg_lambda': 0.031469327864235536, 'min_child_weight': 2, 'gamma': 9.390863462087728e-07, 'random_state': 42}",COMPLETE
92,-0.19395976925100106,2025-07-20 20:47:56.571613,2025-07-20 20:48:02.875580,0 days 00:00:06.303967,0.9690536969144035,0.8509924620245556,7.114312289315029e-07,0.21537670106815793,2,2,130,5.690164144898453e-07,0.004029131094846909,0.7514292603476868,"[-0.11508191789861198, -0.1948401961454642, -0.14783678423521318, -0.24821226881581512, -0.2638276791599008]",0.056876495806828596,"{'n_estimators': 130, 'max_depth': 2, 'learning_rate': 0.21537670106815793, 'subsample': 0.7514292603476868, 'colsample_bytree': 0.8509924620245556, 'colsample_bylevel': 0.9690536969144035, 'reg_alpha': 5.690164144898453e-07, 'reg_lambda': 0.004029131094846909, 'min_child_weight': 2, 'gamma': 7.114312289315029e-07, 'random_state': 42}",COMPLETE
93,-0.1976239428630588,2025-07-20 20:48:02.877588,2025-07-20 20:48:09.236639,0 days 00:00:06.359051,0.9598946645278709,0.876295774668425,8.65019282365143e-07,0.20932520927009085,2,2,130,1.1954235895357265e-06,0.08760703441340006,0.7554853085822366,"[-0.10199012258972395, -0.2211617523191682, -0.1713308061335782, -0.23137357668715683, -0.2622634565856668]",0.05605085121690074,"{'n_estimators': 130, 'max_depth': 2, 'learning_rate': 0.20932520927009085, 'subsample': 0.7554853085822366, 'colsample_bytree': 0.876295774668425, 'colsample_bylevel': 0.9598946645278709, 'reg_alpha': 1.1954235895357265e-06, 'reg_lambda': 0.08760703441340006, 'min_child_weight': 2, 'gamma': 8.65019282365143e-07, 'random_state': 42}",COMPLETE
94,-0.25460632944738854,2025-07-20 20:48:09.237650,2025-07-20 20:48:13.431851,0 days 00:00:04.194201,0.9331653927289766,0.8529020092617272,1.8250723108369887e-07,0.21205972048736416,1,1,140,3.072160751546444e-06,0.08604951356157352,0.7473859058992699,"[-0.15262214865026386, -0.2942312433930771, -0.23111712908372659, -0.2903475453273524, -0.3047135807825228]",0.057115358040948305,"{'n_estimators': 140, 'max_depth': 1, 'learning_rate': 0.21205972048736416, 'subsample': 0.7473859058992699, 'colsample_bytree': 0.8529020092617272, 'colsample_bylevel': 0.9331653927289766, 'reg_alpha': 3.072160751546444e-06, 'reg_lambda': 0.08604951356157352, 'min_child_weight': 1, 'gamma': 1.8250723108369887e-07, 'random_state': 42}",COMPLETE
95,-0.19793201228024287,2025-07-20 20:48:13.433848,2025-07-20 20:48:21.812311,0 days 00:00:08.378463,0.9641193634910857,0.8702849090061395,9.006758499053344e-07,0.18469095367353444,2,2,140,1.0702993603291305e-06,0.0040128574789208395,0.7815070495805476,"[-0.14592124189610953, -0.22761334353423165, -0.13538904663317217, -0.22511345768111912, -0.255622971656582]",0.04809324688713364,"{'n_estimators': 140, 'max_depth': 2, 'learning_rate': 0.18469095367353444, 'subsample': 0.7815070495805476, 'colsample_bytree': 0.8702849090061395, 'colsample_bylevel': 0.9641193634910857, 'reg_alpha': 1.0702993603291305e-06, 'reg_lambda': 0.0040128574789208395, 'min_child_weight': 2, 'gamma': 9.006758499053344e-07, 'random_state': 42}",COMPLETE
96,-0.19988097707698826,2025-07-20 20:48:21.814252,2025-07-20 20:48:35.328732,0 days 00:00:13.514480,0.965325735566265,0.8752604736627013,8.186745542840125e-07,0.1790542959669842,2,2,140,8.458432957343717e-07,0.0033815216734476555,0.7782528947518851,"[-0.13872900408545447, -0.23309642357455648, -0.12350519856932639, -0.24712235426003884, -0.2569519048955652]",0.05685934883493829,"{'n_estimators': 140, 'max_depth': 2, 'learning_rate': 0.1790542959669842, 'subsample': 0.7782528947518851, 'colsample_bytree': 0.8752604736627013, 'colsample_bylevel': 0.965325735566265, 'reg_alpha': 8.458432957343717e-07, 'reg_lambda': 0.0033815216734476555, 'min_child_weight': 2, 'gamma': 8.186745542840125e-07, 'random_state': 42}",COMPLETE
97,-0.25857219452367447,2025-07-20 20:48:35.330731,2025-07-20 20:48:36.305070,0 days 00:00:00.974339,0.9676132144952414,0.8678554975419778,7.518775693318166e-07,0.17948555385788892,1,1,140,1.5808901133501312e-06,0.0036254899413704876,0.7832555677363996,"[-0.14220156152901559, -0.3072502891904019, -0.23774080833914757, -0.3118575682059993, -0.293810745353808]",0.06391668684686695,"{'n_estimators': 140, 'max_depth': 1, 'learning_rate': 0.17948555385788892, 'subsample': 0.7832555677363996, 'colsample_bytree': 0.8678554975419778, 'colsample_bylevel': 0.9676132144952414, 'reg_alpha': 1.5808901133501312e-06, 'reg_lambda': 0.0036254899413704876, 'min_child_weight': 1, 'gamma': 7.518775693318166e-07, 'random_state': 42}",COMPLETE
98,-0.1979904459915963,2025-07-20 20:48:36.306069,2025-07-20 20:48:37.466918,0 days 00:00:01.160849,0.9610553689102653,0.87969922947936,5.8502286354259945e-08,0.14272836759121665,2,2,130,1.1647353325941753e-06,0.006570614602303981,0.7498828745181898,"[-0.12569791621791532, -0.2172454873841949, -0.16693505295460062, -0.21481767712496622, -0.26525609627630437]",0.04768485573561488,"{'n_estimators': 130, 'max_depth': 2, 'learning_rate': 0.14272836759121665, 'subsample': 0.7498828745181898, 'colsample_bytree': 0.87969922947936, 'colsample_bylevel': 0.9610553689102653, 'reg_alpha': 1.1647353325941753e-06, 'reg_lambda': 0.006570614602303981, 'min_child_weight': 2, 'gamma': 5.8502286354259945e-08, 'random_state': 42}",COMPLETE
99,-0.26956107286873066,2025-07-20 20:48:37.468918,2025-07-20 20:48:38.362367,0 days 00:00:00.893449,0.9849932617180676,0.8780398795996016,5.630953408725491e-08,0.1435846690638242,1,1,130,1.155657456464645e-06,0.0006169775010094711,0.8138683386769238,"[-0.1612127290378128, -0.3053250382101279, -0.2731107843394999, -0.3107000616506804, -0.2974567511055322]",0.05568053617137989,"{'n_estimators': 130, 'max_depth': 1, 'learning_rate': 0.1435846690638242, 'subsample': 0.8138683386769238, 'colsample_bytree': 0.8780398795996016, 'colsample_bylevel': 0.9849932617180676, 'reg_alpha': 1.155657456464645e-06, 'reg_lambda': 0.0006169775010094711, 'min_child_weight': 1, 'gamma': 5.630953408725491e-08, 'random_state': 42}",COMPLETE
