number,value,datetime_start,datetime_complete,duration,params_colsample_bylevel,params_colsample_bytree,params_gamma,params_learning_rate,params_max_depth,params_min_child_weight,params_n_estimators,params_reg_alpha,params_reg_lambda,params_subsample,user_attrs_cv_scores,user_attrs_cv_std,user_attrs_params,state
0,0.8782748275549259,2025-12-26 01:46:56.007056,2025-12-26 01:46:56.094704,0 days 00:00:00.087648,0.662397808134481,0.6624074561769746,0.02358594058414266,0.1205712628744377,10,7,90,3.3323645788192616e-08,0.6245760287469887,0.8394633936788146,"[0.965219421101774, 0.7693513619439545, 0.9240855762594893, 0.8444167790573018, 0.8883009994121105]",0.06748214574949588,"{'n_estimators': 90, 'max_depth': 10, 'learning_rate': 0.1205712628744377, 'subsample': 0.8394633936788146, 'colsample_bytree': 0.6624074561769746, 'colsample_bylevel': 0.662397808134481, 'reg_alpha': 3.3323645788192616e-08, 'reg_lambda': 0.6245760287469887, 'min_child_weight': 7, 'gamma': 0.02358594058414266, 'random_state': 42}",COMPLETE
1,0.8924256730783207,2025-12-26 01:46:56.095230,2025-12-26 01:46:56.162711,0 days 00:00:00.067481,0.6733618039413735,0.6727299868828402,4.17890272377219e-06,0.1696753360719655,10,5,50,5.472429642032189e-06,0.00052821153945323,0.6849356442713105,"[0.965219421101774, 0.7693513619439545, 0.9225293982327231, 0.8796901476640039, 0.9253380364491475]",0.06722777305683217,"{'n_estimators': 50, 'max_depth': 10, 'learning_rate': 0.1696753360719655, 'subsample': 0.6849356442713105, 'colsample_bytree': 0.6727299868828402, 'colsample_bylevel': 0.6733618039413735, 'reg_alpha': 5.472429642032189e-06, 'reg_lambda': 0.00052821153945323, 'min_child_weight': 5, 'gamma': 4.17890272377219e-06, 'random_state': 42}",COMPLETE
2,0.8703274999715733,2025-12-26 01:46:56.163392,2025-12-26 01:46:56.284336,0 days 00:00:00.120944,0.9140703845572055,0.7824279936868144,2.6185068507773707e-08,0.027010527749605478,2,6,110,6.267062696005991e-07,0.00042472707398058225,0.7465447373174766,"[0.8910825199645076, 0.8067953993879918, 0.8813932980599647, 0.8796901476640039, 0.892676134781398]",0.03217661012747596,"{'n_estimators': 110, 'max_depth': 2, 'learning_rate': 0.027010527749605478, 'subsample': 0.7465447373174766, 'colsample_bytree': 0.7824279936868144, 'colsample_bylevel': 0.9140703845572055, 'reg_alpha': 6.267062696005991e-07, 'reg_lambda': 0.00042472707398058225, 'min_child_weight': 6, 'gamma': 2.6185068507773707e-08, 'random_state': 42}",COMPLETE
3,0.864746658397452,2025-12-26 01:46:56.284963,2025-12-26 01:46:56.418421,0 days 00:00:00.133458,0.9233589392465844,0.9862528132298237,9.148975058772307e-05,0.012476394272569451,2,7,110,5.514725787121931e-06,7.569183361880229e-08,0.9795542149013333,"[0.8248299319727891, 0.8456111789445123, 0.8813932980599647, 0.8796901476640039, 0.8922087353459902]",0.025353878504859113,"{'n_estimators': 110, 'max_depth': 2, 'learning_rate': 0.012476394272569451, 'subsample': 0.9795542149013333, 'colsample_bytree': 0.9862528132298237, 'colsample_bylevel': 0.9233589392465844, 'reg_alpha': 5.514725787121931e-06, 'reg_lambda': 7.569183361880229e-08, 'min_child_weight': 7, 'gamma': 9.148975058772307e-05, 'random_state': 42}",COMPLETE
4,0.8733149684375174,2025-12-26 01:46:56.419058,2025-12-26 01:46:56.523675,0 days 00:00:00.104617,0.8650089137415928,0.7035119926400067,4.609885087947832e-07,0.011240768803005551,5,6,60,6.388511557344611e-06,0.0004793052550782129,0.9637281608315128,"[0.8598214285714285, 0.8456111789445123, 0.8813932980599647, 0.9243697478991597, 0.855379188712522]",0.028082441774531876,"{'n_estimators': 60, 'max_depth': 5, 'learning_rate': 0.011240768803005551, 'subsample': 0.9637281608315128, 'colsample_bytree': 0.7035119926400067, 'colsample_bylevel': 0.8650089137415928, 'reg_alpha': 6.388511557344611e-06, 'reg_lambda': 0.0004793052550782129, 'min_child_weight': 6, 'gamma': 4.609885087947832e-07, 'random_state': 42}",COMPLETE
5,0.8868505293029306,2025-12-26 01:46:56.524347,2025-12-26 01:46:56.679453,0 days 00:00:00.155106,0.9687496940092467,0.8391599915244341,8.471746987003668e-06,0.2442046084491143,8,1,150,6.257956190096665e-08,5.805581976088804e-07,0.9579309401710595,"[0.8925831202046036, 0.8477818477818478, 0.9166666666666666, 0.925369160009683, 0.8518518518518519]",0.03211485281418156,"{'n_estimators': 150, 'max_depth': 8, 'learning_rate': 0.2442046084491143, 'subsample': 0.9579309401710595, 'colsample_bytree': 0.8391599915244341, 'colsample_bylevel': 0.9687496940092467, 'reg_alpha': 6.257956190096665e-08, 'reg_lambda': 5.805581976088804e-07, 'min_child_weight': 1, 'gamma': 8.471746987003668e-06, 'random_state': 42}",COMPLETE
6,0.7999100010487173,2025-12-26 01:46:56.680183,2025-12-26 01:46:56.772694,0 days 00:00:00.092511,0.8170784332632994,0.7123738038749523,7.6204817861585425,0.16755052359850306,3,1,90,1.8548894229694903e-07,0.16587190283399628,0.7427013306774357,"[0.8569210292812777, 0.7151675485008818, 0.8272690272690274, 0.748708372237784, 0.8514840279546162]",0.05737864404787297,"{'n_estimators': 90, 'max_depth': 3, 'learning_rate': 0.16755052359850306, 'subsample': 0.7427013306774357, 'colsample_bytree': 0.7123738038749523, 'colsample_bylevel': 0.8170784332632994, 'reg_alpha': 1.8548894229694903e-07, 'reg_lambda': 0.16587190283399628, 'min_child_weight': 1, 'gamma': 7.6204817861585425, 'random_state': 42}",COMPLETE
7,0.8566158924791821,2025-12-26 01:46:56.773425,2025-12-26 01:46:56.932265,0 days 00:00:00.158840,0.8916028672163949,0.8827429375390469,1.1036250149900698e-07,0.010189592979395137,2,4,130,0.08738424135626989,4.638759594322625e-08,0.9261845713819337,"[0.8598214285714285, 0.8067953993879918, 0.8813932980599647, 0.8796901476640039, 0.855379188712522]",0.026982318319015416,"{'n_estimators': 130, 'max_depth': 2, 'learning_rate': 0.010189592979395137, 'subsample': 0.9261845713819337, 'colsample_bytree': 0.8827429375390469, 'colsample_bylevel': 0.8916028672163949, 'reg_alpha': 0.08738424135626989, 'reg_lambda': 4.638759594322625e-08, 'min_child_weight': 4, 'gamma': 1.1036250149900698e-07, 'random_state': 42}",COMPLETE
8,0.7936369321391107,2025-12-26 01:46:56.933021,2025-12-26 01:46:57.052663,0 days 00:00:00.119642,0.7300733288106988,0.7243929286862648,0.0001778010520878397,0.030816017044468066,7,9,140,0.03685153691188181,0.005470376807480385,0.6254233401144095,"[0.8482142857142857, 0.727023319615912, 0.8343621399176954, 0.8114949683577135, 0.747089947089947]",0.04808354130057686,"{'n_estimators': 140, 'max_depth': 7, 'learning_rate': 0.030816017044468066, 'subsample': 0.6254233401144095, 'colsample_bytree': 0.7243929286862648, 'colsample_bylevel': 0.7300733288106988, 'reg_alpha': 0.03685153691188181, 'reg_lambda': 0.005470376807480385, 'min_child_weight': 9, 'gamma': 0.0001778010520878397, 'random_state': 42}",COMPLETE
9,0.925119066991758,2025-12-26 01:46:57.053362,2025-12-26 01:46:57.164156,0 days 00:00:00.110794,0.7975182385457563,0.9083868719818244,9.354548757337708e-08,0.13297554090738672,8,1,60,0.0005065186776865479,7.04480806377519e-05,0.8245108790277985,"[0.965219421101774, 0.8477818477818478, 0.9611226132965264, 0.9631704533665318, 0.8883009994121105]",0.04835042363150874,"{'n_estimators': 60, 'max_depth': 8, 'learning_rate': 0.13297554090738672, 'subsample': 0.8245108790277985, 'colsample_bytree': 0.9083868719818244, 'colsample_bylevel': 0.7975182385457563, 'reg_alpha': 0.0005065186776865479, 'reg_lambda': 7.04480806377519e-05, 'min_child_weight': 1, 'gamma': 9.354548757337708e-08, 'random_state': 42}",COMPLETE
10,0.9019895152876298,2025-12-26 01:46:57.164810,2025-12-26 01:46:57.277614,0 days 00:00:00.112804,0.7570274592606949,0.9568478358759311,0.010367714070333529,0.07955798569352589,5,3,70,0.0009327366933736893,3.995152267446128e-06,0.855919277250694,"[0.9306389222355609, 0.8067953993879918, 0.9166666666666666, 0.9631704533665318, 0.892676134781398]",0.05277873290190536,"{'n_estimators': 70, 'max_depth': 5, 'learning_rate': 0.07955798569352589, 'subsample': 0.855919277250694, 'colsample_bytree': 0.9568478358759311, 'colsample_bylevel': 0.7570274592606949, 'reg_alpha': 0.0009327366933736893, 'reg_lambda': 3.995152267446128e-06, 'min_child_weight': 3, 'gamma': 0.010367714070333529, 'random_state': 42}",COMPLETE
11,0.9085299482249374,2025-12-26 01:46:57.278293,2025-12-26 01:46:57.392505,0 days 00:00:00.114212,0.757298334171193,0.9586229109175456,0.024195841926916137,0.07578854864284995,5,3,70,0.0010132439259431904,4.491067917060822e-06,0.8562950519589575,"[0.965219421101774, 0.8067953993879918, 0.9166666666666666, 0.9243697478991597, 0.9295985060690943]",0.053524955548720485,"{'n_estimators': 70, 'max_depth': 5, 'learning_rate': 0.07578854864284995, 'subsample': 0.8562950519589575, 'colsample_bytree': 0.9586229109175456, 'colsample_bylevel': 0.757298334171193, 'reg_alpha': 0.0010132439259431904, 'reg_lambda': 4.491067917060822e-06, 'min_child_weight': 3, 'gamma': 0.024195841926916137, 'random_state': 42}",COMPLETE
12,0.8939774927822128,2025-12-26 01:46:57.393218,2025-12-26 01:46:57.513053,0 days 00:00:00.119835,0.8004246563230462,0.9087696049520285,0.05407297735148758,0.06117316277256463,7,3,70,0.0009963940270063618,1.2167282577786425e-05,0.8723726916742429,"[0.927730512494853, 0.8067953993879918, 0.8813932980599647, 0.9243697478991597, 0.9295985060690943]",0.04709754019862562,"{'n_estimators': 70, 'max_depth': 7, 'learning_rate': 0.06117316277256463, 'subsample': 0.8723726916742429, 'colsample_bytree': 0.9087696049520285, 'colsample_bylevel': 0.8004246563230462, 'reg_alpha': 0.0009963940270063618, 'reg_lambda': 1.2167282577786425e-05, 'min_child_weight': 3, 'gamma': 0.05407297735148758, 'random_state': 42}",COMPLETE
13,0.8764428289067746,2025-12-26 01:46:57.513804,2025-12-26 01:46:57.602398,0 days 00:00:00.088594,0.7308242183805128,0.9243363081331144,0.8251356297038657,0.09641279839909714,4,2,50,2.4044013813889586,1.4001135043691035e-05,0.8127998702589034,"[0.9279461784713885, 0.8067953993879918, 0.8805643738977073, 0.8796901476640039, 0.8872180451127819]",0.03910753623397456,"{'n_estimators': 50, 'max_depth': 4, 'learning_rate': 0.09641279839909714, 'subsample': 0.8127998702589034, 'colsample_bytree': 0.9243363081331144, 'colsample_bylevel': 0.7308242183805128, 'reg_alpha': 2.4044013813889586, 'reg_lambda': 1.4001135043691035e-05, 'min_child_weight': 2, 'gamma': 0.8251356297038657, 'random_state': 42}",COMPLETE
14,0.8932645565022543,2025-12-26 01:46:57.603748,2025-12-26 01:46:57.749275,0 days 00:00:00.145527,0.6274930137103218,0.8430607446811352,0.003675896194277309,0.04104975015072629,8,3,80,0.009035078527798964,3.5827524686189876e-05,0.7688492381058153,"[0.927730512494853, 0.8456111789445123, 0.8813932980599647, 0.9243697478991597, 0.8872180451127819]",0.030343917097069822,"{'n_estimators': 80, 'max_depth': 8, 'learning_rate': 0.04104975015072629, 'subsample': 0.7688492381058153, 'colsample_bytree': 0.8430607446811352, 'colsample_bylevel': 0.6274930137103218, 'reg_alpha': 0.009035078527798964, 'reg_lambda': 3.5827524686189876e-05, 'min_child_weight': 3, 'gamma': 0.003675896194277309, 'random_state': 42}",COMPLETE
15,0.8645163771497011,2025-12-26 01:46:57.750019,2025-12-26 01:46:57.883638,0 days 00:00:00.133619,0.8239370577061476,0.6018960478612356,0.0015579107174789545,0.2981848631609913,6,1,70,6.457023965569263e-05,0.01146690242205453,0.8997414958521034,"[0.965219421101774, 0.8138500731093323, 0.8800479934324776, 0.925369160009683, 0.7380952380952381]",0.08078957124816494,"{'n_estimators': 70, 'max_depth': 6, 'learning_rate': 0.2981848631609913, 'subsample': 0.8997414958521034, 'colsample_bytree': 0.6018960478612356, 'colsample_bylevel': 0.8239370577061476, 'reg_alpha': 6.457023965569263e-05, 'reg_lambda': 0.01146690242205453, 'min_child_weight': 1, 'gamma': 0.0015579107174789545, 'random_state': 42}",COMPLETE
16,0.8931253988582235,2025-12-26 01:46:57.884515,2025-12-26 01:46:57.994685,0 days 00:00:00.110170,0.7658608871929955,0.9930542204928557,0.21180848321588033,0.059539567973101774,9,4,50,0.00012370863040288036,1.0034022668364128e-06,0.7963989212424823,"[0.927730512494853, 0.8067953993879918, 0.8813932980599647, 0.8873327108621226, 0.9623750734861846]",0.052186392015109447,"{'n_estimators': 50, 'max_depth': 9, 'learning_rate': 0.059539567973101774, 'subsample': 0.7963989212424823, 'colsample_bytree': 0.9930542204928557, 'colsample_bylevel': 0.7658608871929955, 'reg_alpha': 0.00012370863040288036, 'reg_lambda': 1.0034022668364128e-06, 'min_child_weight': 4, 'gamma': 0.21180848321588033, 'random_state': 42}",COMPLETE
17,0.7724562911766214,2025-12-26 01:46:57.995418,2025-12-26 01:46:58.085569,0 days 00:00:00.090151,0.6991376562858179,0.8709402733902791,3.7759552313664146e-05,0.13891120951875785,6,10,90,0.44073329364865416,0.008024066324871092,0.6909346424327554,"[0.8937908496732027, 0.6961063627730295, 0.7809941520467836, 0.7777777777777778, 0.7136123136123137]",0.06944812976065977,"{'n_estimators': 90, 'max_depth': 6, 'learning_rate': 0.13891120951875785, 'subsample': 0.6909346424327554, 'colsample_bytree': 0.8709402733902791, 'colsample_bylevel': 0.6991376562858179, 'reg_alpha': 0.44073329364865416, 'reg_lambda': 0.008024066324871092, 'min_child_weight': 10, 'gamma': 3.7759552313664146e-05, 'random_state': 42}",COMPLETE
18,0.9080727626668708,2025-12-26 01:46:58.086198,2025-12-26 01:46:58.236600,0 days 00:00:00.150402,0.8471482119695424,0.9433652849644489,3.6244464006940615e-06,0.08543583036566857,4,2,110,0.0073702386006888046,9.893035577646987e-05,0.9070670997776945,"[0.965219421101774, 0.8067953993879918, 0.8800479934324776, 0.9631704533665318, 0.9251305460455788]",0.05938847711108435,"{'n_estimators': 110, 'max_depth': 4, 'learning_rate': 0.08543583036566857, 'subsample': 0.9070670997776945, 'colsample_bytree': 0.9433652849644489, 'colsample_bylevel': 0.8471482119695424, 'reg_alpha': 0.0073702386006888046, 'reg_lambda': 9.893035577646987e-05, 'min_child_weight': 2, 'gamma': 3.6244464006940615e-06, 'random_state': 42}",COMPLETE
19,0.8780557262974499,2025-12-26 01:46:58.237302,2025-12-26 01:46:58.364733,0 days 00:00:00.127431,0.7636004284281295,0.7979278415836035,1.0135663854176074e-08,0.020854843862727346,8,2,60,9.670025686870145e-05,6.789187154227723,0.8182812584505221,"[0.9279461784713885, 0.8116794042719967, 0.8813932980599647, 0.9243697478991597, 0.8448900027847396]",0.045057666477663585,"{'n_estimators': 60, 'max_depth': 8, 'learning_rate': 0.020854843862727346, 'subsample': 0.8182812584505221, 'colsample_bytree': 0.7979278415836035, 'colsample_bylevel': 0.7636004284281295, 'reg_alpha': 9.670025686870145e-05, 'reg_lambda': 6.789187154227723, 'min_child_weight': 2, 'gamma': 1.0135663854176074e-08, 'random_state': 42}",COMPLETE
20,0.8801029010018476,2025-12-26 01:46:58.365361,2025-12-26 01:46:58.491200,0 days 00:00:00.125839,0.6090294041970571,0.8956073990226388,0.0009053875517073884,0.042696194629495206,7,4,80,0.003009454473695075,1.578086878160235e-08,0.8777061814898255,"[0.893761091393079, 0.8456111789445123, 0.8813932980599647, 0.9243697478991597, 0.855379188712522]",0.02810233393654915,"{'n_estimators': 80, 'max_depth': 7, 'learning_rate': 0.042696194629495206, 'subsample': 0.8777061814898255, 'colsample_bytree': 0.8956073990226388, 'colsample_bylevel': 0.6090294041970571, 'reg_alpha': 0.003009454473695075, 'reg_lambda': 1.578086878160235e-08, 'min_child_weight': 4, 'gamma': 0.0009053875517073884, 'random_state': 42}",COMPLETE
21,0.9022549766152522,2025-12-26 01:46:58.491958,2025-12-26 01:46:58.642981,0 days 00:00:00.151023,0.8485161614734078,0.9466722311763953,8.706553283655752e-07,0.08681976989008638,4,2,110,0.030924280490211255,8.353960345315603e-05,0.9310174278132898,"[0.927730512494853, 0.8138500731093323, 0.8813932980599647, 0.9631704533665318, 0.9251305460455788]",0.051251588285604104,"{'n_estimators': 110, 'max_depth': 4, 'learning_rate': 0.08681976989008638, 'subsample': 0.9310174278132898, 'colsample_bytree': 0.9466722311763953, 'colsample_bylevel': 0.8485161614734078, 'reg_alpha': 0.030924280490211255, 'reg_lambda': 8.353960345315603e-05, 'min_child_weight': 2, 'gamma': 8.706553283655752e-07, 'random_state': 42}",COMPLETE
22,0.9004986863374661,2025-12-26 01:46:58.643775,2025-12-26 01:46:58.794021,0 days 00:00:00.150246,0.8536051970294887,0.9514940679150864,1.6318940856790763e-07,0.11395359324704363,4,2,130,0.00470133799713731,1.2379118947174568e-06,0.8900646198797656,"[0.965219421101774, 0.8067953993879918, 0.9166666666666666, 0.9631704533665318, 0.8506414911643668]",0.06268009791722862,"{'n_estimators': 130, 'max_depth': 4, 'learning_rate': 0.11395359324704363, 'subsample': 0.8900646198797656, 'colsample_bytree': 0.9514940679150864, 'colsample_bylevel': 0.8536051970294887, 'reg_alpha': 0.00470133799713731, 'reg_lambda': 1.2379118947174568e-06, 'min_child_weight': 2, 'gamma': 1.6318940856790763e-07, 'random_state': 42}",COMPLETE
23,0.9080305879870151,2025-12-26 01:46:58.794852,2025-12-26 01:46:58.898397,0 days 00:00:00.103545,0.7970017128363884,0.8471010381990794,4.043390973323181e-06,0.07229419230185605,1,1,100,0.0003483465308258918,0.00010631128399619256,0.83804973903307,"[0.965219421101774, 0.8067953993879918, 0.8813932980599647, 0.9243697478991597, 0.9623750734861846]",0.059074465734646094,"{'n_estimators': 100, 'max_depth': 1, 'learning_rate': 0.07229419230185605, 'subsample': 0.83804973903307, 'colsample_bytree': 0.8471010381990794, 'colsample_bylevel': 0.7970017128363884, 'reg_alpha': 0.0003483465308258918, 'reg_lambda': 0.00010631128399619256, 'min_child_weight': 1, 'gamma': 4.043390973323181e-06, 'random_state': 42}",COMPLETE
24,0.8777430565883725,2025-12-26 01:46:58.898991,2025-12-26 01:46:59.026939,0 days 00:00:00.127948,0.9772145172619294,0.9272174597434616,1.60549430293863e-05,0.1897536080226226,5,3,120,0.28569665288686774,0.0019402883478670313,0.9200594867530622,"[0.965219421101774, 0.8067953993879918, 0.9166666666666666, 0.888332122972646, 0.8117016728127839]",0.06111354110197908,"{'n_estimators': 120, 'max_depth': 5, 'learning_rate': 0.1897536080226226, 'subsample': 0.9200594867530622, 'colsample_bytree': 0.9272174597434616, 'colsample_bylevel': 0.9772145172619294, 'reg_alpha': 0.28569665288686774, 'reg_lambda': 0.0019402883478670313, 'min_child_weight': 3, 'gamma': 1.60549430293863e-05, 'random_state': 42}",COMPLETE
25,0.9085311179676463,2025-12-26 01:46:59.027776,2025-12-26 01:46:59.137140,0 days 00:00:00.109364,0.7855956293279643,0.9842149123712967,1.2201963986394163e-06,0.04623236768092996,3,5,60,0.0009229207426697236,2.510916154067037e-07,0.7734822137738528,"[0.927730512494853, 0.8456111789445123, 0.8813932980599647, 0.9255455268527164, 0.9623750734861846]",0.04062673602892232,"{'n_estimators': 60, 'max_depth': 3, 'learning_rate': 0.04623236768092996, 'subsample': 0.7734822137738528, 'colsample_bytree': 0.9842149123712967, 'colsample_bylevel': 0.7855956293279643, 'reg_alpha': 0.0009229207426697236, 'reg_lambda': 2.510916154067037e-07, 'min_child_weight': 5, 'gamma': 1.2201963986394163e-06, 'random_state': 42}",COMPLETE
26,0.8775636185905608,2025-12-26 01:46:59.137881,2025-12-26 01:46:59.237327,0 days 00:00:00.099446,0.7144927803717149,0.9987407441278011,5.670003097353745e-08,0.044759947102601665,3,5,60,1.823889100565244e-05,1.6164201035758035e-07,0.7810180344958486,"[0.927730512494853, 0.8067953993879918, 0.8813932980599647, 0.8796901476640039, 0.8922087353459902]",0.03939168975463251,"{'n_estimators': 60, 'max_depth': 3, 'learning_rate': 0.044759947102601665, 'subsample': 0.7810180344958486, 'colsample_bytree': 0.9987407441278011, 'colsample_bylevel': 0.7144927803717149, 'reg_alpha': 1.823889100565244e-05, 'reg_lambda': 1.6164201035758035e-07, 'min_child_weight': 5, 'gamma': 5.670003097353745e-08, 'random_state': 42}",COMPLETE
27,0.8299887025842722,2025-12-26 01:46:59.238281,2025-12-26 01:46:59.346702,0 days 00:00:00.108421,0.7809173407878076,0.9600576139707937,1.0803338866208302e-06,0.017941759180949937,3,8,80,0.0006958988881974354,3.7677214501145346e-06,0.7084455778151315,"[0.8910825199645076, 0.727023319615912, 0.8780734516028632, 0.8105543451948681, 0.8432098765432099]",0.05864974234910685,"{'n_estimators': 80, 'max_depth': 3, 'learning_rate': 0.017941759180949937, 'subsample': 0.7084455778151315, 'colsample_bytree': 0.9600576139707937, 'colsample_bylevel': 0.7809173407878076, 'reg_alpha': 0.0006958988881974354, 'reg_lambda': 3.7677214501145346e-06, 'min_child_weight': 8, 'gamma': 1.0803338866208302e-06, 'random_state': 42}",COMPLETE
28,0.8775636185905608,2025-12-26 01:46:59.347464,2025-12-26 01:46:59.459851,0 days 00:00:00.112387,0.6834775599446017,0.9786870897212051,0.0005494686572293317,0.032309701549783604,6,5,60,3.7817859792559354e-05,2.661271033225781e-07,0.7384440999969185,"[0.927730512494853, 0.8067953993879918, 0.8813932980599647, 0.8796901476640039, 0.8922087353459902]",0.03939168975463251,"{'n_estimators': 60, 'max_depth': 6, 'learning_rate': 0.032309701549783604, 'subsample': 0.7384440999969185, 'colsample_bytree': 0.9786870897212051, 'colsample_bylevel': 0.6834775599446017, 'reg_alpha': 3.7817859792559354e-05, 'reg_lambda': 2.661271033225781e-07, 'min_child_weight': 5, 'gamma': 0.0005494686572293317, 'random_state': 42}",COMPLETE
