number,value,datetime_start,datetime_complete,duration,params_colsample_bylevel,params_colsample_bytree,params_gamma,params_learning_rate,params_max_depth,params_min_child_weight,params_n_estimators,params_reg_alpha,params_reg_lambda,params_subsample,user_attrs_cv_scores,user_attrs_cv_std,user_attrs_params,state
58,-0.6226672011697086,2025-07-20 19:31:07.286339,2025-07-20 19:31:20.128222,0 days 00:00:12.841883,0.8493520194558826,0.878046285914128,0.0002230854558521224,0.033993183998592906,7,3,90,1.7197367229602237e-07,1.1337759395420606e-07,0.6196357279777448,"[-0.4477843140309604, -0.8528204052727261, -0.40076371276644385, -0.6015946289999066, -0.810372944778506]",0.18356098671558196,"{'n_estimators': 90, 'max_depth': 7, 'learning_rate': 0.033993183998592906, 'subsample': 0.6196357279777448, 'colsample_bytree': 0.878046285914128, 'colsample_bylevel': 0.8493520194558826, 'reg_alpha': 1.7197367229602237e-07, 'reg_lambda': 1.1337759395420606e-07, 'min_child_weight': 3, 'gamma': 0.0002230854558521224, 'random_state': 42}",COMPLETE
59,-0.6308769707963926,2025-07-20 19:31:20.129840,2025-07-20 19:31:36.346786,0 days 00:00:16.216946,0.7707988154193589,0.7812911551968554,6.380630166339818e-06,0.06733992245763097,9,2,70,0.009758416577241495,3.5828039902122035e-08,0.8424464097657203,"[-0.599872221159779, -0.9510233477199549, -0.44123075603437695, -0.4442487585490092, -0.7180097705188434]",0.19070547885417471,"{'n_estimators': 70, 'max_depth': 9, 'learning_rate': 0.06733992245763097, 'subsample': 0.8424464097657203, 'colsample_bytree': 0.7812911551968554, 'colsample_bylevel': 0.7707988154193589, 'reg_alpha': 0.009758416577241495, 'reg_lambda': 3.5828039902122035e-08, 'min_child_weight': 2, 'gamma': 6.380630166339818e-06, 'random_state': 42}",COMPLETE
60,-0.6455824880270656,2025-07-20 19:31:36.348587,2025-07-20 19:31:56.965272,0 days 00:00:20.616685,0.7944291099660061,0.9645298810583013,9.917767269872538e-05,0.05761319406243965,8,1,80,0.00013946305955855995,1.3897553167905188e-08,0.6853873744551781,"[-0.5817792667977985, -0.9429494556142455, -0.42721350770627425, -0.5659254223356049, -0.7100447876814048]",0.1735993157871697,"{'n_estimators': 80, 'max_depth': 8, 'learning_rate': 0.05761319406243965, 'subsample': 0.6853873744551781, 'colsample_bytree': 0.9645298810583013, 'colsample_bylevel': 0.7944291099660061, 'reg_alpha': 0.00013946305955855995, 'reg_lambda': 1.3897553167905188e-08, 'min_child_weight': 1, 'gamma': 9.917767269872538e-05, 'random_state': 42}",COMPLETE
61,-0.5971030819231956,2025-07-20 19:31:56.966273,2025-07-20 19:32:00.718281,0 days 00:00:03.752008,0.8247686498111013,0.9858658220305371,0.0008949368499344824,0.043435044423542464,5,2,140,0.00036858311649646077,0.02261496362945983,0.9139149602415488,"[-0.5325627768975563, -0.8748746338657287, -0.42022086924783314, -0.42660538482163357, -0.7312517447832267]",0.17870373900194053,"{'n_estimators': 140, 'max_depth': 5, 'learning_rate': 0.043435044423542464, 'subsample': 0.9139149602415488, 'colsample_bytree': 0.9858658220305371, 'colsample_bylevel': 0.8247686498111013, 'reg_alpha': 0.00036858311649646077, 'reg_lambda': 0.02261496362945983, 'min_child_weight': 2, 'gamma': 0.0008949368499344824, 'random_state': 42}",COMPLETE
62,-0.6312148039931484,2025-07-20 19:32:00.719287,2025-07-20 19:32:02.249203,0 days 00:00:01.529916,0.8158489635580193,0.9890643867791925,2.3208072244469913e-05,0.04827646328801264,6,2,140,0.00037637071814970323,0.02261526144092842,0.9362178919468607,"[-0.4517779580203442, -0.9560294903579013, -0.4259722877794058, -0.5484588164036616, -0.7738354674044292]",0.20347769398459095,"{'n_estimators': 140, 'max_depth': 6, 'learning_rate': 0.04827646328801264, 'subsample': 0.9362178919468607, 'colsample_bytree': 0.9890643867791925, 'colsample_bylevel': 0.8158489635580193, 'reg_alpha': 0.00037637071814970323, 'reg_lambda': 0.02261526144092842, 'min_child_weight': 2, 'gamma': 2.3208072244469913e-05, 'random_state': 42}",COMPLETE
63,-0.6181344588323101,2025-07-20 19:32:02.249203,2025-07-20 19:32:04.155617,0 days 00:00:01.906414,0.7536341416644297,0.9601629699948189,0.0008120614587022304,0.02526830163822569,9,2,140,5.155306345594761e-05,1.0878438589170139,0.898151258069942,"[-0.4585099858710507, -0.9034771628442065, -0.436852772645542, -0.5574828658500712, -0.7343495069506805]",0.17717112292252188,"{'n_estimators': 140, 'max_depth': 9, 'learning_rate': 0.02526830163822569, 'subsample': 0.898151258069942, 'colsample_bytree': 0.9601629699948189, 'colsample_bylevel': 0.7536341416644297, 'reg_alpha': 5.155306345594761e-05, 'reg_lambda': 1.0878438589170139, 'min_child_weight': 2, 'gamma': 0.0008120614587022304, 'random_state': 42}",COMPLETE
64,-0.6045601696764834,2025-07-20 19:32:04.156610,2025-07-20 19:32:05.525790,0 days 00:00:01.369180,0.7774411324227799,0.9452928505290705,0.0004283192180827553,0.03893219937320552,5,1,90,0.0006705687050434384,4.076219156194334e-06,0.8610982638275192,"[-0.5397041946366224, -0.8896090984786028, -0.3468608015483818, -0.4831465916135434, -0.7634801621052663]",0.19589026243018803,"{'n_estimators': 90, 'max_depth': 5, 'learning_rate': 0.03893219937320552, 'subsample': 0.8610982638275192, 'colsample_bytree': 0.9452928505290705, 'colsample_bylevel': 0.7774411324227799, 'reg_alpha': 0.0006705687050434384, 'reg_lambda': 4.076219156194334e-06, 'min_child_weight': 1, 'gamma': 0.0004283192180827553, 'random_state': 42}",COMPLETE
65,-0.6216943275478608,2025-07-20 19:32:05.526790,2025-07-20 19:32:13.529371,0 days 00:00:08.002581,0.8746373742267476,0.9792021677755772,0.0020906475822811098,0.03986244382029733,5,2,110,0.001087516538863087,4.522284118099035e-06,0.8562467878995048,"[-0.5402062459142166, -0.918360782662027, -0.43495839208692116, -0.467862997333062, -0.747083219743077]",0.1837977448568982,"{'n_estimators': 110, 'max_depth': 5, 'learning_rate': 0.03986244382029733, 'subsample': 0.8562467878995048, 'colsample_bytree': 0.9792021677755772, 'colsample_bylevel': 0.8746373742267476, 'reg_alpha': 0.001087516538863087, 'reg_lambda': 4.522284118099035e-06, 'min_child_weight': 2, 'gamma': 0.0020906475822811098, 'random_state': 42}",COMPLETE
66,-0.7488925654945946,2025-07-20 19:32:13.530369,2025-07-20 19:32:20.465375,0 days 00:00:06.935006,0.772142125196926,0.9995060669181471,0.0005459413175339756,0.03094169403161648,5,10,150,0.0004768398944197946,7.303017439839833e-05,0.8788692297689473,"[-0.5110838462819389, -0.8453982450144119, -0.6707095839188477, -0.770127732941061, -0.9471434193167131]",0.14948795610275592,"{'n_estimators': 150, 'max_depth': 5, 'learning_rate': 0.03094169403161648, 'subsample': 0.8788692297689473, 'colsample_bytree': 0.9995060669181471, 'colsample_bylevel': 0.772142125196926, 'reg_alpha': 0.0004768398944197946, 'reg_lambda': 7.303017439839833e-05, 'min_child_weight': 10, 'gamma': 0.0005459413175339756, 'random_state': 42}",COMPLETE
67,-0.6498052401593746,2025-07-20 19:32:20.467377,2025-07-20 19:32:21.492486,0 days 00:00:01.025109,0.8428318847592345,0.9723348944932785,0.01004130491158684,0.04464025088113383,4,3,80,0.003396337628437866,2.7330086351898042e-05,0.9188255787366655,"[-0.5464222667542468, -0.9094945009900695, -0.4355214241115238, -0.5654124873822077, -0.7921755215588252]",0.17403191600851492,"{'n_estimators': 80, 'max_depth': 4, 'learning_rate': 0.04464025088113383, 'subsample': 0.9188255787366655, 'colsample_bytree': 0.9723348944932785, 'colsample_bylevel': 0.8428318847592345, 'reg_alpha': 0.003396337628437866, 'reg_lambda': 2.7330086351898042e-05, 'min_child_weight': 3, 'gamma': 0.01004130491158684, 'random_state': 42}",COMPLETE
68,-0.6116941239904214,2025-07-20 19:32:21.493486,2025-07-20 19:32:22.682174,0 days 00:00:01.188688,0.7400361711715828,0.9311660816352922,0.00016776426260793953,0.036549242754678024,5,2,70,0.01032952586374244,1.1665146661232039e-05,0.8346724677133841,"[-0.46693970956127784, -0.922339983328628, -0.4284116262968496, -0.5208121152022007, -0.7199671855631511]",0.1849485116269961,"{'n_estimators': 70, 'max_depth': 5, 'learning_rate': 0.036549242754678024, 'subsample': 0.8346724677133841, 'colsample_bytree': 0.9311660816352922, 'colsample_bylevel': 0.7400361711715828, 'reg_alpha': 0.01032952586374244, 'reg_lambda': 1.1665146661232039e-05, 'min_child_weight': 2, 'gamma': 0.00016776426260793953, 'random_state': 42}",COMPLETE
69,-0.6543335159451887,2025-07-20 19:32:22.683173,2025-07-20 19:32:24.725902,0 days 00:00:02.042729,0.8250197371418198,0.9471068183204211,0.00035546891460207155,0.05224035781118443,6,1,100,0.0016620967175583164,2.344132333401419e-06,0.8033870712611759,"[-0.5685406815241012, -0.9529112300176442, -0.384893079650222, -0.5726545694415911, -0.792668019092385]",0.19744117886220108,"{'n_estimators': 100, 'max_depth': 6, 'learning_rate': 0.05224035781118443, 'subsample': 0.8033870712611759, 'colsample_bytree': 0.9471068183204211, 'colsample_bylevel': 0.8250197371418198, 'reg_alpha': 0.0016620967175583164, 'reg_lambda': 2.344132333401419e-06, 'min_child_weight': 1, 'gamma': 0.00035546891460207155, 'random_state': 42}",COMPLETE
70,-0.6236813380576665,2025-07-20 19:32:24.726903,2025-07-20 19:32:26.379403,0 days 00:00:01.652500,0.7787297781147464,0.9875320641422514,0.005852622086698625,0.08974333229606037,5,2,130,0.00019143636510258978,0.00015552592838112474,0.8196365834378997,"[-0.5372264024602891, -0.9194449179993364, -0.4868125338207843, -0.45057209045304847, -0.7243507455548738]",0.17537660157179974,"{'n_estimators': 130, 'max_depth': 5, 'learning_rate': 0.08974333229606037, 'subsample': 0.8196365834378997, 'colsample_bytree': 0.9875320641422514, 'colsample_bylevel': 0.7787297781147464, 'reg_alpha': 0.00019143636510258978, 'reg_lambda': 0.00015552592838112474, 'min_child_weight': 2, 'gamma': 0.005852622086698625, 'random_state': 42}",COMPLETE
71,-0.5982922886159108,2025-07-20 19:32:26.380406,2025-07-20 19:32:28.989349,0 days 00:00:02.608943,0.8027911624447474,0.9402224586407036,4.356594034776796e-06,0.06495877112458501,8,1,90,3.0329434968999587e-05,1.0748361413676174e-06,0.8764247588279145,"[-0.49378439453299255, -0.8528378816255043, -0.4257665744193813, -0.49808315598818853, -0.7209894365134876]",0.1616025626464351,"{'n_estimators': 90, 'max_depth': 8, 'learning_rate': 0.06495877112458501, 'subsample': 0.8764247588279145, 'colsample_bytree': 0.9402224586407036, 'colsample_bylevel': 0.8027911624447474, 'reg_alpha': 3.0329434968999587e-05, 'reg_lambda': 1.0748361413676174e-06, 'min_child_weight': 1, 'gamma': 4.356594034776796e-06, 'random_state': 42}",COMPLETE
72,-0.5937136071078462,2025-07-20 19:32:28.990351,2025-07-20 19:32:30.860021,0 days 00:00:01.869670,0.7641538362779695,0.9179924985294943,1.0567201300916332e-06,0.0736060119277409,8,1,90,2.207855144928574e-05,0.0005113830709689878,0.8751384723424456,"[-0.4934082690004393, -0.8492307927562361, -0.43182245915995066, -0.49434330278489186, -0.699763211837713]",0.15663965835190008,"{'n_estimators': 90, 'max_depth': 8, 'learning_rate': 0.0736060119277409, 'subsample': 0.8751384723424456, 'colsample_bytree': 0.9179924985294943, 'colsample_bylevel': 0.7641538362779695, 'reg_alpha': 2.207855144928574e-05, 'reg_lambda': 0.0005113830709689878, 'min_child_weight': 1, 'gamma': 1.0567201300916332e-06, 'random_state': 42}",COMPLETE
73,-0.6957694215946837,2025-07-20 19:32:30.861021,2025-07-20 19:32:31.620422,0 days 00:00:00.759401,0.789298258736483,0.896611316703394,7.02713683497015,0.10704751908196947,7,1,100,2.7012704579118138e-05,0.0007200691692049366,0.8698835083656269,"[-0.48285674122253197, -0.9299794877193452, -0.41682565889315376, -0.8160593175687912, -0.8331259025695961]",0.20558805861563698,"{'n_estimators': 100, 'max_depth': 7, 'learning_rate': 0.10704751908196947, 'subsample': 0.8698835083656269, 'colsample_bytree': 0.896611316703394, 'colsample_bylevel': 0.789298258736483, 'reg_alpha': 2.7012704579118138e-05, 'reg_lambda': 0.0007200691692049366, 'min_child_weight': 1, 'gamma': 7.02713683497015, 'random_state': 42}",COMPLETE
74,-0.6149442230796374,2025-07-20 19:32:31.621423,2025-07-20 19:32:38.458836,0 days 00:00:06.837413,0.7563592999777449,0.9176244362427961,8.551879679861908e-07,0.04514967685899522,8,1,90,9.651108800018975e-05,0.14116199072331231,0.9506420636516851,"[-0.5236335157107309, -0.8618504168399285, -0.45317999832890776, -0.5347416162738602, -0.7013155682447593]",0.1478921536868564,"{'n_estimators': 90, 'max_depth': 8, 'learning_rate': 0.04514967685899522, 'subsample': 0.9506420636516851, 'colsample_bytree': 0.9176244362427961, 'colsample_bylevel': 0.7563592999777449, 'reg_alpha': 9.651108800018975e-05, 'reg_lambda': 0.14116199072331231, 'min_child_weight': 1, 'gamma': 8.551879679861908e-07, 'random_state': 42}",COMPLETE
75,-0.638441342379729,2025-07-20 19:32:38.461833,2025-07-20 19:32:55.946669,0 days 00:00:17.484836,0.7226965813316455,0.9590861794349513,3.8251117632269845e-08,0.07870687617886776,6,1,90,7.496838469097207e-06,0.0025830187427691863,0.8605331249606073,"[-0.5404299362458294, -0.9201181934402677, -0.432234503280517, -0.5673418547158583, -0.7320822242161725]",0.17046588898907905,"{'n_estimators': 90, 'max_depth': 6, 'learning_rate': 0.07870687617886776, 'subsample': 0.8605331249606073, 'colsample_bytree': 0.9590861794349513, 'colsample_bylevel': 0.7226965813316455, 'reg_alpha': 7.496838469097207e-06, 'reg_lambda': 0.0025830187427691863, 'min_child_weight': 1, 'gamma': 3.8251117632269845e-08, 'random_state': 42}",COMPLETE
76,-0.6088878796332298,2025-07-20 19:32:55.947669,2025-07-20 19:33:22.714921,0 days 00:00:26.767252,0.8306730963342095,0.9074585417829079,4.220168021817843e-06,0.05956760252463069,8,1,100,1.5221315151538001e-05,0.01063960687535671,0.8431407593693648,"[-0.489300658595616, -0.9274197465081037, -0.42527135265708793, -0.5198787626126806, -0.6825688777926604]",0.1804606300729439,"{'n_estimators': 100, 'max_depth': 8, 'learning_rate': 0.05956760252463069, 'subsample': 0.8431407593693648, 'colsample_bytree': 0.9074585417829079, 'colsample_bylevel': 0.8306730963342095, 'reg_alpha': 1.5221315151538001e-05, 'reg_lambda': 0.01063960687535671, 'min_child_weight': 1, 'gamma': 4.220168021817843e-06, 'random_state': 42}",COMPLETE
77,-0.6153376857717692,2025-07-20 19:33:22.715906,2025-07-20 19:33:31.477832,0 days 00:00:08.761926,0.7769413097181677,0.936734514214482,2.206817037133369e-07,0.03196579418657717,3,1,80,0.0002587541785948443,0.00011712013511543066,0.9171025120755109,"[-0.47473060986338744, -0.9049137878588585, -0.4180566833490193, -0.5585477286377076, -0.7204396191498731]",0.17709657153287117,"{'n_estimators': 80, 'max_depth': 3, 'learning_rate': 0.03196579418657717, 'subsample': 0.9171025120755109, 'colsample_bytree': 0.936734514214482, 'colsample_bylevel': 0.7769413097181677, 'reg_alpha': 0.0002587541785948443, 'reg_lambda': 0.00011712013511543066, 'min_child_weight': 1, 'gamma': 2.206817037133369e-07, 'random_state': 42}",COMPLETE
78,-0.6012839404277684,2025-07-20 19:33:31.479726,2025-07-20 19:33:42.131800,0 days 00:00:10.652074,0.8186060949020286,0.8661308691640006,1.8993828576409018e-05,0.04016532051269285,7,1,80,0.0010145930945055412,6.545595978023011e-06,0.9020154033960494,"[-0.47038101074154587, -0.9140528122574021, -0.406256731394422, -0.48061555693248736, -0.7351135908129851]",0.19259636058189059,"{'n_estimators': 80, 'max_depth': 7, 'learning_rate': 0.04016532051269285, 'subsample': 0.9020154033960494, 'colsample_bytree': 0.8661308691640006, 'colsample_bylevel': 0.8186060949020286, 'reg_alpha': 0.0010145930945055412, 'reg_lambda': 6.545595978023011e-06, 'min_child_weight': 1, 'gamma': 1.8993828576409018e-05, 'random_state': 42}",COMPLETE
79,-0.618766080798754,2025-07-20 19:33:42.132800,2025-07-20 19:33:43.827377,0 days 00:00:01.694577,0.8590769112186104,0.849163527175868,1.2390078724575827e-06,0.12069224895674584,7,1,90,2.9544466930500474e-05,7.540616051486041e-06,0.8763441853818006,"[-0.5260759490190329, -0.9309043502029977, -0.445807404090542, -0.4796271044234418, -0.7114155962577555]",0.1810414599290624,"{'n_estimators': 90, 'max_depth': 7, 'learning_rate': 0.12069224895674584, 'subsample': 0.8763441853818006, 'colsample_bytree': 0.849163527175868, 'colsample_bylevel': 0.8590769112186104, 'reg_alpha': 2.9544466930500474e-05, 'reg_lambda': 7.540616051486041e-06, 'min_child_weight': 1, 'gamma': 1.2390078724575827e-06, 'random_state': 42}",COMPLETE
80,-0.602127313433614,2025-07-20 19:33:43.828358,2025-07-20 19:33:45.583969,0 days 00:00:01.755611,0.8185572360906911,0.8706785504841233,2.6427752794575195e-06,0.026104284901306365,7,1,80,0.0001226319726481791,9.7630654569547e-07,0.9009202090464082,"[-0.4677980152752299, -0.9235500849547641, -0.36118392830208496, -0.526539302105981, -0.7315652365300099]",0.20093700337502635,"{'n_estimators': 80, 'max_depth': 7, 'learning_rate': 0.026104284901306365, 'subsample': 0.9009202090464082, 'colsample_bytree': 0.8706785504841233, 'colsample_bylevel': 0.8185572360906911, 'reg_alpha': 0.0001226319726481791, 'reg_lambda': 9.7630654569547e-07, 'min_child_weight': 1, 'gamma': 2.6427752794575195e-06, 'random_state': 42}",COMPLETE
81,-0.5986662454401473,2025-07-20 19:33:45.585969,2025-07-20 19:33:52.994851,0 days 00:00:07.408882,0.8171001296024655,0.866373186589676,0.001564384107532008,0.033931596254828444,7,1,80,0.00012042282802944443,9.296600268114537e-07,0.8948615622778887,"[-0.4698435195920228, -0.920258251824968, -0.3791838689264395, -0.513555115036168, -0.7104904718211387]",0.19387510876335362,"{'n_estimators': 80, 'max_depth': 7, 'learning_rate': 0.033931596254828444, 'subsample': 0.8948615622778887, 'colsample_bytree': 0.866373186589676, 'colsample_bylevel': 0.8171001296024655, 'reg_alpha': 0.00012042282802944443, 'reg_lambda': 9.296600268114537e-07, 'min_child_weight': 1, 'gamma': 0.001564384107532008, 'random_state': 42}",COMPLETE
82,-0.6052071135178472,2025-07-20 19:33:52.995851,2025-07-20 19:33:54.679386,0 days 00:00:01.683535,0.8193210996580813,0.8683748812260352,0.001205794599013714,0.026097665182474458,7,1,80,0.00016384244078654865,9.968904354689865e-07,0.8998175691134607,"[-0.4750485855440234, -0.9261855178700181, -0.37512816943568816, -0.5243740624291477, -0.7252992323103588]",0.1969064743065208,"{'n_estimators': 80, 'max_depth': 7, 'learning_rate': 0.026097665182474458, 'subsample': 0.8998175691134607, 'colsample_bytree': 0.8683748812260352, 'colsample_bylevel': 0.8193210996580813, 'reg_alpha': 0.00016384244078654865, 'reg_lambda': 9.968904354689865e-07, 'min_child_weight': 1, 'gamma': 0.001205794599013714, 'random_state': 42}",COMPLETE
83,-0.7016763845545309,2025-07-20 19:33:54.681386,2025-07-20 19:33:58.032928,0 days 00:00:03.351542,0.8411676201216758,0.8426862098350103,0.0023968892151204446,0.017467127664747402,6,6,70,0.0007624916927765646,2.8925177646186046e-06,0.9399274523314363,"[-0.5595278285325888, -0.8708815867326738, -0.5067450449314033, -0.7225754213878038, -0.8486520411881845]",0.1475624972504794,"{'n_estimators': 70, 'max_depth': 6, 'learning_rate': 0.017467127664747402, 'subsample': 0.9399274523314363, 'colsample_bytree': 0.8426862098350103, 'colsample_bylevel': 0.8411676201216758, 'reg_alpha': 0.0007624916927765646, 'reg_lambda': 2.8925177646186046e-06, 'min_child_weight': 6, 'gamma': 0.0023968892151204446, 'random_state': 42}",COMPLETE
84,-0.6165850892413877,2025-07-20 19:33:58.034352,2025-07-20 19:34:11.427574,0 days 00:00:13.393222,0.803839105225922,0.8761363960910292,0.004871494226540124,0.02795615403460123,7,1,90,0.00028617335732873466,0.00040225715480643476,0.9231531904295578,"[-0.512803668545301, -0.9219519340620729, -0.3931839972158915, -0.5202348023126506, -0.7347510440710228]",0.18824139384719404,"{'n_estimators': 90, 'max_depth': 7, 'learning_rate': 0.02795615403460123, 'subsample': 0.9231531904295578, 'colsample_bytree': 0.8761363960910292, 'colsample_bylevel': 0.803839105225922, 'reg_alpha': 0.00028617335732873466, 'reg_lambda': 0.00040225715480643476, 'min_child_weight': 1, 'gamma': 0.004871494226540124, 'random_state': 42}",COMPLETE
85,-0.5979778079899049,2025-07-20 19:34:11.428575,2025-07-20 19:34:26.934327,0 days 00:00:15.505752,0.9284740591318312,0.8264898018103358,4.828616949069519e-07,0.0337385820218161,7,1,90,4.037025921543914e-06,2.176685715234785e-07,0.8851876861117048,"[-0.48094603274817677, -0.940192299177152, -0.3607952335453184, -0.4959092529779402, -0.7120462215009372]",0.20517912218259093,"{'n_estimators': 90, 'max_depth': 7, 'learning_rate': 0.0337385820218161, 'subsample': 0.8851876861117048, 'colsample_bytree': 0.8264898018103358, 'colsample_bylevel': 0.9284740591318312, 'reg_alpha': 4.037025921543914e-06, 'reg_lambda': 2.176685715234785e-07, 'min_child_weight': 1, 'gamma': 4.828616949069519e-07, 'random_state': 42}",COMPLETE
86,-0.631464476804791,2025-07-20 19:34:26.935193,2025-07-20 19:34:29.547567,0 days 00:00:02.612374,0.9215482508610255,0.8234012967830773,4.86824455944857e-07,0.021448681813346734,7,2,80,5.077248844530846e-06,2.0374241582027554e-07,0.907055023046912,"[-0.46682172793871785, -0.9348091950912297, -0.3697841998294399, -0.6015112376315175, -0.7843960235330503]",0.20585775416341318,"{'n_estimators': 80, 'max_depth': 7, 'learning_rate': 0.021448681813346734, 'subsample': 0.907055023046912, 'colsample_bytree': 0.8234012967830773, 'colsample_bylevel': 0.9215482508610255, 'reg_alpha': 5.077248844530846e-06, 'reg_lambda': 2.0374241582027554e-07, 'min_child_weight': 2, 'gamma': 4.86824455944857e-07, 'random_state': 42}",COMPLETE
