number,value,datetime_start,datetime_complete,duration,params_colsample_bylevel,params_colsample_bytree,params_gamma,params_learning_rate,params_max_depth,params_min_child_weight,params_n_estimators,params_reg_alpha,params_reg_lambda,params_subsample,user_attrs_cv_scores,user_attrs_cv_std,user_attrs_params,state
87,-0.6002817635114089,2025-07-20 19:34:29.549568,2025-07-20 19:34:31.370094,0 days 00:00:01.820526,0.9516904716655802,0.8599373805761297,5.330957193569653e-07,0.027834257635274248,7,1,90,1.6442948984106144e-05,1.2011093453969162e-06,0.8841449190359045,"[-0.4927615263359199, -0.9181224589084966, -0.36248698884567476, -0.5106311605670575, -0.7174066828998964]",0.19538942717616553,"{'n_estimators': 90, 'max_depth': 7, 'learning_rate': 0.027834257635274248, 'subsample': 0.8841449190359045, 'colsample_bytree': 0.8599373805761297, 'colsample_bylevel': 0.9516904716655802, 'reg_alpha': 1.6442948984106144e-05, 'reg_lambda': 1.2011093453969162e-06, 'min_child_weight': 1, 'gamma': 5.330957193569653e-07, 'random_state': 42}",COMPLETE
88,-0.6238694799135505,2025-07-20 19:34:31.371096,2025-07-20 19:34:33.538456,0 days 00:00:02.167360,0.9431904993240987,0.8322884814306286,1.9402054785465647e-07,0.024185465901468806,7,1,100,1.7333108757458363e-05,6.419145563740746e-07,0.9645761837357901,"[-0.5082179851995065, -0.9525777731870992, -0.3922815047523089, -0.5248999231672888, -0.7413702132615487]",0.19932826996467642,"{'n_estimators': 100, 'max_depth': 7, 'learning_rate': 0.024185465901468806, 'subsample': 0.9645761837357901, 'colsample_bytree': 0.8322884814306286, 'colsample_bylevel': 0.9431904993240987, 'reg_alpha': 1.7333108757458363e-05, 'reg_lambda': 6.419145563740746e-07, 'min_child_weight': 1, 'gamma': 1.9402054785465647e-07, 'random_state': 42}",COMPLETE
89,-0.6363695693801567,2025-07-20 19:34:33.540456,2025-07-20 19:34:45.540367,0 days 00:00:11.999911,0.9809643863455704,0.8571255261134012,4.776719652020265e-08,0.03455834431512394,6,2,90,1.5418520758651543e-06,6.042641009082015e-08,0.8897604858801845,"[-0.4702200528966905, -0.9649128535018655, -0.4299073208701234, -0.557940127248083, -0.7588674923840205]",0.19966468388896175,"{'n_estimators': 90, 'max_depth': 6, 'learning_rate': 0.03455834431512394, 'subsample': 0.8897604858801845, 'colsample_bytree': 0.8571255261134012, 'colsample_bylevel': 0.9809643863455704, 'reg_alpha': 1.5418520758651543e-06, 'reg_lambda': 6.042641009082015e-08, 'min_child_weight': 2, 'gamma': 4.776719652020265e-08, 'random_state': 42}",COMPLETE
90,-0.5993527083434985,2025-07-20 19:34:45.541369,2025-07-20 19:34:54.311618,0 days 00:00:08.770249,0.9515648000369303,0.8027936593481264,5.291083525296951e-07,0.0287116164553709,7,1,90,5.692991888085382e-05,1.1767824789879111e-06,0.8980311037184132,"[-0.4783186623483687, -0.9222125445341451, -0.3725424831205045, -0.5016815363834285, -0.7220083153310458]",0.19744095225572877,"{'n_estimators': 90, 'max_depth': 7, 'learning_rate': 0.0287116164553709, 'subsample': 0.8980311037184132, 'colsample_bytree': 0.8027936593481264, 'colsample_bylevel': 0.9515648000369303, 'reg_alpha': 5.692991888085382e-05, 'reg_lambda': 1.1767824789879111e-06, 'min_child_weight': 1, 'gamma': 5.291083525296951e-07, 'random_state': 42}",COMPLETE
91,-0.5990106823049686,2025-07-20 19:34:54.312620,2025-07-20 19:34:56.192371,0 days 00:00:01.879751,0.9658812567095547,0.7981869840013288,2.9206145341881556e-07,0.02915943133247349,7,1,90,3.946640678173249e-06,1.1477656445556292e-06,0.8826871153306947,"[-0.48920080386902304, -0.9253040721912206, -0.3590953064082192, -0.5150167724592267, -0.7064364565971534]",0.19732219700312856,"{'n_estimators': 90, 'max_depth': 7, 'learning_rate': 0.02915943133247349, 'subsample': 0.8826871153306947, 'colsample_bytree': 0.7981869840013288, 'colsample_bylevel': 0.9658812567095547, 'reg_alpha': 3.946640678173249e-06, 'reg_lambda': 1.1477656445556292e-06, 'min_child_weight': 1, 'gamma': 2.9206145341881556e-07, 'random_state': 42}",COMPLETE
92,-0.6043062437817941,2025-07-20 19:34:56.193373,2025-07-20 19:34:58.266738,0 days 00:00:02.073365,0.9453422996019648,0.7845417050651551,2.6490811599447237e-07,0.023297434424407047,7,1,100,3.240904599636513e-06,2.7787692021282893e-07,0.8799778074402477,"[-0.4831290191661314, -0.9387362755599277, -0.36529799506544874, -0.5202837622267781, -0.7140841668906848]",0.20137689970992062,"{'n_estimators': 100, 'max_depth': 7, 'learning_rate': 0.023297434424407047, 'subsample': 0.8799778074402477, 'colsample_bytree': 0.7845417050651551, 'colsample_bylevel': 0.9453422996019648, 'reg_alpha': 3.240904599636513e-06, 'reg_lambda': 2.7787692021282893e-07, 'min_child_weight': 1, 'gamma': 2.6490811599447237e-07, 'random_state': 42}",COMPLETE
93,-0.6093875832809774,2025-07-20 19:34:58.267739,2025-07-20 19:35:02.183674,0 days 00:00:03.915935,0.9531900897642482,0.7873774073677491,5.925637344340526e-07,0.02769826860947317,7,1,90,3.3874293996274754e-07,1.4182784351281553e-06,0.9268293304418103,"[-0.51137814015446, -0.9242788506266675, -0.378549813353899, -0.5220319762299441, -0.7106991360399167]",0.1897068633566712,"{'n_estimators': 90, 'max_depth': 7, 'learning_rate': 0.02769826860947317, 'subsample': 0.9268293304418103, 'colsample_bytree': 0.7873774073677491, 'colsample_bylevel': 0.9531900897642482, 'reg_alpha': 3.3874293996274754e-07, 'reg_lambda': 1.4182784351281553e-06, 'min_child_weight': 1, 'gamma': 5.925637344340526e-07, 'random_state': 42}",COMPLETE
94,-0.6114959355242405,2025-07-20 19:35:02.185674,2025-07-20 19:35:17.036298,0 days 00:00:14.850624,0.904417649300295,0.805574316714398,1.31995277681848e-06,0.02849935930205032,8,2,100,5.108479393368236e-06,1.1837307491046243e-07,0.8927353173075515,"[-0.4911012258435987, -0.9401414388046953, -0.38720237304690813, -0.5137433253476422, -0.7252913145783584]",0.19764377865479638,"{'n_estimators': 100, 'max_depth': 8, 'learning_rate': 0.02849935930205032, 'subsample': 0.8927353173075515, 'colsample_bytree': 0.805574316714398, 'colsample_bylevel': 0.904417649300295, 'reg_alpha': 5.108479393368236e-06, 'reg_lambda': 1.1837307491046243e-07, 'min_child_weight': 2, 'gamma': 1.31995277681848e-06, 'random_state': 42}",COMPLETE
95,-0.6339913501023176,2025-07-20 19:35:17.038300,2025-07-20 19:35:22.103083,0 days 00:00:05.064783,0.9841515583409298,0.7555794391884854,8.713518949235801e-08,0.03364935090318813,6,1,110,1.8692070013159036e-06,4.858125563672577e-07,0.9128721334337268,"[-0.5652816476752899, -0.9798750356281275, -0.3945883969077564, -0.4919519603500168, -0.7382597099503968]",0.20626070892218898,"{'n_estimators': 110, 'max_depth': 6, 'learning_rate': 0.03364935090318813, 'subsample': 0.9128721334337268, 'colsample_bytree': 0.7555794391884854, 'colsample_bylevel': 0.9841515583409298, 'reg_alpha': 1.8692070013159036e-06, 'reg_lambda': 4.858125563672577e-07, 'min_child_weight': 1, 'gamma': 8.713518949235801e-08, 'random_state': 42}",COMPLETE
96,-0.630091406841936,2025-07-20 19:35:22.105085,2025-07-20 19:35:23.951805,0 days 00:00:01.846720,0.9367779427572992,0.814193725755485,1.4484649318491474e-07,0.032138315588309284,7,1,90,1.0665180073513699e-06,7.206246575082916e-07,0.8512464664466955,"[-0.5002915599243294, -1.0236679864642224, -0.38441896737254083, -0.5070816463334141, -0.7349968741151731]",0.22726285664227486,"{'n_estimators': 90, 'max_depth': 7, 'learning_rate': 0.032138315588309284, 'subsample': 0.8512464664466955, 'colsample_bytree': 0.814193725755485, 'colsample_bylevel': 0.9367779427572992, 'reg_alpha': 1.0665180073513699e-06, 'reg_lambda': 7.206246575082916e-07, 'min_child_weight': 1, 'gamma': 1.4484649318491474e-07, 'random_state': 42}",COMPLETE
97,-0.7402237882597421,2025-07-20 19:35:23.952805,2025-07-20 19:35:24.792990,0 days 00:00:00.840185,0.9676132144952414,0.7652134350463508,4.301444942183787e-07,0.041372307839018484,8,9,90,6.103242112924663e-05,2.1315093175708865e-07,0.8671615159940854,"[-0.5325104973161044, -0.8258255579330966, -0.6633601639186414, -0.7929200141514834, -0.8865027079793851]",0.1269290396483605,"{'n_estimators': 90, 'max_depth': 8, 'learning_rate': 0.041372307839018484, 'subsample': 0.8671615159940854, 'colsample_bytree': 0.7652134350463508, 'colsample_bylevel': 0.9676132144952414, 'reg_alpha': 6.103242112924663e-05, 'reg_lambda': 2.1315093175708865e-07, 'min_child_weight': 9, 'gamma': 4.301444942183787e-07, 'random_state': 42}",COMPLETE
98,-0.634792981640143,2025-07-20 19:35:24.793993,2025-07-20 19:35:26.359581,0 days 00:00:01.565588,0.9586514750408498,0.7995449244230602,8.776715538949899e-07,0.019266528032317022,6,2,80,1.153555814762607e-05,5.95920145252391e-06,0.8836296534325931,"[-0.41183032794728136, -0.9545860439980501, -0.40991000673002786, -0.6377436847784641, -0.7598948447468917]",0.20890738755736948,"{'n_estimators': 80, 'max_depth': 6, 'learning_rate': 0.019266528032317022, 'subsample': 0.8836296534325931, 'colsample_bytree': 0.7995449244230602, 'colsample_bylevel': 0.9586514750408498, 'reg_alpha': 1.153555814762607e-05, 'reg_lambda': 5.95920145252391e-06, 'min_child_weight': 2, 'gamma': 8.776715538949899e-07, 'random_state': 42}",COMPLETE
99,-0.6140389868164894,2025-07-20 19:35:26.360582,2025-07-20 19:35:37.052193,0 days 00:00:10.691611,0.9827662641982381,0.8892841100119943,3.555367448613588e-07,0.03716652556865477,7,1,100,3.809067746669484e-05,1.5035509981674616e-06,0.871476108829645,"[-0.49528473081697977, -0.9681851329215477, -0.37335201540950025, -0.508303219295117, -0.7250698356393019]",0.21021902209256857,"{'n_estimators': 100, 'max_depth': 7, 'learning_rate': 0.03716652556865477, 'subsample': 0.871476108829645, 'colsample_bytree': 0.8892841100119943, 'colsample_bylevel': 0.9827662641982381, 'reg_alpha': 3.809067746669484e-05, 'reg_lambda': 1.5035509981674616e-06, 'min_child_weight': 1, 'gamma': 3.555367448613588e-07, 'random_state': 42}",COMPLETE
100,-0.6111844559207109,2025-07-20 19:35:37.053196,2025-07-20 19:35:40.058393,0 days 00:00:03.005197,0.9278374645474515,0.8547473599192855,1.7594860657681162e-08,0.029805292655810927,8,1,90,2.2418385601400122e-05,2.9913306262033874e-06,0.9104090869578282,"[-0.5155660925640431, -0.8547733826157651, -0.42334066876365045, -0.5366118945429127, -0.7256302411171834]",0.15647532051582186,"{'n_estimators': 90, 'max_depth': 8, 'learning_rate': 0.029805292655810927, 'subsample': 0.9104090869578282, 'colsample_bytree': 0.8547473599192855, 'colsample_bylevel': 0.9278374645474515, 'reg_alpha': 2.2418385601400122e-05, 'reg_lambda': 2.9913306262033874e-06, 'min_child_weight': 1, 'gamma': 1.7594860657681162e-08, 'random_state': 42}",COMPLETE
101,-0.6091613405867321,2025-07-20 19:35:40.059393,2025-07-20 19:35:41.755673,0 days 00:00:01.696280,0.8803038199671276,0.8679632132134626,2.6641377277056494e-06,0.02345367867611097,7,1,80,7.960571449740296e-05,1.1807275882821358e-06,0.8998784197093098,"[-0.4700773821497892, -0.9222040847385401, -0.3728951782767259, -0.5520577108962117, -0.7285723468723934]",0.19528523731161457,"{'n_estimators': 80, 'max_depth': 7, 'learning_rate': 0.02345367867611097, 'subsample': 0.8998784197093098, 'colsample_bytree': 0.8679632132134626, 'colsample_bylevel': 0.8803038199671276, 'reg_alpha': 7.960571449740296e-05, 'reg_lambda': 1.1807275882821358e-06, 'min_child_weight': 1, 'gamma': 2.6641377277056494e-06, 'random_state': 42}",COMPLETE
102,-0.5987958041096539,2025-07-20 19:35:41.756673,2025-07-20 19:35:43.426484,0 days 00:00:01.669811,0.917005832832586,0.8206897159751496,1.6256165603577188e-06,0.026509516653971006,7,1,80,7.602381192038212e-06,6.531604839844304e-07,0.900254090016327,"[-0.46559149425114904, -0.9158496322043846, -0.36236009930685714, -0.5203822171790181, -0.7297955776068609]",0.19873499533380967,"{'n_estimators': 80, 'max_depth': 7, 'learning_rate': 0.026509516653971006, 'subsample': 0.900254090016327, 'colsample_bytree': 0.8206897159751496, 'colsample_bylevel': 0.917005832832586, 'reg_alpha': 7.602381192038212e-06, 'reg_lambda': 6.531604839844304e-07, 'min_child_weight': 1, 'gamma': 1.6256165603577188e-06, 'random_state': 42}",COMPLETE
103,-0.5964722477441562,2025-07-20 19:35:43.427484,2025-07-20 19:35:45.271474,0 days 00:00:01.843990,0.9068128816113474,0.8302676603507737,5.700592449162468e-08,0.04292572511613863,7,1,90,3.7250743210862733e-06,4.970486416357017e-07,0.8863721499358547,"[-0.48789809643667714, -0.9144784991478307, -0.38279868777307696, -0.4906069765156237, -0.7065789788475726]",0.19073733791853215,"{'n_estimators': 90, 'max_depth': 7, 'learning_rate': 0.04292572511613863, 'subsample': 0.8863721499358547, 'colsample_bytree': 0.8302676603507737, 'colsample_bylevel': 0.9068128816113474, 'reg_alpha': 3.7250743210862733e-06, 'reg_lambda': 4.970486416357017e-07, 'min_child_weight': 1, 'gamma': 5.700592449162468e-08, 'random_state': 42}",COMPLETE
104,-0.6107239156120017,2025-07-20 19:35:45.272477,2025-07-20 19:35:47.095597,0 days 00:00:01.823120,0.8954834041268417,0.8258582190582907,6.658327549164234e-08,0.03559959417317704,8,2,90,6.429656934652635e-06,4.716498403475251e-07,0.8886307785293862,"[-0.5220683669218759, -0.9203804772450095, -0.4051848434144139, -0.5182644206230982, -0.6877214698556106]",0.17914836546777074,"{'n_estimators': 90, 'max_depth': 8, 'learning_rate': 0.03559959417317704, 'subsample': 0.8886307785293862, 'colsample_bytree': 0.8258582190582907, 'colsample_bylevel': 0.8954834041268417, 'reg_alpha': 6.429656934652635e-06, 'reg_lambda': 4.716498403475251e-07, 'min_child_weight': 2, 'gamma': 6.658327549164234e-08, 'random_state': 42}",COMPLETE
105,-0.6310133707328829,2025-07-20 19:35:47.096597,2025-07-20 19:35:48.770876,0 days 00:00:01.674279,0.916067740603049,0.8166843216610976,1.185476357102796e-07,0.016014822895204336,6,1,90,5.616937869094061e-07,1.2732191824600672e-07,0.8810391154644139,"[-0.524741558276562, -0.9241767915576626, -0.362482751924369, -0.5919786131484089, -0.7516871387574117]",0.1925788426899685,"{'n_estimators': 90, 'max_depth': 6, 'learning_rate': 0.016014822895204336, 'subsample': 0.8810391154644139, 'colsample_bytree': 0.8166843216610976, 'colsample_bylevel': 0.916067740603049, 'reg_alpha': 5.616937869094061e-07, 'reg_lambda': 1.2732191824600672e-07, 'min_child_weight': 1, 'gamma': 1.185476357102796e-07, 'random_state': 42}",COMPLETE
106,-0.6210199781185338,2025-07-20 19:35:48.771876,2025-07-20 19:35:50.576183,0 days 00:00:01.804307,0.9328915933989046,0.8394626574129146,3.026237939533869e-07,0.02916488630969904,7,2,90,3.7519461890675684e-06,2.703975706614967e-07,0.9283905706438967,"[-0.4838755157156521, -0.9323216589101265, -0.3671059776242906, -0.5637120397188786, -0.7580846986237209]",0.20112712253160706,"{'n_estimators': 90, 'max_depth': 7, 'learning_rate': 0.02916488630969904, 'subsample': 0.9283905706438967, 'colsample_bytree': 0.8394626574129146, 'colsample_bylevel': 0.9328915933989046, 'reg_alpha': 3.7519461890675684e-06, 'reg_lambda': 2.703975706614967e-07, 'min_child_weight': 2, 'gamma': 3.026237939533869e-07, 'random_state': 42}",COMPLETE
107,-0.5936255908721728,2025-07-20 19:35:50.578183,2025-07-20 19:35:52.756811,0 days 00:00:02.178628,0.9115267540760279,0.8323182818381075,2.7149626800308795e-08,0.04370435990646295,8,1,90,2.4842791361572447e-06,1.8785206665165576e-06,0.8940685706492477,"[-0.4921464062037584, -0.848330554003871, -0.4118411204071531, -0.5125312708565991, -0.7032786028894822]",0.15925973040941016,"{'n_estimators': 90, 'max_depth': 8, 'learning_rate': 0.04370435990646295, 'subsample': 0.8940685706492477, 'colsample_bytree': 0.8323182818381075, 'colsample_bylevel': 0.9115267540760279, 'reg_alpha': 2.4842791361572447e-06, 'reg_lambda': 1.8785206665165576e-06, 'min_child_weight': 1, 'gamma': 2.7149626800308795e-08, 'random_state': 42}",COMPLETE
108,-0.6171016846288383,2025-07-20 19:35:52.757810,2025-07-20 19:35:55.027673,0 days 00:00:02.269863,0.9049802652309448,0.7930567939274809,2.1541352817685423e-08,0.0429315116156064,8,2,110,2.8413160551199175e-06,4.25325468105709e-08,0.9198644986577955,"[-0.4798043659858878, -0.9471354678037421, -0.4224097789166002, -0.4841812037179272, -0.7519776067200343]",0.20076710811220277,"{'n_estimators': 110, 'max_depth': 8, 'learning_rate': 0.0429315116156064, 'subsample': 0.9198644986577955, 'colsample_bytree': 0.7930567939274809, 'colsample_bylevel': 0.9049802652309448, 'reg_alpha': 2.8413160551199175e-06, 'reg_lambda': 4.25325468105709e-08, 'min_child_weight': 2, 'gamma': 2.1541352817685423e-08, 'random_state': 42}",COMPLETE
109,-0.6223770172536434,2025-07-20 19:35:55.028674,2025-07-20 19:35:57.128547,0 days 00:00:02.099873,0.912360388997035,0.806397227757923,4.550799282579767e-08,0.052324220653566754,8,1,90,1.0074873362144201e-06,0.05425903728247027,0.9419148718279858,"[-0.5307672744892715, -0.8368875445731591, -0.47433520585707306, -0.541815239577027, -0.7280798217716853]",0.13710344425084636,"{'n_estimators': 90, 'max_depth': 8, 'learning_rate': 0.052324220653566754, 'subsample': 0.9419148718279858, 'colsample_bytree': 0.806397227757923, 'colsample_bylevel': 0.912360388997035, 'reg_alpha': 1.0074873362144201e-06, 'reg_lambda': 0.05425903728247027, 'min_child_weight': 1, 'gamma': 4.550799282579767e-08, 'random_state': 42}",COMPLETE
110,-0.5971291482555015,2025-07-20 19:35:57.129551,2025-07-20 19:35:59.643641,0 days 00:00:02.514090,0.9373797847510419,0.7717098056404332,1.2689602451022868e-08,0.04767427062648659,8,1,100,8.951162583419443e-06,2.021129489128589e-06,0.8740779043220389,"[-0.49153636819813046, -0.8735625710441237, -0.3961737480326942, -0.5062721062586029, -0.7181009477439563]",0.17368795218177185,"{'n_estimators': 100, 'max_depth': 8, 'learning_rate': 0.04767427062648659, 'subsample': 0.8740779043220389, 'colsample_bytree': 0.7717098056404332, 'colsample_bylevel': 0.9373797847510419, 'reg_alpha': 8.951162583419443e-06, 'reg_lambda': 2.021129489128589e-06, 'min_child_weight': 1, 'gamma': 1.2689602451022868e-08, 'random_state': 42}",COMPLETE
111,-0.5898414427886811,2025-07-20 19:35:59.644641,2025-07-20 19:36:02.087017,0 days 00:00:02.442376,0.9733907668886201,0.7670336460644547,1.3430452613691372e-08,0.046515612621203295,8,1,100,2.1178989317748832e-06,1.846232504782878e-06,0.8944700838968435,"[-0.4883911638939713, -0.8449039479989827, -0.4116578977610901, -0.5004544534036915, -0.7037997508856695]",0.16004683453677518,"{'n_estimators': 100, 'max_depth': 8, 'learning_rate': 0.046515612621203295, 'subsample': 0.8944700838968435, 'colsample_bytree': 0.7670336460644547, 'colsample_bylevel': 0.9733907668886201, 'reg_alpha': 2.1178989317748832e-06, 'reg_lambda': 1.846232504782878e-06, 'min_child_weight': 1, 'gamma': 1.3430452613691372e-08, 'random_state': 42}",COMPLETE
112,-0.6140526535127512,2025-07-20 19:36:02.088017,2025-07-20 19:36:04.684713,0 days 00:00:02.596696,0.9926190580234507,0.7762455614876819,1.265893799250263e-08,0.046641121366232524,8,1,100,9.242027070955026e-06,1.97871053732002e-06,0.8564181970539129,"[-0.4994698537738281, -0.8861434358528999, -0.41351201258444853, -0.5539988383898538, -0.7171391269627254]",0.16829286509747593,"{'n_estimators': 100, 'max_depth': 8, 'learning_rate': 0.046641121366232524, 'subsample': 0.8564181970539129, 'colsample_bytree': 0.7762455614876819, 'colsample_bylevel': 0.9926190580234507, 'reg_alpha': 9.242027070955026e-06, 'reg_lambda': 1.97871053732002e-06, 'min_child_weight': 1, 'gamma': 1.265893799250263e-08, 'random_state': 42}",COMPLETE
113,-0.5935348211279147,2025-07-20 19:36:04.686713,2025-07-20 19:36:07.559704,0 days 00:00:02.872991,0.8849866110339062,0.7706952018707655,1.4633437921852634e-08,0.06599576603311,8,1,130,2.5450760891199847e-06,6.24358217660924e-07,0.875224327156038,"[-0.49249050367746344, -0.8528672423316603, -0.4166991189434007, -0.4956074293837268, -0.7100098113033215]",0.1624132517584051,"{'n_estimators': 130, 'max_depth': 8, 'learning_rate': 0.06599576603311, 'subsample': 0.875224327156038, 'colsample_bytree': 0.7706952018707655, 'colsample_bylevel': 0.8849866110339062, 'reg_alpha': 2.5450760891199847e-06, 'reg_lambda': 6.24358217660924e-07, 'min_child_weight': 1, 'gamma': 1.4633437921852634e-08, 'random_state': 42}",COMPLETE
114,-0.652671223915425,2025-07-20 19:36:07.560706,2025-07-20 19:36:10.486641,0 days 00:00:02.925935,0.8846818123219683,0.734503304971083,3.0224616803640685e-08,0.05596361936585015,8,1,130,2.262098152438345e-06,5.449886917098202e-07,0.8470010978665347,"[-0.47661507306912587, -0.9324474578995526, -0.4364621509699951, -0.6535755463192265, -0.7642558913192248]",0.18355861645572785,"{'n_estimators': 130, 'max_depth': 8, 'learning_rate': 0.05596361936585015, 'subsample': 0.8470010978665347, 'colsample_bytree': 0.734503304971083, 'colsample_bylevel': 0.8846818123219683, 'reg_alpha': 2.262098152438345e-06, 'reg_lambda': 5.449886917098202e-07, 'min_child_weight': 1, 'gamma': 3.0224616803640685e-08, 'random_state': 42}",COMPLETE
115,-0.603210783116023,2025-07-20 19:36:10.487337,2025-07-20 19:36:13.103157,0 days 00:00:02.615820,0.9052663411114892,0.7673951545178309,1.0568156556831786e-08,0.06685576117737742,9,2,140,5.454015162137258e-07,1.6505538166768041e-07,0.8741245710450991,"[-0.5631268893847685, -0.9117796089603072, -0.42427067922894857, -0.4647904272209667, -0.6520863107851241]",0.17343010795691893,"{'n_estimators': 140, 'max_depth': 9, 'learning_rate': 0.06685576117737742, 'subsample': 0.8741245710450991, 'colsample_bytree': 0.7673951545178309, 'colsample_bylevel': 0.9052663411114892, 'reg_alpha': 5.454015162137258e-07, 'reg_lambda': 1.6505538166768041e-07, 'min_child_weight': 2, 'gamma': 1.0568156556831786e-08, 'random_state': 42}",COMPLETE
