number,value,datetime_start,datetime_complete,duration,params_colsample_bylevel,params_colsample_bytree,params_gamma,params_learning_rate,params_max_depth,params_min_child_weight,params_n_estimators,params_reg_alpha,params_reg_lambda,params_subsample,user_attrs_cv_scores,user_attrs_cv_std,user_attrs_params,state
116,-0.6454527681791278,2025-07-20 19:36:13.104157,2025-07-20 19:36:16.508267,0 days 00:00:03.404110,0.9217675361417041,0.7341832140696588,2.1087526018210925e-08,0.04907525314683812,8,1,150,2.50752679147005e-07,2.954800641272802e-07,0.8665872201603485,"[-0.4611658417590435, -0.9474695968798545, -0.4086184162125283, -0.6745529517779152, -0.735457034266297]",0.19504560232859286,"{'n_estimators': 150, 'max_depth': 8, 'learning_rate': 0.04907525314683812, 'subsample': 0.8665872201603485, 'colsample_bytree': 0.7341832140696588, 'colsample_bylevel': 0.9217675361417041, 'reg_alpha': 2.50752679147005e-07, 'reg_lambda': 2.954800641272802e-07, 'min_child_weight': 1, 'gamma': 2.1087526018210925e-08, 'random_state': 42}",COMPLETE
117,-0.635955665796661,2025-07-20 19:36:16.509267,2025-07-20 19:36:26.661180,0 days 00:00:10.151913,0.8869468663628212,0.7504268437971653,5.7228156194510315e-08,0.05907365810392591,9,2,110,1.125327592148318e-07,3.1667966939102124e-06,0.8302391019836458,"[-0.5944445040810111, -0.9586028789018972, -0.4230511535459311, -0.4755950945561274, -0.7280846978983376]",0.19253882900488503,"{'n_estimators': 110, 'max_depth': 9, 'learning_rate': 0.05907365810392591, 'subsample': 0.8302391019836458, 'colsample_bytree': 0.7504268437971653, 'colsample_bylevel': 0.8869468663628212, 'reg_alpha': 1.125327592148318e-07, 'reg_lambda': 3.1667966939102124e-06, 'min_child_weight': 2, 'gamma': 5.7228156194510315e-08, 'random_state': 42}",COMPLETE
118,-0.6617064973303052,2025-07-20 19:36:26.662180,2025-07-20 19:36:34.584136,0 days 00:00:07.921956,0.8991998195762192,0.7722769763233235,1.3665952604262782e-08,0.0439188880092432,8,4,140,6.8555239334172604e-06,8.133283385814454e-08,0.9048331068642632,"[-0.5543730074425786, -0.8749488419871368, -0.44697890842012916, -0.6020826106205028, -0.8301491181811784]",0.16433419451282416,"{'n_estimators': 140, 'max_depth': 8, 'learning_rate': 0.0439188880092432, 'subsample': 0.9048331068642632, 'colsample_bytree': 0.7722769763233235, 'colsample_bylevel': 0.8991998195762192, 'reg_alpha': 6.8555239334172604e-06, 'reg_lambda': 8.133283385814454e-08, 'min_child_weight': 4, 'gamma': 1.3665952604262782e-08, 'random_state': 42}",COMPLETE
119,-0.6869336722707237,2025-07-20 19:36:34.585136,2025-07-20 19:36:35.582349,0 days 00:00:00.997213,0.8646125147507596,0.760236583613155,2.9130630518991787e-08,0.06440528664515391,8,7,100,1.091171272318074e-06,1.663548601823346,0.8955466308077511,"[-0.5378342435577336, -0.7789207705118703, -0.5776768250404394, -0.7003489719131115, -0.8398875503304641]",0.11506883472954531,"{'n_estimators': 100, 'max_depth': 8, 'learning_rate': 0.06440528664515391, 'subsample': 0.8955466308077511, 'colsample_bytree': 0.760236583613155, 'colsample_bylevel': 0.8646125147507596, 'reg_alpha': 1.091171272318074e-06, 'reg_lambda': 1.663548601823346, 'min_child_weight': 7, 'gamma': 2.9130630518991787e-08, 'random_state': 42}",COMPLETE
120,-0.6202287087130842,2025-07-20 19:36:35.583352,2025-07-20 19:36:38.014777,0 days 00:00:02.431425,0.9129160851933857,0.8304096060544328,2.7697281272516592e-08,0.07227099582620969,8,1,130,1.1052504546662876e-05,7.427440626527e-07,0.9139522037955938,"[-0.5215481860558886, -0.8405111805046076, -0.47555248442430054, -0.5487436678508322, -0.7147880247297923]",0.13656134014981294,"{'n_estimators': 130, 'max_depth': 8, 'learning_rate': 0.07227099582620969, 'subsample': 0.9139522037955938, 'colsample_bytree': 0.8304096060544328, 'colsample_bylevel': 0.9129160851933857, 'reg_alpha': 1.1052504546662876e-05, 'reg_lambda': 7.427440626527e-07, 'min_child_weight': 1, 'gamma': 2.7697281272516592e-08, 'random_state': 42}",COMPLETE
121,-0.5927328682514637,2025-07-20 19:36:38.015777,2025-07-20 19:36:39.724337,0 days 00:00:01.708560,0.9351028859400697,0.8174792333218129,1.7646174546017866e-08,0.038401926974342256,8,1,70,5.193050739029563e-06,4.3286874725693346e-07,0.8757296572269355,"[-0.5019558084447066, -0.8702317727324567, -0.373563927714144, -0.5140329352123318, -0.7038798971536796]",0.1742575579799716,"{'n_estimators': 70, 'max_depth': 8, 'learning_rate': 0.038401926974342256, 'subsample': 0.8757296572269355, 'colsample_bytree': 0.8174792333218129, 'colsample_bylevel': 0.9351028859400697, 'reg_alpha': 5.193050739029563e-06, 'reg_lambda': 4.3286874725693346e-07, 'min_child_weight': 1, 'gamma': 1.7646174546017866e-08, 'random_state': 42}",COMPLETE
122,-0.6639621364259787,2025-07-20 19:36:39.725336,2025-07-20 19:36:41.385626,0 days 00:00:01.660290,0.9261001878409406,0.6985218284065818,7.851876409866514e-08,0.03845561840689182,8,1,70,2.2401963573395103e-06,4.2599020681276414e-07,0.874107137942977,"[-0.45207862977066054, -0.9724401696603336, -0.44132233620045924, -0.6992199073088943, -0.7547496391895454]",0.19955314033651592,"{'n_estimators': 70, 'max_depth': 8, 'learning_rate': 0.03845561840689182, 'subsample': 0.874107137942977, 'colsample_bytree': 0.6985218284065818, 'colsample_bylevel': 0.9261001878409406, 'reg_alpha': 2.2401963573395103e-06, 'reg_lambda': 4.2599020681276414e-07, 'min_child_weight': 1, 'gamma': 7.851876409866514e-08, 'random_state': 42}",COMPLETE
123,-0.652579602700289,2025-07-20 19:36:41.386631,2025-07-20 19:36:44.356576,0 days 00:00:02.969945,0.9346634846057029,0.8179963634118841,1.6947990598494873e-08,0.05064993751675466,9,1,120,4.7432846098470875e-06,7.334014182279536e-07,0.8939810100170055,"[-0.5461773054026153, -1.0293456854909588, -0.40343138675549023, -0.5492487252006333, -0.7346949106517474]",0.2157633692566633,"{'n_estimators': 120, 'max_depth': 9, 'learning_rate': 0.05064993751675466, 'subsample': 0.8939810100170055, 'colsample_bytree': 0.8179963634118841, 'colsample_bylevel': 0.9346634846057029, 'reg_alpha': 4.7432846098470875e-06, 'reg_lambda': 7.334014182279536e-07, 'min_child_weight': 1, 'gamma': 1.6947990598494873e-08, 'random_state': 42}",COMPLETE
124,-0.625094494602502,2025-07-20 19:36:44.357574,2025-07-20 19:36:45.017835,0 days 00:00:00.660261,0.9372338331401561,0.8491146653500216,1.0260892494582993e-08,0.04622825719549247,1,1,70,1.429408922520893e-06,1.8836695861251356e-06,0.8618425556527736,"[-0.4541916400903517, -0.8300701332804761, -0.3948648864668897, -0.6970192034974139, -0.7493266096773784]",0.1701970932535085,"{'n_estimators': 70, 'max_depth': 1, 'learning_rate': 0.04622825719549247, 'subsample': 0.8618425556527736, 'colsample_bytree': 0.8491146653500216, 'colsample_bylevel': 0.9372338331401561, 'reg_alpha': 1.429408922520893e-06, 'reg_lambda': 1.8836695861251356e-06, 'min_child_weight': 1, 'gamma': 1.0260892494582993e-08, 'random_state': 42}",COMPLETE
125,-0.6726437891784814,2025-07-20 19:36:45.018835,2025-07-20 19:36:45.989998,0 days 00:00:00.971163,0.9740772824091337,0.8363565565543298,3.2715024181020926e-08,0.0410985706420834,8,5,60,2.7910545360050446e-05,3.3468855534131715e-07,0.8887807721853329,"[-0.5419000551917973, -0.8296271354036159, -0.452135062025043, -0.6955495612123135, -0.8440071320596377]",0.1550818257537107,"{'n_estimators': 60, 'max_depth': 8, 'learning_rate': 0.0410985706420834, 'subsample': 0.8887807721853329, 'colsample_bytree': 0.8363565565543298, 'colsample_bylevel': 0.9740772824091337, 'reg_alpha': 2.7910545360050446e-05, 'reg_lambda': 3.3468855534131715e-07, 'min_child_weight': 5, 'gamma': 3.2715024181020926e-08, 'random_state': 42}",COMPLETE
126,-0.598395685903101,2025-07-20 19:36:45.990999,2025-07-20 19:36:48.757959,0 days 00:00:02.766960,0.9442092935976152,0.8119014672863836,1.839924532849201e-08,0.05398073942023473,8,1,130,7.257790456001917e-06,1.7718965628951352e-07,0.9096587373514604,"[-0.5152201610697732, -0.8282361268084087, -0.46400566537680615, -0.47400461615183964, -0.7105118601086776]",0.14549821206892002,"{'n_estimators': 130, 'max_depth': 8, 'learning_rate': 0.05398073942023473, 'subsample': 0.9096587373514604, 'colsample_bytree': 0.8119014672863836, 'colsample_bylevel': 0.9442092935976152, 'reg_alpha': 7.257790456001917e-06, 'reg_lambda': 1.7718965628951352e-07, 'min_child_weight': 1, 'gamma': 1.839924532849201e-08, 'random_state': 42}",COMPLETE
127,-0.660158281481644,2025-07-20 19:36:48.759958,2025-07-20 19:36:52.179736,0 days 00:00:03.419778,0.9426493274193,0.7934183182555258,1.8841283988411565e-08,0.055199668384649084,9,1,140,1.8970731533779058e-05,1.2336942326399147e-07,0.9113422726019808,"[-0.5496111699350651, -1.047780165323608, -0.42684243840528513, -0.5407257928056298, -0.7358318409386317]",0.21766868322620664,"{'n_estimators': 140, 'max_depth': 9, 'learning_rate': 0.055199668384649084, 'subsample': 0.9113422726019808, 'colsample_bytree': 0.7934183182555258, 'colsample_bylevel': 0.9426493274193, 'reg_alpha': 1.8970731533779058e-05, 'reg_lambda': 1.2336942326399147e-07, 'min_child_weight': 1, 'gamma': 1.8841283988411565e-08, 'random_state': 42}",COMPLETE
128,-0.622975872041622,2025-07-20 19:36:52.180736,2025-07-20 19:36:54.548853,0 days 00:00:02.368117,0.7902965537174024,0.7786998569014059,4.7010952699155184e-08,0.05998441996796525,8,2,130,3.250560272411881e-06,0.004430070112187909,0.9329691955210507,"[-0.5231839084883778, -0.9466822290049287, -0.46084581798741925, -0.47123728769514966, -0.712930117032234]",0.1855514807955943,"{'n_estimators': 130, 'max_depth': 8, 'learning_rate': 0.05998441996796525, 'subsample': 0.9329691955210507, 'colsample_bytree': 0.7786998569014059, 'colsample_bylevel': 0.7902965537174024, 'reg_alpha': 3.250560272411881e-06, 'reg_lambda': 0.004430070112187909, 'min_child_weight': 2, 'gamma': 4.7010952699155184e-08, 'random_state': 42}",COMPLETE
129,-0.6671176090272721,2025-07-20 19:36:54.549852,2025-07-20 19:36:56.985425,0 days 00:00:02.435573,0.9459139245235847,0.7406234620289269,1.1750233030218125e-07,0.08834259824481894,8,1,100,1.0469452048307176e-05,0.0008079969723659575,0.8760370813318396,"[-0.5298411381003322, -0.9627031335540722, -0.4492753577320705, -0.6812657687013493, -0.7125026470485369]",0.17659606469434994,"{'n_estimators': 100, 'max_depth': 8, 'learning_rate': 0.08834259824481894, 'subsample': 0.8760370813318396, 'colsample_bytree': 0.7406234620289269, 'colsample_bylevel': 0.9459139245235847, 'reg_alpha': 1.0469452048307176e-05, 'reg_lambda': 0.0008079969723659575, 'min_child_weight': 1, 'gamma': 1.1750233030218125e-07, 'random_state': 42}",COMPLETE
130,-0.6134360019650101,2025-07-20 19:36:56.986424,2025-07-20 19:37:05.562659,0 days 00:00:08.576235,0.9617127317527236,0.8100210583507198,0.0017046121949275228,0.052408512779635125,8,1,110,8.259139476560517e-07,7.718481177726138e-08,0.8532990951681402,"[-0.5072303069412499, -0.897731520279693, -0.397674298847069, -0.5475651212284367, -0.7169787625286024]",0.1753378339753232,"{'n_estimators': 110, 'max_depth': 8, 'learning_rate': 0.052408512779635125, 'subsample': 0.8532990951681402, 'colsample_bytree': 0.8100210583507198, 'colsample_bylevel': 0.9617127317527236, 'reg_alpha': 8.259139476560517e-07, 'reg_lambda': 7.718481177726138e-08, 'min_child_weight': 1, 'gamma': 0.0017046121949275228, 'random_state': 42}",COMPLETE
131,-0.5984273584645727,2025-07-20 19:37:05.563659,2025-07-20 19:37:08.812265,0 days 00:00:03.248606,0.9186976975980476,0.8219064168588088,1.6657284843305535e-08,0.04704841164244707,8,1,150,6.622341821134423e-06,2.0428439867350498e-07,0.906435345775364,"[-0.530268272774036, -0.8252176473528077, -0.4551207762184706, -0.4832096801317339, -0.6983204158458154]",0.14132940877582384,"{'n_estimators': 150, 'max_depth': 8, 'learning_rate': 0.04704841164244707, 'subsample': 0.906435345775364, 'colsample_bytree': 0.8219064168588088, 'colsample_bylevel': 0.9186976975980476, 'reg_alpha': 6.622341821134423e-06, 'reg_lambda': 2.0428439867350498e-07, 'min_child_weight': 1, 'gamma': 1.6657284843305535e-08, 'random_state': 42}",COMPLETE
132,-0.6127733515545972,2025-07-20 19:37:08.813265,2025-07-20 19:37:16.348356,0 days 00:00:07.535091,0.9301930248334873,0.8295017586973163,2.344103892153321e-08,0.043313191958618935,8,1,150,2.555188745290646e-06,2.0273928019424886e-07,0.920699985634392,"[-0.5410650384862105, -0.8384518075159935, -0.43800513449449097, -0.5082083324331739, -0.7381364448431175]",0.150510149641366,"{'n_estimators': 150, 'max_depth': 8, 'learning_rate': 0.043313191958618935, 'subsample': 0.920699985634392, 'colsample_bytree': 0.8295017586973163, 'colsample_bylevel': 0.9301930248334873, 'reg_alpha': 2.555188745290646e-06, 'reg_lambda': 2.0273928019424886e-07, 'min_child_weight': 1, 'gamma': 2.344103892153321e-08, 'random_state': 42}",COMPLETE
133,-0.6597549376074768,2025-07-20 19:37:16.350005,2025-07-20 19:37:43.149620,0 days 00:00:26.799615,0.9116663661999354,0.8435099850345239,1.637935660389236e-08,0.04750604196110625,9,1,150,6.923818993765303e-06,3.666733000128212e-07,0.8878990404171102,"[-0.5537609614545734, -1.035915371752049, -0.3917646108549597, -0.5682729788372318, -0.7490607651385706]",0.21949701138781386,"{'n_estimators': 150, 'max_depth': 9, 'learning_rate': 0.04750604196110625, 'subsample': 0.8878990404171102, 'colsample_bytree': 0.8435099850345239, 'colsample_bylevel': 0.9116663661999354, 'reg_alpha': 6.923818993765303e-06, 'reg_lambda': 3.666733000128212e-07, 'min_child_weight': 1, 'gamma': 1.637935660389236e-08, 'random_state': 42}",COMPLETE
134,-0.6004664431271369,2025-07-20 19:37:43.151122,2025-07-20 19:37:45.023174,0 days 00:00:01.872052,0.8724570299023414,0.7895015350793587,0.0008070581417067562,0.06781612719441099,8,1,140,4.422736450273722e-06,1.815120963801657e-07,0.9057291228431944,"[-0.49593321095093346, -0.834436134225394, -0.48404331169753934, -0.484411277196803, -0.7035082815650145]",0.1437426732195184,"{'n_estimators': 140, 'max_depth': 8, 'learning_rate': 0.06781612719441099, 'subsample': 0.9057291228431944, 'colsample_bytree': 0.7895015350793587, 'colsample_bylevel': 0.8724570299023414, 'reg_alpha': 4.422736450273722e-06, 'reg_lambda': 1.815120963801657e-07, 'min_child_weight': 1, 'gamma': 0.0008070581417067562, 'random_state': 42}",COMPLETE
135,-0.591377305051777,2025-07-20 19:37:45.024174,2025-07-20 19:37:47.980703,0 days 00:00:02.956529,0.9233515936945363,0.808903304650879,4.0108460445301974e-08,0.03875332809537953,8,1,120,1.6299367814723653e-06,2.7574701452366787e-08,0.8663346337344536,"[-0.5095622842678765, -0.8560940007358719, -0.3739996518028732, -0.5179978035638134, -0.6992327848884503]",0.16795179457284615,"{'n_estimators': 120, 'max_depth': 8, 'learning_rate': 0.03875332809537953, 'subsample': 0.8663346337344536, 'colsample_bytree': 0.808903304650879, 'colsample_bylevel': 0.9233515936945363, 'reg_alpha': 1.6299367814723653e-06, 'reg_lambda': 2.7574701452366787e-08, 'min_child_weight': 1, 'gamma': 4.0108460445301974e-08, 'random_state': 42}",COMPLETE
136,-0.5926968230479004,2025-07-20 19:37:47.981706,2025-07-20 19:37:50.982045,0 days 00:00:03.000339,0.8938130207065489,0.822890100628547,3.6813040719797964e-08,0.03828198874471417,8,1,120,1.975678132323298e-06,4.3817426236869585e-08,0.8650305688069363,"[-0.512214061386321, -0.8528635630994965, -0.3783031916264194, -0.5237721540281575, -0.6963311450991074]",0.164693363226533,"{'n_estimators': 120, 'max_depth': 8, 'learning_rate': 0.03828198874471417, 'subsample': 0.8650305688069363, 'colsample_bytree': 0.822890100628547, 'colsample_bylevel': 0.8938130207065489, 'reg_alpha': 1.975678132323298e-06, 'reg_lambda': 4.3817426236869585e-08, 'min_child_weight': 1, 'gamma': 3.6813040719797964e-08, 'random_state': 42}",COMPLETE
137,-0.6145697571395237,2025-07-20 19:37:50.983533,2025-07-20 19:37:58.797005,0 days 00:00:07.813472,0.8947684751557877,0.8110159668787865,7.084613288421877e-08,0.03821124032037493,9,2,120,6.238612124165244e-07,3.3215873186639846e-08,0.8690229376100795,"[-0.52847903163133, -0.9503676790169624, -0.38884607857209574, -0.4882204062437161, -0.7169355902335142]",0.19877925378598427,"{'n_estimators': 120, 'max_depth': 9, 'learning_rate': 0.03821124032037493, 'subsample': 0.8690229376100795, 'colsample_bytree': 0.8110159668787865, 'colsample_bylevel': 0.8947684751557877, 'reg_alpha': 6.238612124165244e-07, 'reg_lambda': 3.3215873186639846e-08, 'min_child_weight': 2, 'gamma': 7.084613288421877e-08, 'random_state': 42}",COMPLETE
138,-0.603183637109451,2025-07-20 19:37:58.799050,2025-07-20 19:38:02.299836,0 days 00:00:03.500786,0.9063266020978638,0.8004898644926286,4.114686434081734e-08,0.07558973611122566,8,1,130,1.635202526749844e-06,5.8627514809702046e-08,0.8370132330968088,"[-0.49399618765787867, -0.8989284005118972, -0.44245315428365883, -0.5206582419822018, -0.6598822011116188]",0.1644666047001259,"{'n_estimators': 130, 'max_depth': 8, 'learning_rate': 0.07558973611122566, 'subsample': 0.8370132330968088, 'colsample_bytree': 0.8004898644926286, 'colsample_bylevel': 0.9063266020978638, 'reg_alpha': 1.635202526749844e-06, 'reg_lambda': 5.8627514809702046e-08, 'min_child_weight': 1, 'gamma': 4.114686434081734e-08, 'random_state': 42}",COMPLETE
139,-0.5880951501194586,2025-07-20 19:38:02.300918,2025-07-20 19:38:05.265872,0 days 00:00:02.964954,0.9253423688587209,0.7732144559323658,1.0056851335225231e-08,0.03673056247676175,8,1,120,3.599507998038508e-07,1.2079091035620069e-08,0.8636304661940623,"[-0.4809743475901605, -0.8571383404902366, -0.37538482359032255, -0.5353152849027912, -0.6916629540237824]",0.16888859748922855,"{'n_estimators': 120, 'max_depth': 8, 'learning_rate': 0.03673056247676175, 'subsample': 0.8636304661940623, 'colsample_bytree': 0.7732144559323658, 'colsample_bylevel': 0.9253423688587209, 'reg_alpha': 3.599507998038508e-07, 'reg_lambda': 1.2079091035620069e-08, 'min_child_weight': 1, 'gamma': 1.0056851335225231e-08, 'random_state': 42}",COMPLETE
140,-0.6506214926484863,2025-07-20 19:38:05.266875,2025-07-20 19:38:09.684573,0 days 00:00:04.417698,0.8895440501335051,0.6356719768069226,1.0635904648161203e-08,0.03614732246085562,8,2,120,4.6989020604573675e-08,1.1184383966811545e-08,0.8596828053980883,"[-0.4690050410670587, -0.8980589197882126, -0.4283310510323426, -0.6347660244801167, -0.8229464268747012]",0.1863170067896992,"{'n_estimators': 120, 'max_depth': 8, 'learning_rate': 0.03614732246085562, 'subsample': 0.8596828053980883, 'colsample_bytree': 0.6356719768069226, 'colsample_bylevel': 0.8895440501335051, 'reg_alpha': 4.6989020604573675e-08, 'reg_lambda': 1.1184383966811545e-08, 'min_child_weight': 2, 'gamma': 1.0635904648161203e-08, 'random_state': 42}",COMPLETE
141,-0.6138816036252673,2025-07-20 19:38:09.685573,2025-07-20 19:38:12.241950,0 days 00:00:02.556377,0.9561147303196409,0.767177499279613,2.6380181765996515e-08,0.04131614525212449,8,1,120,1.190090989779848e-06,2.7836507307439973e-08,0.8482385558665428,"[-0.5008273898594554, -0.8818596405503354, -0.4105859477599323, -0.541191007966737, -0.7349440319898765]",0.17079967299550888,"{'n_estimators': 120, 'max_depth': 8, 'learning_rate': 0.04131614525212449, 'subsample': 0.8482385558665428, 'colsample_bytree': 0.767177499279613, 'colsample_bylevel': 0.9561147303196409, 'reg_alpha': 1.190090989779848e-06, 'reg_lambda': 2.7836507307439973e-08, 'min_child_weight': 1, 'gamma': 2.6380181765996515e-08, 'random_state': 42}",COMPLETE
142,-0.5946604498241296,2025-07-20 19:38:12.242950,2025-07-20 19:38:15.364666,0 days 00:00:03.121716,0.9260512752339696,0.7826036872151225,3.577754634334187e-08,0.03225459622303402,8,1,130,3.656662177447292e-07,1.4913370785287787e-08,0.8650990529879599,"[-0.4853952166425706, -0.8593505086310814, -0.39700894777592804, -0.5259671353051465, -0.7055804407659213]",0.1661853486475203,"{'n_estimators': 130, 'max_depth': 8, 'learning_rate': 0.03225459622303402, 'subsample': 0.8650990529879599, 'colsample_bytree': 0.7826036872151225, 'colsample_bylevel': 0.9260512752339696, 'reg_alpha': 3.656662177447292e-07, 'reg_lambda': 1.4913370785287787e-08, 'min_child_weight': 1, 'gamma': 3.577754634334187e-08, 'random_state': 42}",COMPLETE
143,-0.5914599003272839,2025-07-20 19:38:15.365666,2025-07-20 19:38:18.175774,0 days 00:00:02.810108,0.924433942084796,0.7729261807595657,5.728373061905315e-08,0.03184064677670234,8,1,120,1.0924818700234624e-07,1.6035952718156084e-08,0.8637864017992117,"[-0.48512189615732554, -0.8495574275642563, -0.38862519415109875, -0.5271537095556061, -0.7068412742081325]",0.16523448207711655,"{'n_estimators': 120, 'max_depth': 8, 'learning_rate': 0.03184064677670234, 'subsample': 0.8637864017992117, 'colsample_bytree': 0.7729261807595657, 'colsample_bylevel': 0.924433942084796, 'reg_alpha': 1.0924818700234624e-07, 'reg_lambda': 1.6035952718156084e-08, 'min_child_weight': 1, 'gamma': 5.728373061905315e-08, 'random_state': 42}",COMPLETE
144,-0.6458265372197067,2025-07-20 19:38:18.176775,2025-07-20 19:38:21.179915,0 days 00:00:03.003140,0.9240601312484082,0.7584992195983916,3.815306864257102e-08,0.032904315420095635,9,1,120,1.0398675611781928e-07,1.0071901417685696e-08,0.8644485460086613,"[-0.5467226551054348, -1.0130200400035418, -0.37730290705258407, -0.5662225872525971, -0.7258644966843765]",0.21424306369194113,"{'n_estimators': 120, 'max_depth': 9, 'learning_rate': 0.032904315420095635, 'subsample': 0.8644485460086613, 'colsample_bytree': 0.7584992195983916, 'colsample_bylevel': 0.9240601312484082, 'reg_alpha': 1.0398675611781928e-07, 'reg_lambda': 1.0071901417685696e-08, 'min_child_weight': 1, 'gamma': 3.815306864257102e-08, 'random_state': 42}",COMPLETE
